2023-01-12 01:15:24,084-INFO: Start training the 0st epoch
2023-01-12 01:15:39,179-INFO: loss: 1.164580  [   32/  215]
2023-01-12 01:15:51,634-INFO: loss: 2.934008  [   64/  215]
2023-01-12 01:16:04,872-INFO: loss: 4.324101  [   96/  215]
2023-01-12 01:16:16,725-INFO: loss: 2.361602  [  128/  215]
2023-01-12 01:16:29,121-INFO: loss: 5.462333  [  160/  215]
2023-01-12 01:16:40,311-INFO: loss: 2.412624  [  192/  215]
2023-01-12 01:16:48,195-INFO: loss: 3.039705  [  215/  215]
2023-01-12 01:17:57,304-INFO: Test Error: 
 Accuracy: 33.5%, Avg loss: 1.913566
2023-01-12 01:17:57,305-INFO: Start training the 1st epoch
2023-01-12 01:18:07,307-INFO: loss: 1.930730  [   32/  215]
2023-01-12 01:18:17,596-INFO: loss: 1.289614  [   64/  215]
2023-01-12 01:18:28,198-INFO: loss: 1.134660  [   96/  215]
2023-01-12 01:18:38,783-INFO: loss: 1.798133  [  128/  215]
2023-01-12 01:18:50,099-INFO: loss: 1.567749  [  160/  215]
2023-01-12 01:19:01,121-INFO: loss: 1.366978  [  192/  215]
2023-01-12 01:19:08,836-INFO: loss: 1.195530  [  215/  215]
2023-01-12 01:20:17,884-INFO: Test Error: 
 Accuracy: 33.5%, Avg loss: 1.197062
2023-01-12 01:20:17,884-INFO: Start training the 2st epoch
2023-01-12 01:20:27,902-INFO: loss: 1.312233  [   32/  215]
2023-01-12 01:20:38,858-INFO: loss: 1.118572  [   64/  215]
2023-01-12 01:20:49,208-INFO: loss: 1.613008  [   96/  215]
2023-01-12 01:21:01,023-INFO: loss: 1.166955  [  128/  215]
2023-01-12 01:21:12,646-INFO: loss: 1.129329  [  160/  215]
2023-01-12 01:21:23,517-INFO: loss: 1.116853  [  192/  215]
2023-01-12 01:21:30,840-INFO: loss: 1.109576  [  215/  215]
2023-01-12 01:22:38,620-INFO: Test Error: 
 Accuracy: 33.5%, Avg loss: 1.160820
2023-01-12 01:22:38,621-INFO: Start training the 3st epoch
2023-01-12 01:22:49,165-INFO: loss: 1.285607  [   32/  215]
2023-01-12 01:23:00,202-INFO: loss: 1.169242  [   64/  215]
2023-01-12 01:23:10,999-INFO: loss: 1.230037  [   96/  215]
2023-01-12 01:23:22,153-INFO: loss: 1.158110  [  128/  215]
2023-01-12 01:23:33,413-INFO: loss: 1.119523  [  160/  215]
2023-01-12 01:23:44,351-INFO: loss: 1.069115  [  192/  215]
2023-01-12 01:23:52,358-INFO: loss: 1.067765  [  215/  215]
2023-01-12 01:25:06,749-INFO: Test Error: 
 Accuracy: 33.0%, Avg loss: 1.167628
2023-01-12 01:25:06,750-INFO: Start training the 4st epoch
2023-01-12 01:25:17,666-INFO: loss: 1.075600  [   32/  215]
2023-01-12 01:25:29,017-INFO: loss: 1.275055  [   64/  215]
2023-01-12 01:25:39,387-INFO: loss: 1.305644  [   96/  215]
2023-01-12 01:25:50,636-INFO: loss: 1.119914  [  128/  215]
2023-01-12 01:26:02,685-INFO: loss: 1.254674  [  160/  215]
2023-01-12 01:26:15,015-INFO: loss: 1.379637  [  192/  215]
2023-01-12 01:26:23,505-INFO: loss: 1.467155  [  215/  215]
2023-01-12 01:27:36,792-INFO: Test Error: 
 Accuracy: 33.5%, Avg loss: 1.129256
2023-01-12 01:27:40,285-INFO: vit_l_32_4 has been saved 

2023-01-12 01:27:40,285-INFO: Start training the 5st epoch
2023-01-12 01:27:50,874-INFO: loss: 1.141210  [   32/  215]
2023-01-12 01:28:02,222-INFO: loss: 1.109329  [   64/  215]
2023-01-12 01:28:14,002-INFO: loss: 1.119382  [   96/  215]
2023-01-12 01:28:26,217-INFO: loss: 1.210812  [  128/  215]
2023-01-12 01:28:39,338-INFO: loss: 1.191248  [  160/  215]
2023-01-12 01:28:49,894-INFO: loss: 1.276265  [  192/  215]
2023-01-12 01:29:00,097-INFO: loss: 1.087817  [  215/  215]
2023-01-12 01:30:13,326-INFO: Test Error: 
 Accuracy: 33.0%, Avg loss: 1.106040
2023-01-12 01:30:13,327-INFO: Start training the 6st epoch
2023-01-12 01:30:24,500-INFO: loss: 1.110020  [   32/  215]
2023-01-12 01:30:35,938-INFO: loss: 1.108886  [   64/  215]
2023-01-12 01:30:48,406-INFO: loss: 1.109932  [   96/  215]
2023-01-12 01:31:00,396-INFO: loss: 1.158202  [  128/  215]
2023-01-12 01:31:12,039-INFO: loss: 1.083060  [  160/  215]
2023-01-12 01:31:23,926-INFO: loss: 1.089248  [  192/  215]
2023-01-12 01:31:33,962-INFO: loss: 1.178909  [  215/  215]
2023-01-12 01:32:46,843-INFO: Test Error: 
 Accuracy: 33.5%, Avg loss: 1.104497
2023-01-12 01:32:46,844-INFO: Start training the 7st epoch
2023-01-12 01:32:58,327-INFO: loss: 1.140626  [   32/  215]
2023-01-12 01:33:10,317-INFO: loss: 1.155070  [   64/  215]
2023-01-12 01:33:21,210-INFO: loss: 1.089404  [   96/  215]
2023-01-12 01:33:32,339-INFO: loss: 1.111549  [  128/  215]
2023-01-12 01:33:44,108-INFO: loss: 1.085702  [  160/  215]
2023-01-12 01:33:54,545-INFO: loss: 1.139018  [  192/  215]
2023-01-12 01:34:04,114-INFO: loss: 1.129706  [  215/  215]
2023-01-12 01:35:16,773-INFO: Test Error: 
 Accuracy: 33.0%, Avg loss: 1.110915
2023-01-12 01:35:16,774-INFO: Start training the 8st epoch
2023-01-12 01:35:27,825-INFO: loss: 1.106613  [   32/  215]
2023-01-12 01:35:39,333-INFO: loss: 1.084224  [   64/  215]
2023-01-12 01:35:50,512-INFO: loss: 1.091636  [   96/  215]
2023-01-12 01:36:01,819-INFO: loss: 1.093771  [  128/  215]
2023-01-12 01:36:12,637-INFO: loss: 1.101652  [  160/  215]
2023-01-12 01:36:22,602-INFO: loss: 1.131600  [  192/  215]
2023-01-12 01:36:30,658-INFO: loss: 1.109962  [  215/  215]
2023-01-12 01:37:40,527-INFO: Test Error: 
 Accuracy: 33.0%, Avg loss: 1.101085
2023-01-12 01:37:40,529-INFO: Start training the 9st epoch
2023-01-12 01:37:50,845-INFO: loss: 1.101397  [   32/  215]
2023-01-12 01:38:00,889-INFO: loss: 1.101863  [   64/  215]
2023-01-12 01:38:12,373-INFO: loss: 1.104414  [   96/  215]
2023-01-12 01:38:22,899-INFO: loss: 1.097474  [  128/  215]
2023-01-12 01:38:33,674-INFO: loss: 1.098122  [  160/  215]
2023-01-12 01:38:44,580-INFO: loss: 1.116800  [  192/  215]
2023-01-12 01:38:52,361-INFO: loss: 1.089425  [  215/  215]
2023-01-12 01:40:01,225-INFO: Test Error: 
 Accuracy: 33.5%, Avg loss: 1.096889
2023-01-12 01:40:03,855-INFO: vit_l_32_9 has been saved 

2023-01-12 01:40:03,855-INFO: Start training the 10st epoch
2023-01-12 01:40:14,667-INFO: loss: 1.141157  [   32/  215]
2023-01-12 01:40:26,044-INFO: loss: 1.098163  [   64/  215]
2023-01-12 01:40:36,819-INFO: loss: 1.086046  [   96/  215]
2023-01-12 01:40:47,667-INFO: loss: 1.112259  [  128/  215]
2023-01-12 01:40:58,669-INFO: loss: 1.095661  [  160/  215]
2023-01-12 01:41:08,932-INFO: loss: 1.093881  [  192/  215]
2023-01-12 01:41:18,872-INFO: loss: 1.100785  [  215/  215]
2023-01-12 01:42:30,702-INFO: Test Error: 
 Accuracy: 33.5%, Avg loss: 1.096932
2023-01-12 01:42:30,703-INFO: Start training the 11st epoch
2023-01-12 01:42:41,914-INFO: loss: 1.100662  [   32/  215]
2023-01-12 01:42:52,768-INFO: loss: 1.098300  [   64/  215]
2023-01-12 01:43:04,476-INFO: loss: 1.100870  [   96/  215]
2023-01-12 01:43:15,163-INFO: loss: 1.102801  [  128/  215]
2023-01-12 01:43:25,807-INFO: loss: 1.102409  [  160/  215]
2023-01-12 01:43:36,447-INFO: loss: 1.103475  [  192/  215]
2023-01-12 01:43:46,041-INFO: loss: 1.097747  [  215/  215]
2023-01-12 01:44:54,830-INFO: Test Error: 
 Accuracy: 33.5%, Avg loss: 1.098233
2023-01-12 01:44:54,831-INFO: Start training the 12st epoch
2023-01-12 01:45:05,247-INFO: loss: 1.096468  [   32/  215]
2023-01-12 01:45:15,522-INFO: loss: 1.102224  [   64/  215]
2023-01-12 01:45:26,565-INFO: loss: 1.103132  [   96/  215]
2023-01-12 01:45:37,185-INFO: loss: 1.098261  [  128/  215]
2023-01-12 01:45:48,951-INFO: loss: 1.096168  [  160/  215]
2023-01-12 01:45:59,970-INFO: loss: 1.099724  [  192/  215]
2023-01-12 01:46:10,307-INFO: loss: 1.098117  [  215/  215]
2023-01-12 01:47:19,004-INFO: Test Error: 
 Accuracy: 34.0%, Avg loss: 1.097892
2023-01-12 01:47:19,004-INFO: Start training the 13st epoch
2023-01-12 01:47:29,291-INFO: loss: 1.097945  [   32/  215]
2023-01-12 01:47:40,090-INFO: loss: 1.097884  [   64/  215]
2023-01-12 01:47:50,637-INFO: loss: 1.097868  [   96/  215]
2023-01-12 01:48:01,535-INFO: loss: 1.099217  [  128/  215]
2023-01-12 01:48:12,523-INFO: loss: 1.094981  [  160/  215]
2023-01-12 01:48:22,817-INFO: loss: 1.114289  [  192/  215]
2023-01-12 01:48:32,241-INFO: loss: 1.093987  [  215/  215]
2023-01-12 01:49:40,791-INFO: Test Error: 
 Accuracy: 33.5%, Avg loss: 1.098036
2023-01-12 01:49:40,791-INFO: Start training the 14st epoch
2023-01-12 01:49:51,308-INFO: loss: 1.095974  [   32/  215]
2023-01-12 01:50:02,434-INFO: loss: 1.100399  [   64/  215]
2023-01-12 01:50:12,848-INFO: loss: 1.103637  [   96/  215]
2023-01-12 01:50:23,376-INFO: loss: 1.096387  [  128/  215]
2023-01-12 01:50:34,086-INFO: loss: 1.100069  [  160/  215]
2023-01-12 01:50:45,471-INFO: loss: 1.096986  [  192/  215]
2023-01-12 01:50:54,318-INFO: loss: 1.099033  [  215/  215]
2023-01-12 01:52:02,354-INFO: Test Error: 
 Accuracy: 33.0%, Avg loss: 1.098191
2023-01-12 01:52:06,591-INFO: vit_l_32_14 has been saved 

2023-01-12 01:52:06,592-INFO: Start training the 15st epoch
2023-01-12 01:52:16,958-INFO: loss: 1.097880  [   32/  215]
2023-01-12 01:52:27,584-INFO: loss: 1.100011  [   64/  215]
2023-01-12 01:52:38,661-INFO: loss: 1.098063  [   96/  215]
2023-01-12 01:52:50,163-INFO: loss: 1.099095  [  128/  215]
2023-01-12 01:53:01,217-INFO: loss: 1.099835  [  160/  215]
2023-01-12 01:53:12,230-INFO: loss: 1.108140  [  192/  215]
2023-01-12 01:53:19,590-INFO: loss: 1.098377  [  215/  215]
2023-01-12 01:54:26,891-INFO: Test Error: 
 Accuracy: 45.6%, Avg loss: 1.097424
2023-01-12 01:54:26,891-INFO: Start training the 16st epoch
2023-01-12 01:54:37,053-INFO: loss: 1.095162  [   32/  215]
2023-01-12 01:54:47,983-INFO: loss: 1.097040  [   64/  215]
2023-01-12 01:54:58,984-INFO: loss: 1.099983  [   96/  215]
2023-01-12 01:55:09,375-INFO: loss: 1.100098  [  128/  215]
2023-01-12 01:55:20,595-INFO: loss: 1.097067  [  160/  215]
2023-01-12 01:55:31,345-INFO: loss: 1.096452  [  192/  215]
2023-01-12 01:55:39,142-INFO: loss: 1.102586  [  215/  215]
2023-01-12 01:56:47,734-INFO: Test Error: 
 Accuracy: 33.5%, Avg loss: 1.097468
2023-01-12 01:56:47,737-INFO: Start training the 17st epoch
2023-01-12 01:56:58,378-INFO: loss: 1.096560  [   32/  215]
2023-01-12 01:57:09,369-INFO: loss: 1.099146  [   64/  215]
2023-01-12 01:57:20,362-INFO: loss: 1.093268  [   96/  215]
2023-01-12 01:57:31,015-INFO: loss: 1.101969  [  128/  215]
2023-01-12 01:57:41,420-INFO: loss: 1.102286  [  160/  215]
2023-01-12 01:57:51,972-INFO: loss: 1.096393  [  192/  215]
2023-01-12 01:57:59,511-INFO: loss: 1.100575  [  215/  215]
2023-01-12 01:59:07,608-INFO: Test Error: 
 Accuracy: 33.5%, Avg loss: 1.099203
2023-01-12 01:59:07,608-INFO: Start training the 18st epoch
2023-01-12 01:59:18,413-INFO: loss: 1.106407  [   32/  215]
2023-01-12 01:59:29,777-INFO: loss: 1.102980  [   64/  215]
2023-01-12 01:59:41,030-INFO: loss: 1.093660  [   96/  215]
2023-01-12 01:59:51,882-INFO: loss: 1.096952  [  128/  215]
2023-01-12 02:00:02,598-INFO: loss: 1.098656  [  160/  215]
2023-01-12 02:00:13,690-INFO: loss: 1.098650  [  192/  215]
2023-01-12 02:00:21,289-INFO: loss: 1.099728  [  215/  215]
2023-01-12 02:01:31,534-INFO: Test Error: 
 Accuracy: 33.5%, Avg loss: 1.096700
2023-01-12 02:01:31,535-INFO: Start training the 19st epoch
2023-01-12 02:01:41,644-INFO: loss: 1.096859  [   32/  215]
2023-01-12 02:01:52,360-INFO: loss: 1.098104  [   64/  215]
2023-01-12 02:02:03,309-INFO: loss: 1.095947  [   96/  215]
2023-01-12 02:02:14,152-INFO: loss: 1.097892  [  128/  215]
2023-01-12 02:02:24,674-INFO: loss: 1.094553  [  160/  215]
2023-01-12 02:02:35,775-INFO: loss: 1.102065  [  192/  215]
2023-01-12 02:02:43,540-INFO: loss: 1.098655  [  215/  215]
2023-01-12 02:03:52,169-INFO: Test Error: 
 Accuracy: 33.5%, Avg loss: 1.096487
2023-01-12 02:03:56,704-INFO: vit_l_32_19 has been saved 

2023-01-12 02:03:56,705-INFO: Start training the 20st epoch
2023-01-12 02:04:07,644-INFO: loss: 1.095771  [   32/  215]
2023-01-12 02:04:18,183-INFO: loss: 1.095645  [   64/  215]
2023-01-12 02:04:29,062-INFO: loss: 1.100984  [   96/  215]
2023-01-12 02:04:41,372-INFO: loss: 1.095000  [  128/  215]
2023-01-12 02:04:52,861-INFO: loss: 1.099174  [  160/  215]
2023-01-12 02:05:03,781-INFO: loss: 1.097134  [  192/  215]
2023-01-12 02:05:13,540-INFO: loss: 1.099348  [  215/  215]
2023-01-12 02:06:27,056-INFO: Test Error: 
 Accuracy: 33.5%, Avg loss: 1.096793
2023-01-12 02:06:27,057-INFO: Start training the 21st epoch
2023-01-12 02:06:37,729-INFO: loss: 1.100554  [   32/  215]
2023-01-12 02:06:48,356-INFO: loss: 1.095845  [   64/  215]
2023-01-12 02:06:59,361-INFO: loss: 1.096388  [   96/  215]
2023-01-12 02:07:10,843-INFO: loss: 1.092651  [  128/  215]
2023-01-12 02:07:21,530-INFO: loss: 1.101117  [  160/  215]
2023-01-12 02:07:32,731-INFO: loss: 1.094424  [  192/  215]
2023-01-12 02:07:42,219-INFO: loss: 1.099620  [  215/  215]
2023-01-12 02:08:50,625-INFO: Test Error: 
 Accuracy: 33.5%, Avg loss: 1.097855
2023-01-12 02:08:50,625-INFO: Start training the 22st epoch
2023-01-12 02:09:00,993-INFO: loss: 1.098485  [   32/  215]
2023-01-12 02:09:11,637-INFO: loss: 1.103124  [   64/  215]
2023-01-12 02:09:22,439-INFO: loss: 1.096872  [   96/  215]
2023-01-12 02:09:33,584-INFO: loss: 1.098586  [  128/  215]
2023-01-12 02:09:44,087-INFO: loss: 1.096688  [  160/  215]
2023-01-12 02:09:55,315-INFO: loss: 1.096266  [  192/  215]
2023-01-12 02:10:03,063-INFO: loss: 1.099103  [  215/  215]
2023-01-12 02:11:11,733-INFO: Test Error: 
 Accuracy: 57.7%, Avg loss: 1.095845
2023-01-12 02:11:11,733-INFO: Start training the 23st epoch
2023-01-12 02:11:23,110-INFO: loss: 1.097057  [   32/  215]
2023-01-12 02:11:34,037-INFO: loss: 1.097377  [   64/  215]
2023-01-12 02:11:45,272-INFO: loss: 1.095942  [   96/  215]
2023-01-12 02:11:56,255-INFO: loss: 1.095732  [  128/  215]
2023-01-12 02:12:07,807-INFO: loss: 1.105748  [  160/  215]
2023-01-12 02:12:18,964-INFO: loss: 1.100778  [  192/  215]
2023-01-12 02:12:26,625-INFO: loss: 1.097166  [  215/  215]
2023-01-12 02:13:37,871-INFO: Test Error: 
 Accuracy: 33.5%, Avg loss: 1.096477
2023-01-12 02:13:37,871-INFO: Start training the 24st epoch
2023-01-12 02:13:48,915-INFO: loss: 1.100327  [   32/  215]
2023-01-12 02:14:00,182-INFO: loss: 1.096641  [   64/  215]
2023-01-12 02:14:11,283-INFO: loss: 1.096205  [   96/  215]
2023-01-12 02:14:22,424-INFO: loss: 1.093970  [  128/  215]
2023-01-12 02:14:33,441-INFO: loss: 1.095779  [  160/  215]
2023-01-12 02:14:43,964-INFO: loss: 1.099246  [  192/  215]
2023-01-12 02:14:51,777-INFO: loss: 1.086094  [  215/  215]
2023-01-12 02:16:03,281-INFO: Test Error: 
 Accuracy: 33.5%, Avg loss: 1.099212
2023-01-12 02:16:06,191-INFO: vit_l_32_24 has been saved 

2023-01-12 02:16:06,192-INFO: Start training the 25st epoch
2023-01-12 02:16:17,323-INFO: loss: 1.080454  [   32/  215]
2023-01-12 02:16:27,807-INFO: loss: 1.106447  [   64/  215]
2023-01-12 02:16:38,524-INFO: loss: 1.121259  [   96/  215]
2023-01-12 02:16:49,584-INFO: loss: 1.109843  [  128/  215]
2023-01-12 02:17:00,919-INFO: loss: 1.087477  [  160/  215]
2023-01-12 02:17:11,955-INFO: loss: 1.086143  [  192/  215]
2023-01-12 02:17:20,056-INFO: loss: 1.112812  [  215/  215]
2023-01-12 02:18:30,987-INFO: Test Error: 
 Accuracy: 33.5%, Avg loss: 1.096209
2023-01-12 02:18:30,988-INFO: Start training the 26st epoch
2023-01-12 02:18:42,745-INFO: loss: 1.091835  [   32/  215]
2023-01-12 02:18:53,844-INFO: loss: 1.090344  [   64/  215]
2023-01-12 02:19:05,573-INFO: loss: 1.101632  [   96/  215]
2023-01-12 02:19:15,958-INFO: loss: 1.088221  [  128/  215]
2023-01-12 02:19:27,084-INFO: loss: 1.100864  [  160/  215]
2023-01-12 02:19:38,990-INFO: loss: 1.121108  [  192/  215]
2023-01-12 02:19:46,982-INFO: loss: 1.091134  [  215/  215]
2023-01-12 02:20:58,806-INFO: Test Error: 
 Accuracy: 33.5%, Avg loss: 1.092899
2023-01-12 02:20:58,807-INFO: Start training the 27st epoch
2023-01-12 02:21:10,252-INFO: loss: 1.090572  [   32/  215]
2023-01-12 02:21:22,254-INFO: loss: 1.086403  [   64/  215]
2023-01-12 02:21:34,648-INFO: loss: 1.094405  [   96/  215]
2023-01-12 02:21:46,317-INFO: loss: 1.109959  [  128/  215]
2023-01-12 02:21:57,293-INFO: loss: 1.103181  [  160/  215]
2023-01-12 02:22:08,737-INFO: loss: 1.086703  [  192/  215]
2023-01-12 02:22:16,829-INFO: loss: 1.103386  [  215/  215]
2023-01-12 02:23:28,339-INFO: Test Error: 
 Accuracy: 59.1%, Avg loss: 1.093106
2023-01-12 02:23:28,339-INFO: Start training the 28st epoch
2023-01-12 02:23:39,715-INFO: loss: 1.089255  [   32/  215]
2023-01-12 02:23:51,720-INFO: loss: 1.098265  [   64/  215]
2023-01-12 02:24:03,164-INFO: loss: 1.086319  [   96/  215]
2023-01-12 02:24:14,024-INFO: loss: 1.110457  [  128/  215]
2023-01-12 02:24:25,266-INFO: loss: 1.089131  [  160/  215]
2023-01-12 02:24:36,824-INFO: loss: 1.092029  [  192/  215]
2023-01-12 02:24:44,713-INFO: loss: 1.113290  [  215/  215]
2023-01-12 02:25:56,792-INFO: Test Error: 
 Accuracy: 33.5%, Avg loss: 1.095172
2023-01-12 02:25:56,793-INFO: Start training the 29st epoch
2023-01-12 02:26:07,449-INFO: loss: 1.092911  [   32/  215]
2023-01-12 02:26:18,855-INFO: loss: 1.090301  [   64/  215]
2023-01-12 02:26:30,532-INFO: loss: 1.091769  [   96/  215]
2023-01-12 02:26:42,045-INFO: loss: 1.090934  [  128/  215]
2023-01-12 02:26:52,817-INFO: loss: 1.096279  [  160/  215]
2023-01-12 02:27:03,240-INFO: loss: 1.092964  [  192/  215]
2023-01-12 02:27:11,299-INFO: loss: 1.090300  [  215/  215]
2023-01-12 02:28:22,474-INFO: Test Error: 
 Accuracy: 33.0%, Avg loss: 1.090573
2023-01-12 02:28:26,268-INFO: vit_l_32_29 has been saved 

2023-01-12 02:28:26,268-INFO: Start training the 30st epoch
2023-01-12 02:28:37,505-INFO: loss: 1.094687  [   32/  215]
2023-01-12 02:28:49,336-INFO: loss: 1.082747  [   64/  215]
2023-01-12 02:29:01,243-INFO: loss: 1.094507  [   96/  215]
2023-01-12 02:29:13,580-INFO: loss: 1.088229  [  128/  215]
2023-01-12 02:29:24,825-INFO: loss: 1.090552  [  160/  215]
2023-01-12 02:29:36,616-INFO: loss: 1.100347  [  192/  215]
2023-01-12 02:29:44,314-INFO: loss: 1.089428  [  215/  215]
2023-01-12 02:30:56,908-INFO: Test Error: 
 Accuracy: 67.0%, Avg loss: 1.086228
2023-01-12 02:30:56,909-INFO: Start training the 31st epoch
2023-01-12 02:31:07,713-INFO: loss: 1.085602  [   32/  215]
2023-01-12 02:31:19,545-INFO: loss: 1.100854  [   64/  215]
2023-01-12 02:31:31,882-INFO: loss: 1.074582  [   96/  215]
2023-01-12 02:31:43,592-INFO: loss: 1.103050  [  128/  215]
2023-01-12 02:31:54,818-INFO: loss: 1.092352  [  160/  215]
2023-01-12 02:32:06,444-INFO: loss: 1.083587  [  192/  215]
2023-01-12 02:32:15,082-INFO: loss: 1.085941  [  215/  215]
2023-01-12 02:33:27,442-INFO: Test Error: 
 Accuracy: 54.9%, Avg loss: 1.077056
2023-01-12 02:33:27,444-INFO: Start training the 32st epoch
2023-01-12 02:33:39,096-INFO: loss: 1.079912  [   32/  215]
2023-01-12 02:33:51,132-INFO: loss: 1.070199  [   64/  215]
2023-01-12 02:34:02,578-INFO: loss: 1.071595  [   96/  215]
2023-01-12 02:34:14,141-INFO: loss: 1.078607  [  128/  215]
2023-01-12 02:34:25,180-INFO: loss: 1.075774  [  160/  215]
2023-01-12 02:34:37,187-INFO: loss: 1.077329  [  192/  215]
2023-01-12 02:34:45,617-INFO: loss: 1.070791  [  215/  215]
2023-01-12 02:35:58,472-INFO: Test Error: 
 Accuracy: 33.5%, Avg loss: 1.068730
2023-01-12 02:35:58,472-INFO: Start training the 33st epoch
2023-01-12 02:36:09,552-INFO: loss: 1.047289  [   32/  215]
2023-01-12 02:36:20,944-INFO: loss: 1.117223  [   64/  215]
2023-01-12 02:36:32,709-INFO: loss: 1.034501  [   96/  215]
2023-01-12 02:36:45,152-INFO: loss: 1.018213  [  128/  215]
2023-01-12 02:36:56,512-INFO: loss: 1.079770  [  160/  215]
2023-01-12 02:37:08,268-INFO: loss: 0.954995  [  192/  215]
2023-01-12 02:37:16,702-INFO: loss: 1.079421  [  215/  215]
2023-01-12 02:38:29,417-INFO: Test Error: 
 Accuracy: 58.1%, Avg loss: 0.951145
2023-01-12 02:38:29,418-INFO: Start training the 34st epoch
2023-01-12 02:38:40,297-INFO: loss: 0.969262  [   32/  215]
2023-01-12 02:38:51,659-INFO: loss: 1.040222  [   64/  215]
2023-01-12 02:39:03,313-INFO: loss: 1.210836  [   96/  215]
2023-01-12 02:39:14,414-INFO: loss: 1.282292  [  128/  215]
2023-01-12 02:39:25,688-INFO: loss: 1.210941  [  160/  215]
2023-01-12 02:39:36,823-INFO: loss: 1.117437  [  192/  215]
2023-01-12 02:39:44,947-INFO: loss: 1.036465  [  215/  215]
2023-01-12 02:40:58,715-INFO: Test Error: 
 Accuracy: 33.5%, Avg loss: 1.092692
2023-01-12 02:41:02,239-INFO: vit_l_32_34 has been saved 

2023-01-12 02:41:02,240-INFO: Start training the 35st epoch
2023-01-12 02:41:13,885-INFO: loss: 1.121084  [   32/  215]
2023-01-12 02:41:26,204-INFO: loss: 0.966649  [   64/  215]
2023-01-12 02:41:37,971-INFO: loss: 1.144269  [   96/  215]
2023-01-12 02:41:50,200-INFO: loss: 1.063255  [  128/  215]
2023-01-12 02:42:01,674-INFO: loss: 1.129706  [  160/  215]
2023-01-12 02:42:12,962-INFO: loss: 1.082648  [  192/  215]
2023-01-12 02:42:21,831-INFO: loss: 1.203963  [  215/  215]
2023-01-12 02:43:34,528-INFO: Test Error: 
 Accuracy: 33.5%, Avg loss: 1.143280
2023-01-12 02:43:34,529-INFO: Start training the 36st epoch
2023-01-12 02:43:45,888-INFO: loss: 1.300054  [   32/  215]
2023-01-12 02:43:57,286-INFO: loss: 1.106080  [   64/  215]
2023-01-12 02:44:08,974-INFO: loss: 1.228519  [   96/  215]
2023-01-12 02:44:20,389-INFO: loss: 1.178607  [  128/  215]
2023-01-12 02:44:31,268-INFO: loss: 1.149804  [  160/  215]
2023-01-12 02:44:42,203-INFO: loss: 1.106412  [  192/  215]
2023-01-12 02:44:50,017-INFO: loss: 1.046774  [  215/  215]
2023-01-12 02:46:02,009-INFO: Test Error: 
 Accuracy: 33.5%, Avg loss: 1.090005
2023-01-12 02:46:02,009-INFO: Start training the 37st epoch
2023-01-12 02:46:12,852-INFO: loss: 1.063723  [   32/  215]
2023-01-12 02:46:24,168-INFO: loss: 1.104566  [   64/  215]
2023-01-12 02:46:36,186-INFO: loss: 1.078676  [   96/  215]
2023-01-12 02:46:46,972-INFO: loss: 1.080569  [  128/  215]
2023-01-12 02:46:58,793-INFO: loss: 1.063934  [  160/  215]
2023-01-12 02:47:09,605-INFO: loss: 1.087792  [  192/  215]
2023-01-12 02:47:17,335-INFO: loss: 1.074255  [  215/  215]
2023-01-12 02:48:29,774-INFO: Test Error: 
 Accuracy: 34.0%, Avg loss: 1.068344
2023-01-12 02:48:29,774-INFO: Start training the 38st epoch
2023-01-12 02:48:40,953-INFO: loss: 1.075808  [   32/  215]
2023-01-12 02:48:52,907-INFO: loss: 1.056530  [   64/  215]
2023-01-12 02:49:06,792-INFO: loss: 1.065326  [   96/  215]
2023-01-12 02:49:17,695-INFO: loss: 1.058959  [  128/  215]
