2023-01-13 11:35:39,314-INFO: Start training the 0st epoch
2023-01-13 11:35:51,141-INFO: loss: 1.180470  [   32/  215]
2023-01-13 11:35:58,196-INFO: loss: 2.791981  [   64/  215]
2023-01-13 11:36:05,599-INFO: loss: 4.503641  [   96/  215]
2023-01-13 11:36:12,593-INFO: loss: 1.833590  [  128/  215]
2023-01-13 11:36:20,568-INFO: loss: 2.311594  [  160/  215]
2023-01-13 11:36:28,366-INFO: loss: 4.930685  [  192/  215]
2023-01-13 11:36:33,878-INFO: loss: 1.860582  [  215/  215]
2023-01-13 11:37:20,173-INFO: Test Error: 
 Accuracy: 33.5%, Avg loss: 1.617262
2023-01-13 11:37:20,173-INFO: Start training the 1st epoch
2023-01-13 11:37:27,405-INFO: loss: 1.702302  [   32/  215]
2023-01-13 11:37:35,399-INFO: loss: 1.655757  [   64/  215]
2023-01-13 11:37:43,002-INFO: loss: 2.137307  [   96/  215]
2023-01-13 11:37:50,993-INFO: loss: 1.365707  [  128/  215]
2023-01-13 11:37:58,790-INFO: loss: 1.131550  [  160/  215]
2023-01-13 11:38:06,204-INFO: loss: 1.161381  [  192/  215]
2023-01-13 11:38:11,816-INFO: loss: 1.503189  [  215/  215]
2023-01-13 11:38:59,954-INFO: Test Error: 
 Accuracy: 33.5%, Avg loss: 1.471494
2023-01-13 11:38:59,955-INFO: Start training the 2st epoch
2023-01-13 11:39:07,993-INFO: loss: 1.773103  [   32/  215]
2023-01-13 11:39:15,780-INFO: loss: 1.326484  [   64/  215]
2023-01-13 11:39:23,367-INFO: loss: 1.088989  [   96/  215]
2023-01-13 11:39:31,185-INFO: loss: 1.160291  [  128/  215]
2023-01-13 11:39:38,767-INFO: loss: 1.289056  [  160/  215]
2023-01-13 11:39:46,138-INFO: loss: 1.272714  [  192/  215]
2023-01-13 11:39:51,818-INFO: loss: 1.041553  [  215/  215]
2023-01-13 11:40:37,120-INFO: Test Error: 
 Accuracy: 33.0%, Avg loss: 1.252073
2023-01-13 11:40:37,121-INFO: Start training the 3st epoch
2023-01-13 11:40:44,355-INFO: loss: 1.132056  [   32/  215]
2023-01-13 11:40:53,355-INFO: loss: 1.352990  [   64/  215]
2023-01-13 11:41:01,738-INFO: loss: 1.159122  [   96/  215]
2023-01-13 11:41:09,936-INFO: loss: 1.097921  [  128/  215]
2023-01-13 11:41:18,139-INFO: loss: 1.131206  [  160/  215]
2023-01-13 11:41:26,321-INFO: loss: 1.371447  [  192/  215]
2023-01-13 11:41:32,157-INFO: loss: 1.225641  [  215/  215]
2023-01-13 11:42:22,538-INFO: Test Error: 
 Accuracy: 33.5%, Avg loss: 1.170619
2023-01-13 11:42:22,539-INFO: Start training the 4st epoch
2023-01-13 11:42:30,939-INFO: loss: 1.136998  [   32/  215]
2023-01-13 11:42:39,338-INFO: loss: 1.158080  [   64/  215]
2023-01-13 11:42:47,305-INFO: loss: 1.064055  [   96/  215]
2023-01-13 11:42:56,115-INFO: loss: 1.157325  [  128/  215]
2023-01-13 11:43:04,322-INFO: loss: 1.193522  [  160/  215]
2023-01-13 11:43:12,511-INFO: loss: 1.125499  [  192/  215]
2023-01-13 11:43:18,563-INFO: loss: 1.143171  [  215/  215]
2023-01-13 11:44:10,674-INFO: Test Error: 
 Accuracy: 33.0%, Avg loss: 1.108789
2023-01-13 11:44:12,707-INFO: vit_l_32_4 has been saved 

2023-01-13 11:44:12,707-INFO: Start training the 5st epoch
2023-01-13 11:44:21,277-INFO: loss: 1.106860  [   32/  215]
2023-01-13 11:44:29,059-INFO: loss: 1.111315  [   64/  215]
2023-01-13 11:44:37,083-INFO: loss: 1.077423  [   96/  215]
2023-01-13 11:44:44,486-INFO: loss: 1.140051  [  128/  215]
2023-01-13 11:44:52,073-INFO: loss: 1.157702  [  160/  215]
2023-01-13 11:44:59,892-INFO: loss: 1.098193  [  192/  215]
2023-01-13 11:45:05,127-INFO: loss: 1.264387  [  215/  215]
2023-01-13 11:45:52,248-INFO: Test Error: 
 Accuracy: 33.5%, Avg loss: 1.117459
2023-01-13 11:45:52,249-INFO: Start training the 6st epoch
2023-01-13 11:46:00,070-INFO: loss: 1.118908  [   32/  215]
2023-01-13 11:46:07,858-INFO: loss: 1.111246  [   64/  215]
2023-01-13 11:46:15,856-INFO: loss: 1.061697  [   96/  215]
2023-01-13 11:46:23,422-INFO: loss: 1.242603  [  128/  215]
2023-01-13 11:46:30,646-INFO: loss: 1.201743  [  160/  215]
2023-01-13 11:46:38,830-INFO: loss: 1.142618  [  192/  215]
2023-01-13 11:46:44,298-INFO: loss: 1.161603  [  215/  215]
2023-01-13 11:47:30,809-INFO: Test Error: 
 Accuracy: 33.0%, Avg loss: 1.107916
2023-01-13 11:47:30,810-INFO: Start training the 7st epoch
2023-01-13 11:47:38,032-INFO: loss: 1.121439  [   32/  215]
2023-01-13 11:47:45,793-INFO: loss: 1.129851  [   64/  215]
2023-01-13 11:47:52,798-INFO: loss: 1.088294  [   96/  215]
2023-01-13 11:48:00,414-INFO: loss: 1.095036  [  128/  215]
2023-01-13 11:48:07,638-INFO: loss: 1.076390  [  160/  215]
2023-01-13 11:48:15,217-INFO: loss: 1.127927  [  192/  215]
2023-01-13 11:48:20,645-INFO: loss: 1.094358  [  215/  215]
2023-01-13 11:49:07,181-INFO: Test Error: 
 Accuracy: 33.5%, Avg loss: 1.102337
2023-01-13 11:49:07,181-INFO: Start training the 8st epoch
2023-01-13 11:49:14,994-INFO: loss: 1.093693  [   32/  215]
2023-01-13 11:49:22,603-INFO: loss: 1.083450  [   64/  215]
2023-01-13 11:49:30,417-INFO: loss: 1.094000  [   96/  215]
2023-01-13 11:49:37,367-INFO: loss: 1.143037  [  128/  215]
2023-01-13 11:49:44,989-INFO: loss: 1.127087  [  160/  215]
2023-01-13 11:49:52,587-INFO: loss: 1.118734  [  192/  215]
2023-01-13 11:49:58,022-INFO: loss: 1.083650  [  215/  215]
2023-01-13 11:50:45,571-INFO: Test Error: 
 Accuracy: 33.5%, Avg loss: 1.097541
2023-01-13 11:50:45,571-INFO: Start training the 9st epoch
2023-01-13 11:50:52,768-INFO: loss: 1.098875  [   32/  215]
2023-01-13 11:51:00,385-INFO: loss: 1.097066  [   64/  215]
2023-01-13 11:51:08,191-INFO: loss: 1.100655  [   96/  215]
2023-01-13 11:51:16,180-INFO: loss: 1.096925  [  128/  215]
2023-01-13 11:51:23,361-INFO: loss: 1.106505  [  160/  215]
2023-01-13 11:51:31,357-INFO: loss: 1.103933  [  192/  215]
2023-01-13 11:51:36,812-INFO: loss: 1.087777  [  215/  215]
2023-01-13 11:52:24,131-INFO: Test Error: 
 Accuracy: 33.0%, Avg loss: 1.099865
2023-01-13 11:52:26,066-INFO: vit_l_32_9 has been saved 

2023-01-13 11:52:26,067-INFO: Start training the 10st epoch
2023-01-13 11:52:33,750-INFO: loss: 1.085856  [   32/  215]
2023-01-13 11:52:41,302-INFO: loss: 1.097181  [   64/  215]
2023-01-13 11:52:48,738-INFO: loss: 1.113263  [   96/  215]
2023-01-13 11:52:56,292-INFO: loss: 1.117800  [  128/  215]
2023-01-13 11:53:03,942-INFO: loss: 1.092481  [  160/  215]
2023-01-13 11:53:11,723-INFO: loss: 1.091413  [  192/  215]
2023-01-13 11:53:16,961-INFO: loss: 1.104768  [  215/  215]
2023-01-13 11:54:04,074-INFO: Test Error: 
 Accuracy: 33.0%, Avg loss: 1.097976
2023-01-13 11:54:04,074-INFO: Start training the 11st epoch
2023-01-13 11:54:11,526-INFO: loss: 1.096070  [   32/  215]
2023-01-13 11:54:19,259-INFO: loss: 1.097825  [   64/  215]
2023-01-13 11:54:26,926-INFO: loss: 1.096649  [   96/  215]
2023-01-13 11:54:34,325-INFO: loss: 1.095062  [  128/  215]
2023-01-13 11:54:42,071-INFO: loss: 1.098742  [  160/  215]
2023-01-13 11:54:49,692-INFO: loss: 1.094303  [  192/  215]
2023-01-13 11:54:55,324-INFO: loss: 1.098083  [  215/  215]
2023-01-13 11:55:42,635-INFO: Test Error: 
 Accuracy: 33.5%, Avg loss: 1.093299
2023-01-13 11:55:42,635-INFO: Start training the 12st epoch
2023-01-13 11:55:50,296-INFO: loss: 1.099704  [   32/  215]
2023-01-13 11:55:57,674-INFO: loss: 1.093331  [   64/  215]
2023-01-13 11:56:05,255-INFO: loss: 1.099399  [   96/  215]
2023-01-13 11:56:12,875-INFO: loss: 1.095575  [  128/  215]
2023-01-13 11:56:20,483-INFO: loss: 1.097381  [  160/  215]
2023-01-13 11:56:28,246-INFO: loss: 1.098651  [  192/  215]
2023-01-13 11:56:33,675-INFO: loss: 1.091665  [  215/  215]
2023-01-13 11:57:21,240-INFO: Test Error: 
 Accuracy: 33.5%, Avg loss: 1.093672
2023-01-13 11:57:21,241-INFO: Start training the 13st epoch
2023-01-13 11:57:28,860-INFO: loss: 1.108381  [   32/  215]
2023-01-13 11:57:36,228-INFO: loss: 1.079486  [   64/  215]
2023-01-13 11:57:43,847-INFO: loss: 1.095702  [   96/  215]
2023-01-13 11:57:51,404-INFO: loss: 1.109323  [  128/  215]
2023-01-13 11:57:59,234-INFO: loss: 1.097988  [  160/  215]
2023-01-13 11:58:06,465-INFO: loss: 1.082628  [  192/  215]
2023-01-13 11:58:12,068-INFO: loss: 1.100044  [  215/  215]
2023-01-13 11:58:59,617-INFO: Test Error: 
 Accuracy: 52.6%, Avg loss: 1.090924
2023-01-13 11:58:59,617-INFO: Start training the 14st epoch
2023-01-13 11:59:07,422-INFO: loss: 1.102843  [   32/  215]
2023-01-13 11:59:15,021-INFO: loss: 1.093477  [   64/  215]
2023-01-13 11:59:22,568-INFO: loss: 1.093021  [   96/  215]
2023-01-13 11:59:30,232-INFO: loss: 1.092985  [  128/  215]
2023-01-13 11:59:37,624-INFO: loss: 1.090646  [  160/  215]
2023-01-13 11:59:45,220-INFO: loss: 1.094454  [  192/  215]
2023-01-13 11:59:50,660-INFO: loss: 1.092089  [  215/  215]
2023-01-13 12:00:39,989-INFO: Test Error: 
 Accuracy: 58.6%, Avg loss: 1.090331
2023-01-13 12:00:41,871-INFO: vit_l_32_14 has been saved 

2023-01-13 12:00:41,872-INFO: Start training the 15st epoch
2023-01-13 12:00:49,418-INFO: loss: 1.092695  [   32/  215]
2023-01-13 12:00:56,995-INFO: loss: 1.090089  [   64/  215]
2023-01-13 12:01:04,569-INFO: loss: 1.089943  [   96/  215]
2023-01-13 12:01:12,602-INFO: loss: 1.082147  [  128/  215]
2023-01-13 12:01:20,362-INFO: loss: 1.088586  [  160/  215]
2023-01-13 12:01:27,754-INFO: loss: 1.096267  [  192/  215]
2023-01-13 12:01:33,415-INFO: loss: 1.098749  [  215/  215]
2023-01-13 12:02:21,140-INFO: Test Error: 
 Accuracy: 33.5%, Avg loss: 1.089315
2023-01-13 12:02:21,141-INFO: Start training the 16st epoch
2023-01-13 12:02:28,583-INFO: loss: 1.081072  [   32/  215]
2023-01-13 12:02:36,160-INFO: loss: 1.081959  [   64/  215]
2023-01-13 12:02:43,967-INFO: loss: 1.084305  [   96/  215]
2023-01-13 12:02:51,578-INFO: loss: 1.072303  [  128/  215]
2023-01-13 12:02:59,588-INFO: loss: 1.082526  [  160/  215]
2023-01-13 12:03:06,700-INFO: loss: 1.121819  [  192/  215]
2023-01-13 12:03:12,132-INFO: loss: 1.087723  [  215/  215]
2023-01-13 12:04:00,118-INFO: Test Error: 
 Accuracy: 33.5%, Avg loss: 1.076721
2023-01-13 12:04:00,119-INFO: Start training the 17st epoch
2023-01-13 12:04:07,957-INFO: loss: 1.088990  [   32/  215]
2023-01-13 12:04:15,963-INFO: loss: 1.081654  [   64/  215]
2023-01-13 12:04:23,332-INFO: loss: 1.083755  [   96/  215]
2023-01-13 12:04:30,682-INFO: loss: 1.091877  [  128/  215]
2023-01-13 12:04:38,109-INFO: loss: 1.090784  [  160/  215]
2023-01-13 12:04:45,760-INFO: loss: 1.065135  [  192/  215]
2023-01-13 12:04:50,964-INFO: loss: 1.069867  [  215/  215]
2023-01-13 12:05:37,692-INFO: Test Error: 
 Accuracy: 33.5%, Avg loss: 1.075392
2023-01-13 12:05:37,693-INFO: Start training the 18st epoch
2023-01-13 12:05:45,344-INFO: loss: 1.071267  [   32/  215]
2023-01-13 12:05:52,902-INFO: loss: 1.091818  [   64/  215]
2023-01-13 12:06:00,740-INFO: loss: 1.075553  [   96/  215]
2023-01-13 12:06:08,720-INFO: loss: 1.040842  [  128/  215]
2023-01-13 12:06:16,509-INFO: loss: 1.048205  [  160/  215]
2023-01-13 12:06:24,489-INFO: loss: 1.017343  [  192/  215]
2023-01-13 12:06:30,102-INFO: loss: 0.990509  [  215/  215]
2023-01-13 12:07:19,847-INFO: Test Error: 
 Accuracy: 54.4%, Avg loss: 0.972507
2023-01-13 12:07:19,848-INFO: Start training the 19st epoch
2023-01-13 12:07:27,499-INFO: loss: 0.945927  [   32/  215]
2023-01-13 12:07:34,624-INFO: loss: 1.220300  [   64/  215]
2023-01-13 12:07:41,852-INFO: loss: 2.562327  [   96/  215]
2023-01-13 12:07:49,687-INFO: loss: 1.158539  [  128/  215]
2023-01-13 12:07:57,238-INFO: loss: 1.259576  [  160/  215]
2023-01-13 12:08:05,261-INFO: loss: 1.740412  [  192/  215]
2023-01-13 12:08:10,703-INFO: loss: 1.159055  [  215/  215]
2023-01-13 12:08:57,810-INFO: Test Error: 
 Accuracy: 33.5%, Avg loss: 1.151423
2023-01-13 12:08:59,738-INFO: vit_l_32_19 has been saved 

2023-01-13 12:08:59,739-INFO: Start training the 20st epoch
2023-01-13 12:09:07,672-INFO: loss: 1.159624  [   32/  215]
2023-01-13 12:09:15,634-INFO: loss: 1.202139  [   64/  215]
2023-01-13 12:09:23,473-INFO: loss: 1.175067  [   96/  215]
2023-01-13 12:09:31,065-INFO: loss: 1.097731  [  128/  215]
2023-01-13 12:09:38,621-INFO: loss: 1.187409  [  160/  215]
2023-01-13 12:09:46,647-INFO: loss: 1.170187  [  192/  215]
2023-01-13 12:09:52,488-INFO: loss: 1.143121  [  215/  215]
2023-01-13 12:10:39,001-INFO: Test Error: 
 Accuracy: 33.5%, Avg loss: 1.112746
2023-01-13 12:10:39,002-INFO: Start training the 21st epoch
2023-01-13 12:10:47,012-INFO: loss: 1.084392  [   32/  215]
2023-01-13 12:10:54,628-INFO: loss: 1.193089  [   64/  215]
2023-01-13 12:11:02,216-INFO: loss: 1.099481  [   96/  215]
2023-01-13 12:11:09,984-INFO: loss: 1.101739  [  128/  215]
2023-01-13 12:11:18,205-INFO: loss: 1.176053  [  160/  215]
2023-01-13 12:11:26,028-INFO: loss: 1.182389  [  192/  215]
2023-01-13 12:11:31,837-INFO: loss: 1.136245  [  215/  215]
2023-01-13 12:12:21,170-INFO: Test Error: 
 Accuracy: 33.0%, Avg loss: 1.103371
2023-01-13 12:12:21,170-INFO: Start training the 22st epoch
2023-01-13 12:12:29,199-INFO: loss: 1.096973  [   32/  215]
2023-01-13 12:12:36,949-INFO: loss: 1.141363  [   64/  215]
2023-01-13 12:12:45,395-INFO: loss: 1.236811  [   96/  215]
2023-01-13 12:12:53,398-INFO: loss: 1.159055  [  128/  215]
2023-01-13 12:13:00,981-INFO: loss: 1.156457  [  160/  215]
2023-01-13 12:13:08,994-INFO: loss: 1.132337  [  192/  215]
2023-01-13 12:13:14,238-INFO: loss: 1.101562  [  215/  215]
2023-01-13 12:14:02,948-INFO: Test Error: 
 Accuracy: 33.5%, Avg loss: 1.201352
2023-01-13 12:14:02,949-INFO: Start training the 23st epoch
2023-01-13 12:14:10,777-INFO: loss: 1.266793  [   32/  215]
2023-01-13 12:14:18,764-INFO: loss: 1.190773  [   64/  215]
2023-01-13 12:14:26,170-INFO: loss: 1.134966  [   96/  215]
2023-01-13 12:14:34,374-INFO: loss: 1.138417  [  128/  215]
2023-01-13 12:14:42,365-INFO: loss: 1.098442  [  160/  215]
2023-01-13 12:14:50,370-INFO: loss: 1.163444  [  192/  215]
2023-01-13 12:14:56,186-INFO: loss: 1.115735  [  215/  215]
2023-01-13 12:15:45,314-INFO: Test Error: 
 Accuracy: 33.5%, Avg loss: 1.131590
2023-01-13 12:15:45,314-INFO: Start training the 24st epoch
2023-01-13 12:15:53,146-INFO: loss: 1.054858  [   32/  215]
2023-01-13 12:16:00,310-INFO: loss: 1.175777  [   64/  215]
2023-01-13 12:16:07,939-INFO: loss: 1.115378  [   96/  215]
2023-01-13 12:16:15,536-INFO: loss: 1.117294  [  128/  215]
2023-01-13 12:16:23,549-INFO: loss: 1.122683  [  160/  215]
2023-01-13 12:16:31,514-INFO: loss: 1.112985  [  192/  215]
2023-01-13 12:16:36,954-INFO: loss: 1.126857  [  215/  215]
2023-01-13 12:17:24,476-INFO: Test Error: 
 Accuracy: 33.5%, Avg loss: 1.105486
2023-01-13 12:17:26,344-INFO: vit_l_32_24 has been saved 

2023-01-13 12:17:26,344-INFO: Start training the 25st epoch
2023-01-13 12:17:33,697-INFO: loss: 1.093501  [   32/  215]
2023-01-13 12:17:41,517-INFO: loss: 1.165329  [   64/  215]
2023-01-13 12:17:49,085-INFO: loss: 1.083120  [   96/  215]
2023-01-13 12:17:56,317-INFO: loss: 1.076199  [  128/  215]
2023-01-13 12:18:03,916-INFO: loss: 1.076736  [  160/  215]
2023-01-13 12:18:11,639-INFO: loss: 1.217589  [  192/  215]
2023-01-13 12:18:16,935-INFO: loss: 1.111149  [  215/  215]
2023-01-13 12:19:04,660-INFO: Test Error: 
 Accuracy: 33.0%, Avg loss: 1.100157
2023-01-13 12:19:04,661-INFO: Start training the 26st epoch
2023-01-13 12:19:12,297-INFO: loss: 1.098004  [   32/  215]
2023-01-13 12:19:19,813-INFO: loss: 1.105687  [   64/  215]
2023-01-13 12:19:27,464-INFO: loss: 1.114582  [   96/  215]
2023-01-13 12:19:35,674-INFO: loss: 1.110721  [  128/  215]
2023-01-13 12:19:43,227-INFO: loss: 1.102319  [  160/  215]
2023-01-13 12:19:50,663-INFO: loss: 1.092888  [  192/  215]
2023-01-13 12:19:55,906-INFO: loss: 1.121009  [  215/  215]
2023-01-13 12:20:42,617-INFO: Test Error: 
 Accuracy: 33.5%, Avg loss: 1.105753
2023-01-13 12:20:42,618-INFO: Start training the 27st epoch
2023-01-13 12:20:50,656-INFO: loss: 1.110556  [   32/  215]
2023-01-13 12:20:58,422-INFO: loss: 1.105758  [   64/  215]
2023-01-13 12:21:06,249-INFO: loss: 1.112155  [   96/  215]
2023-01-13 12:21:13,997-INFO: loss: 1.096318  [  128/  215]
2023-01-13 12:21:22,261-INFO: loss: 1.092914  [  160/  215]
2023-01-13 12:21:30,047-INFO: loss: 1.099972  [  192/  215]
2023-01-13 12:21:35,687-INFO: loss: 1.100185  [  215/  215]
2023-01-13 12:22:23,972-INFO: Test Error: 
 Accuracy: 33.0%, Avg loss: 1.098763
2023-01-13 12:22:23,973-INFO: Start training the 28st epoch
2023-01-13 12:22:31,219-INFO: loss: 1.098747  [   32/  215]
2023-01-13 12:22:38,432-INFO: loss: 1.097625  [   64/  215]
2023-01-13 12:22:46,021-INFO: loss: 1.103481  [   96/  215]
2023-01-13 12:22:53,813-INFO: loss: 1.107875  [  128/  215]
2023-01-13 12:23:01,226-INFO: loss: 1.099473  [  160/  215]
2023-01-13 12:23:08,801-INFO: loss: 1.101244  [  192/  215]
2023-01-13 12:23:14,053-INFO: loss: 1.101451  [  215/  215]
2023-01-13 12:24:03,365-INFO: Test Error: 
 Accuracy: 33.5%, Avg loss: 1.097205
2023-01-13 12:24:03,366-INFO: Start training the 29st epoch
2023-01-13 12:24:11,205-INFO: loss: 1.094327  [   32/  215]
2023-01-13 12:24:18,992-INFO: loss: 1.097071  [   64/  215]
2023-01-13 12:24:26,977-INFO: loss: 1.098125  [   96/  215]
2023-01-13 12:24:34,571-INFO: loss: 1.099169  [  128/  215]
2023-01-13 12:24:42,392-INFO: loss: 1.115095  [  160/  215]
2023-01-13 12:24:49,981-INFO: loss: 1.094878  [  192/  215]
2023-01-13 12:24:55,407-INFO: loss: 1.108557  [  215/  215]
2023-01-13 12:25:42,722-INFO: Test Error: 
 Accuracy: 33.5%, Avg loss: 1.096811
2023-01-13 12:25:44,771-INFO: vit_l_32_29 has been saved 

2023-01-13 12:25:44,772-INFO: Start training the 30st epoch
2023-01-13 12:25:52,582-INFO: loss: 1.109858  [   32/  215]
2023-01-13 12:25:59,947-INFO: loss: 1.096867  [   64/  215]
2023-01-13 12:26:07,546-INFO: loss: 1.101769  [   96/  215]
2023-01-13 12:26:14,971-INFO: loss: 1.097835  [  128/  215]
2023-01-13 12:26:22,564-INFO: loss: 1.098934  [  160/  215]
2023-01-13 12:26:30,157-INFO: loss: 1.099092  [  192/  215]
2023-01-13 12:26:35,581-INFO: loss: 1.101919  [  215/  215]
2023-01-13 12:27:24,509-INFO: Test Error: 
 Accuracy: 33.0%, Avg loss: 1.099287
2023-01-13 12:27:24,509-INFO: Start training the 31st epoch
2023-01-13 12:27:32,544-INFO: loss: 1.095548  [   32/  215]
2023-01-13 12:27:40,293-INFO: loss: 1.095366  [   64/  215]
2023-01-13 12:27:48,522-INFO: loss: 1.099844  [   96/  215]
2023-01-13 12:27:56,528-INFO: loss: 1.104892  [  128/  215]
2023-01-13 12:28:04,283-INFO: loss: 1.100432  [  160/  215]
2023-01-13 12:28:11,933-INFO: loss: 1.101212  [  192/  215]
2023-01-13 12:28:17,166-INFO: loss: 1.097815  [  215/  215]
2023-01-13 12:29:05,678-INFO: Test Error: 
 Accuracy: 33.0%, Avg loss: 1.098578
2023-01-13 12:29:05,678-INFO: Start training the 32st epoch
2023-01-13 12:29:13,504-INFO: loss: 1.097540  [   32/  215]
2023-01-13 12:29:21,133-INFO: loss: 1.099680  [   64/  215]
2023-01-13 12:29:28,667-INFO: loss: 1.098471  [   96/  215]
2023-01-13 12:29:36,499-INFO: loss: 1.097405  [  128/  215]
2023-01-13 12:29:43,898-INFO: loss: 1.102515  [  160/  215]
2023-01-13 12:29:51,258-INFO: loss: 1.097649  [  192/  215]
2023-01-13 12:29:56,715-INFO: loss: 1.099007  [  215/  215]
2023-01-13 12:30:44,856-INFO: Test Error: 
 Accuracy: 33.5%, Avg loss: 1.097805
2023-01-13 12:30:44,856-INFO: Start training the 33st epoch
2023-01-13 12:30:52,085-INFO: loss: 1.100844  [   32/  215]
2023-01-13 12:30:59,281-INFO: loss: 1.101496  [   64/  215]
2023-01-13 12:31:07,069-INFO: loss: 1.100876  [   96/  215]
2023-01-13 12:31:14,702-INFO: loss: 1.095803  [  128/  215]
2023-01-13 12:31:22,472-INFO: loss: 1.103529  [  160/  215]
2023-01-13 12:31:29,857-INFO: loss: 1.096543  [  192/  215]
2023-01-13 12:31:35,283-INFO: loss: 1.097148  [  215/  215]
2023-01-13 12:32:23,806-INFO: Test Error: 
 Accuracy: 33.5%, Avg loss: 1.097592
2023-01-13 12:32:23,807-INFO: Start training the 34st epoch
2023-01-13 12:32:31,455-INFO: loss: 1.098342  [   32/  215]
2023-01-13 12:32:39,045-INFO: loss: 1.092106  [   64/  215]
2023-01-13 12:32:46,814-INFO: loss: 1.100654  [   96/  215]
2023-01-13 12:32:53,805-INFO: loss: 1.098262  [  128/  215]
2023-01-13 12:33:01,635-INFO: loss: 1.104897  [  160/  215]
2023-01-13 12:33:09,639-INFO: loss: 1.101495  [  192/  215]
2023-01-13 12:33:14,835-INFO: loss: 1.098949  [  215/  215]
2023-01-13 12:34:02,793-INFO: Test Error: 
 Accuracy: 33.5%, Avg loss: 1.097172
2023-01-13 12:34:04,789-INFO: vit_l_32_34 has been saved 

2023-01-13 12:34:04,789-INFO: Start training the 35st epoch
2023-01-13 12:34:12,419-INFO: loss: 1.102208  [   32/  215]
2023-01-13 12:34:20,036-INFO: loss: 1.098608  [   64/  215]
2023-01-13 12:34:27,401-INFO: loss: 1.093374  [   96/  215]
2023-01-13 12:34:35,025-INFO: loss: 1.100266  [  128/  215]
2023-01-13 12:34:42,613-INFO: loss: 1.097661  [  160/  215]
2023-01-13 12:34:50,164-INFO: loss: 1.098896  [  192/  215]
2023-01-13 12:34:55,636-INFO: loss: 1.106998  [  215/  215]
2023-01-13 12:35:42,960-INFO: Test Error: 
 Accuracy: 33.5%, Avg loss: 1.097493
2023-01-13 12:35:42,960-INFO: Start training the 36st epoch
2023-01-13 12:35:50,777-INFO: loss: 1.095737  [   32/  215]
2023-01-13 12:35:58,405-INFO: loss: 1.096467  [   64/  215]
2023-01-13 12:36:05,976-INFO: loss: 1.095706  [   96/  215]
2023-01-13 12:36:13,748-INFO: loss: 1.101179  [  128/  215]
2023-01-13 12:36:21,570-INFO: loss: 1.098441  [  160/  215]
2023-01-13 12:36:28,951-INFO: loss: 1.101670  [  192/  215]
2023-01-13 12:36:34,821-INFO: loss: 1.102712  [  215/  215]
2023-01-13 12:37:21,513-INFO: Test Error: 
 Accuracy: 33.5%, Avg loss: 1.097494
2023-01-13 12:37:21,514-INFO: Start training the 37st epoch
2023-01-13 12:37:29,147-INFO: loss: 1.099824  [   32/  215]
2023-01-13 12:37:36,366-INFO: loss: 1.096766  [   64/  215]
2023-01-13 12:37:43,750-INFO: loss: 1.098316  [   96/  215]
2023-01-13 12:37:51,763-INFO: loss: 1.098744  [  128/  215]
2023-01-13 12:37:59,943-INFO: loss: 1.099595  [  160/  215]
2023-01-13 12:38:07,504-INFO: loss: 1.098726  [  192/  215]
2023-01-13 12:38:13,197-INFO: loss: 1.100229  [  215/  215]
2023-01-13 12:39:01,712-INFO: Test Error: 
 Accuracy: 33.5%, Avg loss: 1.097962
2023-01-13 12:39:01,712-INFO: Start training the 38st epoch
2023-01-13 12:39:10,134-INFO: loss: 1.098747  [   32/  215]
2023-01-13 12:39:17,488-INFO: loss: 1.098515  [   64/  215]
2023-01-13 12:39:25,538-INFO: loss: 1.099025  [   96/  215]
2023-01-13 12:39:33,543-INFO: loss: 1.100304  [  128/  215]
2023-01-13 12:39:41,094-INFO: loss: 1.099876  [  160/  215]
2023-01-13 12:39:48,714-INFO: loss: 1.099726  [  192/  215]
2023-01-13 12:39:54,731-INFO: loss: 1.096846  [  215/  215]
2023-01-13 12:40:42,270-INFO: Test Error: 
 Accuracy: 33.0%, Avg loss: 1.098750
2023-01-13 12:40:42,270-INFO: Start training the 39st epoch
2023-01-13 12:40:49,512-INFO: loss: 1.101496  [   32/  215]
2023-01-13 12:40:57,492-INFO: loss: 1.097657  [   64/  215]
2023-01-13 12:41:05,255-INFO: loss: 1.097502  [   96/  215]
2023-01-13 12:41:13,272-INFO: loss: 1.097870  [  128/  215]
2023-01-13 12:41:21,089-INFO: loss: 1.096632  [  160/  215]
2023-01-13 12:41:29,082-INFO: loss: 1.098674  [  192/  215]
2023-01-13 12:41:34,928-INFO: loss: 1.100051  [  215/  215]
2023-01-13 12:42:24,247-INFO: Test Error: 
 Accuracy: 33.0%, Avg loss: 1.098373
2023-01-13 12:42:25,997-INFO: vit_l_32_39 has been saved 

2023-01-13 12:42:25,997-INFO: Start training the 40st epoch
2023-01-13 12:42:33,852-INFO: loss: 1.097138  [   32/  215]
2023-01-13 12:42:41,465-INFO: loss: 1.101011  [   64/  215]
2023-01-13 12:42:49,066-INFO: loss: 1.097739  [   96/  215]
2023-01-13 12:42:56,834-INFO: loss: 1.098147  [  128/  215]
2023-01-13 12:43:04,262-INFO: loss: 1.097867  [  160/  215]
2023-01-13 12:43:11,856-INFO: loss: 1.098016  [  192/  215]
2023-01-13 12:43:17,424-INFO: loss: 1.098237  [  215/  215]
2023-01-13 12:44:04,785-INFO: Test Error: 
 Accuracy: 56.7%, Avg loss: 1.097931
2023-01-13 12:44:04,785-INFO: Start training the 41st epoch
2023-01-13 12:44:13,040-INFO: loss: 1.098006  [   32/  215]
2023-01-13 12:44:20,812-INFO: loss: 1.097890  [   64/  215]
2023-01-13 12:44:28,451-INFO: loss: 1.096764  [   96/  215]
2023-01-13 12:44:36,433-INFO: loss: 1.099152  [  128/  215]
2023-01-13 12:44:43,998-INFO: loss: 1.099717  [  160/  215]
2023-01-13 12:44:51,820-INFO: loss: 1.102520  [  192/  215]
2023-01-13 12:44:57,268-INFO: loss: 1.095961  [  215/  215]
2023-01-13 12:45:44,988-INFO: Test Error: 
 Accuracy: 33.5%, Avg loss: 1.096933
2023-01-13 12:45:44,988-INFO: Start training the 42st epoch
2023-01-13 12:45:52,827-INFO: loss: 1.100162  [   32/  215]
2023-01-13 12:46:00,598-INFO: loss: 1.102641  [   64/  215]
2023-01-13 12:46:08,018-INFO: loss: 1.097836  [   96/  215]
2023-01-13 12:46:15,788-INFO: loss: 1.096814  [  128/  215]
2023-01-13 12:46:23,598-INFO: loss: 1.097042  [  160/  215]
2023-01-13 12:46:31,403-INFO: loss: 1.098901  [  192/  215]
2023-01-13 12:46:37,229-INFO: loss: 1.099688  [  215/  215]
2023-01-13 12:47:25,949-INFO: Test Error: 
 Accuracy: 33.5%, Avg loss: 1.096921
2023-01-13 12:47:25,949-INFO: Start training the 43st epoch
2023-01-13 12:47:33,183-INFO: loss: 1.097349  [   32/  215]
2023-01-13 12:47:40,574-INFO: loss: 1.100043  [   64/  215]
2023-01-13 12:47:48,334-INFO: loss: 1.097277  [   96/  215]
2023-01-13 12:47:56,402-INFO: loss: 1.097026  [  128/  215]
2023-01-13 12:48:04,179-INFO: loss: 1.097377  [  160/  215]
2023-01-13 12:48:12,179-INFO: loss: 1.098646  [  192/  215]
2023-01-13 12:48:17,611-INFO: loss: 1.096254  [  215/  215]
2023-01-13 12:49:05,127-INFO: Test Error: 
 Accuracy: 50.7%, Avg loss: 1.096827
2023-01-13 12:49:05,127-INFO: Start training the 44st epoch
2023-01-13 12:49:12,551-INFO: loss: 1.096889  [   32/  215]
2023-01-13 12:49:20,787-INFO: loss: 1.097498  [   64/  215]
2023-01-13 12:49:28,309-INFO: loss: 1.095978  [   96/  215]
2023-01-13 12:49:35,341-INFO: loss: 1.096195  [  128/  215]
2023-01-13 12:49:42,954-INFO: loss: 1.098673  [  160/  215]
2023-01-13 12:49:50,488-INFO: loss: 1.096479  [  192/  215]
2023-01-13 12:49:55,368-INFO: loss: 1.101445  [  215/  215]
2023-01-13 12:50:43,695-INFO: Test Error: 
 Accuracy: 33.5%, Avg loss: 1.096636
2023-01-13 12:50:45,798-INFO: vit_l_32_44 has been saved 

2023-01-13 12:50:45,798-INFO: Start training the 45st epoch
2023-01-13 12:50:53,958-INFO: loss: 1.093929  [   32/  215]
2023-01-13 12:51:02,121-INFO: loss: 1.092931  [   64/  215]
2023-01-13 12:51:10,108-INFO: loss: 1.092578  [   96/  215]
2023-01-13 12:51:17,904-INFO: loss: 1.100622  [  128/  215]
2023-01-13 12:51:25,718-INFO: loss: 1.100842  [  160/  215]
2023-01-13 12:51:33,308-INFO: loss: 1.103086  [  192/  215]
2023-01-13 12:51:39,137-INFO: loss: 1.104895  [  215/  215]
2023-01-13 12:52:27,236-INFO: Test Error: 
 Accuracy: 59.1%, Avg loss: 1.095267
2023-01-13 12:52:27,237-INFO: Start training the 46st epoch
2023-01-13 12:52:34,499-INFO: loss: 1.098373  [   32/  215]
2023-01-13 12:52:41,852-INFO: loss: 1.091778  [   64/  215]
2023-01-13 12:52:49,307-INFO: loss: 1.095056  [   96/  215]
2023-01-13 12:52:56,674-INFO: loss: 1.092694  [  128/  215]
2023-01-13 12:53:04,252-INFO: loss: 1.097719  [  160/  215]
2023-01-13 12:53:11,688-INFO: loss: 1.097844  [  192/  215]
2023-01-13 12:53:16,883-INFO: loss: 1.090278  [  215/  215]
2023-01-13 12:54:04,634-INFO: Test Error: 
 Accuracy: 33.5%, Avg loss: 1.092777
2023-01-13 12:54:04,634-INFO: Start training the 47st epoch
2023-01-13 12:54:12,673-INFO: loss: 1.105660  [   32/  215]
2023-01-13 12:54:20,260-INFO: loss: 1.093535  [   64/  215]
2023-01-13 12:54:28,268-INFO: loss: 1.099197  [   96/  215]
2023-01-13 12:54:35,675-INFO: loss: 1.093615  [  128/  215]
2023-01-13 12:54:43,860-INFO: loss: 1.091902  [  160/  215]
2023-01-13 12:54:51,659-INFO: loss: 1.095575  [  192/  215]
2023-01-13 12:54:56,894-INFO: loss: 1.093919  [  215/  215]
2023-01-13 12:55:43,003-INFO: Test Error: 
 Accuracy: 60.0%, Avg loss: 1.090495
2023-01-13 12:55:43,004-INFO: Start training the 48st epoch
2023-01-13 12:55:50,640-INFO: loss: 1.092255  [   32/  215]
2023-01-13 12:55:58,623-INFO: loss: 1.092572  [   64/  215]
2023-01-13 12:56:06,229-INFO: loss: 1.086360  [   96/  215]
2023-01-13 12:56:13,971-INFO: loss: 1.089251  [  128/  215]
2023-01-13 12:56:21,431-INFO: loss: 1.088111  [  160/  215]
2023-01-13 12:56:29,656-INFO: loss: 1.088019  [  192/  215]
2023-01-13 12:56:34,857-INFO: loss: 1.081823  [  215/  215]
2023-01-13 12:57:23,573-INFO: Test Error: 
 Accuracy: 33.5%, Avg loss: 1.076443
2023-01-13 12:57:23,574-INFO: Start training the 49st epoch
2023-01-13 12:57:31,592-INFO: loss: 1.110928  [   32/  215]
2023-01-13 12:57:39,588-INFO: loss: 1.072531  [   64/  215]
2023-01-13 12:57:47,593-INFO: loss: 1.081275  [   96/  215]
2023-01-13 12:57:55,168-INFO: loss: 1.066877  [  128/  215]
2023-01-13 12:58:02,215-INFO: loss: 1.165478  [  160/  215]
2023-01-13 12:58:09,167-INFO: loss: 1.044157  [  192/  215]
2023-01-13 12:58:14,377-INFO: loss: 1.127548  [  215/  215]
2023-01-13 12:59:01,000-INFO: Test Error: 
 Accuracy: 28.4%, Avg loss: 1.184486
2023-01-13 12:59:02,720-INFO: vit_l_32_49 has been saved 

2023-01-13 12:59:02,720-INFO: Start training the 50st epoch
2023-01-13 12:59:09,974-INFO: loss: 1.173380  [   32/  215]
2023-01-13 12:59:17,776-INFO: loss: 1.166174  [   64/  215]
2023-01-13 12:59:25,568-INFO: loss: 1.111660  [   96/  215]
2023-01-13 12:59:33,162-INFO: loss: 1.076320  [  128/  215]
2023-01-13 12:59:41,180-INFO: loss: 1.091818  [  160/  215]
2023-01-13 12:59:49,180-INFO: loss: 1.103518  [  192/  215]
2023-01-13 12:59:55,193-INFO: loss: 1.099644  [  215/  215]
2023-01-13 13:00:44,111-INFO: Test Error: 
 Accuracy: 33.0%, Avg loss: 1.099334
2023-01-13 13:00:44,112-INFO: Start training the 51st epoch
2023-01-13 13:00:51,761-INFO: loss: 1.108620  [   32/  215]
2023-01-13 13:00:59,482-INFO: loss: 1.088828  [   64/  215]
2023-01-13 13:01:07,354-INFO: loss: 1.095328  [   96/  215]
2023-01-13 13:01:14,882-INFO: loss: 1.081258  [  128/  215]
2023-01-13 13:01:23,327-INFO: loss: 1.120739  [  160/  215]
2023-01-13 13:01:31,328-INFO: loss: 1.092925  [  192/  215]
2023-01-13 13:01:36,773-INFO: loss: 1.114744  [  215/  215]
2023-01-13 13:02:24,499-INFO: Test Error: 
 Accuracy: 38.6%, Avg loss: 1.083886
2023-01-13 13:02:24,500-INFO: Start training the 52st epoch
2023-01-13 13:02:32,321-INFO: loss: 1.084671  [   32/  215]
2023-01-13 13:02:40,124-INFO: loss: 1.073907  [   64/  215]
2023-01-13 13:02:48,329-INFO: loss: 1.079180  [   96/  215]
2023-01-13 13:02:56,109-INFO: loss: 1.096860  [  128/  215]
2023-01-13 13:03:04,318-INFO: loss: 1.107219  [  160/  215]
2023-01-13 13:03:11,669-INFO: loss: 1.099888  [  192/  215]
2023-01-13 13:03:16,941-INFO: loss: 1.098959  [  215/  215]
2023-01-13 13:04:04,655-INFO: Test Error: 
 Accuracy: 33.5%, Avg loss: 1.092948
2023-01-13 13:04:04,656-INFO: Start training the 53st epoch
2023-01-13 13:04:11,679-INFO: loss: 1.132662  [   32/  215]
2023-01-13 13:04:19,079-INFO: loss: 1.065321  [   64/  215]
2023-01-13 13:04:27,086-INFO: loss: 0.958235  [   96/  215]
2023-01-13 13:04:34,656-INFO: loss: 1.056190  [  128/  215]
2023-01-13 13:04:42,073-INFO: loss: 1.238738  [  160/  215]
2023-01-13 13:04:49,647-INFO: loss: 1.231314  [  192/  215]
2023-01-13 13:04:55,289-INFO: loss: 1.177228  [  215/  215]
2023-01-13 13:05:43,070-INFO: Test Error: 
 Accuracy: 33.5%, Avg loss: 1.151595
2023-01-13 13:05:43,070-INFO: Start training the 54st epoch
2023-01-13 13:05:50,300-INFO: loss: 1.173656  [   32/  215]
2023-01-13 13:05:58,066-INFO: loss: 1.109578  [   64/  215]
2023-01-13 13:06:05,865-INFO: loss: 1.097409  [   96/  215]
2023-01-13 13:06:13,243-INFO: loss: 1.096969  [  128/  215]
2023-01-13 13:06:20,986-INFO: loss: 1.116763  [  160/  215]
2023-01-13 13:06:28,860-INFO: loss: 1.186447  [  192/  215]
2023-01-13 13:06:34,278-INFO: loss: 1.142455  [  215/  215]
2023-01-13 13:07:21,583-INFO: Test Error: 
 Accuracy: 33.5%, Avg loss: 1.096531
2023-01-13 13:07:23,641-INFO: vit_l_32_54 has been saved 

2023-01-13 13:07:23,641-INFO: Start training the 55st epoch
2023-01-13 13:07:30,839-INFO: loss: 1.095685  [   32/  215]
2023-01-13 13:07:38,432-INFO: loss: 1.056320  [   64/  215]
2023-01-13 13:07:46,175-INFO: loss: 1.166445  [   96/  215]
2023-01-13 13:07:54,032-INFO: loss: 1.300118  [  128/  215]
2023-01-13 13:08:02,046-INFO: loss: 1.102404  [  160/  215]
2023-01-13 13:08:10,407-INFO: loss: 1.094279  [  192/  215]
2023-01-13 13:08:16,063-INFO: loss: 1.098096  [  215/  215]
2023-01-13 13:09:04,758-INFO: Test Error: 
 Accuracy: 33.5%, Avg loss: 1.115619
2023-01-13 13:09:04,758-INFO: Start training the 56st epoch
2023-01-13 13:09:12,604-INFO: loss: 1.111714  [   32/  215]
2023-01-13 13:09:20,167-INFO: loss: 1.127807  [   64/  215]
2023-01-13 13:09:27,791-INFO: loss: 1.159538  [   96/  215]
2023-01-13 13:09:35,176-INFO: loss: 1.133818  [  128/  215]
2023-01-13 13:09:42,796-INFO: loss: 1.096057  [  160/  215]
2023-01-13 13:09:50,001-INFO: loss: 1.100334  [  192/  215]
2023-01-13 13:09:55,214-INFO: loss: 1.090977  [  215/  215]
2023-01-13 13:10:42,346-INFO: Test Error: 
 Accuracy: 33.5%, Avg loss: 1.093550
2023-01-13 13:10:42,347-INFO: Start training the 57st epoch
2023-01-13 13:10:49,567-INFO: loss: 1.108816  [   32/  215]
2023-01-13 13:10:57,380-INFO: loss: 1.099851  [   64/  215]
2023-01-13 13:11:05,175-INFO: loss: 1.097746  [   96/  215]
2023-01-13 13:11:13,178-INFO: loss: 1.089429  [  128/  215]
2023-01-13 13:11:20,928-INFO: loss: 1.105142  [  160/  215]
2023-01-13 13:11:28,554-INFO: loss: 1.080684  [  192/  215]
2023-01-13 13:11:34,001-INFO: loss: 1.097114  [  215/  215]
2023-01-13 13:12:23,306-INFO: Test Error: 
 Accuracy: 41.9%, Avg loss: 1.092074
2023-01-13 13:12:23,307-INFO: Start training the 58st epoch
2023-01-13 13:12:30,970-INFO: loss: 1.099041  [   32/  215]
2023-01-13 13:12:38,745-INFO: loss: 1.091800  [   64/  215]
2023-01-13 13:12:46,148-INFO: loss: 1.088835  [   96/  215]
2023-01-13 13:12:53,297-INFO: loss: 1.084159  [  128/  215]
2023-01-13 13:13:00,937-INFO: loss: 1.095871  [  160/  215]
2023-01-13 13:13:08,717-INFO: loss: 1.089524  [  192/  215]
2023-01-13 13:13:14,179-INFO: loss: 1.090984  [  215/  215]
2023-01-13 13:14:03,091-INFO: Test Error: 
 Accuracy: 33.5%, Avg loss: 1.081761
2023-01-13 13:14:03,091-INFO: Start training the 59st epoch
2023-01-13 13:14:10,898-INFO: loss: 1.080670  [   32/  215]
2023-01-13 13:14:18,525-INFO: loss: 1.077547  [   64/  215]
2023-01-13 13:14:26,052-INFO: loss: 1.068536  [   96/  215]
2023-01-13 13:14:33,314-INFO: loss: 1.083964  [  128/  215]
2023-01-13 13:14:41,307-INFO: loss: 1.088810  [  160/  215]
2023-01-13 13:14:49,290-INFO: loss: 1.036253  [  192/  215]
2023-01-13 13:14:54,940-INFO: loss: 1.058479  [  215/  215]
2023-01-13 13:15:43,269-INFO: Test Error: 
 Accuracy: 53.0%, Avg loss: 0.886090
2023-01-13 13:15:45,145-INFO: vit_l_32_59 has been saved 

