2023-01-10 03:11:49,817-INFO: Start training the 0st epoch
2023-01-10 03:12:01,399-INFO: loss: 1.250102  [   32/  215]
2023-01-10 03:12:09,810-INFO: loss: 1.946285  [   64/  215]
2023-01-10 03:12:17,968-INFO: loss: 0.402618  [   96/  215]
2023-01-10 03:12:25,948-INFO: loss: 1.742810  [  128/  215]
2023-01-10 03:12:33,520-INFO: loss: 0.129939  [  160/  215]
2023-01-10 03:12:42,194-INFO: loss: 0.591678  [  192/  215]
2023-01-10 03:12:49,510-INFO: loss: 0.447263  [  215/  215]
2023-01-10 03:13:53,829-INFO: Test Error: 
 Accuracy: 72.1%, Avg loss: 4.325284
2023-01-10 03:13:53,829-INFO: Start training the 1st epoch
2023-01-10 03:14:03,287-INFO: loss: 0.076995  [   32/  215]
2023-01-10 03:14:12,460-INFO: loss: 0.306559  [   64/  215]
2023-01-10 03:14:21,552-INFO: loss: 1.094048  [   96/  215]
2023-01-10 03:14:31,281-INFO: loss: 0.016790  [  128/  215]
2023-01-10 03:14:40,695-INFO: loss: 0.624886  [  160/  215]
2023-01-10 03:14:50,284-INFO: loss: 0.173185  [  192/  215]
2023-01-10 03:14:57,059-INFO: loss: 0.080408  [  215/  215]
2023-01-10 03:16:02,101-INFO: Test Error: 
 Accuracy: 35.3%, Avg loss: 172.189185
2023-01-10 03:16:02,101-INFO: Start training the 2st epoch
2023-01-10 03:16:11,524-INFO: loss: 0.341074  [   32/  215]
2023-01-10 03:16:21,240-INFO: loss: 0.008331  [   64/  215]
2023-01-10 03:16:30,632-INFO: loss: 0.016540  [   96/  215]
2023-01-10 03:16:40,123-INFO: loss: 0.097623  [  128/  215]
2023-01-10 03:16:50,385-INFO: loss: 0.000310  [  160/  215]
2023-01-10 03:17:00,224-INFO: loss: 0.005814  [  192/  215]
2023-01-10 03:17:07,884-INFO: loss: 0.088161  [  215/  215]
2023-01-10 03:18:11,055-INFO: Test Error: 
 Accuracy: 47.9%, Avg loss: 49.396382
2023-01-10 03:18:11,056-INFO: Start training the 3st epoch
2023-01-10 03:18:20,002-INFO: loss: 0.033631  [   32/  215]
2023-01-10 03:18:28,562-INFO: loss: 0.262753  [   64/  215]
2023-01-10 03:18:37,570-INFO: loss: 0.002083  [   96/  215]
2023-01-10 03:18:46,511-INFO: loss: 0.018221  [  128/  215]
2023-01-10 03:18:56,277-INFO: loss: 0.058599  [  160/  215]
2023-01-10 03:19:05,893-INFO: loss: 0.000265  [  192/  215]
2023-01-10 03:19:13,121-INFO: loss: 0.000208  [  215/  215]
2023-01-10 03:20:17,382-INFO: Test Error: 
 Accuracy: 44.7%, Avg loss: 15.670625
2023-01-10 03:20:17,386-INFO: Start training the 4st epoch
2023-01-10 03:20:26,709-INFO: loss: 0.002029  [   32/  215]
2023-01-10 03:20:36,203-INFO: loss: 0.024476  [   64/  215]
2023-01-10 03:20:47,695-INFO: loss: 0.118373  [   96/  215]
2023-01-10 03:20:57,840-INFO: loss: 0.002154  [  128/  215]
2023-01-10 03:21:09,765-INFO: loss: 0.003039  [  160/  215]
2023-01-10 03:21:20,736-INFO: loss: 0.001766  [  192/  215]
2023-01-10 03:21:27,531-INFO: loss: 0.012644  [  215/  215]
2023-01-10 03:22:36,184-INFO: Test Error: 
 Accuracy: 56.3%, Avg loss: 4.676524
2023-01-10 03:22:36,539-INFO: resnet50_4 has been saved 

2023-01-10 03:22:36,539-INFO: Start training the 5st epoch
2023-01-10 03:22:45,657-INFO: loss: 0.005999  [   32/  215]
2023-01-10 03:22:55,404-INFO: loss: 0.002538  [   64/  215]
2023-01-10 03:23:05,141-INFO: loss: 0.073450  [   96/  215]
2023-01-10 03:23:14,342-INFO: loss: 0.193081  [  128/  215]
2023-01-10 03:23:24,187-INFO: loss: 0.000254  [  160/  215]
2023-01-10 03:23:34,743-INFO: loss: 0.020764  [  192/  215]
2023-01-10 03:23:42,371-INFO: loss: 0.029381  [  215/  215]
2023-01-10 03:24:50,150-INFO: Test Error: 
 Accuracy: 88.4%, Avg loss: 0.876608
2023-01-10 03:24:50,150-INFO: Start training the 6st epoch
2023-01-10 03:25:00,000-INFO: loss: 0.011113  [   32/  215]
2023-01-10 03:25:10,377-INFO: loss: 0.018771  [   64/  215]
2023-01-10 03:25:20,330-INFO: loss: 0.292181  [   96/  215]
2023-01-10 03:25:30,661-INFO: loss: 0.020494  [  128/  215]
2023-01-10 03:25:40,382-INFO: loss: 0.000853  [  160/  215]
2023-01-10 03:25:50,924-INFO: loss: 0.071406  [  192/  215]
2023-01-10 03:25:58,222-INFO: loss: 0.001564  [  215/  215]
2023-01-10 03:27:06,874-INFO: Test Error: 
 Accuracy: 87.0%, Avg loss: 0.713657
2023-01-10 03:27:06,875-INFO: Start training the 7st epoch
2023-01-10 03:27:16,904-INFO: loss: 0.001361  [   32/  215]
2023-01-10 03:27:27,149-INFO: loss: 0.000680  [   64/  215]
2023-01-10 03:27:37,099-INFO: loss: 0.005055  [   96/  215]
2023-01-10 03:27:47,691-INFO: loss: 0.008858  [  128/  215]
2023-01-10 03:27:57,861-INFO: loss: 0.007639  [  160/  215]
2023-01-10 03:28:08,288-INFO: loss: 0.001199  [  192/  215]
2023-01-10 03:28:15,172-INFO: loss: 0.116207  [  215/  215]
2023-01-10 03:29:24,267-INFO: Test Error: 
 Accuracy: 99.5%, Avg loss: 0.029766
2023-01-10 03:29:24,268-INFO: Start training the 8st epoch
2023-01-10 03:29:34,299-INFO: loss: 0.000197  [   32/  215]
2023-01-10 03:29:45,382-INFO: loss: 0.022855  [   64/  215]
2023-01-10 03:29:55,586-INFO: loss: 0.000002  [   96/  215]
2023-01-10 03:30:05,820-INFO: loss: 0.003451  [  128/  215]
2023-01-10 03:30:15,723-INFO: loss: 0.000014  [  160/  215]
2023-01-10 03:30:26,529-INFO: loss: 0.000003  [  192/  215]
2023-01-10 03:30:33,866-INFO: loss: 0.087718  [  215/  215]
2023-01-10 03:31:40,412-INFO: Test Error: 
 Accuracy: 52.1%, Avg loss: 8.551221
2023-01-10 03:31:40,413-INFO: Start training the 9st epoch
2023-01-10 03:31:49,710-INFO: loss: 0.000610  [   32/  215]
2023-01-10 03:31:59,172-INFO: loss: 0.000304  [   64/  215]
2023-01-10 03:32:08,439-INFO: loss: 0.001031  [   96/  215]
2023-01-10 03:32:17,834-INFO: loss: 0.013265  [  128/  215]
2023-01-10 03:32:27,514-INFO: loss: 0.000426  [  160/  215]
2023-01-10 03:32:37,333-INFO: loss: 0.000353  [  192/  215]
2023-01-10 03:32:44,773-INFO: loss: 0.000502  [  215/  215]
2023-01-10 03:33:49,010-INFO: Test Error: 
 Accuracy: 59.1%, Avg loss: 5.377312
2023-01-10 03:33:49,357-INFO: resnet50_9 has been saved 

2023-01-10 03:33:49,357-INFO: Start training the 10st epoch
2023-01-10 03:33:59,377-INFO: loss: 0.001816  [   32/  215]
2023-01-10 03:34:08,975-INFO: loss: 0.001248  [   64/  215]
2023-01-10 03:34:18,343-INFO: loss: 0.120008  [   96/  215]
2023-01-10 03:34:28,136-INFO: loss: 0.001256  [  128/  215]
2023-01-10 03:34:38,943-INFO: loss: 0.000044  [  160/  215]
2023-01-10 03:34:50,113-INFO: loss: 0.186041  [  192/  215]
2023-01-10 03:34:57,514-INFO: loss: 0.000880  [  215/  215]
2023-01-10 03:36:06,147-INFO: Test Error: 
 Accuracy: 67.9%, Avg loss: 6.077614
2023-01-10 03:36:06,148-INFO: Start training the 11st epoch
2023-01-10 03:36:16,652-INFO: loss: 0.096534  [   32/  215]
2023-01-10 03:36:26,316-INFO: loss: 0.000130  [   64/  215]
2023-01-10 03:36:35,683-INFO: loss: 0.000850  [   96/  215]
2023-01-10 03:36:45,956-INFO: loss: 0.073256  [  128/  215]
2023-01-10 03:36:55,883-INFO: loss: 0.207032  [  160/  215]
2023-01-10 03:37:05,006-INFO: loss: 0.000221  [  192/  215]
2023-01-10 03:37:11,784-INFO: loss: 0.000075  [  215/  215]
2023-01-10 03:38:15,883-INFO: Test Error: 
 Accuracy: 68.4%, Avg loss: 7.068101
2023-01-10 03:38:15,884-INFO: Start training the 12st epoch
2023-01-10 03:38:25,482-INFO: loss: 0.001800  [   32/  215]
2023-01-10 03:38:34,975-INFO: loss: 0.099665  [   64/  215]
2023-01-10 03:38:44,215-INFO: loss: 0.008903  [   96/  215]
2023-01-10 03:38:55,035-INFO: loss: 0.030875  [  128/  215]
2023-01-10 03:39:05,825-INFO: loss: 0.000909  [  160/  215]
2023-01-10 03:39:15,578-INFO: loss: 0.157334  [  192/  215]
2023-01-10 03:39:23,146-INFO: loss: 0.012261  [  215/  215]
2023-01-10 03:40:28,047-INFO: Test Error: 
 Accuracy: 52.1%, Avg loss: 5.817064
2023-01-10 03:40:28,054-INFO: Start training the 13st epoch
2023-01-10 03:40:37,917-INFO: loss: 0.011518  [   32/  215]
2023-01-10 03:40:47,649-INFO: loss: 0.019409  [   64/  215]
2023-01-10 03:40:56,681-INFO: loss: 0.005101  [   96/  215]
2023-01-10 03:41:05,966-INFO: loss: 0.000545  [  128/  215]
2023-01-10 03:41:15,522-INFO: loss: 0.005369  [  160/  215]
2023-01-10 03:41:26,188-INFO: loss: 0.002577  [  192/  215]
2023-01-10 03:41:33,974-INFO: loss: 0.001461  [  215/  215]
2023-01-10 03:42:41,673-INFO: Test Error: 
 Accuracy: 94.0%, Avg loss: 0.583890
2023-01-10 03:42:41,673-INFO: Start training the 14st epoch
2023-01-10 03:42:51,062-INFO: loss: 0.002595  [   32/  215]
2023-01-10 03:43:00,707-INFO: loss: 0.002533  [   64/  215]
2023-01-10 03:43:10,437-INFO: loss: 0.000331  [   96/  215]
2023-01-10 03:43:20,287-INFO: loss: 0.000570  [  128/  215]
2023-01-10 03:43:29,965-INFO: loss: 0.000603  [  160/  215]
2023-01-10 03:43:40,051-INFO: loss: 0.650856  [  192/  215]
2023-01-10 03:43:47,631-INFO: loss: 0.001924  [  215/  215]
2023-01-10 03:44:56,848-INFO: Test Error: 
 Accuracy: 78.6%, Avg loss: 47.221705
2023-01-10 03:44:57,213-INFO: resnet50_14 has been saved 

2023-01-10 03:44:57,213-INFO: Start training the 15st epoch
2023-01-10 03:45:07,922-INFO: loss: 0.002091  [   32/  215]
2023-01-10 03:45:18,402-INFO: loss: 0.201434  [   64/  215]
2023-01-10 03:45:28,747-INFO: loss: 0.018112  [   96/  215]
2023-01-10 03:45:38,616-INFO: loss: 0.083842  [  128/  215]
2023-01-10 03:45:49,162-INFO: loss: 0.094101  [  160/  215]
2023-01-10 03:45:59,179-INFO: loss: 0.215218  [  192/  215]
2023-01-10 03:46:06,122-INFO: loss: 0.016313  [  215/  215]
2023-01-10 03:47:10,767-INFO: Test Error: 
 Accuracy: 33.5%, Avg loss: 48332.234375
2023-01-10 03:47:10,767-INFO: Start training the 16st epoch
2023-01-10 03:47:20,722-INFO: loss: 0.013293  [   32/  215]
2023-01-10 03:47:30,699-INFO: loss: 0.373917  [   64/  215]
2023-01-10 03:47:40,585-INFO: loss: 0.379996  [   96/  215]
2023-01-10 03:47:50,945-INFO: loss: 0.152006  [  128/  215]
2023-01-10 03:48:00,734-INFO: loss: 0.242288  [  160/  215]
2023-01-10 03:48:10,104-INFO: loss: 0.359346  [  192/  215]
2023-01-10 03:48:16,847-INFO: loss: 0.135390  [  215/  215]
2023-01-10 03:49:24,323-INFO: Test Error: 
 Accuracy: 33.5%, Avg loss: 106203.136998
2023-01-10 03:49:24,324-INFO: Start training the 17st epoch
2023-01-10 03:49:33,991-INFO: loss: 0.321791  [   32/  215]
2023-01-10 03:49:43,773-INFO: loss: 0.077160  [   64/  215]
2023-01-10 03:49:53,686-INFO: loss: 0.251274  [   96/  215]
2023-01-10 03:50:03,514-INFO: loss: 0.011360  [  128/  215]
2023-01-10 03:50:13,306-INFO: loss: 0.074836  [  160/  215]
2023-01-10 03:50:22,840-INFO: loss: 0.027387  [  192/  215]
2023-01-10 03:50:29,620-INFO: loss: 0.227769  [  215/  215]
2023-01-10 03:51:34,075-INFO: Test Error: 
 Accuracy: 33.5%, Avg loss: 7762.249843
2023-01-10 03:51:34,075-INFO: Start training the 18st epoch
2023-01-10 03:51:43,363-INFO: loss: 0.012844  [   32/  215]
2023-01-10 03:51:52,952-INFO: loss: 0.003578  [   64/  215]
2023-01-10 03:52:02,590-INFO: loss: 0.008983  [   96/  215]
2023-01-10 03:52:12,064-INFO: loss: 0.300290  [  128/  215]
2023-01-10 03:52:21,603-INFO: loss: 0.217521  [  160/  215]
2023-01-10 03:52:31,618-INFO: loss: 0.118200  [  192/  215]
2023-01-10 03:52:38,732-INFO: loss: 0.003909  [  215/  215]
2023-01-10 03:53:43,274-INFO: Test Error: 
 Accuracy: 52.1%, Avg loss: 237.005023
2023-01-10 03:53:43,275-INFO: Start training the 19st epoch
2023-01-10 03:53:53,198-INFO: loss: 0.013641  [   32/  215]
2023-01-10 03:54:03,334-INFO: loss: 0.006100  [   64/  215]
2023-01-10 03:54:13,130-INFO: loss: 0.015017  [   96/  215]
2023-01-10 03:54:22,256-INFO: loss: 0.187225  [  128/  215]
2023-01-10 03:54:32,083-INFO: loss: 0.046125  [  160/  215]
2023-01-10 03:54:42,711-INFO: loss: 0.116776  [  192/  215]
2023-01-10 03:54:50,352-INFO: loss: 0.003704  [  215/  215]
2023-01-10 03:55:54,236-INFO: Test Error: 
 Accuracy: 83.3%, Avg loss: 7.365120
2023-01-10 03:55:54,543-INFO: resnet50_19 has been saved 

2023-01-10 03:55:54,544-INFO: Start training the 20st epoch
2023-01-10 03:56:04,363-INFO: loss: 0.001469  [   32/  215]
2023-01-10 03:56:13,558-INFO: loss: 0.024021  [   64/  215]
2023-01-10 03:56:22,810-INFO: loss: 0.273799  [   96/  215]
2023-01-10 03:56:32,015-INFO: loss: 0.000347  [  128/  215]
2023-01-10 03:56:42,736-INFO: loss: 0.149074  [  160/  215]
2023-01-10 03:56:52,603-INFO: loss: 0.000513  [  192/  215]
2023-01-10 03:57:00,136-INFO: loss: 0.142675  [  215/  215]
2023-01-10 03:58:03,349-INFO: Test Error: 
 Accuracy: 85.6%, Avg loss: 0.972414
2023-01-10 03:58:03,350-INFO: Start training the 21st epoch
2023-01-10 03:58:12,306-INFO: loss: 0.122743  [   32/  215]
2023-01-10 03:58:22,501-INFO: loss: 0.130903  [   64/  215]
2023-01-10 03:58:32,277-INFO: loss: 0.000483  [   96/  215]
2023-01-10 03:58:41,960-INFO: loss: 0.073219  [  128/  215]
2023-01-10 03:58:51,769-INFO: loss: 0.051432  [  160/  215]
2023-01-10 03:59:01,365-INFO: loss: 0.008865  [  192/  215]
2023-01-10 03:59:08,234-INFO: loss: 0.163650  [  215/  215]
2023-01-10 04:00:14,392-INFO: Test Error: 
 Accuracy: 86.5%, Avg loss: 2.826518
2023-01-10 04:00:14,392-INFO: Start training the 22st epoch
2023-01-10 04:00:25,205-INFO: loss: 0.003299  [   32/  215]
2023-01-10 04:00:35,751-INFO: loss: 0.047566  [   64/  215]
2023-01-10 04:00:45,549-INFO: loss: 0.058566  [   96/  215]
2023-01-10 04:00:55,713-INFO: loss: 0.276396  [  128/  215]
2023-01-10 04:01:05,407-INFO: loss: 0.027206  [  160/  215]
2023-01-10 04:01:15,022-INFO: loss: 0.035651  [  192/  215]
2023-01-10 04:01:22,434-INFO: loss: 0.012246  [  215/  215]
2023-01-10 04:02:28,938-INFO: Test Error: 
 Accuracy: 93.0%, Avg loss: 0.262313
2023-01-10 04:02:28,939-INFO: Start training the 23st epoch
2023-01-10 04:02:39,276-INFO: loss: 0.054527  [   32/  215]
2023-01-10 04:02:49,340-INFO: loss: 0.110689  [   64/  215]
2023-01-10 04:02:59,611-INFO: loss: 0.056266  [   96/  215]
2023-01-10 04:03:08,678-INFO: loss: 0.033717  [  128/  215]
2023-01-10 04:03:18,493-INFO: loss: 0.003878  [  160/  215]
2023-01-10 04:03:29,316-INFO: loss: 0.000979  [  192/  215]
2023-01-10 04:03:36,604-INFO: loss: 0.039056  [  215/  215]
2023-01-10 04:04:45,573-INFO: Test Error: 
 Accuracy: 96.7%, Avg loss: 0.063224
2023-01-10 04:04:45,577-INFO: Start training the 24st epoch
2023-01-10 04:04:56,067-INFO: loss: 0.008309  [   32/  215]
2023-01-10 04:05:06,645-INFO: loss: 0.013741  [   64/  215]
2023-01-10 04:05:17,704-INFO: loss: 0.021418  [   96/  215]
2023-01-10 04:05:27,226-INFO: loss: 0.016487  [  128/  215]
2023-01-10 04:05:36,883-INFO: loss: 0.006205  [  160/  215]
2023-01-10 04:05:47,048-INFO: loss: 0.039553  [  192/  215]
2023-01-10 04:05:54,003-INFO: loss: 0.018314  [  215/  215]
2023-01-10 04:07:01,488-INFO: Test Error: 
 Accuracy: 99.5%, Avg loss: 0.014875
2023-01-10 04:07:01,868-INFO: resnet50_24 has been saved 

2023-01-10 04:07:01,869-INFO: Start training the 25st epoch
2023-01-10 04:07:12,030-INFO: loss: 0.022630  [   32/  215]
2023-01-10 04:07:22,165-INFO: loss: 0.001957  [   64/  215]
2023-01-10 04:07:32,552-INFO: loss: 0.001653  [   96/  215]
2023-01-10 04:07:42,802-INFO: loss: 0.055229  [  128/  215]
2023-01-10 04:07:53,067-INFO: loss: 0.004654  [  160/  215]
2023-01-10 04:08:03,208-INFO: loss: 0.000505  [  192/  215]
2023-01-10 04:08:10,402-INFO: loss: 0.017214  [  215/  215]
2023-01-10 04:09:18,987-INFO: Test Error: 
 Accuracy: 100.0%, Avg loss: 0.018252
2023-01-10 04:09:18,988-INFO: Start training the 26st epoch
2023-01-10 04:09:28,973-INFO: loss: 0.000219  [   32/  215]
2023-01-10 04:09:38,527-INFO: loss: 0.048391  [   64/  215]
2023-01-10 04:09:48,549-INFO: loss: 0.003132  [   96/  215]
2023-01-10 04:09:58,468-INFO: loss: 0.012109  [  128/  215]
2023-01-10 04:10:08,546-INFO: loss: 0.017142  [  160/  215]
2023-01-10 04:10:18,314-INFO: loss: 0.000029  [  192/  215]
2023-01-10 04:10:25,482-INFO: loss: 0.011009  [  215/  215]
2023-01-10 04:11:31,918-INFO: Test Error: 
 Accuracy: 100.0%, Avg loss: 0.015079
2023-01-10 04:11:31,922-INFO: Start training the 27st epoch
2023-01-10 04:11:41,270-INFO: loss: 0.001132  [   32/  215]
2023-01-10 04:11:51,040-INFO: loss: 0.007533  [   64/  215]
2023-01-10 04:12:01,636-INFO: loss: 0.008792  [   96/  215]
2023-01-10 04:12:12,399-INFO: loss: 0.002158  [  128/  215]
2023-01-10 04:12:23,269-INFO: loss: 0.071342  [  160/  215]
2023-01-10 04:12:32,736-INFO: loss: 0.002628  [  192/  215]
2023-01-10 04:12:40,262-INFO: loss: 0.001792  [  215/  215]
2023-01-10 04:13:49,074-INFO: Test Error: 
 Accuracy: 99.5%, Avg loss: 0.020586
2023-01-10 04:13:49,077-INFO: Start training the 28st epoch
2023-01-10 04:13:59,188-INFO: loss: 0.002438  [   32/  215]
2023-01-10 04:14:09,195-INFO: loss: 0.021561  [   64/  215]
2023-01-10 04:14:19,225-INFO: loss: 0.160935  [   96/  215]
2023-01-10 04:14:29,408-INFO: loss: 0.002515  [  128/  215]
2023-01-10 04:14:39,436-INFO: loss: 0.000065  [  160/  215]
2023-01-10 04:14:49,076-INFO: loss: 0.000016  [  192/  215]
2023-01-10 04:14:56,359-INFO: loss: 0.001965  [  215/  215]
2023-01-10 04:16:02,970-INFO: Test Error: 
 Accuracy: 95.8%, Avg loss: 0.073632
2023-01-10 04:16:02,970-INFO: Start training the 29st epoch
2023-01-10 04:16:12,595-INFO: loss: 0.001862  [   32/  215]
2023-01-10 04:16:22,370-INFO: loss: 0.237572  [   64/  215]
2023-01-10 04:16:32,001-INFO: loss: 0.005489  [   96/  215]
2023-01-10 04:16:42,296-INFO: loss: 0.000072  [  128/  215]
2023-01-10 04:16:52,915-INFO: loss: 0.000046  [  160/  215]
2023-01-10 04:17:02,269-INFO: loss: 0.005432  [  192/  215]
2023-01-10 04:17:09,967-INFO: loss: 0.056129  [  215/  215]
2023-01-10 04:18:19,088-INFO: Test Error: 
 Accuracy: 70.2%, Avg loss: 1.286557
2023-01-10 04:18:19,405-INFO: resnet50_29 has been saved 

2023-01-10 04:18:27,194-INFO: Start training the 0st epoch
2023-01-10 04:18:37,711-INFO: loss: 1.125838  [   32/  215]
2023-01-10 04:18:47,930-INFO: loss: 1.766672  [   64/  215]
2023-01-10 04:18:58,515-INFO: loss: 4.447523  [   96/  215]
2023-01-10 04:19:08,795-INFO: loss: 0.828246  [  128/  215]
2023-01-10 04:19:18,126-INFO: loss: 0.814559  [  160/  215]
2023-01-10 04:19:27,861-INFO: loss: 0.735169  [  192/  215]
2023-01-10 04:19:35,242-INFO: loss: 0.113418  [  215/  215]
2023-01-10 04:20:38,367-INFO: Test Error: 
 Accuracy: 5.6%, Avg loss: 1705.543891
2023-01-10 04:20:38,368-INFO: Start training the 1st epoch
2023-01-10 04:20:46,460-INFO: loss: 0.213998  [   32/  215]
2023-01-10 04:20:54,851-INFO: loss: 0.100572  [   64/  215]
2023-01-10 04:21:03,610-INFO: loss: 0.200755  [   96/  215]
2023-01-10 04:21:13,334-INFO: loss: 0.063722  [  128/  215]
2023-01-10 04:21:23,127-INFO: loss: 0.026310  [  160/  215]
2023-01-10 04:21:32,823-INFO: loss: 0.026673  [  192/  215]
2023-01-10 04:21:40,053-INFO: loss: 0.020864  [  215/  215]
2023-01-10 04:22:47,870-INFO: Test Error: 
 Accuracy: 36.7%, Avg loss: 332.431540
2023-01-10 04:22:47,871-INFO: Start training the 2st epoch
2023-01-10 04:22:58,611-INFO: loss: 0.026246  [   32/  215]
2023-01-10 04:23:09,016-INFO: loss: 0.010877  [   64/  215]
2023-01-10 04:23:19,748-INFO: loss: 0.322142  [   96/  215]
2023-01-10 04:23:30,293-INFO: loss: 0.212685  [  128/  215]
2023-01-10 04:23:40,637-INFO: loss: 0.000174  [  160/  215]
2023-01-10 04:23:50,754-INFO: loss: 0.000631  [  192/  215]
2023-01-10 04:23:58,174-INFO: loss: 0.009969  [  215/  215]
2023-01-10 04:25:07,708-INFO: Test Error: 
 Accuracy: 41.9%, Avg loss: 34.069291
2023-01-10 04:25:07,708-INFO: Start training the 3st epoch
2023-01-10 04:25:18,516-INFO: loss: 0.063894  [   32/  215]
2023-01-10 04:25:29,131-INFO: loss: 0.099187  [   64/  215]
2023-01-10 04:25:39,127-INFO: loss: 0.003852  [   96/  215]
2023-01-10 04:25:48,780-INFO: loss: 0.000913  [  128/  215]
2023-01-10 04:25:59,338-INFO: loss: 0.368884  [  160/  215]
2023-01-10 04:26:09,724-INFO: loss: 0.001730  [  192/  215]
2023-01-10 04:26:17,145-INFO: loss: 0.052156  [  215/  215]
2023-01-10 04:27:27,032-INFO: Test Error: 
 Accuracy: 88.4%, Avg loss: 0.987466
2023-01-10 04:27:27,032-INFO: Start training the 4st epoch
2023-01-10 04:27:38,469-INFO: loss: 0.006844  [   32/  215]
2023-01-10 04:27:50,447-INFO: loss: 0.009503  [   64/  215]
2023-01-10 04:28:02,087-INFO: loss: 0.057245  [   96/  215]
2023-01-10 04:28:13,101-INFO: loss: 0.015146  [  128/  215]
2023-01-10 04:28:23,714-INFO: loss: 0.010651  [  160/  215]
2023-01-10 04:28:34,483-INFO: loss: 0.022254  [  192/  215]
2023-01-10 04:28:42,051-INFO: loss: 0.029246  [  215/  215]
2023-01-10 04:29:53,221-INFO: Test Error: 
 Accuracy: 67.4%, Avg loss: 9.288740
2023-01-10 04:29:53,576-INFO: resnet34_4 has been saved 

2023-01-10 04:29:53,577-INFO: Start training the 5st epoch
2023-01-10 04:30:05,914-INFO: loss: 0.096714  [   32/  215]
2023-01-10 04:30:17,633-INFO: loss: 0.002427  [   64/  215]
2023-01-10 04:30:28,041-INFO: loss: 0.004790  [   96/  215]
2023-01-10 04:30:38,285-INFO: loss: 0.000626  [  128/  215]
2023-01-10 04:30:49,101-INFO: loss: 0.158221  [  160/  215]
2023-01-10 04:30:59,483-INFO: loss: 0.008988  [  192/  215]
2023-01-10 04:31:06,630-INFO: loss: 0.000456  [  215/  215]
2023-01-10 04:32:20,115-INFO: Test Error: 
 Accuracy: 65.6%, Avg loss: 3.735998
2023-01-10 04:32:20,116-INFO: Start training the 6st epoch
2023-01-10 04:32:31,240-INFO: loss: 0.002548  [   32/  215]
2023-01-10 04:32:41,970-INFO: loss: 0.000808  [   64/  215]
2023-01-10 04:32:52,579-INFO: loss: 0.007371  [   96/  215]
2023-01-10 04:33:02,829-INFO: loss: 0.160978  [  128/  215]
2023-01-10 04:33:13,819-INFO: loss: 0.020452  [  160/  215]
2023-01-10 04:33:24,190-INFO: loss: 0.000302  [  192/  215]
2023-01-10 04:33:31,869-INFO: loss: 0.009487  [  215/  215]
2023-01-10 04:34:43,970-INFO: Test Error: 
 Accuracy: 92.6%, Avg loss: 0.223747
2023-01-10 04:34:43,971-INFO: Start training the 7st epoch
2023-01-10 04:34:54,602-INFO: loss: 0.000707  [   32/  215]
2023-01-10 04:35:05,303-INFO: loss: 0.000493  [   64/  215]
2023-01-10 04:35:15,272-INFO: loss: 0.031506  [   96/  215]
2023-01-10 04:35:24,971-INFO: loss: 2.418141  [  128/  215]
2023-01-10 04:35:35,134-INFO: loss: 0.054159  [  160/  215]
2023-01-10 04:35:45,343-INFO: loss: 0.005149  [  192/  215]
2023-01-10 04:35:52,861-INFO: loss: 0.006117  [  215/  215]
2023-01-10 04:37:03,528-INFO: Test Error: 
 Accuracy: 33.5%, Avg loss: 135.271875
2023-01-10 04:37:03,531-INFO: Start training the 8st epoch
2023-01-10 04:37:13,828-INFO: loss: 0.251990  [   32/  215]
2023-01-10 04:37:24,336-INFO: loss: 0.537968  [   64/  215]
2023-01-10 04:37:35,378-INFO: loss: 0.014170  [   96/  215]
2023-01-10 04:37:45,400-INFO: loss: 0.056818  [  128/  215]
2023-01-10 04:37:55,975-INFO: loss: 0.014434  [  160/  215]
2023-01-10 04:38:05,648-INFO: loss: 0.669952  [  192/  215]
2023-01-10 04:38:13,143-INFO: loss: 0.054442  [  215/  215]
2023-01-10 04:39:21,708-INFO: Test Error: 
 Accuracy: 34.0%, Avg loss: 108.240770
2023-01-10 04:39:21,715-INFO: Start training the 9st epoch
2023-01-10 04:39:31,877-INFO: loss: 0.121903  [   32/  215]
2023-01-10 04:39:42,296-INFO: loss: 0.205769  [   64/  215]
2023-01-10 04:39:53,516-INFO: loss: 0.386933  [   96/  215]
2023-01-10 04:40:03,612-INFO: loss: 0.067238  [  128/  215]
2023-01-10 04:40:14,128-INFO: loss: 0.029887  [  160/  215]
2023-01-10 04:40:24,933-INFO: loss: 0.030371  [  192/  215]
2023-01-10 04:40:32,443-INFO: loss: 0.053954  [  215/  215]
2023-01-10 04:41:41,567-INFO: Test Error: 
 Accuracy: 73.0%, Avg loss: 2.653683
2023-01-10 04:41:41,885-INFO: resnet34_9 has been saved 

2023-01-10 04:41:41,886-INFO: Start training the 10st epoch
2023-01-10 04:41:52,856-INFO: loss: 0.000928  [   32/  215]
2023-01-10 04:42:03,464-INFO: loss: 0.007206  [   64/  215]
2023-01-10 04:42:14,447-INFO: loss: 0.314781  [   96/  215]
2023-01-10 04:42:24,768-INFO: loss: 0.013020  [  128/  215]
2023-01-10 04:42:35,149-INFO: loss: 0.004791  [  160/  215]
2023-01-10 04:42:45,101-INFO: loss: 0.154268  [  192/  215]
2023-01-10 04:42:52,615-INFO: loss: 0.242538  [  215/  215]
2023-01-10 04:44:00,770-INFO: Test Error: 
 Accuracy: 91.2%, Avg loss: 0.386589
2023-01-10 04:44:00,771-INFO: Start training the 11st epoch
2023-01-10 04:44:10,721-INFO: loss: 0.038555  [   32/  215]
2023-01-10 04:44:20,788-INFO: loss: 0.002279  [   64/  215]
2023-01-10 04:44:31,612-INFO: loss: 0.155317  [   96/  215]
2023-01-10 04:44:41,479-INFO: loss: 0.057600  [  128/  215]
2023-01-10 04:44:52,028-INFO: loss: 0.228729  [  160/  215]
2023-01-10 04:45:01,933-INFO: loss: 0.020923  [  192/  215]
2023-01-10 04:45:09,201-INFO: loss: 0.006410  [  215/  215]
2023-01-10 04:46:20,942-INFO: Test Error: 
 Accuracy: 98.6%, Avg loss: 0.074853
2023-01-10 04:46:20,946-INFO: Start training the 12st epoch
2023-01-10 04:46:31,792-INFO: loss: 0.000691  [   32/  215]
2023-01-10 04:46:43,015-INFO: loss: 0.004532  [   64/  215]
2023-01-10 04:46:53,572-INFO: loss: 0.015492  [   96/  215]
2023-01-10 04:47:04,015-INFO: loss: 0.021549  [  128/  215]
2023-01-10 04:47:13,878-INFO: loss: 0.085662  [  160/  215]
2023-01-10 04:47:24,410-INFO: loss: 0.000503  [  192/  215]
2023-01-10 04:47:31,565-INFO: loss: 0.025160  [  215/  215]
2023-01-10 04:48:40,814-INFO: Test Error: 
 Accuracy: 85.6%, Avg loss: 0.515789
2023-01-10 04:48:40,814-INFO: Start training the 13st epoch
2023-01-10 04:48:51,131-INFO: loss: 0.002182  [   32/  215]
2023-01-10 04:49:01,314-INFO: loss: 0.275331  [   64/  215]
2023-01-10 04:49:12,510-INFO: loss: 0.000754  [   96/  215]
2023-01-10 04:49:23,769-INFO: loss: 0.000029  [  128/  215]
2023-01-10 04:49:35,036-INFO: loss: 0.192526  [  160/  215]
2023-01-10 04:49:46,453-INFO: loss: 0.163030  [  192/  215]
2023-01-10 04:49:53,907-INFO: loss: 0.000159  [  215/  215]
2023-01-10 04:51:07,012-INFO: Test Error: 
 Accuracy: 96.3%, Avg loss: 0.099320
2023-01-10 04:51:07,013-INFO: Start training the 14st epoch
2023-01-10 04:51:17,892-INFO: loss: 0.000052  [   32/  215]
2023-01-10 04:51:28,091-INFO: loss: 0.001180  [   64/  215]
2023-01-10 04:51:38,417-INFO: loss: 0.141645  [   96/  215]
2023-01-10 04:51:49,285-INFO: loss: 0.315699  [  128/  215]
2023-01-10 04:51:59,670-INFO: loss: 0.054950  [  160/  215]
2023-01-10 04:52:10,500-INFO: loss: 0.058850  [  192/  215]
2023-01-10 04:52:18,475-INFO: loss: 0.000140  [  215/  215]
2023-01-10 04:53:28,996-INFO: Test Error: 
 Accuracy: 87.4%, Avg loss: 3.462807
2023-01-10 04:53:29,382-INFO: resnet34_14 has been saved 

2023-01-10 04:53:29,386-INFO: Start training the 15st epoch
2023-01-10 04:53:39,689-INFO: loss: 0.119893  [   32/  215]
2023-01-10 04:53:50,645-INFO: loss: 0.012240  [   64/  215]
2023-01-10 04:54:00,840-INFO: loss: 0.314891  [   96/  215]
2023-01-10 04:54:12,008-INFO: loss: 0.003131  [  128/  215]
2023-01-10 04:54:22,950-INFO: loss: 0.168959  [  160/  215]
2023-01-10 04:54:33,277-INFO: loss: 0.145929  [  192/  215]
2023-01-10 04:54:40,575-INFO: loss: 0.026039  [  215/  215]
2023-01-10 04:55:50,943-INFO: Test Error: 
 Accuracy: 96.3%, Avg loss: 0.399732
2023-01-10 04:55:50,943-INFO: Start training the 16st epoch
2023-01-10 04:56:01,001-INFO: loss: 0.051847  [   32/  215]
2023-01-10 04:56:10,566-INFO: loss: 0.069457  [   64/  215]
2023-01-10 04:56:20,993-INFO: loss: 0.052188  [   96/  215]
2023-01-10 04:56:31,578-INFO: loss: 0.064571  [  128/  215]
2023-01-10 04:56:41,409-INFO: loss: 0.009258  [  160/  215]
2023-01-10 04:56:51,646-INFO: loss: 0.132373  [  192/  215]
2023-01-10 04:56:59,340-INFO: loss: 0.213518  [  215/  215]
2023-01-10 04:58:06,123-INFO: Test Error: 
 Accuracy: 93.5%, Avg loss: 15.365781
2023-01-10 04:58:06,123-INFO: Start training the 17st epoch
2023-01-10 04:58:15,553-INFO: loss: 0.008355  [   32/  215]
2023-01-10 04:58:25,878-INFO: loss: 0.044816  [   64/  215]
2023-01-10 04:58:36,052-INFO: loss: 0.015073  [   96/  215]
2023-01-10 04:58:46,312-INFO: loss: 0.008427  [  128/  215]
2023-01-10 04:58:56,551-INFO: loss: 0.591745  [  160/  215]
2023-01-10 04:59:06,779-INFO: loss: 0.070328  [  192/  215]
2023-01-10 04:59:14,097-INFO: loss: 0.007418  [  215/  215]
2023-01-10 05:00:22,551-INFO: Test Error: 
 Accuracy: 86.5%, Avg loss: 39.292775
2023-01-10 05:00:22,552-INFO: Start training the 18st epoch
2023-01-10 05:00:32,669-INFO: loss: 0.001255  [   32/  215]
2023-01-10 05:00:42,543-INFO: loss: 0.013470  [   64/  215]
2023-01-10 05:00:52,940-INFO: loss: 0.012038  [   96/  215]
2023-01-10 05:01:04,068-INFO: loss: 0.094704  [  128/  215]
2023-01-10 05:01:14,244-INFO: loss: 0.009856  [  160/  215]
2023-01-10 05:01:24,479-INFO: loss: 0.044819  [  192/  215]
2023-01-10 05:01:31,532-INFO: loss: 0.024259  [  215/  215]
2023-01-10 05:02:37,412-INFO: Test Error: 
 Accuracy: 97.2%, Avg loss: 0.070495
2023-01-10 05:02:37,413-INFO: Start training the 19st epoch
2023-01-10 05:02:47,289-INFO: loss: 0.001326  [   32/  215]
2023-01-10 05:02:57,296-INFO: loss: 0.002214  [   64/  215]
2023-01-10 05:03:08,077-INFO: loss: 0.018397  [   96/  215]
2023-01-10 05:03:18,702-INFO: loss: 0.004761  [  128/  215]
2023-01-10 05:03:29,889-INFO: loss: 0.022061  [  160/  215]
