2023-01-10 23:09:59,380-INFO: Start training the 0st epoch
2023-01-10 23:10:14,138-INFO: loss: 1.021319  [   32/  215]
2023-01-10 23:10:25,514-INFO: loss: 1.387762  [   64/  215]
2023-01-10 23:10:36,299-INFO: loss: 8.273300  [   96/  215]
2023-01-10 23:10:46,881-INFO: loss: 4.478242  [  128/  215]
2023-01-10 23:10:56,881-INFO: loss: 1.387105  [  160/  215]
2023-01-10 23:11:06,906-INFO: loss: 1.258457  [  192/  215]
2023-01-10 23:11:14,011-INFO: loss: 1.607738  [  215/  215]
2023-01-10 23:12:19,619-INFO: Test Error: 
 Accuracy: 33.5%, Avg loss: 1.287841
2023-01-10 23:12:19,619-INFO: Start training the 1st epoch
2023-01-10 23:12:29,056-INFO: loss: 1.309023  [   32/  215]
2023-01-10 23:12:38,638-INFO: loss: 1.261880  [   64/  215]
2023-01-10 23:12:47,835-INFO: loss: 1.402189  [   96/  215]
2023-01-10 23:12:57,210-INFO: loss: 1.225972  [  128/  215]
2023-01-10 23:13:07,602-INFO: loss: 1.568402  [  160/  215]
2023-01-10 23:13:16,780-INFO: loss: 1.304361  [  192/  215]
2023-01-10 23:13:24,375-INFO: loss: 1.393731  [  215/  215]
2023-01-10 23:14:27,700-INFO: Test Error: 
 Accuracy: 33.5%, Avg loss: 1.379236
2023-01-10 23:14:27,700-INFO: Start training the 2st epoch
2023-01-10 23:14:37,088-INFO: loss: 1.321064  [   32/  215]
2023-01-10 23:14:46,360-INFO: loss: 1.233525  [   64/  215]
2023-01-10 23:14:55,825-INFO: loss: 1.233462  [   96/  215]
2023-01-10 23:15:05,229-INFO: loss: 1.269946  [  128/  215]
2023-01-10 23:15:14,410-INFO: loss: 1.229827  [  160/  215]
2023-01-10 23:15:24,021-INFO: loss: 1.268071  [  192/  215]
2023-01-10 23:15:30,759-INFO: loss: 1.396982  [  215/  215]
2023-01-10 23:16:35,452-INFO: Test Error: 
 Accuracy: 33.5%, Avg loss: 1.187994
2023-01-10 23:16:35,452-INFO: Start training the 3st epoch
2023-01-10 23:16:44,561-INFO: loss: 0.932038  [   32/  215]
2023-01-10 23:16:54,600-INFO: loss: 1.185537  [   64/  215]
2023-01-10 23:17:04,007-INFO: loss: 1.289237  [   96/  215]
2023-01-10 23:17:13,576-INFO: loss: 1.044294  [  128/  215]
2023-01-10 23:17:23,571-INFO: loss: 1.079441  [  160/  215]
2023-01-10 23:17:33,769-INFO: loss: 1.048815  [  192/  215]
2023-01-10 23:17:40,495-INFO: loss: 1.090256  [  215/  215]
2023-01-10 23:18:44,123-INFO: Test Error: 
 Accuracy: 33.0%, Avg loss: 1.254816
2023-01-10 23:18:44,124-INFO: Start training the 4st epoch
2023-01-10 23:18:54,282-INFO: loss: 1.226443  [   32/  215]
2023-01-10 23:19:03,904-INFO: loss: 1.205109  [   64/  215]
2023-01-10 23:19:13,292-INFO: loss: 1.201844  [   96/  215]
2023-01-10 23:19:22,672-INFO: loss: 1.141641  [  128/  215]
2023-01-10 23:19:32,237-INFO: loss: 1.096691  [  160/  215]
2023-01-10 23:19:41,948-INFO: loss: 1.079061  [  192/  215]
2023-01-10 23:19:49,102-INFO: loss: 1.097726  [  215/  215]
2023-01-10 23:20:52,433-INFO: Test Error: 
 Accuracy: 33.5%, Avg loss: 1.117689
2023-01-10 23:20:53,335-INFO: vit_b_32_4 has been saved 

2023-01-10 23:20:53,338-INFO: Start training the 5st epoch
2023-01-10 23:21:03,517-INFO: loss: 1.099434  [   32/  215]
2023-01-10 23:21:13,183-INFO: loss: 1.104254  [   64/  215]
2023-01-10 23:21:23,448-INFO: loss: 1.202115  [   96/  215]
2023-01-10 23:21:33,986-INFO: loss: 1.175765  [  128/  215]
2023-01-10 23:21:44,962-INFO: loss: 1.102123  [  160/  215]
2023-01-10 23:21:55,095-INFO: loss: 1.086141  [  192/  215]
2023-01-10 23:22:02,422-INFO: loss: 1.101399  [  215/  215]
2023-01-10 23:23:07,256-INFO: Test Error: 
 Accuracy: 33.0%, Avg loss: 1.101347
2023-01-10 23:23:07,256-INFO: Start training the 6st epoch
2023-01-10 23:23:17,180-INFO: loss: 1.125794  [   32/  215]
2023-01-10 23:23:26,838-INFO: loss: 1.106980  [   64/  215]
2023-01-10 23:23:36,656-INFO: loss: 1.074394  [   96/  215]
2023-01-10 23:23:46,037-INFO: loss: 1.112973  [  128/  215]
2023-01-10 23:23:55,778-INFO: loss: 1.123734  [  160/  215]
2023-01-10 23:24:05,594-INFO: loss: 1.083666  [  192/  215]
2023-01-10 23:24:12,172-INFO: loss: 1.091689  [  215/  215]
2023-01-10 23:25:15,721-INFO: Test Error: 
 Accuracy: 33.5%, Avg loss: 1.102142
2023-01-10 23:25:15,721-INFO: Start training the 7st epoch
2023-01-10 23:25:25,448-INFO: loss: 1.079530  [   32/  215]
2023-01-10 23:25:35,697-INFO: loss: 1.104434  [   64/  215]
2023-01-10 23:25:45,180-INFO: loss: 1.115596  [   96/  215]
2023-01-10 23:25:54,664-INFO: loss: 1.096689  [  128/  215]
2023-01-10 23:26:04,169-INFO: loss: 1.079634  [  160/  215]
2023-01-10 23:26:13,806-INFO: loss: 1.092323  [  192/  215]
2023-01-10 23:26:20,804-INFO: loss: 1.088434  [  215/  215]
2023-01-10 23:27:24,656-INFO: Test Error: 
 Accuracy: 33.5%, Avg loss: 1.086145
2023-01-10 23:27:24,657-INFO: Start training the 8st epoch
2023-01-10 23:27:34,351-INFO: loss: 1.087728  [   32/  215]
2023-01-10 23:27:44,742-INFO: loss: 1.099316  [   64/  215]
2023-01-10 23:27:54,421-INFO: loss: 1.089921  [   96/  215]
2023-01-10 23:28:03,613-INFO: loss: 1.067728  [  128/  215]
2023-01-10 23:28:13,196-INFO: loss: 1.081398  [  160/  215]
2023-01-10 23:28:23,672-INFO: loss: 1.098793  [  192/  215]
2023-01-10 23:28:30,700-INFO: loss: 1.098899  [  215/  215]
2023-01-10 23:29:34,914-INFO: Test Error: 
 Accuracy: 56.3%, Avg loss: 1.077855
2023-01-10 23:29:34,917-INFO: Start training the 9st epoch
2023-01-10 23:29:44,173-INFO: loss: 1.095205  [   32/  215]
2023-01-10 23:29:54,592-INFO: loss: 1.073130  [   64/  215]
2023-01-10 23:30:03,843-INFO: loss: 1.096406  [   96/  215]
2023-01-10 23:30:13,127-INFO: loss: 1.069012  [  128/  215]
2023-01-10 23:30:22,908-INFO: loss: 1.060733  [  160/  215]
2023-01-10 23:30:32,506-INFO: loss: 1.086439  [  192/  215]
2023-01-10 23:30:39,296-INFO: loss: 1.053303  [  215/  215]
2023-01-10 23:31:43,134-INFO: Test Error: 
 Accuracy: 53.5%, Avg loss: 1.062891
2023-01-10 23:31:43,953-INFO: vit_b_32_9 has been saved 

2023-01-10 23:31:43,953-INFO: Start training the 10st epoch
2023-01-10 23:31:54,084-INFO: loss: 1.062256  [   32/  215]
2023-01-10 23:32:04,082-INFO: loss: 1.052676  [   64/  215]
2023-01-10 23:32:13,495-INFO: loss: 1.090996  [   96/  215]
2023-01-10 23:32:23,315-INFO: loss: 1.063078  [  128/  215]
2023-01-10 23:32:33,329-INFO: loss: 1.084352  [  160/  215]
2023-01-10 23:32:43,130-INFO: loss: 1.061348  [  192/  215]
2023-01-10 23:32:50,023-INFO: loss: 1.024928  [  215/  215]
2023-01-10 23:33:54,151-INFO: Test Error: 
 Accuracy: 51.6%, Avg loss: 1.020831
2023-01-10 23:33:54,151-INFO: Start training the 11st epoch
2023-01-10 23:34:03,721-INFO: loss: 1.011779  [   32/  215]
2023-01-10 23:34:13,898-INFO: loss: 1.062057  [   64/  215]
2023-01-10 23:34:23,801-INFO: loss: 1.013248  [   96/  215]
2023-01-10 23:34:33,385-INFO: loss: 1.006755  [  128/  215]
2023-01-10 23:34:43,213-INFO: loss: 0.961525  [  160/  215]
2023-01-10 23:34:52,618-INFO: loss: 0.920297  [  192/  215]
2023-01-10 23:34:59,871-INFO: loss: 0.856935  [  215/  215]
2023-01-10 23:36:04,536-INFO: Test Error: 
 Accuracy: 39.5%, Avg loss: 1.004759
2023-01-10 23:36:04,536-INFO: Start training the 12st epoch
2023-01-10 23:36:14,984-INFO: loss: 1.035091  [   32/  215]
2023-01-10 23:36:24,977-INFO: loss: 0.784651  [   64/  215]
2023-01-10 23:36:34,387-INFO: loss: 0.808414  [   96/  215]
2023-01-10 23:36:43,726-INFO: loss: 0.704228  [  128/  215]
2023-01-10 23:36:53,801-INFO: loss: 0.618761  [  160/  215]
2023-01-10 23:37:04,234-INFO: loss: 0.694369  [  192/  215]
2023-01-10 23:37:10,954-INFO: loss: 0.533110  [  215/  215]
2023-01-10 23:38:15,517-INFO: Test Error: 
 Accuracy: 61.9%, Avg loss: 0.758592
2023-01-10 23:38:15,520-INFO: Start training the 13st epoch
2023-01-10 23:38:25,540-INFO: loss: 0.774294  [   32/  215]
2023-01-10 23:38:35,391-INFO: loss: 1.146064  [   64/  215]
2023-01-10 23:38:45,386-INFO: loss: 0.607369  [   96/  215]
2023-01-10 23:38:55,564-INFO: loss: 0.539634  [  128/  215]
2023-01-10 23:39:05,405-INFO: loss: 0.904186  [  160/  215]
2023-01-10 23:39:14,951-INFO: loss: 0.754060  [  192/  215]
2023-01-10 23:39:21,942-INFO: loss: 0.570809  [  215/  215]
2023-01-10 23:40:26,027-INFO: Test Error: 
 Accuracy: 55.8%, Avg loss: 0.778440
2023-01-10 23:40:26,028-INFO: Start training the 14st epoch
2023-01-10 23:40:35,938-INFO: loss: 0.597611  [   32/  215]
2023-01-10 23:40:45,756-INFO: loss: 0.645751  [   64/  215]
2023-01-10 23:40:56,108-INFO: loss: 0.686683  [   96/  215]
2023-01-10 23:41:05,716-INFO: loss: 0.631183  [  128/  215]
2023-01-10 23:41:15,895-INFO: loss: 0.837072  [  160/  215]
2023-01-10 23:41:26,301-INFO: loss: 0.544191  [  192/  215]
2023-01-10 23:41:33,279-INFO: loss: 0.703167  [  215/  215]
2023-01-10 23:42:37,223-INFO: Test Error: 
 Accuracy: 68.4%, Avg loss: 0.585613
2023-01-10 23:42:38,013-INFO: vit_b_32_14 has been saved 

2023-01-10 23:42:38,015-INFO: Start training the 15st epoch
2023-01-10 23:42:47,833-INFO: loss: 0.511728  [   32/  215]
2023-01-10 23:42:58,315-INFO: loss: 0.630771  [   64/  215]
2023-01-10 23:43:08,742-INFO: loss: 0.688678  [   96/  215]
2023-01-10 23:43:19,329-INFO: loss: 0.599913  [  128/  215]
2023-01-10 23:43:30,629-INFO: loss: 0.552452  [  160/  215]
2023-01-10 23:43:40,211-INFO: loss: 0.732073  [  192/  215]
2023-01-10 23:43:46,663-INFO: loss: 0.695457  [  215/  215]
2023-01-10 23:44:50,900-INFO: Test Error: 
 Accuracy: 57.7%, Avg loss: 0.936211
2023-01-10 23:44:50,900-INFO: Start training the 16st epoch
2023-01-10 23:45:00,414-INFO: loss: 0.737811  [   32/  215]
2023-01-10 23:45:10,057-INFO: loss: 1.563470  [   64/  215]
2023-01-10 23:45:19,111-INFO: loss: 0.619224  [   96/  215]
2023-01-10 23:45:28,548-INFO: loss: 1.472006  [  128/  215]
2023-01-10 23:45:38,240-INFO: loss: 0.592277  [  160/  215]
2023-01-10 23:45:47,328-INFO: loss: 0.857298  [  192/  215]
2023-01-10 23:45:54,855-INFO: loss: 1.518799  [  215/  215]
2023-01-10 23:46:59,908-INFO: Test Error: 
 Accuracy: 52.1%, Avg loss: 0.836278
2023-01-10 23:46:59,909-INFO: Start training the 17st epoch
2023-01-10 23:47:09,830-INFO: loss: 0.743963  [   32/  215]
2023-01-10 23:47:19,660-INFO: loss: 0.698883  [   64/  215]
2023-01-10 23:47:29,055-INFO: loss: 0.975848  [   96/  215]
2023-01-10 23:47:38,668-INFO: loss: 0.989450  [  128/  215]
2023-01-10 23:47:48,651-INFO: loss: 0.744999  [  160/  215]
2023-01-10 23:47:58,236-INFO: loss: 0.739673  [  192/  215]
2023-01-10 23:48:05,158-INFO: loss: 0.772063  [  215/  215]
2023-01-10 23:49:10,058-INFO: Test Error: 
 Accuracy: 57.2%, Avg loss: 0.781986
2023-01-10 23:49:10,062-INFO: Start training the 18st epoch
2023-01-10 23:49:19,553-INFO: loss: 0.770682  [   32/  215]
2023-01-10 23:49:28,966-INFO: loss: 0.793737  [   64/  215]
2023-01-10 23:49:38,473-INFO: loss: 0.672503  [   96/  215]
2023-01-10 23:49:47,414-INFO: loss: 0.736823  [  128/  215]
2023-01-10 23:49:57,074-INFO: loss: 0.597638  [  160/  215]
2023-01-10 23:50:07,289-INFO: loss: 0.633501  [  192/  215]
2023-01-10 23:50:14,354-INFO: loss: 0.473396  [  215/  215]
2023-01-10 23:51:18,898-INFO: Test Error: 
 Accuracy: 58.6%, Avg loss: 0.720091
2023-01-10 23:51:18,898-INFO: Start training the 19st epoch
2023-01-10 23:51:29,326-INFO: loss: 0.841133  [   32/  215]
2023-01-10 23:51:38,549-INFO: loss: 0.581539  [   64/  215]
2023-01-10 23:51:48,565-INFO: loss: 0.530779  [   96/  215]
2023-01-10 23:51:57,588-INFO: loss: 0.750859  [  128/  215]
2023-01-10 23:52:07,378-INFO: loss: 0.659450  [  160/  215]
2023-01-10 23:52:17,508-INFO: loss: 0.476556  [  192/  215]
2023-01-10 23:52:24,188-INFO: loss: 0.852762  [  215/  215]
2023-01-10 23:53:29,560-INFO: Test Error: 
 Accuracy: 64.2%, Avg loss: 0.607496
2023-01-10 23:53:30,330-INFO: vit_b_32_19 has been saved 

2023-01-10 23:53:30,330-INFO: Start training the 20st epoch
2023-01-10 23:53:39,818-INFO: loss: 0.481454  [   32/  215]
2023-01-10 23:53:49,731-INFO: loss: 0.569542  [   64/  215]
2023-01-10 23:53:59,099-INFO: loss: 0.603725  [   96/  215]
2023-01-10 23:54:08,689-INFO: loss: 0.608521  [  128/  215]
2023-01-10 23:54:18,288-INFO: loss: 0.738986  [  160/  215]
2023-01-10 23:54:28,066-INFO: loss: 0.583092  [  192/  215]
2023-01-10 23:54:34,695-INFO: loss: 0.652795  [  215/  215]
2023-01-10 23:55:39,554-INFO: Test Error: 
 Accuracy: 63.7%, Avg loss: 0.619326
2023-01-10 23:55:39,554-INFO: Start training the 21st epoch
2023-01-10 23:55:49,272-INFO: loss: 0.522111  [   32/  215]
2023-01-10 23:55:59,072-INFO: loss: 0.645349  [   64/  215]
2023-01-10 23:56:09,070-INFO: loss: 0.536600  [   96/  215]
2023-01-10 23:56:18,704-INFO: loss: 0.647219  [  128/  215]
2023-01-10 23:56:28,473-INFO: loss: 0.620367  [  160/  215]
2023-01-10 23:56:38,095-INFO: loss: 0.638703  [  192/  215]
2023-01-10 23:56:45,046-INFO: loss: 0.680069  [  215/  215]
2023-01-10 23:57:52,351-INFO: Test Error: 
 Accuracy: 71.6%, Avg loss: 0.617785
2023-01-10 23:57:52,352-INFO: Start training the 22st epoch
2023-01-10 23:58:02,223-INFO: loss: 0.707505  [   32/  215]
2023-01-10 23:58:12,161-INFO: loss: 0.405111  [   64/  215]
2023-01-10 23:58:21,515-INFO: loss: 0.630523  [   96/  215]
2023-01-10 23:58:30,600-INFO: loss: 0.716481  [  128/  215]
2023-01-10 23:58:39,741-INFO: loss: 0.530943  [  160/  215]
2023-01-10 23:58:49,774-INFO: loss: 1.013197  [  192/  215]
2023-01-10 23:58:56,418-INFO: loss: 0.734009  [  215/  215]
2023-01-11 00:00:02,878-INFO: Test Error: 
 Accuracy: 72.6%, Avg loss: 0.660440
2023-01-11 00:00:02,878-INFO: Start training the 23st epoch
2023-01-11 00:00:12,794-INFO: loss: 0.533408  [   32/  215]
2023-01-11 00:00:22,389-INFO: loss: 0.831650  [   64/  215]
2023-01-11 00:00:32,188-INFO: loss: 0.455350  [   96/  215]
2023-01-11 00:00:41,175-INFO: loss: 0.641600  [  128/  215]
2023-01-11 00:00:51,373-INFO: loss: 0.498450  [  160/  215]
2023-01-11 00:01:00,953-INFO: loss: 0.895583  [  192/  215]
2023-01-11 00:01:07,661-INFO: loss: 0.635880  [  215/  215]
2023-01-11 00:02:13,625-INFO: Test Error: 
 Accuracy: 77.2%, Avg loss: 0.577379
2023-01-11 00:02:13,625-INFO: Start training the 24st epoch
2023-01-11 00:02:23,376-INFO: loss: 0.636656  [   32/  215]
2023-01-11 00:02:33,691-INFO: loss: 0.652660  [   64/  215]
2023-01-11 00:02:44,174-INFO: loss: 0.679597  [   96/  215]
2023-01-11 00:02:53,788-INFO: loss: 0.690075  [  128/  215]
2023-01-11 00:03:03,262-INFO: loss: 0.642353  [  160/  215]
2023-01-11 00:03:13,438-INFO: loss: 0.772860  [  192/  215]
2023-01-11 00:03:20,321-INFO: loss: 0.579447  [  215/  215]
2023-01-11 00:04:26,199-INFO: Test Error: 
 Accuracy: 75.8%, Avg loss: 0.551091
2023-01-11 00:04:27,024-INFO: vit_b_32_24 has been saved 

2023-01-11 00:04:27,025-INFO: Start training the 25st epoch
2023-01-11 00:04:36,524-INFO: loss: 0.438151  [   32/  215]
2023-01-11 00:04:46,325-INFO: loss: 0.738346  [   64/  215]
2023-01-11 00:04:57,099-INFO: loss: 0.584134  [   96/  215]
2023-01-11 00:05:06,275-INFO: loss: 0.852799  [  128/  215]
2023-01-11 00:05:15,893-INFO: loss: 0.698439  [  160/  215]
2023-01-11 00:05:25,721-INFO: loss: 0.718531  [  192/  215]
2023-01-11 00:05:32,053-INFO: loss: 0.641225  [  215/  215]
2023-01-11 00:06:38,329-INFO: Test Error: 
 Accuracy: 69.3%, Avg loss: 0.724746
2023-01-11 00:06:38,331-INFO: Start training the 26st epoch
2023-01-11 00:06:48,041-INFO: loss: 0.630371  [   32/  215]
2023-01-11 00:06:57,183-INFO: loss: 0.599788  [   64/  215]
2023-01-11 00:07:07,001-INFO: loss: 0.517003  [   96/  215]
2023-01-11 00:07:17,000-INFO: loss: 0.539816  [  128/  215]
2023-01-11 00:07:27,101-INFO: loss: 0.548879  [  160/  215]
2023-01-11 00:07:36,539-INFO: loss: 0.620553  [  192/  215]
2023-01-11 00:07:43,830-INFO: loss: 0.777379  [  215/  215]
2023-01-11 00:08:49,932-INFO: Test Error: 
 Accuracy: 68.8%, Avg loss: 0.592176
2023-01-11 00:08:49,932-INFO: Start training the 27st epoch
2023-01-11 00:08:59,645-INFO: loss: 0.502155  [   32/  215]
2023-01-11 00:09:09,645-INFO: loss: 0.783184  [   64/  215]
2023-01-11 00:09:19,846-INFO: loss: 0.566960  [   96/  215]
2023-01-11 00:09:29,620-INFO: loss: 0.795463  [  128/  215]
2023-01-11 00:09:39,812-INFO: loss: 0.503743  [  160/  215]
2023-01-11 00:09:49,619-INFO: loss: 0.500773  [  192/  215]
2023-01-11 00:09:56,576-INFO: loss: 0.759662  [  215/  215]
2023-01-11 00:11:01,209-INFO: Test Error: 
 Accuracy: 66.5%, Avg loss: 0.783004
2023-01-11 00:11:01,209-INFO: Start training the 28st epoch
2023-01-11 00:11:11,136-INFO: loss: 0.890397  [   32/  215]
2023-01-11 00:11:20,749-INFO: loss: 0.875229  [   64/  215]
2023-01-11 00:11:30,761-INFO: loss: 0.466316  [   96/  215]
2023-01-11 00:11:39,642-INFO: loss: 0.542457  [  128/  215]
2023-01-11 00:11:49,333-INFO: loss: 0.601787  [  160/  215]
2023-01-11 00:11:59,327-INFO: loss: 0.639194  [  192/  215]
2023-01-11 00:12:06,547-INFO: loss: 0.567596  [  215/  215]
2023-01-11 00:13:14,933-INFO: Test Error: 
 Accuracy: 70.2%, Avg loss: 0.646105
2023-01-11 00:13:14,934-INFO: Start training the 29st epoch
2023-01-11 00:13:24,797-INFO: loss: 0.518352  [   32/  215]
2023-01-11 00:13:34,773-INFO: loss: 0.727743  [   64/  215]
2023-01-11 00:13:44,585-INFO: loss: 0.532939  [   96/  215]
2023-01-11 00:13:53,978-INFO: loss: 0.809628  [  128/  215]
2023-01-11 00:14:03,763-INFO: loss: 0.440703  [  160/  215]
2023-01-11 00:14:13,401-INFO: loss: 0.535899  [  192/  215]
2023-01-11 00:14:20,460-INFO: loss: 0.671921  [  215/  215]
2023-01-11 00:15:26,013-INFO: Test Error: 
 Accuracy: 70.7%, Avg loss: 0.512261
2023-01-11 00:15:26,833-INFO: vit_b_32_29 has been saved 

2023-01-11 00:15:26,837-INFO: Start training the 30st epoch
2023-01-11 00:15:36,348-INFO: loss: 0.530360  [   32/  215]
2023-01-11 00:15:46,537-INFO: loss: 0.511275  [   64/  215]
2023-01-11 00:15:56,119-INFO: loss: 0.559143  [   96/  215]
2023-01-11 00:16:05,690-INFO: loss: 0.362184  [  128/  215]
2023-01-11 00:16:15,701-INFO: loss: 0.434238  [  160/  215]
2023-01-11 00:16:25,289-INFO: loss: 0.575733  [  192/  215]
2023-01-11 00:16:32,159-INFO: loss: 0.468145  [  215/  215]
2023-01-11 00:17:38,386-INFO: Test Error: 
 Accuracy: 85.1%, Avg loss: 0.422635
2023-01-11 00:17:38,386-INFO: Start training the 31st epoch
2023-01-11 00:17:47,644-INFO: loss: 0.281568  [   32/  215]
2023-01-11 00:17:57,418-INFO: loss: 0.411827  [   64/  215]
2023-01-11 00:18:08,160-INFO: loss: 0.387964  [   96/  215]
2023-01-11 00:18:17,695-INFO: loss: 0.859066  [  128/  215]
2023-01-11 00:18:27,935-INFO: loss: 0.564716  [  160/  215]
2023-01-11 00:18:37,502-INFO: loss: 1.962226  [  192/  215]
2023-01-11 00:18:44,414-INFO: loss: 0.765767  [  215/  215]
2023-01-11 00:19:49,322-INFO: Test Error: 
 Accuracy: 64.2%, Avg loss: 0.799119
2023-01-11 00:19:49,323-INFO: Start training the 32st epoch
2023-01-11 00:19:59,389-INFO: loss: 0.903323  [   32/  215]
2023-01-11 00:20:09,261-INFO: loss: 0.598032  [   64/  215]
2023-01-11 00:20:19,060-INFO: loss: 0.736812  [   96/  215]
2023-01-11 00:20:28,433-INFO: loss: 0.981897  [  128/  215]
2023-01-11 00:20:38,402-INFO: loss: 0.639617  [  160/  215]
2023-01-11 00:20:48,200-INFO: loss: 0.758790  [  192/  215]
2023-01-11 00:20:54,986-INFO: loss: 0.767577  [  215/  215]
2023-01-11 00:22:00,720-INFO: Test Error: 
 Accuracy: 70.7%, Avg loss: 0.740718
2023-01-11 00:22:00,720-INFO: Start training the 33st epoch
2023-01-11 00:22:10,853-INFO: loss: 0.743985  [   32/  215]
2023-01-11 00:22:20,389-INFO: loss: 0.690226  [   64/  215]
2023-01-11 00:22:30,751-INFO: loss: 0.780820  [   96/  215]
2023-01-11 00:22:40,194-INFO: loss: 0.676675  [  128/  215]
2023-01-11 00:22:49,692-INFO: loss: 0.745307  [  160/  215]
2023-01-11 00:22:59,594-INFO: loss: 0.533648  [  192/  215]
2023-01-11 00:23:06,931-INFO: loss: 0.342952  [  215/  215]
2023-01-11 00:24:12,057-INFO: Test Error: 
 Accuracy: 78.1%, Avg loss: 0.562429
2023-01-11 00:24:12,058-INFO: Start training the 34st epoch
2023-01-11 00:24:21,930-INFO: loss: 0.686345  [   32/  215]
2023-01-11 00:24:31,886-INFO: loss: 0.430574  [   64/  215]
2023-01-11 00:24:42,196-INFO: loss: 0.401823  [   96/  215]
2023-01-11 00:24:51,922-INFO: loss: 0.486488  [  128/  215]
2023-01-11 00:25:01,727-INFO: loss: 0.989635  [  160/  215]
2023-01-11 00:25:11,541-INFO: loss: 0.447437  [  192/  215]
2023-01-11 00:25:18,508-INFO: loss: 0.488798  [  215/  215]
2023-01-11 00:26:23,621-INFO: Test Error: 
 Accuracy: 59.1%, Avg loss: 0.914420
2023-01-11 00:26:24,436-INFO: vit_b_32_34 has been saved 

2023-01-11 00:26:24,436-INFO: Start training the 35st epoch
2023-01-11 00:26:34,157-INFO: loss: 1.475156  [   32/  215]
2023-01-11 00:26:44,848-INFO: loss: 0.977524  [   64/  215]
2023-01-11 00:26:54,713-INFO: loss: 0.395465  [   96/  215]
2023-01-11 00:27:04,294-INFO: loss: 0.763219  [  128/  215]
2023-01-11 00:27:14,051-INFO: loss: 0.567019  [  160/  215]
2023-01-11 00:27:23,865-INFO: loss: 0.580238  [  192/  215]
2023-01-11 00:27:31,280-INFO: loss: 0.605966  [  215/  215]
2023-01-11 00:28:35,901-INFO: Test Error: 
 Accuracy: 58.6%, Avg loss: 0.642374
2023-01-11 00:28:35,901-INFO: Start training the 36st epoch
2023-01-11 00:28:45,973-INFO: loss: 0.629241  [   32/  215]
2023-01-11 00:28:55,703-INFO: loss: 0.602036  [   64/  215]
2023-01-11 00:29:05,482-INFO: loss: 0.505649  [   96/  215]
2023-01-11 00:29:14,916-INFO: loss: 0.507405  [  128/  215]
2023-01-11 00:29:24,676-INFO: loss: 0.510642  [  160/  215]
2023-01-11 00:29:34,872-INFO: loss: 0.440496  [  192/  215]
2023-01-11 00:29:42,004-INFO: loss: 0.386686  [  215/  215]
2023-01-11 00:30:46,362-INFO: Test Error: 
 Accuracy: 87.0%, Avg loss: 0.473315
2023-01-11 00:30:46,363-INFO: Start training the 37st epoch
2023-01-11 00:30:55,695-INFO: loss: 0.602247  [   32/  215]
2023-01-11 00:31:05,500-INFO: loss: 0.530984  [   64/  215]
2023-01-11 00:31:16,068-INFO: loss: 0.426195  [   96/  215]
2023-01-11 00:31:25,942-INFO: loss: 0.290427  [  128/  215]
2023-01-11 00:31:35,773-INFO: loss: 0.335887  [  160/  215]
2023-01-11 00:31:45,479-INFO: loss: 0.219306  [  192/  215]
2023-01-11 00:31:52,397-INFO: loss: 0.438631  [  215/  215]
2023-01-11 00:32:57,467-INFO: Test Error: 
 Accuracy: 85.6%, Avg loss: 0.352428
2023-01-11 00:32:57,468-INFO: Start training the 38st epoch
2023-01-11 00:33:07,749-INFO: loss: 0.477726  [   32/  215]
2023-01-11 00:33:17,817-INFO: loss: 0.265199  [   64/  215]
2023-01-11 00:33:28,335-INFO: loss: 0.418341  [   96/  215]
2023-01-11 00:33:37,996-INFO: loss: 0.285712  [  128/  215]
2023-01-11 00:33:47,846-INFO: loss: 0.282770  [  160/  215]
2023-01-11 00:33:57,563-INFO: loss: 0.802967  [  192/  215]
2023-01-11 00:34:04,754-INFO: loss: 0.485952  [  215/  215]
2023-01-11 00:35:09,075-INFO: Test Error: 
 Accuracy: 81.4%, Avg loss: 0.359065
2023-01-11 00:35:09,075-INFO: Start training the 39st epoch
2023-01-11 00:35:19,214-INFO: loss: 0.234718  [   32/  215]
2023-01-11 00:35:29,390-INFO: loss: 0.544240  [   64/  215]
2023-01-11 00:35:39,617-INFO: loss: 0.267041  [   96/  215]
2023-01-11 00:35:49,766-INFO: loss: 0.849526  [  128/  215]
2023-01-11 00:35:59,351-INFO: loss: 0.510528  [  160/  215]
2023-01-11 00:36:09,124-INFO: loss: 0.340059  [  192/  215]
2023-01-11 00:36:16,539-INFO: loss: 0.325321  [  215/  215]
2023-01-11 00:37:21,234-INFO: Test Error: 
 Accuracy: 71.2%, Avg loss: 0.478876
2023-01-11 00:37:22,043-INFO: vit_b_32_39 has been saved 

2023-01-11 00:37:22,044-INFO: Start training the 40st epoch
2023-01-11 00:37:32,782-INFO: loss: 0.473164  [   32/  215]
2023-01-11 00:37:42,928-INFO: loss: 0.353797  [   64/  215]
2023-01-11 00:37:53,324-INFO: loss: 0.314041  [   96/  215]
2023-01-11 00:38:03,692-INFO: loss: 0.325911  [  128/  215]
2023-01-11 00:38:13,419-INFO: loss: 0.472982  [  160/  215]
2023-01-11 00:38:23,666-INFO: loss: 0.264551  [  192/  215]
2023-01-11 00:38:30,452-INFO: loss: 0.261773  [  215/  215]
2023-01-11 00:39:35,978-INFO: Test Error: 
 Accuracy: 74.4%, Avg loss: 0.397925
2023-01-11 00:39:35,978-INFO: Start training the 41st epoch
2023-01-11 00:39:45,220-INFO: loss: 0.302149  [   32/  215]
2023-01-11 00:39:55,051-INFO: loss: 0.500655  [   64/  215]
2023-01-11 00:40:05,801-INFO: loss: 0.510850  [   96/  215]
2023-01-11 00:40:15,571-INFO: loss: 0.339521  [  128/  215]
2023-01-11 00:40:26,013-INFO: loss: 0.340001  [  160/  215]
2023-01-11 00:40:35,870-INFO: loss: 0.677771  [  192/  215]
2023-01-11 00:40:43,562-INFO: loss: 0.410961  [  215/  215]
2023-01-11 00:41:54,771-INFO: Test Error: 
 Accuracy: 93.5%, Avg loss: 0.242844
2023-01-11 00:41:54,772-INFO: Start training the 42st epoch
2023-01-11 00:42:05,862-INFO: loss: 0.327169  [   32/  215]
2023-01-11 00:42:16,833-INFO: loss: 0.234474  [   64/  215]
2023-01-11 00:42:27,591-INFO: loss: 0.280986  [   96/  215]
2023-01-11 00:42:38,271-INFO: loss: 0.388867  [  128/  215]
2023-01-11 00:42:49,337-INFO: loss: 0.245757  [  160/  215]
2023-01-11 00:43:00,620-INFO: loss: 0.277305  [  192/  215]
2023-01-11 00:43:08,587-INFO: loss: 0.276783  [  215/  215]
2023-01-11 00:44:21,158-INFO: Test Error: 
 Accuracy: 86.5%, Avg loss: 0.311402
2023-01-11 00:44:21,159-INFO: Start training the 43st epoch
2023-01-11 00:44:31,854-INFO: loss: 0.310541  [   32/  215]
2023-01-11 00:44:42,217-INFO: loss: 0.553545  [   64/  215]
2023-01-11 00:44:53,039-INFO: loss: 0.138560  [   96/  215]
2023-01-11 00:45:03,568-INFO: loss: 0.275075  [  128/  215]
2023-01-11 00:45:13,798-INFO: loss: 0.244505  [  160/  215]
2023-01-11 00:45:24,627-INFO: loss: 0.196700  [  192/  215]
2023-01-11 00:45:32,155-INFO: loss: 0.461533  [  215/  215]
2023-01-11 00:46:43,771-INFO: Test Error: 
 Accuracy: 85.1%, Avg loss: 0.333434
2023-01-11 00:46:43,772-INFO: Start training the 44st epoch
2023-01-11 00:46:54,936-INFO: loss: 0.261631  [   32/  215]
2023-01-11 00:47:05,761-INFO: loss: 0.530948  [   64/  215]
2023-01-11 00:47:16,958-INFO: loss: 0.292981  [   96/  215]
2023-01-11 00:47:27,541-INFO: loss: 0.273047  [  128/  215]
2023-01-11 00:47:37,869-INFO: loss: 0.254481  [  160/  215]
2023-01-11 00:47:49,324-INFO: loss: 0.325325  [  192/  215]
2023-01-11 00:47:57,517-INFO: loss: 0.159305  [  215/  215]
2023-01-11 00:49:10,836-INFO: Test Error: 
 Accuracy: 93.5%, Avg loss: 0.205950
2023-01-11 00:49:11,696-INFO: vit_b_32_44 has been saved 

2023-01-11 00:49:11,697-INFO: Start training the 45st epoch
2023-01-11 00:49:22,203-INFO: loss: 0.273030  [   32/  215]
2023-01-11 00:49:33,857-INFO: loss: 0.111411  [   64/  215]
2023-01-11 00:49:44,749-INFO: loss: 0.199538  [   96/  215]
2023-01-11 00:49:55,354-INFO: loss: 0.309973  [  128/  215]
2023-01-11 00:50:05,764-INFO: loss: 0.381006  [  160/  215]
2023-01-11 00:50:16,924-INFO: loss: 0.264877  [  192/  215]
2023-01-11 00:50:24,891-INFO: loss: 0.208703  [  215/  215]
2023-01-11 00:51:33,515-INFO: Test Error: 
 Accuracy: 94.0%, Avg loss: 0.148809
2023-01-11 00:51:33,515-INFO: Start training the 46st epoch
2023-01-11 00:51:43,567-INFO: loss: 0.143011  [   32/  215]
2023-01-11 00:51:54,088-INFO: loss: 0.216511  [   64/  215]
2023-01-11 00:52:04,465-INFO: loss: 0.075843  [   96/  215]
2023-01-11 00:52:15,065-INFO: loss: 0.073822  [  128/  215]
2023-01-11 00:52:25,639-INFO: loss: 0.079025  [  160/  215]
2023-01-11 00:52:36,244-INFO: loss: 0.063727  [  192/  215]
2023-01-11 00:52:43,228-INFO: loss: 0.229463  [  215/  215]
2023-01-11 00:53:52,948-INFO: Test Error: 
 Accuracy: 98.1%, Avg loss: 0.075957
2023-01-11 00:53:52,948-INFO: Start training the 47st epoch
2023-01-11 00:54:03,702-INFO: loss: 0.064108  [   32/  215]
2023-01-11 00:54:13,569-INFO: loss: 0.231867  [   64/  215]
2023-01-11 00:54:24,359-INFO: loss: 0.130249  [   96/  215]
2023-01-11 00:54:34,680-INFO: loss: 0.291694  [  128/  215]
2023-01-11 00:54:44,646-INFO: loss: 0.096603  [  160/  215]
2023-01-11 00:54:55,477-INFO: loss: 0.221364  [  192/  215]
2023-01-11 00:55:02,780-INFO: loss: 0.031719  [  215/  215]
2023-01-11 00:56:11,431-INFO: Test Error: 
 Accuracy: 98.6%, Avg loss: 0.081224
2023-01-11 00:56:11,431-INFO: Start training the 48st epoch
2023-01-11 00:56:21,577-INFO: loss: 0.164466  [   32/  215]
2023-01-11 00:56:32,141-INFO: loss: 0.294229  [   64/  215]
2023-01-11 00:56:42,957-INFO: loss: 0.033605  [   96/  215]
2023-01-11 00:56:52,524-INFO: loss: 0.023889  [  128/  215]
2023-01-11 00:57:02,540-INFO: loss: 0.017995  [  160/  215]
2023-01-11 00:57:12,575-INFO: loss: 0.035787  [  192/  215]
2023-01-11 00:57:20,576-INFO: loss: 0.038238  [  215/  215]
2023-01-11 00:58:30,457-INFO: Test Error: 
 Accuracy: 99.1%, Avg loss: 0.035648
2023-01-11 00:58:30,459-INFO: Start training the 49st epoch
2023-01-11 00:58:40,973-INFO: loss: 0.038865  [   32/  215]
2023-01-11 00:58:51,376-INFO: loss: 0.006578  [   64/  215]
2023-01-11 00:59:01,536-INFO: loss: 0.034386  [   96/  215]
2023-01-11 00:59:12,158-INFO: loss: 0.016160  [  128/  215]
2023-01-11 00:59:22,601-INFO: loss: 0.090983  [  160/  215]
2023-01-11 00:59:33,582-INFO: loss: 0.066058  [  192/  215]
2023-01-11 00:59:40,703-INFO: loss: 0.446911  [  215/  215]
2023-01-11 01:00:48,962-INFO: Test Error: 
 Accuracy: 93.0%, Avg loss: 0.207065
2023-01-11 01:00:49,761-INFO: vit_b_32_49 has been saved 

2023-01-11 01:00:49,761-INFO: Start training the 50st epoch
2023-01-11 01:00:59,903-INFO: loss: 0.133703  [   32/  215]
2023-01-11 01:01:09,730-INFO: loss: 0.966519  [   64/  215]
2023-01-11 01:01:20,694-INFO: loss: 0.001150  [   96/  215]
2023-01-11 01:01:31,007-INFO: loss: 1.272032  [  128/  215]
2023-01-11 01:01:41,521-INFO: loss: 0.866004  [  160/  215]
2023-01-11 01:01:54,300-INFO: loss: 1.054978  [  192/  215]
2023-01-11 01:02:01,373-INFO: loss: 0.638861  [  215/  215]
2023-01-11 01:03:17,879-INFO: Test Error: 
 Accuracy: 77.2%, Avg loss: 0.677051
2023-01-11 01:03:17,880-INFO: Start training the 51st epoch
2023-01-11 01:03:28,164-INFO: loss: 0.605605  [   32/  215]
2023-01-11 01:03:38,497-INFO: loss: 0.549148  [   64/  215]
2023-01-11 01:03:48,478-INFO: loss: 0.824066  [   96/  215]
2023-01-11 01:03:57,900-INFO: loss: 0.868702  [  128/  215]
2023-01-11 01:04:08,239-INFO: loss: 0.269499  [  160/  215]
2023-01-11 01:04:18,582-INFO: loss: 0.255880  [  192/  215]
2023-01-11 01:04:25,626-INFO: loss: 0.366776  [  215/  215]
2023-01-11 01:05:33,510-INFO: Test Error: 
 Accuracy: 73.0%, Avg loss: 0.601889
2023-01-11 01:05:33,510-INFO: Start training the 52st epoch
2023-01-11 01:05:43,184-INFO: loss: 0.385816  [   32/  215]
2023-01-11 01:05:53,587-INFO: loss: 0.690007  [   64/  215]
2023-01-11 01:06:03,606-INFO: loss: 0.631232  [   96/  215]
2023-01-11 01:06:14,347-INFO: loss: 0.369780  [  128/  215]
2023-01-11 01:06:24,248-INFO: loss: 0.308701  [  160/  215]
2023-01-11 01:06:34,180-INFO: loss: 0.405751  [  192/  215]
2023-01-11 01:06:41,251-INFO: loss: 0.371002  [  215/  215]
2023-01-11 01:07:48,851-INFO: Test Error: 
 Accuracy: 81.4%, Avg loss: 0.434650
2023-01-11 01:07:48,851-INFO: Start training the 53st epoch
2023-01-11 01:07:58,400-INFO: loss: 0.474058  [   32/  215]
2023-01-11 01:08:08,404-INFO: loss: 0.327830  [   64/  215]
2023-01-11 01:08:19,240-INFO: loss: 0.258871  [   96/  215]
2023-01-11 01:08:29,195-INFO: loss: 0.277665  [  128/  215]
2023-01-11 01:08:39,699-INFO: loss: 0.226119  [  160/  215]
2023-01-11 01:08:49,640-INFO: loss: 0.221437  [  192/  215]
2023-01-11 01:08:56,752-INFO: loss: 0.238220  [  215/  215]
2023-01-11 01:10:04,159-INFO: Test Error: 
 Accuracy: 95.3%, Avg loss: 0.197704
2023-01-11 01:10:04,159-INFO: Start training the 54st epoch
2023-01-11 01:10:14,367-INFO: loss: 0.261449  [   32/  215]
2023-01-11 01:10:24,265-INFO: loss: 0.092827  [   64/  215]
2023-01-11 01:10:34,675-INFO: loss: 0.108933  [   96/  215]
2023-01-11 01:10:44,510-INFO: loss: 0.076082  [  128/  215]
2023-01-11 01:10:54,242-INFO: loss: 0.070530  [  160/  215]
2023-01-11 01:11:04,313-INFO: loss: 0.178242  [  192/  215]
2023-01-11 01:11:11,070-INFO: loss: 0.085155  [  215/  215]
2023-01-11 01:12:18,871-INFO: Test Error: 
 Accuracy: 94.9%, Avg loss: 0.100083
2023-01-11 01:12:19,538-INFO: vit_b_32_54 has been saved 

2023-01-11 01:12:19,539-INFO: Start training the 55st epoch
2023-01-11 01:12:30,038-INFO: loss: 0.079195  [   32/  215]
2023-01-11 01:12:40,564-INFO: loss: 0.098478  [   64/  215]
2023-01-11 01:12:51,433-INFO: loss: 0.086936  [   96/  215]
2023-01-11 01:13:01,290-INFO: loss: 0.035657  [  128/  215]
2023-01-11 01:13:11,502-INFO: loss: 0.067812  [  160/  215]
2023-01-11 01:13:21,500-INFO: loss: 0.125229  [  192/  215]
2023-01-11 01:13:29,397-INFO: loss: 0.006772  [  215/  215]
2023-01-11 01:14:37,556-INFO: Test Error: 
 Accuracy: 99.5%, Avg loss: 0.023668
2023-01-11 01:14:37,557-INFO: Start training the 56st epoch
2023-01-11 01:14:47,273-INFO: loss: 0.032260  [   32/  215]
2023-01-11 01:14:57,627-INFO: loss: 0.004763  [   64/  215]
2023-01-11 01:15:07,228-INFO: loss: 0.023268  [   96/  215]
2023-01-11 01:15:18,580-INFO: loss: 0.006463  [  128/  215]
2023-01-11 01:15:28,663-INFO: loss: 0.063836  [  160/  215]
2023-01-11 01:15:38,953-INFO: loss: 0.012790  [  192/  215]
2023-01-11 01:15:46,753-INFO: loss: 0.007320  [  215/  215]
2023-01-11 01:16:54,110-INFO: Test Error: 
 Accuracy: 99.5%, Avg loss: 0.008886
2023-01-11 01:16:54,111-INFO: Start training the 57st epoch
2023-01-11 01:17:04,934-INFO: loss: 0.002605  [   32/  215]
2023-01-11 01:17:15,627-INFO: loss: 0.003280  [   64/  215]
2023-01-11 01:17:27,217-INFO: loss: 0.002513  [   96/  215]
2023-01-11 01:17:37,729-INFO: loss: 0.007958  [  128/  215]
2023-01-11 01:17:49,630-INFO: loss: 0.040241  [  160/  215]
2023-01-11 01:18:00,216-INFO: loss: 0.011445  [  192/  215]
2023-01-11 01:18:06,945-INFO: loss: 0.011063  [  215/  215]
2023-01-11 01:19:15,475-INFO: Test Error: 
 Accuracy: 99.5%, Avg loss: 0.014921
2023-01-11 01:19:15,475-INFO: Start training the 58st epoch
2023-01-11 01:19:25,977-INFO: loss: 0.007337  [   32/  215]
2023-01-11 01:19:36,450-INFO: loss: 0.034694  [   64/  215]
2023-01-11 01:19:46,862-INFO: loss: 0.073227  [   96/  215]
2023-01-11 01:19:56,766-INFO: loss: 0.003478  [  128/  215]
2023-01-11 01:20:07,317-INFO: loss: 0.002697  [  160/  215]
2023-01-11 01:20:17,824-INFO: loss: 0.011727  [  192/  215]
2023-01-11 01:20:25,107-INFO: loss: 0.007304  [  215/  215]
2023-01-11 01:21:32,912-INFO: Test Error: 
 Accuracy: 99.1%, Avg loss: 0.019947
2023-01-11 01:21:32,913-INFO: Start training the 59st epoch
2023-01-11 01:21:43,352-INFO: loss: 0.002472  [   32/  215]
2023-01-11 01:21:53,581-INFO: loss: 0.062480  [   64/  215]
2023-01-11 01:22:03,760-INFO: loss: 0.000335  [   96/  215]
2023-01-11 01:22:13,351-INFO: loss: 0.001551  [  128/  215]
2023-01-11 01:22:23,721-INFO: loss: 0.006632  [  160/  215]
2023-01-11 01:22:33,886-INFO: loss: 0.011100  [  192/  215]
2023-01-11 01:22:41,347-INFO: loss: 0.049117  [  215/  215]
2023-01-11 01:23:51,993-INFO: Test Error: 
 Accuracy: 100.0%, Avg loss: 0.003604
2023-01-11 01:23:52,894-INFO: vit_b_32_59 has been saved 

