2023-01-10 17:46:39,966-INFO: Start training the 0st epoch
2023-01-10 17:46:53,469-INFO: loss: 1.346035  [   32/  215]
2023-01-10 17:47:04,009-INFO: loss: 124.535011  [   64/  215]
2023-01-10 17:47:15,805-INFO: loss: 1.590021  [   96/  215]
2023-01-10 17:47:27,406-INFO: loss: 1.756070  [  128/  215]
2023-01-10 17:47:39,204-INFO: loss: 1.198377  [  160/  215]
2023-01-10 17:47:53,431-INFO: loss: 1.031380  [  192/  215]
2023-01-10 17:48:00,474-INFO: loss: 7.925000  [  215/  215]
2023-01-10 17:49:11,497-INFO: Test Error: 
 Accuracy: 33.5%, Avg loss: 6.224947
2023-01-10 17:49:11,497-INFO: Start training the 1st epoch
2023-01-10 17:49:24,168-INFO: loss: 10.620309  [   32/  215]
2023-01-10 17:49:36,310-INFO: loss: 1.495771  [   64/  215]
2023-01-10 17:49:49,226-INFO: loss: 1.450277  [   96/  215]
2023-01-10 17:49:59,024-INFO: loss: 1.102755  [  128/  215]
2023-01-10 17:50:10,110-INFO: loss: 1.080005  [  160/  215]
2023-01-10 17:50:20,885-INFO: loss: 1.413162  [  192/  215]
2023-01-10 17:50:28,330-INFO: loss: 1.152828  [  215/  215]
2023-01-10 17:51:38,815-INFO: Test Error: 
 Accuracy: 33.5%, Avg loss: 2.253733
2023-01-10 17:51:38,815-INFO: Start training the 2st epoch
2023-01-10 17:51:51,121-INFO: loss: 2.123505  [   32/  215]
2023-01-10 17:52:03,603-INFO: loss: 1.061462  [   64/  215]
2023-01-10 17:52:13,923-INFO: loss: 2.606834  [   96/  215]
2023-01-10 17:52:24,356-INFO: loss: 1.669096  [  128/  215]
2023-01-10 17:52:35,945-INFO: loss: 1.134361  [  160/  215]
2023-01-10 17:52:48,378-INFO: loss: 1.408913  [  192/  215]
2023-01-10 17:52:56,000-INFO: loss: 1.401066  [  215/  215]
2023-01-10 17:54:06,647-INFO: Test Error: 
 Accuracy: 43.7%, Avg loss: 1.122237
2023-01-10 17:54:06,647-INFO: Start training the 3st epoch
2023-01-10 17:54:16,093-INFO: loss: 1.165983  [   32/  215]
2023-01-10 17:54:26,864-INFO: loss: 1.106536  [   64/  215]
2023-01-10 17:54:39,737-INFO: loss: 1.117677  [   96/  215]
2023-01-10 17:54:50,798-INFO: loss: 1.032521  [  128/  215]
2023-01-10 17:55:01,828-INFO: loss: 1.239150  [  160/  215]
2023-01-10 17:55:13,115-INFO: loss: 1.159668  [  192/  215]
2023-01-10 17:55:21,072-INFO: loss: 1.166716  [  215/  215]
2023-01-10 17:56:32,402-INFO: Test Error: 
 Accuracy: 45.6%, Avg loss: 1.079088
2023-01-10 17:56:32,402-INFO: Start training the 4st epoch
2023-01-10 17:56:45,091-INFO: loss: 1.073734  [   32/  215]
2023-01-10 17:56:55,571-INFO: loss: 1.212121  [   64/  215]
2023-01-10 17:57:06,770-INFO: loss: 1.144278  [   96/  215]
2023-01-10 17:57:16,999-INFO: loss: 1.094222  [  128/  215]
2023-01-10 17:57:27,218-INFO: loss: 1.081284  [  160/  215]
2023-01-10 17:57:38,687-INFO: loss: 1.879022  [  192/  215]
2023-01-10 17:57:46,996-INFO: loss: 1.504528  [  215/  215]
2023-01-10 17:58:56,789-INFO: Test Error: 
 Accuracy: 33.0%, Avg loss: 1.470595
2023-01-10 17:58:58,009-INFO: vgg19_4 has been saved 

2023-01-10 17:58:58,009-INFO: Start training the 5st epoch
2023-01-10 17:59:08,088-INFO: loss: 2.087844  [   32/  215]
2023-01-10 17:59:18,970-INFO: loss: 5.469882  [   64/  215]
2023-01-10 17:59:31,832-INFO: loss: 1.542385  [   96/  215]
2023-01-10 17:59:42,730-INFO: loss: 1.247304  [  128/  215]
2023-01-10 17:59:53,932-INFO: loss: 1.436609  [  160/  215]
2023-01-10 18:00:05,690-INFO: loss: 1.206347  [  192/  215]
2023-01-10 18:00:14,900-INFO: loss: 1.237586  [  215/  215]
2023-01-10 18:01:24,507-INFO: Test Error: 
 Accuracy: 33.0%, Avg loss: 1.224010
2023-01-10 18:01:24,508-INFO: Start training the 6st epoch
2023-01-10 18:01:36,357-INFO: loss: 1.744513  [   32/  215]
2023-01-10 18:01:47,510-INFO: loss: 1.110496  [   64/  215]
2023-01-10 18:01:58,257-INFO: loss: 1.073925  [   96/  215]
2023-01-10 18:02:07,848-INFO: loss: 1.740193  [  128/  215]
2023-01-10 18:02:18,888-INFO: loss: 1.439479  [  160/  215]
2023-01-10 18:02:30,363-INFO: loss: 1.978663  [  192/  215]
2023-01-10 18:02:38,365-INFO: loss: 1.160887  [  215/  215]
2023-01-10 18:03:47,973-INFO: Test Error: 
 Accuracy: 33.0%, Avg loss: 1.754578
2023-01-10 18:03:47,974-INFO: Start training the 7st epoch
2023-01-10 18:03:58,847-INFO: loss: 1.526029  [   32/  215]
2023-01-10 18:04:11,760-INFO: loss: 1.723954  [   64/  215]
2023-01-10 18:04:22,741-INFO: loss: 1.185225  [   96/  215]
2023-01-10 18:04:35,278-INFO: loss: 1.176464  [  128/  215]
2023-01-10 18:04:46,083-INFO: loss: 1.102637  [  160/  215]
2023-01-10 18:04:57,478-INFO: loss: 1.172634  [  192/  215]
2023-01-10 18:05:06,245-INFO: loss: 1.084119  [  215/  215]
2023-01-10 18:06:16,236-INFO: Test Error: 
 Accuracy: 35.8%, Avg loss: 1.127502
2023-01-10 18:06:16,237-INFO: Start training the 8st epoch
2023-01-10 18:06:27,190-INFO: loss: 1.152707  [   32/  215]
2023-01-10 18:06:39,542-INFO: loss: 1.119738  [   64/  215]
2023-01-10 18:06:50,824-INFO: loss: 1.068951  [   96/  215]
2023-01-10 18:07:00,756-INFO: loss: 1.025107  [  128/  215]
2023-01-10 18:07:13,418-INFO: loss: 1.094071  [  160/  215]
2023-01-10 18:07:23,574-INFO: loss: 1.103628  [  192/  215]
2023-01-10 18:07:30,774-INFO: loss: 1.053923  [  215/  215]
2023-01-10 18:08:42,599-INFO: Test Error: 
 Accuracy: 50.2%, Avg loss: 1.125863
2023-01-10 18:08:42,600-INFO: Start training the 9st epoch
2023-01-10 18:08:55,037-INFO: loss: 1.114468  [   32/  215]
2023-01-10 18:09:08,373-INFO: loss: 1.142680  [   64/  215]
2023-01-10 18:09:21,394-INFO: loss: 1.050934  [   96/  215]
2023-01-10 18:09:32,462-INFO: loss: 1.086126  [  128/  215]
2023-01-10 18:09:43,850-INFO: loss: 1.075408  [  160/  215]
2023-01-10 18:09:55,169-INFO: loss: 1.056875  [  192/  215]
2023-01-10 18:10:02,876-INFO: loss: 1.043021  [  215/  215]
2023-01-10 18:11:14,537-INFO: Test Error: 
 Accuracy: 58.1%, Avg loss: 0.905449
2023-01-10 18:11:15,721-INFO: vgg19_9 has been saved 

2023-01-10 18:11:15,722-INFO: Start training the 10st epoch
2023-01-10 18:11:28,049-INFO: loss: 0.868367  [   32/  215]
2023-01-10 18:11:39,125-INFO: loss: 1.330249  [   64/  215]
2023-01-10 18:11:50,472-INFO: loss: 1.026171  [   96/  215]
2023-01-10 18:12:00,877-INFO: loss: 1.203729  [  128/  215]
2023-01-10 18:12:11,165-INFO: loss: 1.356419  [  160/  215]
2023-01-10 18:12:22,499-INFO: loss: 1.220561  [  192/  215]
2023-01-10 18:12:31,658-INFO: loss: 1.108667  [  215/  215]
2023-01-10 18:13:44,096-INFO: Test Error: 
 Accuracy: 33.5%, Avg loss: 1.087438
2023-01-10 18:13:44,096-INFO: Start training the 11st epoch
2023-01-10 18:13:56,413-INFO: loss: 1.110184  [   32/  215]
2023-01-10 18:14:09,408-INFO: loss: 1.090241  [   64/  215]
2023-01-10 18:14:23,127-INFO: loss: 1.166053  [   96/  215]
2023-01-10 18:14:34,017-INFO: loss: 1.099625  [  128/  215]
2023-01-10 18:14:45,827-INFO: loss: 1.073744  [  160/  215]
2023-01-10 18:14:56,585-INFO: loss: 1.102881  [  192/  215]
2023-01-10 18:15:03,878-INFO: loss: 1.029665  [  215/  215]
2023-01-10 18:16:13,855-INFO: Test Error: 
 Accuracy: 33.5%, Avg loss: 1.090611
2023-01-10 18:16:13,856-INFO: Start training the 12st epoch
2023-01-10 18:16:25,561-INFO: loss: 1.103018  [   32/  215]
2023-01-10 18:16:37,883-INFO: loss: 1.183116  [   64/  215]
2023-01-10 18:16:48,497-INFO: loss: 1.026802  [   96/  215]
2023-01-10 18:16:58,842-INFO: loss: 1.072309  [  128/  215]
2023-01-10 18:17:09,672-INFO: loss: 1.075350  [  160/  215]
2023-01-10 18:17:22,364-INFO: loss: 1.017348  [  192/  215]
2023-01-10 18:17:30,751-INFO: loss: 1.021978  [  215/  215]
2023-01-10 18:18:42,800-INFO: Test Error: 
 Accuracy: 40.5%, Avg loss: 1.047548
2023-01-10 18:18:42,800-INFO: Start training the 13st epoch
2023-01-10 18:18:55,474-INFO: loss: 1.204846  [   32/  215]
2023-01-10 18:19:07,745-INFO: loss: 1.112707  [   64/  215]
2023-01-10 18:19:19,045-INFO: loss: 1.086748  [   96/  215]
2023-01-10 18:19:29,995-INFO: loss: 0.996865  [  128/  215]
2023-01-10 18:19:40,380-INFO: loss: 1.229615  [  160/  215]
2023-01-10 18:19:51,639-INFO: loss: 0.985880  [  192/  215]
2023-01-10 18:19:59,296-INFO: loss: 1.105108  [  215/  215]
2023-01-10 18:21:09,365-INFO: Test Error: 
 Accuracy: 34.9%, Avg loss: 1.061339
2023-01-10 18:21:09,365-INFO: Start training the 14st epoch
2023-01-10 18:21:20,556-INFO: loss: 1.044361  [   32/  215]
2023-01-10 18:21:33,080-INFO: loss: 1.049381  [   64/  215]
2023-01-10 18:21:43,960-INFO: loss: 1.006030  [   96/  215]
2023-01-10 18:21:53,905-INFO: loss: 1.001010  [  128/  215]
2023-01-10 18:22:05,645-INFO: loss: 1.041034  [  160/  215]
2023-01-10 18:22:16,732-INFO: loss: 0.764478  [  192/  215]
2023-01-10 18:22:24,848-INFO: loss: 0.920876  [  215/  215]
2023-01-10 18:23:36,130-INFO: Test Error: 
 Accuracy: 64.2%, Avg loss: 0.875426
2023-01-10 18:23:37,250-INFO: vgg19_14 has been saved 

2023-01-10 18:23:37,250-INFO: Start training the 15st epoch
2023-01-10 18:23:47,830-INFO: loss: 0.878069  [   32/  215]
2023-01-10 18:23:58,414-INFO: loss: 0.820646  [   64/  215]
2023-01-10 18:24:09,247-INFO: loss: 0.696297  [   96/  215]
2023-01-10 18:24:20,715-INFO: loss: 1.160483  [  128/  215]
2023-01-10 18:24:33,677-INFO: loss: 1.139529  [  160/  215]
2023-01-10 18:24:46,214-INFO: loss: 1.724620  [  192/  215]
2023-01-10 18:24:55,512-INFO: loss: 1.401605  [  215/  215]
2023-01-10 18:26:06,526-INFO: Test Error: 
 Accuracy: 33.0%, Avg loss: 1.121979
2023-01-10 18:26:06,527-INFO: Start training the 16st epoch
2023-01-10 18:26:16,293-INFO: loss: 1.201822  [   32/  215]
2023-01-10 18:26:29,291-INFO: loss: 1.117530  [   64/  215]
2023-01-10 18:26:41,622-INFO: loss: 1.194342  [   96/  215]
2023-01-10 18:26:52,724-INFO: loss: 1.221086  [  128/  215]
2023-01-10 18:27:03,652-INFO: loss: 1.240941  [  160/  215]
2023-01-10 18:27:14,681-INFO: loss: 1.116558  [  192/  215]
2023-01-10 18:27:21,799-INFO: loss: 1.101462  [  215/  215]
2023-01-10 18:28:33,836-INFO: Test Error: 
 Accuracy: 35.3%, Avg loss: 0.999618
2023-01-10 18:28:33,837-INFO: Start training the 17st epoch
2023-01-10 18:28:45,455-INFO: loss: 1.099269  [   32/  215]
2023-01-10 18:28:55,875-INFO: loss: 1.051096  [   64/  215]
2023-01-10 18:29:09,217-INFO: loss: 1.046169  [   96/  215]
2023-01-10 18:29:20,964-INFO: loss: 1.097774  [  128/  215]
2023-01-10 18:29:32,621-INFO: loss: 1.102657  [  160/  215]
2023-01-10 18:29:44,201-INFO: loss: 1.009947  [  192/  215]
2023-01-10 18:29:53,463-INFO: loss: 1.058120  [  215/  215]
2023-01-10 18:31:06,190-INFO: Test Error: 
 Accuracy: 57.2%, Avg loss: 0.972382
2023-01-10 18:31:06,190-INFO: Start training the 18st epoch
2023-01-10 18:31:18,884-INFO: loss: 0.955759  [   32/  215]
2023-01-10 18:31:29,764-INFO: loss: 0.943740  [   64/  215]
2023-01-10 18:31:40,778-INFO: loss: 0.864781  [   96/  215]
2023-01-10 18:31:50,724-INFO: loss: 0.905713  [  128/  215]
2023-01-10 18:32:01,968-INFO: loss: 0.810217  [  160/  215]
2023-01-10 18:32:12,999-INFO: loss: 0.935484  [  192/  215]
2023-01-10 18:32:21,059-INFO: loss: 0.960483  [  215/  215]
2023-01-10 18:33:35,162-INFO: Test Error: 
 Accuracy: 60.9%, Avg loss: 0.845126
2023-01-10 18:33:35,162-INFO: Start training the 19st epoch
2023-01-10 18:33:47,888-INFO: loss: 0.948050  [   32/  215]
2023-01-10 18:33:59,470-INFO: loss: 0.975644  [   64/  215]
2023-01-10 18:34:11,121-INFO: loss: 0.802147  [   96/  215]
2023-01-10 18:34:22,095-INFO: loss: 0.539286  [  128/  215]
2023-01-10 18:34:33,572-INFO: loss: 1.830429  [  160/  215]
2023-01-10 18:34:45,320-INFO: loss: 1.151084  [  192/  215]
2023-01-10 18:34:54,160-INFO: loss: 1.932987  [  215/  215]
2023-01-10 18:36:05,155-INFO: Test Error: 
 Accuracy: 35.3%, Avg loss: 1.612772
2023-01-10 18:36:06,255-INFO: vgg19_19 has been saved 

2023-01-10 18:36:06,256-INFO: Start training the 20st epoch
2023-01-10 18:36:16,748-INFO: loss: 1.634061  [   32/  215]
2023-01-10 18:36:26,525-INFO: loss: 1.049411  [   64/  215]
2023-01-10 18:36:39,643-INFO: loss: 0.737815  [   96/  215]
2023-01-10 18:36:50,262-INFO: loss: 0.980597  [  128/  215]
2023-01-10 18:37:01,916-INFO: loss: 1.662741  [  160/  215]
2023-01-10 18:37:13,092-INFO: loss: 1.188756  [  192/  215]
2023-01-10 18:37:20,314-INFO: loss: 1.276546  [  215/  215]
2023-01-10 18:38:33,660-INFO: Test Error: 
 Accuracy: 37.7%, Avg loss: 1.076404
2023-01-10 18:38:33,661-INFO: Start training the 21st epoch
2023-01-10 18:38:45,081-INFO: loss: 1.112365  [   32/  215]
2023-01-10 18:38:55,375-INFO: loss: 1.086633  [   64/  215]
2023-01-10 18:39:07,703-INFO: loss: 0.962416  [   96/  215]
2023-01-10 18:39:17,789-INFO: loss: 0.942221  [  128/  215]
2023-01-10 18:39:30,066-INFO: loss: 0.785577  [  160/  215]
2023-01-10 18:39:42,026-INFO: loss: 1.046038  [  192/  215]
2023-01-10 18:39:50,058-INFO: loss: 1.174984  [  215/  215]
2023-01-10 18:41:07,224-INFO: Test Error: 
 Accuracy: 54.9%, Avg loss: 0.914207
2023-01-10 18:41:07,224-INFO: Start training the 22st epoch
2023-01-10 18:41:20,465-INFO: loss: 0.890169  [   32/  215]
2023-01-10 18:41:31,006-INFO: loss: 0.946354  [   64/  215]
2023-01-10 18:41:42,562-INFO: loss: 0.871864  [   96/  215]
2023-01-10 18:41:55,905-INFO: loss: 0.795677  [  128/  215]
2023-01-10 18:42:07,340-INFO: loss: 0.812960  [  160/  215]
2023-01-10 18:42:20,276-INFO: loss: 0.782723  [  192/  215]
2023-01-10 18:42:29,618-INFO: loss: 0.888416  [  215/  215]
2023-01-10 18:43:43,616-INFO: Test Error: 
 Accuracy: 67.4%, Avg loss: 0.839098
2023-01-10 18:43:43,616-INFO: Start training the 23st epoch
2023-01-10 18:43:55,267-INFO: loss: 0.954196  [   32/  215]
2023-01-10 18:44:05,684-INFO: loss: 0.627286  [   64/  215]
2023-01-10 18:44:18,865-INFO: loss: 1.451669  [   96/  215]
2023-01-10 18:44:31,089-INFO: loss: 0.757760  [  128/  215]
2023-01-10 18:44:42,146-INFO: loss: 1.446605  [  160/  215]
2023-01-10 18:44:54,533-INFO: loss: 1.199825  [  192/  215]
2023-01-10 18:45:01,958-INFO: loss: 0.781140  [  215/  215]
2023-01-10 18:46:13,699-INFO: Test Error: 
 Accuracy: 33.5%, Avg loss: 16.983544
2023-01-10 18:46:13,699-INFO: Start training the 24st epoch
2023-01-10 18:46:26,357-INFO: loss: 13.833460  [   32/  215]
2023-01-10 18:46:38,983-INFO: loss: 0.922828  [   64/  215]
2023-01-10 18:46:52,014-INFO: loss: 1.644377  [   96/  215]
2023-01-10 18:47:02,301-INFO: loss: 1.189590  [  128/  215]
2023-01-10 18:47:15,687-INFO: loss: 1.675936  [  160/  215]
2023-01-10 18:47:27,986-INFO: loss: 1.237430  [  192/  215]
2023-01-10 18:47:35,127-INFO: loss: 1.235736  [  215/  215]
2023-01-10 18:48:47,124-INFO: Test Error: 
 Accuracy: 33.5%, Avg loss: 1.134446
2023-01-10 18:48:48,244-INFO: vgg19_24 has been saved 

2023-01-10 18:48:48,245-INFO: Start training the 25st epoch
2023-01-10 18:48:59,071-INFO: loss: 1.308362  [   32/  215]
2023-01-10 18:49:09,114-INFO: loss: 1.126900  [   64/  215]
2023-01-10 18:49:22,022-INFO: loss: 1.093219  [   96/  215]
2023-01-10 18:49:32,852-INFO: loss: 1.198749  [  128/  215]
2023-01-10 18:49:44,518-INFO: loss: 1.102283  [  160/  215]
2023-01-10 18:49:55,333-INFO: loss: 1.699483  [  192/  215]
2023-01-10 18:50:03,139-INFO: loss: 1.628217  [  215/  215]
2023-01-10 18:51:14,238-INFO: Test Error: 
 Accuracy: 46.5%, Avg loss: 1.071330
2023-01-10 18:51:14,239-INFO: Start training the 26st epoch
2023-01-10 18:51:25,434-INFO: loss: 1.034737  [   32/  215]
2023-01-10 18:51:36,903-INFO: loss: 1.180977  [   64/  215]
2023-01-10 18:51:48,169-INFO: loss: 1.088601  [   96/  215]
2023-01-10 18:52:00,942-INFO: loss: 1.099549  [  128/  215]
2023-01-10 18:52:11,726-INFO: loss: 1.013944  [  160/  215]
2023-01-10 18:52:23,159-INFO: loss: 1.046821  [  192/  215]
2023-01-10 18:52:31,682-INFO: loss: 1.004400  [  215/  215]
2023-01-10 18:53:45,416-INFO: Test Error: 
 Accuracy: 62.8%, Avg loss: 0.891614
2023-01-10 18:53:45,416-INFO: Start training the 27st epoch
2023-01-10 18:53:58,008-INFO: loss: 0.919465  [   32/  215]
2023-01-10 18:54:09,799-INFO: loss: 0.682978  [   64/  215]
2023-01-10 18:54:22,551-INFO: loss: 0.755988  [   96/  215]
2023-01-10 18:54:32,920-INFO: loss: 0.766961  [  128/  215]
2023-01-10 18:54:43,142-INFO: loss: 0.790725  [  160/  215]
2023-01-10 18:54:52,956-INFO: loss: 0.838773  [  192/  215]
2023-01-10 18:54:59,892-INFO: loss: 0.879372  [  215/  215]
2023-01-10 18:56:12,945-INFO: Test Error: 
 Accuracy: 72.6%, Avg loss: 0.740253
2023-01-10 18:56:12,946-INFO: Start training the 28st epoch
2023-01-10 18:56:26,021-INFO: loss: 0.729692  [   32/  215]
2023-01-10 18:56:37,842-INFO: loss: 0.723436  [   64/  215]
2023-01-10 18:56:48,384-INFO: loss: 0.630328  [   96/  215]
2023-01-10 18:56:59,729-INFO: loss: 0.754660  [  128/  215]
2023-01-10 18:57:11,022-INFO: loss: 0.605128  [  160/  215]
2023-01-10 18:57:21,297-INFO: loss: 0.576882  [  192/  215]
2023-01-10 18:57:28,620-INFO: loss: 0.620037  [  215/  215]
2023-01-10 18:58:41,372-INFO: Test Error: 
 Accuracy: 74.4%, Avg loss: 0.581707
2023-01-10 18:58:41,373-INFO: Start training the 29st epoch
2023-01-10 18:58:53,828-INFO: loss: 0.456923  [   32/  215]
2023-01-10 18:59:05,457-INFO: loss: 0.968988  [   64/  215]
2023-01-10 18:59:17,358-INFO: loss: 1.128901  [   96/  215]
2023-01-10 18:59:29,926-INFO: loss: 0.771035  [  128/  215]
2023-01-10 18:59:42,848-INFO: loss: 0.634022  [  160/  215]
2023-01-10 18:59:54,194-INFO: loss: 0.616697  [  192/  215]
2023-01-10 19:00:01,517-INFO: loss: 0.600914  [  215/  215]
2023-01-10 19:01:17,657-INFO: Test Error: 
 Accuracy: 76.3%, Avg loss: 0.643789
2023-01-10 19:01:18,820-INFO: vgg19_29 has been saved 

