2023-01-10 12:40:44,166-INFO: Start training the 0st epoch
2023-01-10 12:40:58,833-INFO: loss: 1.731452  [   32/  215]
2023-01-10 12:41:09,239-INFO: loss: 8.512568  [   64/  215]
2023-01-10 12:41:20,710-INFO: loss: 2.883573  [   96/  215]
2023-01-10 12:41:31,463-INFO: loss: 1.473638  [  128/  215]
2023-01-10 12:41:41,653-INFO: loss: 2.642405  [  160/  215]
2023-01-10 12:41:52,194-INFO: loss: 1.128921  [  192/  215]
2023-01-10 12:41:59,489-INFO: loss: 1.185582  [  215/  215]
2023-01-10 12:43:08,498-INFO: Test Error: 
 Accuracy: 33.5%, Avg loss: 1.086737
2023-01-10 12:43:08,498-INFO: Start training the 1st epoch
2023-01-10 12:43:18,064-INFO: loss: 1.111481  [   32/  215]
2023-01-10 12:43:27,820-INFO: loss: 1.150019  [   64/  215]
2023-01-10 12:43:37,811-INFO: loss: 0.966707  [   96/  215]
2023-01-10 12:43:47,606-INFO: loss: 3.891250  [  128/  215]
2023-01-10 12:43:59,200-INFO: loss: 2.103934  [  160/  215]
2023-01-10 12:44:09,802-INFO: loss: 1.487659  [  192/  215]
2023-01-10 12:44:17,089-INFO: loss: 0.978098  [  215/  215]
2023-01-10 12:45:28,584-INFO: Test Error: 
 Accuracy: 33.5%, Avg loss: 1.322513
2023-01-10 12:45:28,585-INFO: Start training the 2st epoch
2023-01-10 12:45:39,398-INFO: loss: 1.436686  [   32/  215]
2023-01-10 12:45:49,993-INFO: loss: 1.095657  [   64/  215]
2023-01-10 12:46:00,362-INFO: loss: 1.236610  [   96/  215]
2023-01-10 12:46:10,506-INFO: loss: 1.093283  [  128/  215]
2023-01-10 12:46:21,116-INFO: loss: 1.077260  [  160/  215]
2023-01-10 12:46:31,554-INFO: loss: 1.075232  [  192/  215]
2023-01-10 12:46:39,068-INFO: loss: 1.118449  [  215/  215]
2023-01-10 12:47:49,803-INFO: Test Error: 
 Accuracy: 33.5%, Avg loss: 1.079821
2023-01-10 12:47:49,804-INFO: Start training the 3st epoch
2023-01-10 12:48:00,554-INFO: loss: 1.176664  [   32/  215]
2023-01-10 12:48:10,381-INFO: loss: 1.088073  [   64/  215]
2023-01-10 12:48:20,925-INFO: loss: 1.039768  [   96/  215]
2023-01-10 12:48:31,120-INFO: loss: 1.065485  [  128/  215]
2023-01-10 12:48:41,722-INFO: loss: 1.002177  [  160/  215]
2023-01-10 12:48:52,507-INFO: loss: 1.048351  [  192/  215]
2023-01-10 12:48:59,228-INFO: loss: 0.996382  [  215/  215]
2023-01-10 12:50:10,740-INFO: Test Error: 
 Accuracy: 68.4%, Avg loss: 0.852019
2023-01-10 12:50:10,740-INFO: Start training the 4st epoch
2023-01-10 12:50:22,096-INFO: loss: 0.945708  [   32/  215]
2023-01-10 12:50:33,136-INFO: loss: 1.023190  [   64/  215]
2023-01-10 12:50:44,733-INFO: loss: 0.839442  [   96/  215]
2023-01-10 12:50:56,482-INFO: loss: 1.128040  [  128/  215]
2023-01-10 12:51:07,957-INFO: loss: 0.808931  [  160/  215]
2023-01-10 12:51:19,898-INFO: loss: 0.861037  [  192/  215]
2023-01-10 12:51:27,598-INFO: loss: 1.664052  [  215/  215]
2023-01-10 12:52:40,260-INFO: Test Error: 
 Accuracy: 46.0%, Avg loss: 1.084561
2023-01-10 12:52:41,392-INFO: vgg13_4 has been saved 

2023-01-10 12:52:41,393-INFO: Start training the 5st epoch
2023-01-10 12:52:51,405-INFO: loss: 1.269790  [   32/  215]
2023-01-10 12:53:01,892-INFO: loss: 0.727715  [   64/  215]
2023-01-10 12:53:12,245-INFO: loss: 2.148643  [   96/  215]
2023-01-10 12:53:22,485-INFO: loss: 1.203412  [  128/  215]
2023-01-10 12:53:32,684-INFO: loss: 0.868126  [  160/  215]
2023-01-10 12:53:43,314-INFO: loss: 1.117196  [  192/  215]
2023-01-10 12:53:50,352-INFO: loss: 1.081888  [  215/  215]
2023-01-10 12:55:05,279-INFO: Test Error: 
 Accuracy: 51.6%, Avg loss: 0.859613
2023-01-10 12:55:05,280-INFO: Start training the 6st epoch
2023-01-10 12:55:16,205-INFO: loss: 0.844300  [   32/  215]
2023-01-10 12:55:26,799-INFO: loss: 11.646810  [   64/  215]
2023-01-10 12:55:37,045-INFO: loss: 1.467151  [   96/  215]
2023-01-10 12:55:47,401-INFO: loss: 1.449134  [  128/  215]
2023-01-10 12:55:57,771-INFO: loss: 1.128876  [  160/  215]
2023-01-10 12:56:08,382-INFO: loss: 1.113957  [  192/  215]
2023-01-10 12:56:16,953-INFO: loss: 1.336195  [  215/  215]
2023-01-10 12:57:28,440-INFO: Test Error: 
 Accuracy: 33.5%, Avg loss: 1.111884
2023-01-10 12:57:28,440-INFO: Start training the 7st epoch
2023-01-10 12:57:39,170-INFO: loss: 0.981450  [   32/  215]
2023-01-10 12:57:50,569-INFO: loss: 2.996339  [   64/  215]
2023-01-10 12:58:00,827-INFO: loss: 1.082092  [   96/  215]
2023-01-10 12:58:11,699-INFO: loss: 1.071644  [  128/  215]
2023-01-10 12:58:22,325-INFO: loss: 1.150602  [  160/  215]
2023-01-10 12:58:33,241-INFO: loss: 1.158434  [  192/  215]
2023-01-10 12:58:40,600-INFO: loss: 1.117854  [  215/  215]
2023-01-10 12:59:53,793-INFO: Test Error: 
 Accuracy: 47.9%, Avg loss: 0.986347
2023-01-10 12:59:53,793-INFO: Start training the 8st epoch
2023-01-10 13:00:04,457-INFO: loss: 0.974509  [   32/  215]
2023-01-10 13:00:15,522-INFO: loss: 0.948051  [   64/  215]
2023-01-10 13:00:25,920-INFO: loss: 1.848498  [   96/  215]
2023-01-10 13:00:36,323-INFO: loss: 0.846260  [  128/  215]
2023-01-10 13:00:47,101-INFO: loss: 1.066073  [  160/  215]
2023-01-10 13:00:57,500-INFO: loss: 1.199862  [  192/  215]
2023-01-10 13:01:05,003-INFO: loss: 0.852439  [  215/  215]
2023-01-10 13:02:18,556-INFO: Test Error: 
 Accuracy: 34.9%, Avg loss: 0.977659
2023-01-10 13:02:18,556-INFO: Start training the 9st epoch
2023-01-10 13:02:30,303-INFO: loss: 0.979362  [   32/  215]
2023-01-10 13:02:41,682-INFO: loss: 1.214438  [   64/  215]
2023-01-10 13:02:52,099-INFO: loss: 0.867004  [   96/  215]
2023-01-10 13:03:02,858-INFO: loss: 0.990116  [  128/  215]
2023-01-10 13:03:13,596-INFO: loss: 1.008091  [  160/  215]
2023-01-10 13:03:24,191-INFO: loss: 0.880004  [  192/  215]
2023-01-10 13:03:31,938-INFO: loss: 0.891571  [  215/  215]
2023-01-10 13:04:47,926-INFO: Test Error: 
 Accuracy: 36.7%, Avg loss: 0.896798
2023-01-10 13:04:49,221-INFO: vgg13_9 has been saved 

2023-01-10 13:04:49,222-INFO: Start training the 10st epoch
2023-01-10 13:04:59,952-INFO: loss: 0.807696  [   32/  215]
2023-01-10 13:05:10,600-INFO: loss: 0.831749  [   64/  215]
2023-01-10 13:05:20,825-INFO: loss: 0.858329  [   96/  215]
2023-01-10 13:05:31,028-INFO: loss: 0.900841  [  128/  215]
2023-01-10 13:05:41,431-INFO: loss: 0.643568  [  160/  215]
2023-01-10 13:05:51,238-INFO: loss: 0.558055  [  192/  215]
2023-01-10 13:05:58,897-INFO: loss: 0.719462  [  215/  215]
2023-01-10 13:07:11,670-INFO: Test Error: 
 Accuracy: 73.0%, Avg loss: 0.563624
2023-01-10 13:07:11,670-INFO: Start training the 11st epoch
2023-01-10 13:07:22,062-INFO: loss: 0.674050  [   32/  215]
2023-01-10 13:07:32,400-INFO: loss: 0.604898  [   64/  215]
2023-01-10 13:07:42,589-INFO: loss: 0.827112  [   96/  215]
2023-01-10 13:07:52,574-INFO: loss: 0.630370  [  128/  215]
2023-01-10 13:08:03,161-INFO: loss: 0.453794  [  160/  215]
2023-01-10 13:08:13,225-INFO: loss: 0.739187  [  192/  215]
2023-01-10 13:08:20,323-INFO: loss: 0.685757  [  215/  215]
2023-01-10 13:09:32,812-INFO: Test Error: 
 Accuracy: 70.7%, Avg loss: 0.513642
2023-01-10 13:09:32,812-INFO: Start training the 12st epoch
2023-01-10 13:09:43,149-INFO: loss: 0.416217  [   32/  215]
2023-01-10 13:09:53,557-INFO: loss: 0.520968  [   64/  215]
2023-01-10 13:10:03,770-INFO: loss: 0.537548  [   96/  215]
2023-01-10 13:10:13,947-INFO: loss: 0.727866  [  128/  215]
2023-01-10 13:10:24,271-INFO: loss: 0.412969  [  160/  215]
2023-01-10 13:10:34,538-INFO: loss: 0.464641  [  192/  215]
2023-01-10 13:10:41,791-INFO: loss: 0.574282  [  215/  215]
2023-01-10 13:11:53,179-INFO: Test Error: 
 Accuracy: 88.4%, Avg loss: 0.414756
2023-01-10 13:11:53,180-INFO: Start training the 13st epoch
2023-01-10 13:12:03,511-INFO: loss: 0.448263  [   32/  215]
2023-01-10 13:12:14,309-INFO: loss: 0.308040  [   64/  215]
2023-01-10 13:12:24,725-INFO: loss: 0.389015  [   96/  215]
2023-01-10 13:12:34,686-INFO: loss: 0.353934  [  128/  215]
2023-01-10 13:12:44,683-INFO: loss: 0.710765  [  160/  215]
2023-01-10 13:12:54,637-INFO: loss: 0.370084  [  192/  215]
2023-01-10 13:13:01,913-INFO: loss: 0.424235  [  215/  215]
2023-01-10 13:14:12,343-INFO: Test Error: 
 Accuracy: 92.6%, Avg loss: 0.379853
2023-01-10 13:14:12,343-INFO: Start training the 14st epoch
2023-01-10 13:14:23,072-INFO: loss: 0.484839  [   32/  215]
2023-01-10 13:14:34,079-INFO: loss: 0.180048  [   64/  215]
2023-01-10 13:14:44,865-INFO: loss: 1.674102  [   96/  215]
2023-01-10 13:14:55,807-INFO: loss: 1.192900  [  128/  215]
2023-01-10 13:15:06,447-INFO: loss: 1.277511  [  160/  215]
2023-01-10 13:15:17,171-INFO: loss: 1.894448  [  192/  215]
2023-01-10 13:15:24,740-INFO: loss: 1.012366  [  215/  215]
2023-01-10 13:16:36,307-INFO: Test Error: 
 Accuracy: 45.6%, Avg loss: 1.068579
2023-01-10 13:16:37,387-INFO: vgg13_14 has been saved 

2023-01-10 13:16:37,387-INFO: Start training the 15st epoch
2023-01-10 13:16:48,032-INFO: loss: 1.141198  [   32/  215]
2023-01-10 13:16:57,932-INFO: loss: 0.874522  [   64/  215]
2023-01-10 13:17:08,026-INFO: loss: 0.811672  [   96/  215]
2023-01-10 13:17:18,416-INFO: loss: 0.703273  [  128/  215]
2023-01-10 13:17:29,024-INFO: loss: 0.830928  [  160/  215]
2023-01-10 13:17:39,227-INFO: loss: 0.718832  [  192/  215]
2023-01-10 13:17:46,335-INFO: loss: 0.920211  [  215/  215]
2023-01-10 13:18:56,069-INFO: Test Error: 
 Accuracy: 77.2%, Avg loss: 0.707518
2023-01-10 13:18:56,070-INFO: Start training the 16st epoch
2023-01-10 13:19:07,385-INFO: loss: 0.644570  [   32/  215]
2023-01-10 13:19:18,179-INFO: loss: 0.680174  [   64/  215]
2023-01-10 13:19:28,741-INFO: loss: 0.669458  [   96/  215]
2023-01-10 13:19:39,381-INFO: loss: 0.581981  [  128/  215]
2023-01-10 13:19:49,323-INFO: loss: 0.421387  [  160/  215]
2023-01-10 13:19:59,969-INFO: loss: 0.444508  [  192/  215]
2023-01-10 13:20:07,195-INFO: loss: 0.393844  [  215/  215]
2023-01-10 13:21:18,823-INFO: Test Error: 
 Accuracy: 87.4%, Avg loss: 0.354688
2023-01-10 13:21:18,824-INFO: Start training the 17st epoch
2023-01-10 13:21:29,145-INFO: loss: 0.250128  [   32/  215]
2023-01-10 13:21:39,431-INFO: loss: 0.410099  [   64/  215]
2023-01-10 13:21:49,739-INFO: loss: 0.787372  [   96/  215]
2023-01-10 13:21:59,641-INFO: loss: 0.267522  [  128/  215]
2023-01-10 13:22:09,592-INFO: loss: 0.556748  [  160/  215]
2023-01-10 13:22:19,673-INFO: loss: 0.548224  [  192/  215]
2023-01-10 13:22:27,442-INFO: loss: 0.322414  [  215/  215]
2023-01-10 13:23:40,379-INFO: Test Error: 
 Accuracy: 77.2%, Avg loss: 0.528288
2023-01-10 13:23:40,379-INFO: Start training the 18st epoch
2023-01-10 13:23:50,706-INFO: loss: 0.624829  [   32/  215]
2023-01-10 13:24:01,144-INFO: loss: 0.394548  [   64/  215]
2023-01-10 13:24:12,246-INFO: loss: 0.480728  [   96/  215]
2023-01-10 13:24:22,648-INFO: loss: 0.574106  [  128/  215]
2023-01-10 13:24:33,067-INFO: loss: 0.604725  [  160/  215]
2023-01-10 13:24:43,686-INFO: loss: 0.422256  [  192/  215]
2023-01-10 13:24:50,608-INFO: loss: 0.673760  [  215/  215]
2023-01-10 13:26:04,138-INFO: Test Error: 
 Accuracy: 84.7%, Avg loss: 0.413433
2023-01-10 13:26:04,139-INFO: Start training the 19st epoch
2023-01-10 13:26:14,294-INFO: loss: 0.547829  [   32/  215]
2023-01-10 13:26:24,656-INFO: loss: 0.422074  [   64/  215]
2023-01-10 13:26:35,663-INFO: loss: 0.323646  [   96/  215]
2023-01-10 13:26:46,000-INFO: loss: 0.287389  [  128/  215]
2023-01-10 13:26:56,794-INFO: loss: 0.372093  [  160/  215]
2023-01-10 13:27:06,853-INFO: loss: 0.135679  [  192/  215]
2023-01-10 13:27:13,910-INFO: loss: 0.242180  [  215/  215]
2023-01-10 13:28:23,300-INFO: Test Error: 
 Accuracy: 91.6%, Avg loss: 0.242396
2023-01-10 13:28:24,352-INFO: vgg13_19 has been saved 

2023-01-10 13:28:24,352-INFO: Start training the 20st epoch
2023-01-10 13:28:34,865-INFO: loss: 0.163903  [   32/  215]
2023-01-10 13:28:45,043-INFO: loss: 0.217110  [   64/  215]
2023-01-10 13:28:55,576-INFO: loss: 0.080035  [   96/  215]
2023-01-10 13:29:06,137-INFO: loss: 0.851972  [  128/  215]
2023-01-10 13:29:16,333-INFO: loss: 0.355244  [  160/  215]
2023-01-10 13:29:26,806-INFO: loss: 0.825667  [  192/  215]
2023-01-10 13:29:34,918-INFO: loss: 0.237771  [  215/  215]
2023-01-10 13:30:49,056-INFO: Test Error: 
 Accuracy: 96.7%, Avg loss: 0.188661
2023-01-10 13:30:49,056-INFO: Start training the 21st epoch
2023-01-10 13:30:59,705-INFO: loss: 0.179546  [   32/  215]
2023-01-10 13:31:09,974-INFO: loss: 0.351754  [   64/  215]
2023-01-10 13:31:20,183-INFO: loss: 0.293290  [   96/  215]
2023-01-10 13:31:30,152-INFO: loss: 0.181779  [  128/  215]
2023-01-10 13:31:40,563-INFO: loss: 0.259544  [  160/  215]
2023-01-10 13:31:50,970-INFO: loss: 0.172278  [  192/  215]
2023-01-10 13:31:58,621-INFO: loss: 0.292895  [  215/  215]
2023-01-10 13:33:08,003-INFO: Test Error: 
 Accuracy: 96.3%, Avg loss: 0.161709
2023-01-10 13:33:08,004-INFO: Start training the 22st epoch
2023-01-10 13:33:18,530-INFO: loss: 0.214328  [   32/  215]
2023-01-10 13:33:28,936-INFO: loss: 0.170776  [   64/  215]
2023-01-10 13:33:39,744-INFO: loss: 0.396418  [   96/  215]
2023-01-10 13:33:50,725-INFO: loss: 0.143634  [  128/  215]
2023-01-10 13:34:01,118-INFO: loss: 0.122391  [  160/  215]
2023-01-10 13:34:11,722-INFO: loss: 0.110245  [  192/  215]
2023-01-10 13:34:18,805-INFO: loss: 0.105839  [  215/  215]
2023-01-10 13:35:31,967-INFO: Test Error: 
 Accuracy: 96.7%, Avg loss: 0.113211
2023-01-10 13:35:31,967-INFO: Start training the 23st epoch
2023-01-10 13:35:42,289-INFO: loss: 0.030051  [   32/  215]
2023-01-10 13:35:52,640-INFO: loss: 0.225311  [   64/  215]
2023-01-10 13:36:03,095-INFO: loss: 0.026934  [   96/  215]
2023-01-10 13:36:13,144-INFO: loss: 0.005306  [  128/  215]
2023-01-10 13:36:23,880-INFO: loss: 0.621962  [  160/  215]
2023-01-10 13:36:34,311-INFO: loss: 0.002030  [  192/  215]
2023-01-10 13:36:41,469-INFO: loss: 0.492599  [  215/  215]
2023-01-10 13:37:51,328-INFO: Test Error: 
 Accuracy: 98.1%, Avg loss: 0.090021
2023-01-10 13:37:51,329-INFO: Start training the 24st epoch
2023-01-10 13:38:02,459-INFO: loss: 0.021689  [   32/  215]
2023-01-10 13:38:13,456-INFO: loss: 0.008825  [   64/  215]
2023-01-10 13:38:24,252-INFO: loss: 0.163203  [   96/  215]
2023-01-10 13:38:34,439-INFO: loss: 0.215908  [  128/  215]
2023-01-10 13:38:44,858-INFO: loss: 0.149791  [  160/  215]
2023-01-10 13:38:55,034-INFO: loss: 0.037780  [  192/  215]
2023-01-10 13:39:02,227-INFO: loss: 0.035382  [  215/  215]
2023-01-10 13:40:13,086-INFO: Test Error: 
 Accuracy: 98.6%, Avg loss: 0.064689
2023-01-10 13:40:14,212-INFO: vgg13_24 has been saved 

2023-01-10 13:40:14,213-INFO: Start training the 25st epoch
2023-01-10 13:40:24,742-INFO: loss: 0.025219  [   32/  215]
2023-01-10 13:40:34,865-INFO: loss: 0.122843  [   64/  215]
2023-01-10 13:40:44,526-INFO: loss: 0.021624  [   96/  215]
2023-01-10 13:40:54,346-INFO: loss: 0.129345  [  128/  215]
2023-01-10 13:41:04,824-INFO: loss: 0.008212  [  160/  215]
2023-01-10 13:41:15,200-INFO: loss: 0.036602  [  192/  215]
2023-01-10 13:41:22,680-INFO: loss: 0.244772  [  215/  215]
2023-01-10 13:42:33,645-INFO: Test Error: 
 Accuracy: 97.7%, Avg loss: 0.108755
2023-01-10 13:42:33,646-INFO: Start training the 26st epoch
2023-01-10 13:42:44,189-INFO: loss: 0.052175  [   32/  215]
2023-01-10 13:42:55,376-INFO: loss: 0.031096  [   64/  215]
2023-01-10 13:43:05,996-INFO: loss: 0.018680  [   96/  215]
2023-01-10 13:43:16,175-INFO: loss: 0.186811  [  128/  215]
2023-01-10 13:43:26,758-INFO: loss: 0.229038  [  160/  215]
2023-01-10 13:43:36,690-INFO: loss: 0.322165  [  192/  215]
2023-01-10 13:43:43,791-INFO: loss: 0.321185  [  215/  215]
2023-01-10 13:44:54,203-INFO: Test Error: 
 Accuracy: 97.7%, Avg loss: 0.103993
2023-01-10 13:44:54,204-INFO: Start training the 27st epoch
2023-01-10 13:45:04,496-INFO: loss: 0.051988  [   32/  215]
2023-01-10 13:45:14,725-INFO: loss: 0.281113  [   64/  215]
2023-01-10 13:45:24,937-INFO: loss: 0.316209  [   96/  215]
2023-01-10 13:45:34,519-INFO: loss: 0.221854  [  128/  215]
2023-01-10 13:45:45,117-INFO: loss: 0.277167  [  160/  215]
2023-01-10 13:45:55,893-INFO: loss: 0.182774  [  192/  215]
2023-01-10 13:46:03,626-INFO: loss: 0.141467  [  215/  215]
2023-01-10 13:47:16,122-INFO: Test Error: 
 Accuracy: 92.1%, Avg loss: 0.215515
2023-01-10 13:47:16,123-INFO: Start training the 28st epoch
2023-01-10 13:47:26,869-INFO: loss: 0.080413  [   32/  215]
2023-01-10 13:47:38,090-INFO: loss: 0.112773  [   64/  215]
2023-01-10 13:47:49,074-INFO: loss: 0.198914  [   96/  215]
2023-01-10 13:47:59,253-INFO: loss: 0.253544  [  128/  215]
2023-01-10 13:48:09,797-INFO: loss: 0.133586  [  160/  215]
2023-01-10 13:48:20,672-INFO: loss: 0.198471  [  192/  215]
2023-01-10 13:48:27,658-INFO: loss: 0.459296  [  215/  215]
2023-01-10 13:49:38,931-INFO: Test Error: 
 Accuracy: 87.9%, Avg loss: 0.298671
2023-01-10 13:49:38,932-INFO: Start training the 29st epoch
2023-01-10 13:49:49,651-INFO: loss: 0.102752  [   32/  215]
2023-01-10 13:50:00,052-INFO: loss: 0.586182  [   64/  215]
2023-01-10 13:50:10,026-INFO: loss: 0.176585  [   96/  215]
2023-01-10 13:50:20,039-INFO: loss: 0.255544  [  128/  215]
2023-01-10 13:50:30,840-INFO: loss: 0.050302  [  160/  215]
2023-01-10 13:50:41,027-INFO: loss: 0.087053  [  192/  215]
2023-01-10 13:50:48,448-INFO: loss: 0.038854  [  215/  215]
2023-01-10 13:51:59,271-INFO: Test Error: 
 Accuracy: 96.3%, Avg loss: 0.143138
2023-01-10 13:52:00,144-INFO: vgg13_29 has been saved 

2023-01-10 13:52:01,327-INFO: Start training the 0st epoch
2023-01-10 13:52:11,296-INFO: loss: 1.113336  [   32/  215]
2023-01-10 13:52:21,873-INFO: loss: 28.957891  [   64/  215]
2023-01-10 13:52:32,855-INFO: loss: 2.035558  [   96/  215]
2023-01-10 13:52:43,967-INFO: loss: 20.634441  [  128/  215]
2023-01-10 13:52:54,357-INFO: loss: 1.497858  [  160/  215]
2023-01-10 13:53:04,953-INFO: loss: 3.811686  [  192/  215]
2023-01-10 13:53:12,153-INFO: loss: 1.084105  [  215/  215]
2023-01-10 13:54:21,193-INFO: Test Error: 
 Accuracy: 51.6%, Avg loss: 1.097916
2023-01-10 13:54:21,193-INFO: Start training the 1st epoch
2023-01-10 13:54:31,568-INFO: loss: 1.089086  [   32/  215]
2023-01-10 13:54:41,674-INFO: loss: 1.233961  [   64/  215]
2023-01-10 13:54:51,693-INFO: loss: 18.617455  [   96/  215]
2023-01-10 13:55:01,716-INFO: loss: 1.116294  [  128/  215]
2023-01-10 13:55:12,028-INFO: loss: 1.083272  [  160/  215]
2023-01-10 13:55:22,505-INFO: loss: 1.093107  [  192/  215]
2023-01-10 13:55:29,948-INFO: loss: 1.137151  [  215/  215]
2023-01-10 13:56:39,382-INFO: Test Error: 
 Accuracy: 33.5%, Avg loss: 1.103512
2023-01-10 13:56:39,382-INFO: Start training the 2st epoch
2023-01-10 13:56:50,083-INFO: loss: 1.148159  [   32/  215]
2023-01-10 13:57:01,135-INFO: loss: 1.137437  [   64/  215]
2023-01-10 13:57:11,730-INFO: loss: 1.060354  [   96/  215]
2023-01-10 13:57:22,477-INFO: loss: 0.995635  [  128/  215]
2023-01-10 13:57:33,182-INFO: loss: 2.806784  [  160/  215]
2023-01-10 13:57:43,490-INFO: loss: 1.063006  [  192/  215]
2023-01-10 13:57:50,726-INFO: loss: 1.136375  [  215/  215]
2023-01-10 13:59:02,149-INFO: Test Error: 
 Accuracy: 33.0%, Avg loss: 1.277095
2023-01-10 13:59:02,149-INFO: Start training the 3st epoch
2023-01-10 13:59:12,642-INFO: loss: 1.301027  [   32/  215]
2023-01-10 13:59:22,891-INFO: loss: 2.259813  [   64/  215]
2023-01-10 13:59:33,234-INFO: loss: 1.054491  [   96/  215]
2023-01-10 13:59:43,040-INFO: loss: 1.069729  [  128/  215]
2023-01-10 13:59:53,875-INFO: loss: 1.070006  [  160/  215]
2023-01-10 14:00:04,260-INFO: loss: 1.703414  [  192/  215]
2023-01-10 14:00:11,592-INFO: loss: 1.539585  [  215/  215]
2023-01-10 14:01:22,908-INFO: Test Error: 
 Accuracy: 33.0%, Avg loss: 1.206032
2023-01-10 14:01:22,909-INFO: Start training the 4st epoch
2023-01-10 14:01:33,710-INFO: loss: 1.328847  [   32/  215]
2023-01-10 14:01:44,829-INFO: loss: 1.080110  [   64/  215]
2023-01-10 14:01:55,573-INFO: loss: 1.004376  [   96/  215]
2023-01-10 14:02:06,004-INFO: loss: 1.032655  [  128/  215]
2023-01-10 14:02:17,005-INFO: loss: 1.052172  [  160/  215]
2023-01-10 14:02:27,390-INFO: loss: 0.993747  [  192/  215]
2023-01-10 14:02:34,491-INFO: loss: 0.982619  [  215/  215]
2023-01-10 14:03:46,854-INFO: Test Error: 
 Accuracy: 33.5%, Avg loss: 1.024640
2023-01-10 14:03:47,999-INFO: vgg16_4 has been saved 

2023-01-10 14:03:47,999-INFO: Start training the 5st epoch
2023-01-10 14:03:58,326-INFO: loss: 1.081815  [   32/  215]
2023-01-10 14:04:08,702-INFO: loss: 0.905603  [   64/  215]
2023-01-10 14:04:18,741-INFO: loss: 1.202314  [   96/  215]
2023-01-10 14:04:29,208-INFO: loss: 0.991932  [  128/  215]
2023-01-10 14:04:39,778-INFO: loss: 0.976479  [  160/  215]
2023-01-10 14:04:50,245-INFO: loss: 0.696388  [  192/  215]
2023-01-10 14:04:58,024-INFO: loss: 0.862238  [  215/  215]
2023-01-10 14:06:07,824-INFO: Test Error: 
 Accuracy: 33.5%, Avg loss: 1.174788
2023-01-10 14:06:07,825-INFO: Start training the 6st epoch
2023-01-10 14:06:18,312-INFO: loss: 1.151430  [   32/  215]
2023-01-10 14:06:29,079-INFO: loss: 0.888312  [   64/  215]
2023-01-10 14:06:39,766-INFO: loss: 1.154351  [   96/  215]
2023-01-10 14:06:49,490-INFO: loss: 1.061482  [  128/  215]
2023-01-10 14:06:59,780-INFO: loss: 0.791514  [  160/  215]
2023-01-10 14:07:10,325-INFO: loss: 0.812504  [  192/  215]
2023-01-10 14:07:17,393-INFO: loss: 1.027379  [  215/  215]
2023-01-10 14:08:28,785-INFO: Test Error: 
 Accuracy: 19.5%, Avg loss: 1.360626
2023-01-10 14:08:28,785-INFO: Start training the 7st epoch
2023-01-10 14:08:39,483-INFO: loss: 1.197435  [   32/  215]
2023-01-10 14:08:50,475-INFO: loss: 0.870658  [   64/  215]
2023-01-10 14:09:01,281-INFO: loss: 0.871957  [   96/  215]
2023-01-10 14:09:12,156-INFO: loss: 0.989739  [  128/  215]
2023-01-10 14:09:23,126-INFO: loss: 0.808648  [  160/  215]
2023-01-10 14:09:32,998-INFO: loss: 0.845109  [  192/  215]
2023-01-10 14:09:40,249-INFO: loss: 0.778880  [  215/  215]
2023-01-10 14:10:52,541-INFO: Test Error: 
 Accuracy: 57.7%, Avg loss: 0.761048
2023-01-10 14:10:52,542-INFO: Start training the 8st epoch
2023-01-10 14:11:03,439-INFO: loss: 0.806111  [   32/  215]
2023-01-10 14:11:13,627-INFO: loss: 0.832540  [   64/  215]
2023-01-10 14:11:24,305-INFO: loss: 0.620180  [   96/  215]
2023-01-10 14:11:34,843-INFO: loss: 0.534705  [  128/  215]
2023-01-10 14:11:45,264-INFO: loss: 0.471709  [  160/  215]
2023-01-10 14:11:55,396-INFO: loss: 0.850090  [  192/  215]
2023-01-10 14:12:02,208-INFO: loss: 1.201025  [  215/  215]
2023-01-10 14:13:13,897-INFO: Test Error: 
 Accuracy: 44.7%, Avg loss: 1.193789
2023-01-10 14:13:13,897-INFO: Start training the 9st epoch
2023-01-10 14:13:24,195-INFO: loss: 0.963885  [   32/  215]
2023-01-10 14:13:35,200-INFO: loss: 0.876649  [   64/  215]
2023-01-10 14:13:45,714-INFO: loss: 0.695686  [   96/  215]
2023-01-10 14:13:55,670-INFO: loss: 1.002696  [  128/  215]
2023-01-10 14:14:06,067-INFO: loss: 0.732536  [  160/  215]
2023-01-10 14:14:16,626-INFO: loss: 0.760318  [  192/  215]
2023-01-10 14:14:24,065-INFO: loss: 0.838415  [  215/  215]
2023-01-10 14:15:35,038-INFO: Test Error: 
 Accuracy: 67.0%, Avg loss: 0.735651
2023-01-10 14:15:36,353-INFO: vgg16_9 has been saved 

2023-01-10 14:15:36,353-INFO: Start training the 10st epoch
2023-01-10 14:15:47,338-INFO: loss: 0.782680  [   32/  215]
2023-01-10 14:15:58,732-INFO: loss: 0.873884  [   64/  215]
2023-01-10 14:16:09,466-INFO: loss: 0.641828  [   96/  215]
2023-01-10 14:16:19,927-INFO: loss: 0.525363  [  128/  215]
2023-01-10 14:16:30,089-INFO: loss: 0.879363  [  160/  215]
2023-01-10 14:16:40,493-INFO: loss: 0.693636  [  192/  215]
2023-01-10 14:16:47,895-INFO: loss: 0.730446  [  215/  215]
2023-01-10 14:17:58,417-INFO: Test Error: 
 Accuracy: 52.1%, Avg loss: 0.792804
2023-01-10 14:17:58,417-INFO: Start training the 11st epoch
2023-01-10 14:18:08,770-INFO: loss: 0.795807  [   32/  215]
2023-01-10 14:18:19,490-INFO: loss: 0.691783  [   64/  215]
2023-01-10 14:18:29,887-INFO: loss: 1.320474  [   96/  215]
2023-01-10 14:18:40,499-INFO: loss: 0.698302  [  128/  215]
2023-01-10 14:18:51,085-INFO: loss: 0.925361  [  160/  215]
2023-01-10 14:19:01,531-INFO: loss: 0.897587  [  192/  215]
2023-01-10 14:19:08,722-INFO: loss: 0.619273  [  215/  215]
2023-01-10 14:20:22,184-INFO: Test Error: 
 Accuracy: 75.3%, Avg loss: 0.610834
2023-01-10 14:20:22,185-INFO: Start training the 12st epoch
2023-01-10 14:20:33,479-INFO: loss: 0.504721  [   32/  215]
2023-01-10 14:20:44,862-INFO: loss: 0.465943  [   64/  215]
2023-01-10 14:20:56,050-INFO: loss: 1.071533  [   96/  215]
2023-01-10 14:21:06,787-INFO: loss: 0.716496  [  128/  215]
2023-01-10 14:21:17,511-INFO: loss: 0.552960  [  160/  215]
2023-01-10 14:21:27,959-INFO: loss: 0.855082  [  192/  215]
2023-01-10 14:21:35,131-INFO: loss: 0.977007  [  215/  215]
2023-01-10 14:22:44,718-INFO: Test Error: 
 Accuracy: 66.5%, Avg loss: 0.793527
2023-01-10 14:22:44,718-INFO: Start training the 13st epoch
2023-01-10 14:22:55,364-INFO: loss: 0.902819  [   32/  215]
2023-01-10 14:23:05,803-INFO: loss: 0.608683  [   64/  215]
2023-01-10 14:23:16,228-INFO: loss: 0.796134  [   96/  215]
2023-01-10 14:23:26,573-INFO: loss: 0.719379  [  128/  215]
2023-01-10 14:23:37,107-INFO: loss: 0.754612  [  160/  215]
2023-01-10 14:23:47,503-INFO: loss: 0.641246  [  192/  215]
2023-01-10 14:23:54,901-INFO: loss: 0.606603  [  215/  215]
2023-01-10 14:25:09,090-INFO: Test Error: 
 Accuracy: 80.5%, Avg loss: 0.587574
2023-01-10 14:25:09,090-INFO: Start training the 14st epoch
2023-01-10 14:25:20,174-INFO: loss: 0.637900  [   32/  215]
2023-01-10 14:25:30,806-INFO: loss: 0.572215  [   64/  215]
2023-01-10 14:25:41,668-INFO: loss: 0.558461  [   96/  215]
2023-01-10 14:25:51,843-INFO: loss: 0.561029  [  128/  215]
2023-01-10 14:26:02,643-INFO: loss: 0.532749  [  160/  215]
2023-01-10 14:26:13,469-INFO: loss: 0.211480  [  192/  215]
2023-01-10 14:26:20,472-INFO: loss: 0.782954  [  215/  215]
2023-01-10 14:27:32,238-INFO: Test Error: 
 Accuracy: 82.8%, Avg loss: 0.562749
2023-01-10 14:27:33,406-INFO: vgg16_14 has been saved 

2023-01-10 14:27:33,407-INFO: Start training the 15st epoch
2023-01-10 14:27:43,225-INFO: loss: 0.697983  [   32/  215]
2023-01-10 14:27:53,921-INFO: loss: 0.385503  [   64/  215]
2023-01-10 14:28:04,564-INFO: loss: 2.035683  [   96/  215]
2023-01-10 14:28:14,319-INFO: loss: 2.608784  [  128/  215]
2023-01-10 14:28:24,733-INFO: loss: 1.952901  [  160/  215]
2023-01-10 14:28:35,369-INFO: loss: 0.555204  [  192/  215]
2023-01-10 14:28:42,484-INFO: loss: 0.948661  [  215/  215]
2023-01-10 14:29:55,423-INFO: Test Error: 
 Accuracy: 44.2%, Avg loss: 1.137901
2023-01-10 14:29:55,424-INFO: Start training the 16st epoch
2023-01-10 14:30:06,854-INFO: loss: 0.718633  [   32/  215]
2023-01-10 14:30:17,456-INFO: loss: 1.192352  [   64/  215]
2023-01-10 14:30:27,846-INFO: loss: 0.785002  [   96/  215]
2023-01-10 14:30:37,590-INFO: loss: 0.867412  [  128/  215]
2023-01-10 14:30:48,175-INFO: loss: 0.730883  [  160/  215]
2023-01-10 14:30:59,201-INFO: loss: 1.066730  [  192/  215]
2023-01-10 14:31:06,707-INFO: loss: 0.655167  [  215/  215]
2023-01-10 14:32:18,758-INFO: Test Error: 
 Accuracy: 55.3%, Avg loss: 0.788854
2023-01-10 14:32:18,759-INFO: Start training the 17st epoch
2023-01-10 14:32:29,427-INFO: loss: 0.780343  [   32/  215]
2023-01-10 14:32:40,452-INFO: loss: 0.618027  [   64/  215]
2023-01-10 14:32:51,136-INFO: loss: 0.845808  [   96/  215]
2023-01-10 14:33:01,058-INFO: loss: 0.822429  [  128/  215]
2023-01-10 14:33:11,846-INFO: loss: 0.696787  [  160/  215]
2023-01-10 14:33:22,622-INFO: loss: 0.810059  [  192/  215]
2023-01-10 14:33:30,094-INFO: loss: 0.796302  [  215/  215]
2023-01-10 14:34:43,721-INFO: Test Error: 
 Accuracy: 84.7%, Avg loss: 0.702222
2023-01-10 14:34:43,721-INFO: Start training the 18st epoch
2023-01-10 14:34:55,022-INFO: loss: 0.772517  [   32/  215]
2023-01-10 14:35:05,821-INFO: loss: 0.818645  [   64/  215]
2023-01-10 14:35:17,004-INFO: loss: 0.704907  [   96/  215]
2023-01-10 14:35:27,359-INFO: loss: 0.538783  [  128/  215]
2023-01-10 14:35:37,978-INFO: loss: 0.813282  [  160/  215]
2023-01-10 14:35:49,106-INFO: loss: 6.508144  [  192/  215]
2023-01-10 14:35:56,059-INFO: loss: 0.686987  [  215/  215]
2023-01-10 14:37:09,479-INFO: Test Error: 
 Accuracy: 46.0%, Avg loss: 1.357611
2023-01-10 14:37:09,480-INFO: Start training the 19st epoch
2023-01-10 14:37:19,590-INFO: loss: 1.866220  [   32/  215]
2023-01-10 14:37:30,764-INFO: loss: 1.743568  [   64/  215]
2023-01-10 14:37:41,342-INFO: loss: 1.017832  [   96/  215]
2023-01-10 14:37:51,745-INFO: loss: 1.044253  [  128/  215]
2023-01-10 14:38:02,762-INFO: loss: 1.040239  [  160/  215]
2023-01-10 14:38:13,947-INFO: loss: 1.889476  [  192/  215]
2023-01-10 14:38:22,260-INFO: loss: 1.104207  [  215/  215]
2023-01-10 14:39:38,229-INFO: Test Error: 
 Accuracy: 33.5%, Avg loss: 1.105512
2023-01-10 14:39:39,656-INFO: vgg16_19 has been saved 

2023-01-10 14:39:39,656-INFO: Start training the 20st epoch
2023-01-10 14:39:50,475-INFO: loss: 1.121057  [   32/  215]
2023-01-10 14:40:01,708-INFO: loss: 1.113852  [   64/  215]
2023-01-10 14:40:12,243-INFO: loss: 1.105914  [   96/  215]
2023-01-10 14:40:22,367-INFO: loss: 1.096341  [  128/  215]
2023-01-10 14:40:32,685-INFO: loss: 1.102110  [  160/  215]
2023-01-10 14:40:43,341-INFO: loss: 1.068960  [  192/  215]
2023-01-10 14:40:50,576-INFO: loss: 1.078081  [  215/  215]
2023-01-10 14:42:03,169-INFO: Test Error: 
 Accuracy: 33.0%, Avg loss: 1.081478
2023-01-10 14:42:03,170-INFO: Start training the 21st epoch
2023-01-10 14:42:14,078-INFO: loss: 1.030228  [   32/  215]
2023-01-10 14:42:25,097-INFO: loss: 1.245537  [   64/  215]
2023-01-10 14:42:36,288-INFO: loss: 1.160468  [   96/  215]
2023-01-10 14:42:46,447-INFO: loss: 1.101593  [  128/  215]
2023-01-10 14:42:57,269-INFO: loss: 1.256991  [  160/  215]
2023-01-10 14:43:07,958-INFO: loss: 1.105802  [  192/  215]
2023-01-10 14:43:15,337-INFO: loss: 1.052007  [  215/  215]
2023-01-10 14:44:28,146-INFO: Test Error: 
 Accuracy: 33.0%, Avg loss: 2.977997
2023-01-10 14:44:28,146-INFO: Start training the 22st epoch
2023-01-10 14:44:38,841-INFO: loss: 3.041849  [   32/  215]
2023-01-10 14:44:49,358-INFO: loss: 1.106927  [   64/  215]
2023-01-10 14:44:59,404-INFO: loss: 1.099732  [   96/  215]
2023-01-10 14:45:09,619-INFO: loss: 1.117946  [  128/  215]
2023-01-10 14:45:20,122-INFO: loss: 1.116722  [  160/  215]
2023-01-10 14:45:30,593-INFO: loss: 1.117987  [  192/  215]
2023-01-10 14:45:37,849-INFO: loss: 1.097690  [  215/  215]
2023-01-10 14:46:49,103-INFO: Test Error: 
 Accuracy: 33.5%, Avg loss: 1.089828
2023-01-10 14:46:49,104-INFO: Start training the 23st epoch
2023-01-10 14:46:59,991-INFO: loss: 1.086360  [   32/  215]
2023-01-10 14:47:10,403-INFO: loss: 1.089580  [   64/  215]
2023-01-10 14:47:20,557-INFO: loss: 1.114974  [   96/  215]
2023-01-10 14:47:30,971-INFO: loss: 1.133058  [  128/  215]
2023-01-10 14:47:41,275-INFO: loss: 1.099335  [  160/  215]
2023-01-10 14:47:51,730-INFO: loss: 1.074485  [  192/  215]
2023-01-10 14:47:59,339-INFO: loss: 1.062284  [  215/  215]
2023-01-10 14:49:09,859-INFO: Test Error: 
 Accuracy: 72.6%, Avg loss: 1.049052
2023-01-10 14:49:09,859-INFO: Start training the 24st epoch
2023-01-10 14:49:20,934-INFO: loss: 1.075923  [   32/  215]
2023-01-10 14:49:32,133-INFO: loss: 1.055330  [   64/  215]
2023-01-10 14:49:42,547-INFO: loss: 1.016510  [   96/  215]
2023-01-10 14:49:52,975-INFO: loss: 1.212452  [  128/  215]
2023-01-10 14:50:03,481-INFO: loss: 1.116544  [  160/  215]
2023-01-10 14:50:13,945-INFO: loss: 1.120611  [  192/  215]
2023-01-10 14:50:21,231-INFO: loss: 1.034305  [  215/  215]
2023-01-10 14:51:35,612-INFO: Test Error: 
 Accuracy: 54.0%, Avg loss: 1.008620
2023-01-10 14:51:36,857-INFO: vgg16_24 has been saved 

2023-01-10 14:51:36,858-INFO: Start training the 25st epoch
2023-01-10 14:51:46,867-INFO: loss: 1.040831  [   32/  215]
2023-01-10 14:51:57,235-INFO: loss: 1.015584  [   64/  215]
2023-01-10 14:52:07,919-INFO: loss: 1.032053  [   96/  215]
2023-01-10 14:52:18,207-INFO: loss: 1.126279  [  128/  215]
2023-01-10 14:52:28,149-INFO: loss: 1.091409  [  160/  215]
2023-01-10 14:52:38,877-INFO: loss: 1.000275  [  192/  215]
2023-01-10 14:52:46,582-INFO: loss: 0.996230  [  215/  215]
2023-01-10 14:53:58,383-INFO: Test Error: 
 Accuracy: 52.1%, Avg loss: 0.987398
2023-01-10 14:53:58,383-INFO: Start training the 26st epoch
2023-01-10 14:54:09,159-INFO: loss: 0.936479  [   32/  215]
2023-01-10 14:54:20,676-INFO: loss: 1.055735  [   64/  215]
2023-01-10 14:54:31,356-INFO: loss: 0.882704  [   96/  215]
2023-01-10 14:54:41,391-INFO: loss: 1.049125  [  128/  215]
2023-01-10 14:54:52,412-INFO: loss: 1.107390  [  160/  215]
2023-01-10 14:55:03,200-INFO: loss: 1.276654  [  192/  215]
2023-01-10 14:55:10,557-INFO: loss: 1.227764  [  215/  215]
2023-01-10 14:56:22,547-INFO: Test Error: 
 Accuracy: 33.5%, Avg loss: 1.073440
2023-01-10 14:56:22,547-INFO: Start training the 27st epoch
2023-01-10 14:56:33,023-INFO: loss: 1.166543  [   32/  215]
2023-01-10 14:56:43,487-INFO: loss: 1.228831  [   64/  215]
2023-01-10 14:56:53,795-INFO: loss: 1.443400  [   96/  215]
2023-01-10 14:57:03,784-INFO: loss: 1.105641  [  128/  215]
2023-01-10 14:57:14,188-INFO: loss: 1.093222  [  160/  215]
2023-01-10 14:57:24,431-INFO: loss: 1.031816  [  192/  215]
2023-01-10 14:57:31,417-INFO: loss: 1.181416  [  215/  215]
2023-01-10 14:58:44,688-INFO: Test Error: 
 Accuracy: 57.2%, Avg loss: 0.994083
2023-01-10 14:58:44,688-INFO: Start training the 28st epoch
2023-01-10 14:58:55,087-INFO: loss: 1.015515  [   32/  215]
2023-01-10 14:59:05,779-INFO: loss: 0.944354  [   64/  215]
2023-01-10 14:59:16,580-INFO: loss: 1.005328  [   96/  215]
2023-01-10 14:59:27,158-INFO: loss: 0.924390  [  128/  215]
2023-01-10 14:59:37,686-INFO: loss: 0.884987  [  160/  215]
2023-01-10 14:59:48,260-INFO: loss: 0.914209  [  192/  215]
2023-01-10 14:59:55,465-INFO: loss: 0.803441  [  215/  215]
2023-01-10 15:01:08,452-INFO: Test Error: 
 Accuracy: 33.5%, Avg loss: 1.809046
2023-01-10 15:01:08,452-INFO: Start training the 29st epoch
2023-01-10 15:01:19,113-INFO: loss: 1.638720  [   32/  215]
2023-01-10 15:01:29,747-INFO: loss: 1.067614  [   64/  215]
2023-01-10 15:01:40,285-INFO: loss: 2.668829  [   96/  215]
2023-01-10 15:01:50,536-INFO: loss: 1.533035  [  128/  215]
2023-01-10 15:02:01,278-INFO: loss: 1.042144  [  160/  215]
2023-01-10 15:02:11,517-INFO: loss: 1.145263  [  192/  215]
2023-01-10 15:02:18,990-INFO: loss: 1.071531  [  215/  215]
2023-01-10 15:03:33,980-INFO: Test Error: 
 Accuracy: 33.5%, Avg loss: 1.151260
2023-01-10 15:03:34,981-INFO: vgg16_29 has been saved 

2023-01-10 15:04:36,919-INFO: Start training the 0st epoch
