2023-01-10 17:46:39,583-INFO: Start training the 0st epoch
2023-01-10 17:46:53,587-INFO: loss: 1.620083  [   32/  215]
2023-01-10 17:47:03,611-INFO: loss: 5.844409  [   64/  215]
2023-01-10 17:47:15,484-INFO: loss: 0.349056  [   96/  215]
2023-01-10 17:47:27,093-INFO: loss: 0.253532  [  128/  215]
2023-01-10 17:47:38,886-INFO: loss: 0.023107  [  160/  215]
2023-01-10 17:47:53,127-INFO: loss: 0.029791  [  192/  215]
2023-01-10 17:47:59,836-INFO: loss: 0.475287  [  215/  215]
2023-01-10 17:49:11,426-INFO: Test Error: 
 Accuracy: 44.7%, Avg loss: 222.954152
2023-01-10 17:49:11,426-INFO: Start training the 1st epoch
2023-01-10 17:49:24,095-INFO: loss: 1.005227  [   32/  215]
2023-01-10 17:49:35,995-INFO: loss: 0.141799  [   64/  215]
2023-01-10 17:49:48,913-INFO: loss: 0.003698  [   96/  215]
2023-01-10 17:49:58,707-INFO: loss: 0.013883  [  128/  215]
2023-01-10 17:50:09,789-INFO: loss: 0.017156  [  160/  215]
2023-01-10 17:50:20,575-INFO: loss: 0.008347  [  192/  215]
2023-01-10 17:50:28,091-INFO: loss: 0.178842  [  215/  215]
2023-01-10 17:51:38,743-INFO: Test Error: 
 Accuracy: 49.8%, Avg loss: 198.128416
2023-01-10 17:51:38,744-INFO: Start training the 2st epoch
2023-01-10 17:51:51,096-INFO: loss: 0.633301  [   32/  215]
2023-01-10 17:52:03,290-INFO: loss: 3.308133  [   64/  215]
2023-01-10 17:52:13,611-INFO: loss: 0.181167  [   96/  215]
2023-01-10 17:52:24,034-INFO: loss: 0.186052  [  128/  215]
2023-01-10 17:52:35,631-INFO: loss: 1.325386  [  160/  215]
2023-01-10 17:52:48,143-INFO: loss: 0.087875  [  192/  215]
2023-01-10 17:52:55,763-INFO: loss: 0.046984  [  215/  215]
2023-01-10 17:54:06,573-INFO: Test Error: 
 Accuracy: 41.4%, Avg loss: 3660.161264
2023-01-10 17:54:06,574-INFO: Start training the 3st epoch
2023-01-10 17:54:16,725-INFO: loss: 0.108723  [   32/  215]
2023-01-10 17:54:27,361-INFO: loss: 1.430567  [   64/  215]
2023-01-10 17:54:39,594-INFO: loss: 0.067308  [   96/  215]
2023-01-10 17:54:50,486-INFO: loss: 0.184446  [  128/  215]
2023-01-10 17:55:01,511-INFO: loss: 0.139037  [  160/  215]
2023-01-10 17:55:12,800-INFO: loss: 0.227560  [  192/  215]
2023-01-10 17:55:20,833-INFO: loss: 2.430313  [  215/  215]
2023-01-10 17:56:32,331-INFO: Test Error: 
 Accuracy: 33.0%, Avg loss: 1438.348877
2023-01-10 17:56:32,332-INFO: Start training the 4st epoch
2023-01-10 17:56:44,820-INFO: loss: 0.963426  [   32/  215]
2023-01-10 17:56:55,256-INFO: loss: 0.059365  [   64/  215]
2023-01-10 17:57:06,455-INFO: loss: 0.019239  [   96/  215]
2023-01-10 17:57:16,655-INFO: loss: 0.041812  [  128/  215]
2023-01-10 17:57:26,757-INFO: loss: 0.112520  [  160/  215]
2023-01-10 17:57:38,370-INFO: loss: 0.020716  [  192/  215]
2023-01-10 17:57:46,755-INFO: loss: 0.139987  [  215/  215]
2023-01-10 17:58:56,717-INFO: Test Error: 
 Accuracy: 36.3%, Avg loss: 683.178894
2023-01-10 17:58:57,293-INFO: resnet101_4 has been saved 

2023-01-10 17:58:57,293-INFO: Start training the 5st epoch
2023-01-10 17:59:07,665-INFO: loss: 0.019903  [   32/  215]
2023-01-10 17:59:18,647-INFO: loss: 0.035027  [   64/  215]
2023-01-10 17:59:31,614-INFO: loss: 0.039375  [   96/  215]
2023-01-10 17:59:42,418-INFO: loss: 0.155504  [  128/  215]
2023-01-10 17:59:53,617-INFO: loss: 0.131845  [  160/  215]
2023-01-10 18:00:05,678-INFO: loss: 0.091327  [  192/  215]
2023-01-10 18:00:14,657-INFO: loss: 0.000190  [  215/  215]
2023-01-10 18:01:24,444-INFO: Test Error: 
 Accuracy: 66.0%, Avg loss: 146.408199
2023-01-10 18:01:24,445-INFO: Start training the 6st epoch
2023-01-10 18:01:36,299-INFO: loss: 0.000532  [   32/  215]
2023-01-10 18:01:47,194-INFO: loss: 0.125727  [   64/  215]
2023-01-10 18:01:57,940-INFO: loss: 0.035076  [   96/  215]
2023-01-10 18:02:07,504-INFO: loss: 0.046461  [  128/  215]
2023-01-10 18:02:18,573-INFO: loss: 0.058970  [  160/  215]
2023-01-10 18:02:30,060-INFO: loss: 0.000074  [  192/  215]
2023-01-10 18:02:38,126-INFO: loss: 0.761122  [  215/  215]
2023-01-10 18:03:47,912-INFO: Test Error: 
 Accuracy: 59.1%, Avg loss: 116.863129
2023-01-10 18:03:47,913-INFO: Start training the 7st epoch
2023-01-10 18:03:58,533-INFO: loss: 0.000328  [   32/  215]
2023-01-10 18:04:11,446-INFO: loss: 0.000722  [   64/  215]
2023-01-10 18:04:22,423-INFO: loss: 0.001525  [   96/  215]
2023-01-10 18:04:34,959-INFO: loss: 0.081293  [  128/  215]
2023-01-10 18:04:45,768-INFO: loss: 0.039969  [  160/  215]
2023-01-10 18:04:57,161-INFO: loss: 0.013518  [  192/  215]
2023-01-10 18:05:06,017-INFO: loss: 0.661990  [  215/  215]
2023-01-10 18:06:16,165-INFO: Test Error: 
 Accuracy: 77.2%, Avg loss: 11.451198
2023-01-10 18:06:16,166-INFO: Start training the 8st epoch
2023-01-10 18:06:27,066-INFO: loss: 0.006973  [   32/  215]
2023-01-10 18:06:39,244-INFO: loss: 0.022808  [   64/  215]
2023-01-10 18:06:50,501-INFO: loss: 0.000692  [   96/  215]
2023-01-10 18:07:00,221-INFO: loss: 0.074588  [  128/  215]
2023-01-10 18:07:13,097-INFO: loss: 0.000641  [  160/  215]
2023-01-10 18:07:23,182-INFO: loss: 0.289815  [  192/  215]
2023-01-10 18:07:30,495-INFO: loss: 0.060914  [  215/  215]
2023-01-10 18:08:42,527-INFO: Test Error: 
 Accuracy: 91.6%, Avg loss: 1.755968
2023-01-10 18:08:42,528-INFO: Start training the 9st epoch
2023-01-10 18:08:54,914-INFO: loss: 0.354924  [   32/  215]
2023-01-10 18:09:08,113-INFO: loss: 0.269094  [   64/  215]
2023-01-10 18:09:21,080-INFO: loss: 0.004229  [   96/  215]
2023-01-10 18:09:32,147-INFO: loss: 0.010615  [  128/  215]
2023-01-10 18:09:43,529-INFO: loss: 0.021859  [  160/  215]
2023-01-10 18:09:54,850-INFO: loss: 0.006359  [  192/  215]
2023-01-10 18:10:02,640-INFO: loss: 0.000305  [  215/  215]
2023-01-10 18:11:14,477-INFO: Test Error: 
 Accuracy: 70.7%, Avg loss: 3.290492
2023-01-10 18:11:15,070-INFO: resnet101_9 has been saved 

2023-01-10 18:11:15,071-INFO: Start training the 10st epoch
2023-01-10 18:11:27,732-INFO: loss: 0.000416  [   32/  215]
2023-01-10 18:11:38,810-INFO: loss: 0.009693  [   64/  215]
2023-01-10 18:11:50,308-INFO: loss: 0.270266  [   96/  215]
2023-01-10 18:12:00,554-INFO: loss: 0.000115  [  128/  215]
2023-01-10 18:12:10,730-INFO: loss: 0.018148  [  160/  215]
2023-01-10 18:12:22,184-INFO: loss: 0.034282  [  192/  215]
2023-01-10 18:12:31,431-INFO: loss: 0.220542  [  215/  215]
2023-01-10 18:13:44,023-INFO: Test Error: 
 Accuracy: 79.5%, Avg loss: 2.109648
2023-01-10 18:13:44,024-INFO: Start training the 11st epoch
2023-01-10 18:13:56,115-INFO: loss: 0.008828  [   32/  215]
2023-01-10 18:14:09,189-INFO: loss: 0.048837  [   64/  215]
2023-01-10 18:14:22,907-INFO: loss: 0.036185  [   96/  215]
2023-01-10 18:14:33,671-INFO: loss: 0.291014  [  128/  215]
2023-01-10 18:14:45,512-INFO: loss: 0.005777  [  160/  215]
2023-01-10 18:14:56,266-INFO: loss: 0.002449  [  192/  215]
2023-01-10 18:15:03,634-INFO: loss: 0.000220  [  215/  215]
2023-01-10 18:16:13,783-INFO: Test Error: 
 Accuracy: 99.5%, Avg loss: 0.009198
2023-01-10 18:16:13,784-INFO: Start training the 12st epoch
2023-01-10 18:16:25,257-INFO: loss: 0.005760  [   32/  215]
2023-01-10 18:16:37,869-INFO: loss: 0.007075  [   64/  215]
2023-01-10 18:16:48,052-INFO: loss: 0.000057  [   96/  215]
2023-01-10 18:16:58,252-INFO: loss: 0.000324  [  128/  215]
2023-01-10 18:17:09,357-INFO: loss: 0.012362  [  160/  215]
2023-01-10 18:17:22,042-INFO: loss: 0.002140  [  192/  215]
2023-01-10 18:17:30,510-INFO: loss: 0.362716  [  215/  215]
2023-01-10 18:18:42,726-INFO: Test Error: 
 Accuracy: 98.6%, Avg loss: 0.030686
2023-01-10 18:18:42,727-INFO: Start training the 13st epoch
2023-01-10 18:18:55,162-INFO: loss: 0.016653  [   32/  215]
2023-01-10 18:19:07,431-INFO: loss: 0.002912  [   64/  215]
2023-01-10 18:19:18,730-INFO: loss: 0.000901  [   96/  215]
2023-01-10 18:19:29,682-INFO: loss: 0.007547  [  128/  215]
2023-01-10 18:19:40,063-INFO: loss: 0.002591  [  160/  215]
2023-01-10 18:19:51,312-INFO: loss: 0.000180  [  192/  215]
2023-01-10 18:19:59,058-INFO: loss: 0.062843  [  215/  215]
2023-01-10 18:21:09,288-INFO: Test Error: 
 Accuracy: 99.5%, Avg loss: 0.013071
2023-01-10 18:21:09,289-INFO: Start training the 14st epoch
2023-01-10 18:21:20,238-INFO: loss: 0.031981  [   32/  215]
2023-01-10 18:21:32,966-INFO: loss: 0.000357  [   64/  215]
2023-01-10 18:21:43,645-INFO: loss: 0.098106  [   96/  215]
2023-01-10 18:21:53,536-INFO: loss: 0.001220  [  128/  215]
2023-01-10 18:22:05,327-INFO: loss: 0.000640  [  160/  215]
2023-01-10 18:22:16,435-INFO: loss: 0.003255  [  192/  215]
2023-01-10 18:22:24,611-INFO: loss: 0.003533  [  215/  215]
2023-01-10 18:23:36,058-INFO: Test Error: 
 Accuracy: 100.0%, Avg loss: 0.001989
2023-01-10 18:23:36,627-INFO: resnet101_14 has been saved 

2023-01-10 18:23:36,627-INFO: Start training the 15st epoch
2023-01-10 18:23:46,803-INFO: loss: 0.003135  [   32/  215]
2023-01-10 18:23:57,582-INFO: loss: 0.001587  [   64/  215]
2023-01-10 18:24:08,685-INFO: loss: 0.001303  [   96/  215]
2023-01-10 18:24:20,401-INFO: loss: 0.000269  [  128/  215]
2023-01-10 18:24:33,638-INFO: loss: 0.084787  [  160/  215]
2023-01-10 18:24:46,047-INFO: loss: 0.078142  [  192/  215]
2023-01-10 18:24:55,276-INFO: loss: 0.025459  [  215/  215]
2023-01-10 18:26:06,455-INFO: Test Error: 
 Accuracy: 100.0%, Avg loss: 0.004011
2023-01-10 18:26:06,456-INFO: Start training the 16st epoch
2023-01-10 18:26:16,728-INFO: loss: 0.000111  [   32/  215]
2023-01-10 18:26:29,054-INFO: loss: 0.000138  [   64/  215]
2023-01-10 18:26:41,308-INFO: loss: 0.001413  [   96/  215]
2023-01-10 18:26:52,409-INFO: loss: 0.000834  [  128/  215]
2023-01-10 18:27:03,339-INFO: loss: 0.003333  [  160/  215]
2023-01-10 18:27:14,367-INFO: loss: 0.004507  [  192/  215]
2023-01-10 18:27:21,561-INFO: loss: 0.219127  [  215/  215]
2023-01-10 18:28:33,765-INFO: Test Error: 
 Accuracy: 100.0%, Avg loss: 0.002441
2023-01-10 18:28:33,766-INFO: Start training the 17st epoch
2023-01-10 18:28:45,135-INFO: loss: 0.001114  [   32/  215]
2023-01-10 18:28:55,413-INFO: loss: 0.008908  [   64/  215]
2023-01-10 18:29:09,189-INFO: loss: 0.001565  [   96/  215]
2023-01-10 18:29:20,651-INFO: loss: 0.002760  [  128/  215]
2023-01-10 18:29:32,306-INFO: loss: 0.000902  [  160/  215]
2023-01-10 18:29:43,889-INFO: loss: 1.045227  [  192/  215]
2023-01-10 18:29:53,227-INFO: loss: 0.002158  [  215/  215]
2023-01-10 18:31:06,118-INFO: Test Error: 
 Accuracy: 100.0%, Avg loss: 0.000662
2023-01-10 18:31:06,119-INFO: Start training the 18st epoch
2023-01-10 18:31:18,569-INFO: loss: 0.000055  [   32/  215]
2023-01-10 18:31:29,451-INFO: loss: 0.000691  [   64/  215]
2023-01-10 18:31:40,461-INFO: loss: 0.011442  [   96/  215]
2023-01-10 18:31:50,382-INFO: loss: 0.003793  [  128/  215]
2023-01-10 18:32:01,645-INFO: loss: 0.072724  [  160/  215]
2023-01-10 18:32:12,684-INFO: loss: 0.007830  [  192/  215]
2023-01-10 18:32:20,820-INFO: loss: 0.001488  [  215/  215]
2023-01-10 18:33:35,086-INFO: Test Error: 
 Accuracy: 93.0%, Avg loss: 0.355349
2023-01-10 18:33:35,087-INFO: Start training the 19st epoch
2023-01-10 18:33:47,664-INFO: loss: 0.001603  [   32/  215]
2023-01-10 18:33:59,155-INFO: loss: 0.009914  [   64/  215]
2023-01-10 18:34:10,803-INFO: loss: 0.003637  [   96/  215]
2023-01-10 18:34:21,781-INFO: loss: 0.008157  [  128/  215]
2023-01-10 18:34:33,253-INFO: loss: 0.003700  [  160/  215]
2023-01-10 18:34:45,006-INFO: loss: 0.181966  [  192/  215]
2023-01-10 18:34:53,923-INFO: loss: 0.010137  [  215/  215]
2023-01-10 18:36:05,081-INFO: Test Error: 
 Accuracy: 98.6%, Avg loss: 0.031646
2023-01-10 18:36:05,652-INFO: resnet101_19 has been saved 

2023-01-10 18:36:05,653-INFO: Start training the 20st epoch
2023-01-10 18:36:16,435-INFO: loss: 0.002941  [   32/  215]
2023-01-10 18:36:26,875-INFO: loss: 0.106970  [   64/  215]
2023-01-10 18:36:39,605-INFO: loss: 0.015202  [   96/  215]
2023-01-10 18:36:49,939-INFO: loss: 0.003758  [  128/  215]
2023-01-10 18:37:01,615-INFO: loss: 0.003704  [  160/  215]
2023-01-10 18:37:12,775-INFO: loss: 0.003734  [  192/  215]
2023-01-10 18:37:19,952-INFO: loss: 0.098456  [  215/  215]
2023-01-10 18:38:33,592-INFO: Test Error: 
 Accuracy: 99.5%, Avg loss: 0.013105
2023-01-10 18:38:33,592-INFO: Start training the 21st epoch
2023-01-10 18:38:44,766-INFO: loss: 0.003406  [   32/  215]
2023-01-10 18:38:55,048-INFO: loss: 0.001165  [   64/  215]
2023-01-10 18:39:07,505-INFO: loss: 0.051137  [   96/  215]
2023-01-10 18:39:17,449-INFO: loss: 0.038006  [  128/  215]
2023-01-10 18:39:30,008-INFO: loss: 0.079936  [  160/  215]
2023-01-10 18:39:41,726-INFO: loss: 0.001420  [  192/  215]
2023-01-10 18:39:49,817-INFO: loss: 0.003076  [  215/  215]
2023-01-10 18:41:07,153-INFO: Test Error: 
 Accuracy: 99.5%, Avg loss: 0.012287
2023-01-10 18:41:07,154-INFO: Start training the 22st epoch
2023-01-10 18:41:20,166-INFO: loss: 0.002826  [   32/  215]
2023-01-10 18:41:30,690-INFO: loss: 0.001162  [   64/  215]
2023-01-10 18:41:42,247-INFO: loss: 0.000310  [   96/  215]
2023-01-10 18:41:55,593-INFO: loss: 0.094074  [  128/  215]
2023-01-10 18:42:07,023-INFO: loss: 0.002768  [  160/  215]
2023-01-10 18:42:20,044-INFO: loss: 0.003174  [  192/  215]
2023-01-10 18:42:29,379-INFO: loss: 0.000410  [  215/  215]
2023-01-10 18:43:43,544-INFO: Test Error: 
 Accuracy: 99.5%, Avg loss: 0.011929
2023-01-10 18:43:43,544-INFO: Start training the 23st epoch
2023-01-10 18:43:54,951-INFO: loss: 0.012377  [   32/  215]
2023-01-10 18:44:05,366-INFO: loss: 0.002491  [   64/  215]
2023-01-10 18:44:18,612-INFO: loss: 0.001851  [   96/  215]
2023-01-10 18:44:30,773-INFO: loss: 0.056631  [  128/  215]
2023-01-10 18:44:41,829-INFO: loss: 0.010865  [  160/  215]
2023-01-10 18:44:54,231-INFO: loss: 0.000701  [  192/  215]
2023-01-10 18:45:01,706-INFO: loss: 0.004131  [  215/  215]
2023-01-10 18:46:13,627-INFO: Test Error: 
 Accuracy: 99.5%, Avg loss: 0.007588
2023-01-10 18:46:13,629-INFO: Start training the 24st epoch
2023-01-10 18:46:26,044-INFO: loss: 0.005124  [   32/  215]
2023-01-10 18:46:38,792-INFO: loss: 0.002746  [   64/  215]
2023-01-10 18:46:51,700-INFO: loss: 0.006887  [   96/  215]
2023-01-10 18:47:01,900-INFO: loss: 0.001730  [  128/  215]
2023-01-10 18:47:15,365-INFO: loss: 0.003311  [  160/  215]
2023-01-10 18:47:27,663-INFO: loss: 0.000177  [  192/  215]
2023-01-10 18:47:34,768-INFO: loss: 0.002266  [  215/  215]
2023-01-10 18:48:47,054-INFO: Test Error: 
 Accuracy: 100.0%, Avg loss: 0.002669
2023-01-10 18:48:47,626-INFO: resnet101_24 has been saved 

2023-01-10 18:48:47,626-INFO: Start training the 25st epoch
2023-01-10 18:48:58,754-INFO: loss: 0.006775  [   32/  215]
2023-01-10 18:49:09,461-INFO: loss: 0.005790  [   64/  215]
2023-01-10 18:49:21,762-INFO: loss: 0.000504  [   96/  215]
2023-01-10 18:49:32,537-INFO: loss: 0.000499  [  128/  215]
2023-01-10 18:49:44,199-INFO: loss: 0.000157  [  160/  215]
2023-01-10 18:49:55,016-INFO: loss: 0.011649  [  192/  215]
2023-01-10 18:50:02,897-INFO: loss: 0.000341  [  215/  215]
2023-01-10 18:51:14,165-INFO: Test Error: 
 Accuracy: 100.0%, Avg loss: 0.001032
2023-01-10 18:51:14,166-INFO: Start training the 26st epoch
2023-01-10 18:51:25,118-INFO: loss: 0.000252  [   32/  215]
2023-01-10 18:51:36,584-INFO: loss: 0.001041  [   64/  215]
2023-01-10 18:51:47,852-INFO: loss: 0.000177  [   96/  215]
2023-01-10 18:52:00,618-INFO: loss: 0.000155  [  128/  215]
2023-01-10 18:52:11,400-INFO: loss: 0.001673  [  160/  215]
2023-01-10 18:52:23,014-INFO: loss: 0.003132  [  192/  215]
2023-01-10 18:52:31,444-INFO: loss: 0.001617  [  215/  215]
2023-01-10 18:53:45,341-INFO: Test Error: 
 Accuracy: 100.0%, Avg loss: 0.000545
2023-01-10 18:53:45,342-INFO: Start training the 27st epoch
2023-01-10 18:53:57,694-INFO: loss: 0.000107  [   32/  215]
2023-01-10 18:54:09,480-INFO: loss: 0.002352  [   64/  215]
2023-01-10 18:54:22,269-INFO: loss: 0.010431  [   96/  215]
2023-01-10 18:54:32,405-INFO: loss: 0.001305  [  128/  215]
2023-01-10 18:54:42,397-INFO: loss: 0.000574  [  160/  215]
2023-01-10 18:54:52,579-INFO: loss: 0.000437  [  192/  215]
2023-01-10 18:54:59,639-INFO: loss: 0.001979  [  215/  215]
2023-01-10 18:56:12,873-INFO: Test Error: 
 Accuracy: 100.0%, Avg loss: 0.000395
2023-01-10 18:56:12,873-INFO: Start training the 28st epoch
2023-01-10 18:56:25,706-INFO: loss: 0.000137  [   32/  215]
2023-01-10 18:56:37,522-INFO: loss: 0.000876  [   64/  215]
2023-01-10 18:56:47,923-INFO: loss: 0.000173  [   96/  215]
2023-01-10 18:56:59,412-INFO: loss: 0.000377  [  128/  215]
2023-01-10 18:57:09,936-INFO: loss: 0.000626  [  160/  215]
2023-01-10 18:57:20,323-INFO: loss: 0.000058  [  192/  215]
2023-01-10 18:57:27,988-INFO: loss: 0.080250  [  215/  215]
2023-01-10 18:58:41,300-INFO: Test Error: 
 Accuracy: 100.0%, Avg loss: 0.000307
2023-01-10 18:58:41,301-INFO: Start training the 29st epoch
2023-01-10 18:58:53,522-INFO: loss: 0.000577  [   32/  215]
2023-01-10 18:59:05,128-INFO: loss: 0.001490  [   64/  215]
2023-01-10 18:59:17,187-INFO: loss: 0.001619  [   96/  215]
2023-01-10 18:59:29,602-INFO: loss: 0.000050  [  128/  215]
2023-01-10 18:59:42,514-INFO: loss: 0.000186  [  160/  215]
2023-01-10 18:59:53,867-INFO: loss: 0.000080  [  192/  215]
2023-01-10 19:00:01,174-INFO: loss: 0.000072  [  215/  215]
2023-01-10 19:01:17,578-INFO: Test Error: 
 Accuracy: 100.0%, Avg loss: 0.000747
2023-01-10 19:01:18,227-INFO: resnet101_29 has been saved 

