2023-01-10 12:40:47,381-INFO: Start training the 0st epoch
2023-01-10 12:41:00,205-INFO: loss: 1.262716  [   32/  215]
2023-01-10 12:41:10,446-INFO: loss: 1.494016  [   64/  215]
2023-01-10 12:41:21,687-INFO: loss: 1.058267  [   96/  215]
2023-01-10 12:41:31,706-INFO: loss: 0.693785  [  128/  215]
2023-01-10 12:41:42,659-INFO: loss: 0.062588  [  160/  215]
2023-01-10 12:41:52,239-INFO: loss: 0.021438  [  192/  215]
2023-01-10 12:41:59,512-INFO: loss: 0.218413  [  215/  215]
2023-01-10 12:43:08,468-INFO: Test Error:
 Accuracy: 33.5%, Avg loss: 242.061939
2023-01-10 12:43:08,469-INFO: Start training the 1st epoch
2023-01-10 12:43:17,541-INFO: loss: 0.302384  [   32/  215]
2023-01-10 12:43:27,713-INFO: loss: 0.376420  [   64/  215]
2023-01-10 12:43:37,706-INFO: loss: 0.026738  [   96/  215]
2023-01-10 12:43:47,097-INFO: loss: 1.291478  [  128/  215]
2023-01-10 12:43:59,029-INFO: loss: 0.374615  [  160/  215]
2023-01-10 12:44:09,701-INFO: loss: 0.558826  [  192/  215]
2023-01-10 12:44:17,005-INFO: loss: 0.135846  [  215/  215]
2023-01-10 12:45:29,136-INFO: Test Error:
 Accuracy: 35.3%, Avg loss: 140.317657
2023-01-10 12:45:29,137-INFO: Start training the 2st epoch
2023-01-10 12:45:39,574-INFO: loss: 0.840159  [   32/  215]
2023-01-10 12:45:49,910-INFO: loss: 0.779027  [   64/  215]
2023-01-10 12:46:00,264-INFO: loss: 0.085772  [   96/  215]
2023-01-10 12:46:10,221-INFO: loss: 0.002998  [  128/  215]
2023-01-10 12:46:20,833-INFO: loss: 0.289196  [  160/  215]
2023-01-10 12:46:31,459-INFO: loss: 0.840320  [  192/  215]
2023-01-10 12:46:38,994-INFO: loss: 0.179466  [  215/  215]
2023-01-10 12:47:49,783-INFO: Test Error:
 Accuracy: 67.0%, Avg loss: 34.503421
2023-01-10 12:47:49,783-INFO: Start training the 3st epoch
2023-01-10 12:48:00,436-INFO: loss: 0.428999  [   32/  215]
2023-01-10 12:48:10,569-INFO: loss: 0.030360  [   64/  215]
2023-01-10 12:48:20,861-INFO: loss: 0.003303  [   96/  215]
2023-01-10 12:48:31,004-INFO: loss: 0.072704  [  128/  215]
2023-01-10 12:48:41,612-INFO: loss: 0.136856  [  160/  215]
2023-01-10 12:48:51,994-INFO: loss: 0.002582  [  192/  215]
2023-01-10 12:48:58,758-INFO: loss: 0.143075  [  215/  215]
2023-01-10 12:50:11,166-INFO: Test Error:
 Accuracy: 45.1%, Avg loss: 31.289802
2023-01-10 12:50:11,167-INFO: Start training the 4st epoch
2023-01-10 12:50:22,750-INFO: loss: 0.253621  [   32/  215]
2023-01-10 12:50:33,437-INFO: loss: 0.001206  [   64/  215]
2023-01-10 12:50:44,705-INFO: loss: 0.169158  [   96/  215]
2023-01-10 12:50:56,367-INFO: loss: 0.000191  [  128/  215]
2023-01-10 12:51:07,595-INFO: loss: 0.143787  [  160/  215]
2023-01-10 12:51:19,570-INFO: loss: 0.003690  [  192/  215]
2023-01-10 12:51:27,313-INFO: loss: 0.000230  [  215/  215]
2023-01-10 12:52:40,297-INFO: Test Error:
 Accuracy: 64.2%, Avg loss: 3.261721
2023-01-10 12:52:40,533-INFO: resnet34_4 has been saved

2023-01-10 12:52:40,533-INFO: Start training the 5st epoch
2023-01-10 12:52:50,727-INFO: loss: 0.120333  [   32/  215]
2023-01-10 12:53:01,524-INFO: loss: 0.012296  [   64/  215]
2023-01-10 12:53:12,143-INFO: loss: 0.068209  [   96/  215]
2023-01-10 12:53:21,937-INFO: loss: 0.001761  [  128/  215]
2023-01-10 12:53:31,736-INFO: loss: 0.008824  [  160/  215]
2023-01-10 12:53:42,916-INFO: loss: 0.001295  [  192/  215]
2023-01-10 12:53:50,063-INFO: loss: 0.000310  [  215/  215]
2023-01-10 12:55:05,247-INFO: Test Error:
 Accuracy: 65.6%, Avg loss: 3.416642
2023-01-10 12:55:05,247-INFO: Start training the 6st epoch
2023-01-10 12:55:15,710-INFO: loss: 0.002517  [   32/  215]
2023-01-10 12:55:26,678-INFO: loss: 0.001664  [   64/  215]
2023-01-10 12:55:37,137-INFO: loss: 0.000181  [   96/  215]
2023-01-10 12:55:47,302-INFO: loss: 0.000487  [  128/  215]
2023-01-10 12:55:57,595-INFO: loss: 0.366789  [  160/  215]
2023-01-10 12:56:08,265-INFO: loss: 0.005402  [  192/  215]
2023-01-10 12:56:16,024-INFO: loss: 0.102131  [  215/  215]
2023-01-10 12:57:28,410-INFO: Test Error:
 Accuracy: 63.7%, Avg loss: 33.573197
2023-01-10 12:57:28,411-INFO: Start training the 7st epoch
2023-01-10 12:57:39,379-INFO: loss: 0.039393  [   32/  215]
2023-01-10 12:57:50,463-INFO: loss: 0.002942  [   64/  215]
2023-01-10 12:58:00,438-INFO: loss: 0.235142  [   96/  215]
2023-01-10 12:58:11,064-INFO: loss: 0.258552  [  128/  215]
2023-01-10 12:58:21,847-INFO: loss: 0.005237  [  160/  215]
2023-01-10 12:58:32,020-INFO: loss: 0.065438  [  192/  215]
2023-01-10 12:58:40,238-INFO: loss: 0.091355  [  215/  215]
2023-01-10 12:59:53,761-INFO: Test Error:
 Accuracy: 96.3%, Avg loss: 0.834412
2023-01-10 12:59:53,761-INFO: Start training the 8st epoch
2023-01-10 13:00:04,236-INFO: loss: 0.011182  [   32/  215]
2023-01-10 13:00:15,414-INFO: loss: 0.038309  [   64/  215]
2023-01-10 13:00:25,815-INFO: loss: 0.053573  [   96/  215]
2023-01-10 13:00:36,212-INFO: loss: 0.001989  [  128/  215]
2023-01-10 13:00:46,984-INFO: loss: 0.282147  [  160/  215]
2023-01-10 13:00:57,382-INFO: loss: 0.046557  [  192/  215]
2023-01-10 13:01:04,925-INFO: loss: 0.617267  [  215/  215]
2023-01-10 13:02:18,524-INFO: Test Error:
 Accuracy: 97.2%, Avg loss: 0.096763
2023-01-10 13:02:18,525-INFO: Start training the 9st epoch
2023-01-10 13:02:30,218-INFO: loss: 0.000969  [   32/  215]
2023-01-10 13:02:41,577-INFO: loss: 0.014641  [   64/  215]
2023-01-10 13:02:52,559-INFO: loss: 0.007604  [   96/  215]
2023-01-10 13:03:02,711-INFO: loss: 0.218164  [  128/  215]
2023-01-10 13:03:13,154-INFO: loss: 0.012679  [  160/  215]
2023-01-10 13:03:23,954-INFO: loss: 0.175938  [  192/  215]
2023-01-10 13:03:31,844-INFO: loss: 0.023088  [  215/  215]
2023-01-10 13:04:48,211-INFO: Test Error:
 Accuracy: 71.2%, Avg loss: 5.297447
2023-01-10 13:04:48,465-INFO: resnet34_9 has been saved

2023-01-10 13:04:48,466-INFO: Start training the 10st epoch
2023-01-10 13:04:59,320-INFO: loss: 0.002308  [   32/  215]
2023-01-10 13:05:09,932-INFO: loss: 0.091475  [   64/  215]
2023-01-10 13:05:20,708-INFO: loss: 0.003705  [   96/  215]
2023-01-10 13:05:30,927-INFO: loss: 0.005891  [  128/  215]
2023-01-10 13:05:41,326-INFO: loss: 0.003678  [  160/  215]
2023-01-10 13:05:50,923-INFO: loss: 0.088684  [  192/  215]
2023-01-10 13:05:58,054-INFO: loss: 0.132026  [  215/  215]
2023-01-10 13:07:11,643-INFO: Test Error:
 Accuracy: 86.5%, Avg loss: 0.911232
2023-01-10 13:07:11,643-INFO: Start training the 11st epoch
2023-01-10 13:07:22,128-INFO: loss: 0.098688  [   32/  215]
2023-01-10 13:07:32,299-INFO: loss: 0.063642  [   64/  215]
2023-01-10 13:07:42,491-INFO: loss: 0.088138  [   96/  215]
2023-01-10 13:07:52,458-INFO: loss: 0.013395  [  128/  215]
2023-01-10 13:08:03,034-INFO: loss: 0.089407  [  160/  215]
2023-01-10 13:08:12,875-INFO: loss: 0.011676  [  192/  215]
2023-01-10 13:08:19,614-INFO: loss: 0.158386  [  215/  215]
2023-01-10 13:09:32,768-INFO: Test Error:
 Accuracy: 99.1%, Avg loss: 0.080613
2023-01-10 13:09:32,769-INFO: Start training the 12st epoch
2023-01-10 13:09:43,037-INFO: loss: 0.031723  [   32/  215]
2023-01-10 13:09:53,446-INFO: loss: 0.057186  [   64/  215]
2023-01-10 13:10:03,671-INFO: loss: 0.001196  [   96/  215]
2023-01-10 13:10:13,833-INFO: loss: 0.003824  [  128/  215]
2023-01-10 13:10:24,029-INFO: loss: 0.004407  [  160/  215]
2023-01-10 13:10:34,436-INFO: loss: 0.084872  [  192/  215]
2023-01-10 13:10:41,684-INFO: loss: 0.012126  [  215/  215]
2023-01-10 13:11:53,150-INFO: Test Error:
 Accuracy: 97.7%, Avg loss: 0.086611
2023-01-10 13:11:53,151-INFO: Start training the 13st epoch
2023-01-10 13:12:03,408-INFO: loss: 0.000154  [   32/  215]
2023-01-10 13:12:14,200-INFO: loss: 0.350345  [   64/  215]
2023-01-10 13:12:23,780-INFO: loss: 0.135598  [   96/  215]
2023-01-10 13:12:33,397-INFO: loss: 0.001141  [  128/  215]
2023-01-10 13:12:44,563-INFO: loss: 0.293683  [  160/  215]
2023-01-10 13:12:54,672-INFO: loss: 0.097353  [  192/  215]
2023-01-10 13:13:01,718-INFO: loss: 0.170184  [  215/  215]
2023-01-10 13:14:12,318-INFO: Test Error:
 Accuracy: 100.0%, Avg loss: 0.003374
2023-01-10 13:14:12,319-INFO: Start training the 14st epoch
2023-01-10 13:14:22,970-INFO: loss: 0.005509  [   32/  215]
2023-01-10 13:14:33,961-INFO: loss: 0.017652  [   64/  215]
2023-01-10 13:14:44,759-INFO: loss: 0.002399  [   96/  215]
2023-01-10 13:14:55,635-INFO: loss: 0.025310  [  128/  215]
2023-01-10 13:15:06,331-INFO: loss: 0.006369  [  160/  215]
2023-01-10 13:15:16,940-INFO: loss: 0.005472  [  192/  215]
2023-01-10 13:15:24,674-INFO: loss: 0.223917  [  215/  215]
2023-01-10 13:16:36,279-INFO: Test Error:
 Accuracy: 64.7%, Avg loss: 4.548687
2023-01-10 13:16:36,519-INFO: resnet34_14 has been saved

2023-01-10 13:16:36,526-INFO: Start training the 15st epoch
2023-01-10 13:16:46,911-INFO: loss: 0.000941  [   32/  215]
2023-01-10 13:16:57,528-INFO: loss: 0.005943  [   64/  215]
2023-01-10 13:17:07,911-INFO: loss: 0.009094  [   96/  215]
2023-01-10 13:17:18,306-INFO: loss: 0.000895  [  128/  215]
2023-01-10 13:17:28,917-INFO: loss: 0.000640  [  160/  215]
2023-01-10 13:17:38,891-INFO: loss: 0.030557  [  192/  215]
2023-01-10 13:17:45,629-INFO: loss: 0.239638  [  215/  215]
2023-01-10 13:18:56,039-INFO: Test Error:
 Accuracy: 93.5%, Avg loss: 0.336505
2023-01-10 13:18:56,040-INFO: Start training the 16st epoch
2023-01-10 13:19:07,274-INFO: loss: 0.014142  [   32/  215]
2023-01-10 13:19:18,058-INFO: loss: 0.003914  [   64/  215]
2023-01-10 13:19:28,578-INFO: loss: 0.001558  [   96/  215]
2023-01-10 13:19:39,266-INFO: loss: 0.002736  [  128/  215]
2023-01-10 13:19:49,345-INFO: loss: 0.000475  [  160/  215]
2023-01-10 13:19:59,866-INFO: loss: 0.000316  [  192/  215]
2023-01-10 13:20:07,071-INFO: loss: 0.000526  [  215/  215]
2023-01-10 13:21:18,794-INFO: Test Error:
 Accuracy: 100.0%, Avg loss: 0.002889
2023-01-10 13:21:18,795-INFO: Start training the 17st epoch
2023-01-10 13:21:29,035-INFO: loss: 0.001997  [   32/  215]
2023-01-10 13:21:38,829-INFO: loss: 0.000178  [   64/  215]
2023-01-10 13:21:49,636-INFO: loss: 0.002093  [   96/  215]
2023-01-10 13:21:59,687-INFO: loss: 0.000918  [  128/  215]
2023-01-10 13:22:09,242-INFO: loss: 0.000715  [  160/  215]
2023-01-10 13:22:19,472-INFO: loss: 0.008058  [  192/  215]
2023-01-10 13:22:27,198-INFO: loss: 0.001235  [  215/  215]
2023-01-10 13:23:40,350-INFO: Test Error:
 Accuracy: 94.9%, Avg loss: 0.130379
2023-01-10 13:23:40,351-INFO: Start training the 18st epoch
2023-01-10 13:23:50,606-INFO: loss: 0.001419  [   32/  215]
2023-01-10 13:24:00,782-INFO: loss: 0.000367  [   64/  215]
2023-01-10 13:24:11,813-INFO: loss: 0.032458  [   96/  215]
2023-01-10 13:24:22,200-INFO: loss: 0.008992  [  128/  215]
2023-01-10 13:24:32,803-INFO: loss: 0.000527  [  160/  215]
2023-01-10 13:24:43,575-INFO: loss: 0.004308  [  192/  215]
2023-01-10 13:24:50,815-INFO: loss: 0.003107  [  215/  215]
2023-01-10 13:26:04,112-INFO: Test Error:
 Accuracy: 99.1%, Avg loss: 0.042934
2023-01-10 13:26:04,112-INFO: Start training the 19st epoch
2023-01-10 13:26:14,402-INFO: loss: 0.002066  [   32/  215]
2023-01-10 13:26:24,634-INFO: loss: 0.000564  [   64/  215]
2023-01-10 13:26:35,596-INFO: loss: 0.000811  [   96/  215]
2023-01-10 13:26:45,759-INFO: loss: 0.000267  [  128/  215]
2023-01-10 13:26:56,137-INFO: loss: 0.000501  [  160/  215]
2023-01-10 13:27:06,532-INFO: loss: 0.000198  [  192/  215]
2023-01-10 13:27:13,286-INFO: loss: 0.002674  [  215/  215]
2023-01-10 13:28:23,272-INFO: Test Error:
 Accuracy: 100.0%, Avg loss: 0.002649
2023-01-10 13:28:23,538-INFO: resnet34_19 has been saved

2023-01-10 13:28:23,539-INFO: Start training the 20st epoch
2023-01-10 13:28:33,903-INFO: loss: 0.009414  [   32/  215]
2023-01-10 13:28:44,296-INFO: loss: 0.000296  [   64/  215]
2023-01-10 13:28:54,736-INFO: loss: 0.001729  [   96/  215]
2023-01-10 13:29:05,093-INFO: loss: 0.000340  [  128/  215]
2023-01-10 13:29:15,878-INFO: loss: 0.000586  [  160/  215]
2023-01-10 13:29:26,704-INFO: loss: 0.003341  [  192/  215]
2023-01-10 13:29:34,836-INFO: loss: 0.001458  [  215/  215]
2023-01-10 13:30:49,027-INFO: Test Error:
 Accuracy: 100.0%, Avg loss: 0.000648
2023-01-10 13:30:49,038-INFO: Start training the 21st epoch
2023-01-10 13:30:59,471-INFO: loss: 0.000363  [   32/  215]
2023-01-10 13:31:09,861-INFO: loss: 0.001551  [   64/  215]
2023-01-10 13:31:20,086-INFO: loss: 0.000728  [   96/  215]
2023-01-10 13:31:30,032-INFO: loss: 0.000611  [  128/  215]
2023-01-10 13:31:40,452-INFO: loss: 0.001086  [  160/  215]
2023-01-10 13:31:50,854-INFO: loss: 0.000069  [  192/  215]
2023-01-10 13:31:58,518-INFO: loss: 0.000075  [  215/  215]
2023-01-10 13:33:07,975-INFO: Test Error:
 Accuracy: 100.0%, Avg loss: 0.000144
2023-01-10 13:33:07,975-INFO: Start training the 22st epoch
2023-01-10 13:33:18,431-INFO: loss: 0.000019  [   32/  215]
2023-01-10 13:33:28,833-INFO: loss: 0.000058  [   64/  215]
2023-01-10 13:33:39,648-INFO: loss: 0.000005  [   96/  215]
2023-01-10 13:33:50,608-INFO: loss: 0.000013  [  128/  215]
2023-01-10 13:34:01,001-INFO: loss: 0.000114  [  160/  215]
2023-01-10 13:34:11,616-INFO: loss: 0.000088  [  192/  215]
2023-01-10 13:34:18,720-INFO: loss: 0.000032  [  215/  215]
2023-01-10 13:35:31,937-INFO: Test Error:
 Accuracy: 100.0%, Avg loss: 0.000061
2023-01-10 13:35:31,938-INFO: Start training the 23st epoch
2023-01-10 13:35:42,191-INFO: loss: 0.000115  [   32/  215]
2023-01-10 13:35:52,377-INFO: loss: 0.000253  [   64/  215]
2023-01-10 13:36:02,990-INFO: loss: 0.000491  [   96/  215]
2023-01-10 13:36:13,214-INFO: loss: 0.002177  [  128/  215]
2023-01-10 13:36:23,783-INFO: loss: 0.000183  [  160/  215]
2023-01-10 13:36:33,786-INFO: loss: 0.000257  [  192/  215]
2023-01-10 13:36:40,900-INFO: loss: 0.000145  [  215/  215]
2023-01-10 13:37:51,303-INFO: Test Error:
 Accuracy: 100.0%, Avg loss: 0.000040
2023-01-10 13:37:51,304-INFO: Start training the 24st epoch
2023-01-10 13:38:02,356-INFO: loss: 0.000047  [   32/  215]
2023-01-10 13:38:13,347-INFO: loss: 0.000008  [   64/  215]
2023-01-10 13:38:24,162-INFO: loss: 0.007878  [   96/  215]
2023-01-10 13:38:34,316-INFO: loss: 0.000628  [  128/  215]
2023-01-10 13:38:44,758-INFO: loss: 0.001806  [  160/  215]
2023-01-10 13:38:54,920-INFO: loss: 0.000042  [  192/  215]
2023-01-10 13:39:01,867-INFO: loss: 0.000495  [  215/  215]
2023-01-10 13:40:13,058-INFO: Test Error:
 Accuracy: 100.0%, Avg loss: 0.000027
2023-01-10 13:40:13,305-INFO: resnet34_24 has been saved

2023-01-10 13:40:13,306-INFO: Start training the 25st epoch
2023-01-10 13:40:23,503-INFO: loss: 0.000123  [   32/  215]
2023-01-10 13:40:33,906-INFO: loss: 0.000051  [   64/  215]
2023-01-10 13:40:43,689-INFO: loss: 0.002142  [   96/  215]
2023-01-10 13:40:53,691-INFO: loss: 0.000002  [  128/  215]
2023-01-10 13:41:04,482-INFO: loss: 0.000019  [  160/  215]
2023-01-10 13:41:15,129-INFO: loss: 0.000148  [  192/  215]
2023-01-10 13:41:22,595-INFO: loss: 0.000182  [  215/  215]
2023-01-10 13:42:33,617-INFO: Test Error:
 Accuracy: 100.0%, Avg loss: 0.000020
2023-01-10 13:42:33,617-INFO: Start training the 26st epoch
2023-01-10 13:42:44,287-INFO: loss: 0.001815  [   32/  215]
2023-01-10 13:42:55,264-INFO: loss: 0.000007  [   64/  215]
2023-01-10 13:43:05,672-INFO: loss: 0.000677  [   96/  215]
2023-01-10 13:43:16,050-INFO: loss: 0.000015  [  128/  215]
2023-01-10 13:43:26,654-INFO: loss: 0.000003  [  160/  215]
2023-01-10 13:43:36,045-INFO: loss: 0.000208  [  192/  215]
2023-01-10 13:43:43,656-INFO: loss: 0.000002  [  215/  215]
2023-01-10 13:44:54,178-INFO: Test Error:
 Accuracy: 100.0%, Avg loss: 0.000012
2023-01-10 13:44:54,178-INFO: Start training the 27st epoch
2023-01-10 13:45:04,216-INFO: loss: 0.000119  [   32/  215]
2023-01-10 13:45:14,208-INFO: loss: 0.000193  [   64/  215]
2023-01-10 13:45:24,618-INFO: loss: 0.000035  [   96/  215]
2023-01-10 13:45:34,499-INFO: loss: 0.000149  [  128/  215]
2023-01-10 13:45:45,009-INFO: loss: 0.000268  [  160/  215]
2023-01-10 13:45:55,714-INFO: loss: 0.000434  [  192/  215]
2023-01-10 13:46:03,552-INFO: loss: 0.000001  [  215/  215]
2023-01-10 13:47:16,078-INFO: Test Error:
 Accuracy: 100.0%, Avg loss: 0.000009
2023-01-10 13:47:16,079-INFO: Start training the 28st epoch
2023-01-10 13:47:26,719-INFO: loss: 0.000049  [   32/  215]
2023-01-10 13:47:37,981-INFO: loss: 0.000046  [   64/  215]
2023-01-10 13:47:48,958-INFO: loss: 0.000189  [   96/  215]
2023-01-10 13:47:59,262-INFO: loss: 0.000003  [  128/  215]
2023-01-10 13:48:09,564-INFO: loss: 0.000015  [  160/  215]
2023-01-10 13:48:20,560-INFO: loss: 0.000013  [  192/  215]
2023-01-10 13:48:27,292-INFO: loss: 0.000003  [  215/  215]
2023-01-10 13:49:38,905-INFO: Test Error:
 Accuracy: 100.0%, Avg loss: 0.000007
2023-01-10 13:49:38,905-INFO: Start training the 29st epoch
2023-01-10 13:49:49,547-INFO: loss: 0.000016  [   32/  215]
2023-01-10 13:49:59,950-INFO: loss: 0.000038  [   64/  215]
2023-01-10 13:50:09,736-INFO: loss: 0.000265  [   96/  215]
2023-01-10 13:50:19,715-INFO: loss: 0.000007  [  128/  215]
2023-01-10 13:50:30,734-INFO: loss: 0.000042  [  160/  215]
2023-01-10 13:50:40,915-INFO: loss: 0.000002  [  192/  215]
2023-01-10 13:50:48,242-INFO: loss: 0.000012  [  215/  215]
2023-01-10 13:51:59,242-INFO: Test Error:
 Accuracy: 100.0%, Avg loss: 0.000006
2023-01-10 13:51:59,480-INFO: resnet34_29 has been saved