2023-01-10 13:52:03,509-INFO: Start training the 0st epoch
2023-01-10 13:52:12,497-INFO: loss: 1.334856  [   32/  215]
2023-01-10 13:52:22,651-INFO: loss: 1.913903  [   64/  215]
2023-01-10 13:52:33,303-INFO: loss: 0.318548  [   96/  215]
2023-01-10 13:52:43,764-INFO: loss: 0.015969  [  128/  215]
2023-01-10 13:52:54,184-INFO: loss: 0.153371  [  160/  215]
2023-01-10 13:53:04,753-INFO: loss: 0.783279  [  192/  215]
2023-01-10 13:53:11,785-INFO: loss: 0.171499  [  215/  215]
2023-01-10 13:54:21,046-INFO: Test Error:
 Accuracy: 80.9%, Avg loss: 4.132477
2023-01-10 13:54:21,047-INFO: Start training the 1st epoch
2023-01-10 13:54:30,822-INFO: loss: 0.021322  [   32/  215]
2023-01-10 13:54:41,211-INFO: loss: 0.243424  [   64/  215]
2023-01-10 13:54:51,405-INFO: loss: 1.013395  [   96/  215]
2023-01-10 13:55:01,505-INFO: loss: 0.031424  [  128/  215]
2023-01-10 13:55:11,611-INFO: loss: 0.291293  [  160/  215]
2023-01-10 13:55:22,186-INFO: loss: 0.028150  [  192/  215]
2023-01-10 13:55:29,757-INFO: loss: 0.684950  [  215/  215]
2023-01-10 13:56:39,332-INFO: Test Error:
 Accuracy: 60.9%, Avg loss: 5.499291
2023-01-10 13:56:39,333-INFO: Start training the 2st epoch
2023-01-10 13:56:50,003-INFO: loss: 0.484583  [   32/  215]
2023-01-10 13:57:00,372-INFO: loss: 0.199557  [   64/  215]
2023-01-10 13:57:11,336-INFO: loss: 0.004102  [   96/  215]
2023-01-10 13:57:22,263-INFO: loss: 0.025258  [  128/  215]
2023-01-10 13:57:32,767-INFO: loss: 0.003831  [  160/  215]
2023-01-10 13:57:43,267-INFO: loss: 0.001673  [  192/  215]
2023-01-10 13:57:50,099-INFO: loss: 0.648212  [  215/  215]
2023-01-10 13:59:02,099-INFO: Test Error:
 Accuracy: 60.9%, Avg loss: 49.491077
2023-01-10 13:59:02,099-INFO: Start training the 3st epoch
2023-01-10 13:59:12,452-INFO: loss: 0.029140  [   32/  215]
2023-01-10 13:59:22,325-INFO: loss: 0.191018  [   64/  215]
2023-01-10 13:59:33,021-INFO: loss: 0.211785  [   96/  215]
2023-01-10 13:59:42,825-INFO: loss: 0.140507  [  128/  215]
2023-01-10 13:59:53,299-INFO: loss: 0.012892  [  160/  215]
2023-01-10 14:00:03,702-INFO: loss: 0.214428  [  192/  215]
2023-01-10 14:00:11,062-INFO: loss: 0.446722  [  215/  215]
2023-01-10 14:01:22,859-INFO: Test Error:
 Accuracy: 42.3%, Avg loss: 79.231641
2023-01-10 14:01:22,859-INFO: Start training the 4st epoch
2023-01-10 14:01:33,286-INFO: loss: 0.003120  [   32/  215]
2023-01-10 14:01:44,071-INFO: loss: 0.004024  [   64/  215]
2023-01-10 14:01:55,352-INFO: loss: 0.044572  [   96/  215]
2023-01-10 14:02:05,797-INFO: loss: 0.000291  [  128/  215]
2023-01-10 14:02:16,804-INFO: loss: 0.329391  [  160/  215]
2023-01-10 14:02:27,181-INFO: loss: 0.001828  [  192/  215]
2023-01-10 14:02:34,015-INFO: loss: 0.333240  [  215/  215]
2023-01-10 14:03:46,799-INFO: Test Error:
 Accuracy: 60.5%, Avg loss: 22.796605
2023-01-10 14:03:46,933-INFO: resnet18_4 has been saved

2023-01-10 14:03:46,933-INFO: Start training the 5st epoch
2023-01-10 14:03:57,218-INFO: loss: 0.048107  [   32/  215]
2023-01-10 14:04:07,456-INFO: loss: 0.000008  [   64/  215]
2023-01-10 14:04:17,827-INFO: loss: 0.000153  [   96/  215]
2023-01-10 14:04:28,062-INFO: loss: 0.002865  [  128/  215]
2023-01-10 14:04:38,826-INFO: loss: 0.002340  [  160/  215]
2023-01-10 14:04:49,631-INFO: loss: 0.110570  [  192/  215]
2023-01-10 14:04:56,774-INFO: loss: 0.000009  [  215/  215]
2023-01-10 14:06:07,300-INFO: Test Error:
 Accuracy: 99.1%, Avg loss: 0.158965
2023-01-10 14:06:07,300-INFO: Start training the 6st epoch
2023-01-10 14:06:18,101-INFO: loss: 0.055998  [   32/  215]
2023-01-10 14:06:28,787-INFO: loss: 0.000241  [   64/  215]
2023-01-10 14:06:39,198-INFO: loss: 0.001473  [   96/  215]
2023-01-10 14:06:49,167-INFO: loss: 0.017619  [  128/  215]
2023-01-10 14:06:59,169-INFO: loss: 0.000115  [  160/  215]
2023-01-10 14:07:09,957-INFO: loss: 0.000048  [  192/  215]
2023-01-10 14:07:17,135-INFO: loss: 0.001116  [  215/  215]
2023-01-10 14:08:28,735-INFO: Test Error:
 Accuracy: 99.1%, Avg loss: 0.046529
2023-01-10 14:08:28,736-INFO: Start training the 7st epoch
2023-01-10 14:08:39,284-INFO: loss: 0.000136  [   32/  215]
2023-01-10 14:08:50,275-INFO: loss: 0.130985  [   64/  215]
2023-01-10 14:09:01,077-INFO: loss: 0.009144  [   96/  215]
2023-01-10 14:09:11,324-INFO: loss: 0.003660  [  128/  215]
2023-01-10 14:09:21,744-INFO: loss: 0.002274  [  160/  215]
2023-01-10 14:09:32,524-INFO: loss: 0.017707  [  192/  215]
2023-01-10 14:09:39,693-INFO: loss: 0.000032  [  215/  215]
2023-01-10 14:10:52,493-INFO: Test Error:
 Accuracy: 100.0%, Avg loss: 0.002390
2023-01-10 14:10:52,494-INFO: Start training the 8st epoch
2023-01-10 14:11:03,262-INFO: loss: 0.000024  [   32/  215]
2023-01-10 14:11:13,419-INFO: loss: 0.001130  [   64/  215]
2023-01-10 14:11:23,886-INFO: loss: 0.006898  [   96/  215]
2023-01-10 14:11:33,685-INFO: loss: 0.000048  [  128/  215]
2023-01-10 14:11:44,086-INFO: loss: 0.065041  [  160/  215]
2023-01-10 14:11:54,685-INFO: loss: 0.000044  [  192/  215]
2023-01-10 14:12:01,836-INFO: loss: 0.000005  [  215/  215]
2023-01-10 14:13:13,847-INFO: Test Error:
 Accuracy: 100.0%, Avg loss: 0.001221
2023-01-10 14:13:13,847-INFO: Start training the 9st epoch
2023-01-10 14:13:23,981-INFO: loss: 0.000082  [   32/  215]
2023-01-10 14:13:34,995-INFO: loss: 0.000834  [   64/  215]
2023-01-10 14:13:45,245-INFO: loss: 0.001939  [   96/  215]
2023-01-10 14:13:54,640-INFO: loss: 0.017624  [  128/  215]
2023-01-10 14:14:05,250-INFO: loss: 0.000024  [  160/  215]
2023-01-10 14:14:16,037-INFO: loss: 0.000025  [  192/  215]
2023-01-10 14:14:23,903-INFO: loss: 0.000001  [  215/  215]
2023-01-10 14:15:34,998-INFO: Test Error:
 Accuracy: 99.5%, Avg loss: 0.005897
2023-01-10 14:15:35,134-INFO: resnet18_9 has been saved

2023-01-10 14:15:35,135-INFO: Start training the 10st epoch
2023-01-10 14:15:46,028-INFO: loss: 0.000420  [   32/  215]
2023-01-10 14:15:58,025-INFO: loss: 0.000007  [   64/  215]
2023-01-10 14:16:08,614-INFO: loss: 0.001690  [   96/  215]
2023-01-10 14:16:18,797-INFO: loss: 0.010647  [  128/  215]
2023-01-10 14:16:28,625-INFO: loss: 0.000002  [  160/  215]
2023-01-10 14:16:39,253-INFO: loss: 0.000004  [  192/  215]
2023-01-10 14:16:46,763-INFO: loss: 0.019922  [  215/  215]
2023-01-10 14:17:58,367-INFO: Test Error:
 Accuracy: 99.5%, Avg loss: 0.007023
2023-01-10 14:17:58,367-INFO: Start training the 11st epoch
2023-01-10 14:18:08,403-INFO: loss: 0.000094  [   32/  215]
2023-01-10 14:18:18,561-INFO: loss: 0.000136  [   64/  215]
2023-01-10 14:18:29,676-INFO: loss: 0.009258  [   96/  215]
2023-01-10 14:18:40,292-INFO: loss: 0.000006  [  128/  215]
2023-01-10 14:18:50,869-INFO: loss: 0.001919  [  160/  215]
2023-01-10 14:19:01,166-INFO: loss: 0.000911  [  192/  215]
2023-01-10 14:19:08,516-INFO: loss: 0.000317  [  215/  215]
2023-01-10 14:20:22,137-INFO: Test Error:
 Accuracy: 99.1%, Avg loss: 0.023501
2023-01-10 14:20:22,137-INFO: Start training the 12st epoch
2023-01-10 14:20:33,271-INFO: loss: 0.000205  [   32/  215]
2023-01-10 14:20:44,666-INFO: loss: 0.000270  [   64/  215]
2023-01-10 14:20:56,040-INFO: loss: 0.000007  [   96/  215]
2023-01-10 14:21:05,933-INFO: loss: 0.004031  [  128/  215]
2023-01-10 14:21:16,528-INFO: loss: 0.000006  [  160/  215]
2023-01-10 14:21:27,109-INFO: loss: 0.000028  [  192/  215]
2023-01-10 14:21:34,281-INFO: loss: 0.000003  [  215/  215]
2023-01-10 14:22:44,667-INFO: Test Error:
 Accuracy: 99.5%, Avg loss: 0.010341
2023-01-10 14:22:44,673-INFO: Start training the 13st epoch
2023-01-10 14:22:54,702-INFO: loss: 0.000010  [   32/  215]
2023-01-10 14:23:05,086-INFO: loss: 0.000013  [   64/  215]
2023-01-10 14:23:15,541-INFO: loss: 0.000055  [   96/  215]
2023-01-10 14:23:26,095-INFO: loss: 0.000075  [  128/  215]
2023-01-10 14:23:36,515-INFO: loss: 0.047686  [  160/  215]
2023-01-10 14:23:47,111-INFO: loss: 0.016229  [  192/  215]
2023-01-10 14:23:54,757-INFO: loss: 0.031125  [  215/  215]
2023-01-10 14:25:09,039-INFO: Test Error:
 Accuracy: 100.0%, Avg loss: 0.000651
2023-01-10 14:25:09,040-INFO: Start training the 14st epoch
2023-01-10 14:25:20,019-INFO: loss: 0.000128  [   32/  215]
2023-01-10 14:25:30,461-INFO: loss: 0.000048  [   64/  215]
2023-01-10 14:25:41,050-INFO: loss: 0.001609  [   96/  215]
2023-01-10 14:25:51,436-INFO: loss: 0.000001  [  128/  215]
2023-01-10 14:26:02,036-INFO: loss: 0.000007  [  160/  215]
2023-01-10 14:26:12,440-INFO: loss: 0.000000  [  192/  215]
2023-01-10 14:26:19,795-INFO: loss: 0.000010  [  215/  215]
2023-01-10 14:27:32,188-INFO: Test Error:
 Accuracy: 99.1%, Avg loss: 0.074576
2023-01-10 14:27:32,321-INFO: resnet18_14 has been saved

2023-01-10 14:27:32,321-INFO: Start training the 15st epoch
2023-01-10 14:27:42,595-INFO: loss: 0.000011  [   32/  215]
2023-01-10 14:27:52,791-INFO: loss: 0.000023  [   64/  215]
2023-01-10 14:28:03,613-INFO: loss: 0.002498  [   96/  215]
2023-01-10 14:28:13,608-INFO: loss: 0.008760  [  128/  215]
2023-01-10 14:28:24,025-INFO: loss: 0.000058  [  160/  215]
2023-01-10 14:28:34,809-INFO: loss: 0.000035  [  192/  215]
2023-01-10 14:28:42,146-INFO: loss: 0.123985  [  215/  215]
2023-01-10 14:29:55,373-INFO: Test Error:
 Accuracy: 99.1%, Avg loss: 0.044580
2023-01-10 14:29:55,373-INFO: Start training the 16st epoch
2023-01-10 14:30:06,553-INFO: loss: 0.000926  [   32/  215]
2023-01-10 14:30:17,151-INFO: loss: 0.000002  [   64/  215]
2023-01-10 14:30:27,558-INFO: loss: 0.137277  [   96/  215]
2023-01-10 14:30:36,968-INFO: loss: 0.000169  [  128/  215]
2023-01-10 14:30:47,550-INFO: loss: 0.000000  [  160/  215]
2023-01-10 14:30:58,376-INFO: loss: 0.000086  [  192/  215]
2023-01-10 14:31:06,322-INFO: loss: 0.000000  [  215/  215]
2023-01-10 14:32:18,710-INFO: Test Error:
 Accuracy: 87.4%, Avg loss: 1.484216
2023-01-10 14:32:18,710-INFO: Start training the 17st epoch
2023-01-10 14:32:29,134-INFO: loss: 0.000000  [   32/  215]
2023-01-10 14:32:40,233-INFO: loss: 0.000029  [   64/  215]
2023-01-10 14:32:50,532-INFO: loss: 0.036396  [   96/  215]
2023-01-10 14:33:00,696-INFO: loss: 0.000358  [  128/  215]
2023-01-10 14:33:11,648-INFO: loss: 0.001178  [  160/  215]
2023-01-10 14:33:22,386-INFO: loss: 0.262744  [  192/  215]
2023-01-10 14:33:29,912-INFO: loss: 0.023592  [  215/  215]
2023-01-10 14:34:43,670-INFO: Test Error:
 Accuracy: 79.1%, Avg loss: 0.879988
2023-01-10 14:34:43,671-INFO: Start training the 18st epoch
2023-01-10 14:34:54,689-INFO: loss: 0.150917  [   32/  215]
2023-01-10 14:35:05,494-INFO: loss: 0.000002  [   64/  215]
2023-01-10 14:35:16,796-INFO: loss: 0.023078  [   96/  215]
2023-01-10 14:35:26,879-INFO: loss: 0.014094  [  128/  215]
2023-01-10 14:35:37,742-INFO: loss: 0.283449  [  160/  215]
2023-01-10 14:35:48,307-INFO: loss: 0.125125  [  192/  215]
2023-01-10 14:35:55,881-INFO: loss: 0.008610  [  215/  215]
2023-01-10 14:37:09,430-INFO: Test Error:
 Accuracy: 60.0%, Avg loss: 3.223627
2023-01-10 14:37:09,431-INFO: Start training the 19st epoch
2023-01-10 14:37:19,254-INFO: loss: 0.392362  [   32/  215]
2023-01-10 14:37:30,552-INFO: loss: 0.002105  [   64/  215]
2023-01-10 14:37:41,027-INFO: loss: 0.062259  [   96/  215]
2023-01-10 14:37:51,420-INFO: loss: 0.001160  [  128/  215]
2023-01-10 14:38:02,420-INFO: loss: 0.019726  [  160/  215]
2023-01-10 14:38:13,934-INFO: loss: 0.154434  [  192/  215]
2023-01-10 14:38:22,111-INFO: loss: 0.000006  [  215/  215]
2023-01-10 14:39:38,177-INFO: Test Error:
 Accuracy: 42.8%, Avg loss: 9.529129
2023-01-10 14:39:38,315-INFO: resnet18_19 has been saved

2023-01-10 14:39:38,315-INFO: Start training the 20st epoch
2023-01-10 14:39:49,586-INFO: loss: 0.002901  [   32/  215]
2023-01-10 14:40:00,382-INFO: loss: 0.000004  [   64/  215]
2023-01-10 14:40:11,189-INFO: loss: 0.000030  [   96/  215]
2023-01-10 14:40:21,380-INFO: loss: 0.000642  [  128/  215]
2023-01-10 14:40:31,982-INFO: loss: 0.363604  [  160/  215]
2023-01-10 14:40:42,970-INFO: loss: 2.031358  [  192/  215]
2023-01-10 14:40:50,310-INFO: loss: 0.010217  [  215/  215]
2023-01-10 14:42:03,116-INFO: Test Error:
 Accuracy: 54.4%, Avg loss: 4.720141
2023-01-10 14:42:03,117-INFO: Start training the 21st epoch
2023-01-10 14:42:14,050-INFO: loss: 0.000100  [   32/  215]
2023-01-10 14:42:24,894-INFO: loss: 0.001598  [   64/  215]
2023-01-10 14:42:36,077-INFO: loss: 0.118632  [   96/  215]
2023-01-10 14:42:46,186-INFO: loss: 0.054959  [  128/  215]
2023-01-10 14:42:57,021-INFO: loss: 0.597909  [  160/  215]
2023-01-10 14:43:07,344-INFO: loss: 0.068655  [  192/  215]
2023-01-10 14:43:14,492-INFO: loss: 0.098727  [  215/  215]
2023-01-10 14:44:28,095-INFO: Test Error:
 Accuracy: 97.7%, Avg loss: 0.130762
2023-01-10 14:44:28,096-INFO: Start training the 22st epoch
2023-01-10 14:44:38,649-INFO: loss: 0.000139  [   32/  215]
2023-01-10 14:44:48,719-INFO: loss: 0.000330  [   64/  215]
2023-01-10 14:44:59,180-INFO: loss: 0.113960  [   96/  215]
2023-01-10 14:45:09,402-INFO: loss: 0.000481  [  128/  215]
2023-01-10 14:45:19,736-INFO: loss: 0.008479  [  160/  215]
2023-01-10 14:45:29,912-INFO: loss: 0.000143  [  192/  215]
2023-01-10 14:45:37,643-INFO: loss: 0.514824  [  215/  215]
2023-01-10 14:46:49,050-INFO: Test Error:
 Accuracy: 72.6%, Avg loss: 1.318872
2023-01-10 14:46:49,050-INFO: Start training the 23st epoch
2023-01-10 14:46:59,781-INFO: loss: 0.009364  [   32/  215]
2023-01-10 14:47:10,205-INFO: loss: 0.167466  [   64/  215]
2023-01-10 14:47:20,574-INFO: loss: 0.068671  [   96/  215]
2023-01-10 14:47:30,758-INFO: loss: 0.143201  [  128/  215]
2023-01-10 14:47:40,662-INFO: loss: 0.129710  [  160/  215]
2023-01-10 14:47:51,039-INFO: loss: 0.130334  [  192/  215]
2023-01-10 14:47:58,439-INFO: loss: 0.634922  [  215/  215]
2023-01-10 14:49:09,805-INFO: Test Error:
 Accuracy: 77.2%, Avg loss: 0.915213
2023-01-10 14:49:09,806-INFO: Start training the 24st epoch
2023-01-10 14:49:20,712-INFO: loss: 0.015507  [   32/  215]
2023-01-10 14:49:31,831-INFO: loss: 0.001292  [   64/  215]
2023-01-10 14:49:42,340-INFO: loss: 0.251509  [   96/  215]
2023-01-10 14:49:52,614-INFO: loss: 0.032246  [  128/  215]
2023-01-10 14:50:02,854-INFO: loss: 0.002725  [  160/  215]
2023-01-10 14:50:13,738-INFO: loss: 0.132031  [  192/  215]
2023-01-10 14:50:21,068-INFO: loss: 0.328556  [  215/  215]
2023-01-10 14:51:35,562-INFO: Test Error:
 Accuracy: 99.1%, Avg loss: 0.040268
2023-01-10 14:51:35,713-INFO: resnet18_24 has been saved

2023-01-10 14:51:35,713-INFO: Start training the 25st epoch
2023-01-10 14:51:46,195-INFO: loss: 0.012209  [   32/  215]
2023-01-10 14:51:56,370-INFO: loss: 0.001225  [   64/  215]
2023-01-10 14:52:06,969-INFO: loss: 0.000949  [   96/  215]
2023-01-10 14:52:16,997-INFO: loss: 0.006326  [  128/  215]
2023-01-10 14:52:27,781-INFO: loss: 0.003593  [  160/  215]
2023-01-10 14:52:38,645-INFO: loss: 0.132585  [  192/  215]
2023-01-10 14:52:45,718-INFO: loss: 0.012379  [  215/  215]
2023-01-10 14:53:58,333-INFO: Test Error:
 Accuracy: 99.1%, Avg loss: 0.032114
2023-01-10 14:53:58,333-INFO: Start training the 26st epoch
2023-01-10 14:54:09,452-INFO: loss: 0.012068  [   32/  215]
2023-01-10 14:54:20,476-INFO: loss: 0.001400  [   64/  215]
2023-01-10 14:54:30,938-INFO: loss: 0.021108  [   96/  215]
2023-01-10 14:54:40,737-INFO: loss: 0.040409  [  128/  215]
2023-01-10 14:54:51,916-INFO: loss: 0.003399  [  160/  215]
2023-01-10 14:55:02,522-INFO: loss: 0.037140  [  192/  215]
2023-01-10 14:55:09,690-INFO: loss: 0.000196  [  215/  215]
2023-01-10 14:56:22,497-INFO: Test Error:
 Accuracy: 98.6%, Avg loss: 0.022583
2023-01-10 14:56:22,498-INFO: Start training the 27st epoch
2023-01-10 14:56:33,097-INFO: loss: 0.212792  [   32/  215]
2023-01-10 14:56:42,925-INFO: loss: 0.041245  [   64/  215]
2023-01-10 14:56:53,084-INFO: loss: 0.002630  [   96/  215]
2023-01-10 14:57:03,117-INFO: loss: 0.001390  [  128/  215]
2023-01-10 14:57:13,474-INFO: loss: 0.054024  [  160/  215]
2023-01-10 14:57:23,689-INFO: loss: 0.000316  [  192/  215]
2023-01-10 14:57:31,045-INFO: loss: 0.000055  [  215/  215]
2023-01-10 14:58:44,636-INFO: Test Error:
 Accuracy: 75.8%, Avg loss: 9.394380
2023-01-10 14:58:44,637-INFO: Start training the 28st epoch
2023-01-10 14:58:55,158-INFO: loss: 0.304451  [   32/  215]
2023-01-10 14:59:05,573-INFO: loss: 0.000004  [   64/  215]
2023-01-10 14:59:16,382-INFO: loss: 0.000003  [   96/  215]
2023-01-10 14:59:26,498-INFO: loss: 0.008794  [  128/  215]
2023-01-10 14:59:37,234-INFO: loss: 0.498616  [  160/  215]
2023-01-10 14:59:47,842-INFO: loss: 0.038751  [  192/  215]
2023-01-10 14:59:54,990-INFO: loss: 0.188285  [  215/  215]
2023-01-10 15:01:08,406-INFO: Test Error:
 Accuracy: 94.0%, Avg loss: 0.831669
2023-01-10 15:01:08,407-INFO: Start training the 29st epoch
2023-01-10 15:01:18,828-INFO: loss: 0.008314  [   32/  215]
2023-01-10 15:01:29,550-INFO: loss: 0.250313  [   64/  215]
2023-01-10 15:01:39,611-INFO: loss: 0.015901  [   96/  215]
2023-01-10 15:01:49,995-INFO: loss: 0.015580  [  128/  215]
2023-01-10 15:02:00,603-INFO: loss: 0.000083  [  160/  215]
2023-01-10 15:02:11,200-INFO: loss: 0.001206  [  192/  215]
2023-01-10 15:02:18,734-INFO: loss: 0.000306  [  215/  215]
2023-01-10 15:03:33,855-INFO: Test Error:
 Accuracy: 90.2%, Avg loss: 0.524140
2023-01-10 15:03:34,006-INFO: resnet18_29 has been saved