2023-01-10 23:10:02,427-INFO: Start training the 0st epoch
2023-01-10 23:10:15,907-INFO: loss: 1.116051  [   32/  215]
2023-01-10 23:10:26,782-INFO: loss: 1.952487  [   64/  215]
2023-01-10 23:10:37,671-INFO: loss: 4.440773  [   96/  215]
2023-01-10 23:10:48,467-INFO: loss: 2.810437  [  128/  215]
2023-01-10 23:10:59,212-INFO: loss: 1.419604  [  160/  215]
2023-01-10 23:11:09,553-INFO: loss: 1.433343  [  192/  215]
2023-01-10 23:11:16,526-INFO: loss: 1.252075  [  215/  215]
2023-01-10 23:12:22,860-INFO: Test Error: 
 Accuracy: 33.5%, Avg loss: 1.300566
2023-01-10 23:12:22,860-INFO: Start training the 1st epoch
2023-01-10 23:12:33,285-INFO: loss: 1.185100  [   32/  215]
2023-01-10 23:12:43,495-INFO: loss: 1.350841  [   64/  215]
2023-01-10 23:12:53,957-INFO: loss: 1.499007  [   96/  215]
2023-01-10 23:13:04,147-INFO: loss: 1.259517  [  128/  215]
2023-01-10 23:13:14,733-INFO: loss: 1.215374  [  160/  215]
2023-01-10 23:13:24,890-INFO: loss: 1.347792  [  192/  215]
2023-01-10 23:13:32,323-INFO: loss: 1.220261  [  215/  215]
2023-01-10 23:14:36,059-INFO: Test Error: 
 Accuracy: 33.5%, Avg loss: 1.136464
2023-01-10 23:14:36,059-INFO: Start training the 2st epoch
2023-01-10 23:14:46,580-INFO: loss: 1.235147  [   32/  215]
2023-01-10 23:14:56,569-INFO: loss: 1.182238  [   64/  215]
2023-01-10 23:15:06,034-INFO: loss: 1.159741  [   96/  215]
2023-01-10 23:15:15,489-INFO: loss: 1.294768  [  128/  215]
2023-01-10 23:15:24,967-INFO: loss: 1.156185  [  160/  215]
2023-01-10 23:15:34,651-INFO: loss: 1.248444  [  192/  215]
2023-01-10 23:15:41,411-INFO: loss: 1.166843  [  215/  215]
2023-01-10 23:16:45,777-INFO: Test Error: 
 Accuracy: 33.5%, Avg loss: 1.223090
2023-01-10 23:16:45,779-INFO: Start training the 3st epoch
2023-01-10 23:16:56,104-INFO: loss: 1.359594  [   32/  215]
2023-01-10 23:17:06,092-INFO: loss: 1.133042  [   64/  215]
2023-01-10 23:17:15,765-INFO: loss: 1.156475  [   96/  215]
2023-01-10 23:17:25,674-INFO: loss: 1.255528  [  128/  215]
2023-01-10 23:17:35,402-INFO: loss: 1.121968  [  160/  215]
2023-01-10 23:17:45,408-INFO: loss: 1.310466  [  192/  215]
2023-01-10 23:17:52,319-INFO: loss: 1.215936  [  215/  215]
2023-01-10 23:18:58,530-INFO: Test Error: 
 Accuracy: 33.5%, Avg loss: 1.178502
2023-01-10 23:18:58,533-INFO: Start training the 4st epoch
2023-01-10 23:19:08,988-INFO: loss: 1.172288  [   32/  215]
2023-01-10 23:19:19,644-INFO: loss: 1.042880  [   64/  215]
2023-01-10 23:19:30,013-INFO: loss: 1.111330  [   96/  215]
2023-01-10 23:19:39,840-INFO: loss: 1.360550  [  128/  215]
2023-01-10 23:19:49,594-INFO: loss: 1.365148  [  160/  215]
2023-01-10 23:19:59,331-INFO: loss: 1.196369  [  192/  215]
2023-01-10 23:20:06,601-INFO: loss: 1.171425  [  215/  215]
2023-01-10 23:21:11,909-INFO: Test Error: 
 Accuracy: 33.5%, Avg loss: 1.165062
2023-01-10 23:21:12,898-INFO: swin_b_4 has been saved 

2023-01-10 23:21:12,898-INFO: Start training the 5st epoch
2023-01-10 23:21:23,489-INFO: loss: 1.171149  [   32/  215]
2023-01-10 23:21:34,456-INFO: loss: 1.075288  [   64/  215]
2023-01-10 23:21:45,441-INFO: loss: 1.253946  [   96/  215]
2023-01-10 23:21:56,219-INFO: loss: 1.276700  [  128/  215]
2023-01-10 23:22:07,335-INFO: loss: 1.178768  [  160/  215]
2023-01-10 23:22:18,231-INFO: loss: 1.117010  [  192/  215]
2023-01-10 23:22:25,569-INFO: loss: 1.103534  [  215/  215]
2023-01-10 23:23:29,740-INFO: Test Error: 
 Accuracy: 33.0%, Avg loss: 1.134431
2023-01-10 23:23:29,741-INFO: Start training the 6st epoch
2023-01-10 23:23:39,876-INFO: loss: 1.097271  [   32/  215]
2023-01-10 23:23:50,298-INFO: loss: 1.142789  [   64/  215]
2023-01-10 23:24:00,302-INFO: loss: 1.247242  [   96/  215]
2023-01-10 23:24:10,100-INFO: loss: 1.094377  [  128/  215]
2023-01-10 23:24:19,524-INFO: loss: 1.176182  [  160/  215]
2023-01-10 23:24:29,553-INFO: loss: 1.111029  [  192/  215]
2023-01-10 23:24:36,917-INFO: loss: 1.083985  [  215/  215]
2023-01-10 23:25:42,004-INFO: Test Error: 
 Accuracy: 33.5%, Avg loss: 1.109932
2023-01-10 23:25:42,005-INFO: Start training the 7st epoch
2023-01-10 23:25:51,932-INFO: loss: 1.108977  [   32/  215]
2023-01-10 23:26:02,099-INFO: loss: 1.092686  [   64/  215]
2023-01-10 23:26:12,509-INFO: loss: 1.112334  [   96/  215]
2023-01-10 23:26:21,913-INFO: loss: 1.086792  [  128/  215]
2023-01-10 23:26:31,581-INFO: loss: 1.100182  [  160/  215]
2023-01-10 23:26:41,605-INFO: loss: 1.064398  [  192/  215]
2023-01-10 23:26:49,286-INFO: loss: 1.148942  [  215/  215]
2023-01-10 23:27:54,188-INFO: Test Error: 
 Accuracy: 33.5%, Avg loss: 1.102600
2023-01-10 23:27:54,188-INFO: Start training the 8st epoch
2023-01-10 23:28:04,089-INFO: loss: 1.095970  [   32/  215]
2023-01-10 23:28:13,872-INFO: loss: 1.146607  [   64/  215]
2023-01-10 23:28:24,122-INFO: loss: 1.118381  [   96/  215]
2023-01-10 23:28:34,135-INFO: loss: 1.118406  [  128/  215]
2023-01-10 23:28:44,406-INFO: loss: 1.090004  [  160/  215]
2023-01-10 23:28:54,015-INFO: loss: 1.090152  [  192/  215]
2023-01-10 23:29:01,311-INFO: loss: 1.099946  [  215/  215]
2023-01-10 23:30:08,124-INFO: Test Error: 
 Accuracy: 33.0%, Avg loss: 1.101017
2023-01-10 23:30:08,124-INFO: Start training the 9st epoch
2023-01-10 23:30:18,377-INFO: loss: 1.101607  [   32/  215]
2023-01-10 23:30:28,569-INFO: loss: 1.125890  [   64/  215]
2023-01-10 23:30:39,099-INFO: loss: 1.118068  [   96/  215]
2023-01-10 23:30:48,836-INFO: loss: 1.105348  [  128/  215]
2023-01-10 23:30:59,289-INFO: loss: 1.091181  [  160/  215]
2023-01-10 23:31:09,880-INFO: loss: 1.095432  [  192/  215]
2023-01-10 23:31:17,024-INFO: loss: 1.114707  [  215/  215]
2023-01-10 23:32:23,638-INFO: Test Error: 
 Accuracy: 33.0%, Avg loss: 1.101533
2023-01-10 23:32:24,490-INFO: swin_b_9 has been saved 

2023-01-10 23:32:24,491-INFO: Start training the 10st epoch
2023-01-10 23:32:34,428-INFO: loss: 1.092888  [   32/  215]
2023-01-10 23:32:44,856-INFO: loss: 1.096793  [   64/  215]
2023-01-10 23:32:54,750-INFO: loss: 1.097427  [   96/  215]
2023-01-10 23:33:04,182-INFO: loss: 1.110597  [  128/  215]
2023-01-10 23:33:14,131-INFO: loss: 1.110476  [  160/  215]
2023-01-10 23:33:24,817-INFO: loss: 1.110932  [  192/  215]
2023-01-10 23:33:31,890-INFO: loss: 1.106079  [  215/  215]
2023-01-10 23:34:39,083-INFO: Test Error: 
 Accuracy: 33.5%, Avg loss: 1.097151
2023-01-10 23:34:39,085-INFO: Start training the 11st epoch
2023-01-10 23:34:49,629-INFO: loss: 1.105563  [   32/  215]
2023-01-10 23:35:00,170-INFO: loss: 1.086439  [   64/  215]
2023-01-10 23:35:10,405-INFO: loss: 1.110909  [   96/  215]
2023-01-10 23:35:20,407-INFO: loss: 1.105216  [  128/  215]
2023-01-10 23:35:31,003-INFO: loss: 1.117240  [  160/  215]
2023-01-10 23:35:41,644-INFO: loss: 1.118651  [  192/  215]
2023-01-10 23:35:48,953-INFO: loss: 1.097263  [  215/  215]
2023-01-10 23:36:55,590-INFO: Test Error: 
 Accuracy: 33.5%, Avg loss: 1.099343
2023-01-10 23:36:55,591-INFO: Start training the 12st epoch
2023-01-10 23:37:05,742-INFO: loss: 1.098989  [   32/  215]
2023-01-10 23:37:15,851-INFO: loss: 1.110257  [   64/  215]
2023-01-10 23:37:25,945-INFO: loss: 1.115850  [   96/  215]
2023-01-10 23:37:35,900-INFO: loss: 1.088366  [  128/  215]
2023-01-10 23:37:46,310-INFO: loss: 1.116739  [  160/  215]
2023-01-10 23:37:56,676-INFO: loss: 1.106737  [  192/  215]
2023-01-10 23:38:04,497-INFO: loss: 1.096149  [  215/  215]
2023-01-10 23:39:10,943-INFO: Test Error: 
 Accuracy: 33.5%, Avg loss: 1.100247
2023-01-10 23:39:10,944-INFO: Start training the 13st epoch
2023-01-10 23:39:21,288-INFO: loss: 1.108479  [   32/  215]
2023-01-10 23:39:31,084-INFO: loss: 1.102601  [   64/  215]
2023-01-10 23:39:41,456-INFO: loss: 1.086470  [   96/  215]
2023-01-10 23:39:51,473-INFO: loss: 1.103950  [  128/  215]
2023-01-10 23:40:02,732-INFO: loss: 1.100396  [  160/  215]
2023-01-10 23:40:12,828-INFO: loss: 1.103960  [  192/  215]
2023-01-10 23:40:20,325-INFO: loss: 1.093907  [  215/  215]
2023-01-10 23:41:28,629-INFO: Test Error: 
 Accuracy: 33.0%, Avg loss: 1.100025
2023-01-10 23:41:28,629-INFO: Start training the 14st epoch
2023-01-10 23:41:38,987-INFO: loss: 1.094375  [   32/  215]
2023-01-10 23:41:48,639-INFO: loss: 1.096099  [   64/  215]
2023-01-10 23:41:58,803-INFO: loss: 1.101627  [   96/  215]
2023-01-10 23:42:08,608-INFO: loss: 1.112622  [  128/  215]
2023-01-10 23:42:18,777-INFO: loss: 1.125822  [  160/  215]
2023-01-10 23:42:29,641-INFO: loss: 1.088956  [  192/  215]
2023-01-10 23:42:37,311-INFO: loss: 1.099379  [  215/  215]
2023-01-10 23:43:45,876-INFO: Test Error: 
 Accuracy: 33.5%, Avg loss: 1.098146
2023-01-10 23:43:46,774-INFO: swin_b_14 has been saved 

2023-01-10 23:43:46,774-INFO: Start training the 15st epoch
2023-01-10 23:43:56,863-INFO: loss: 1.108510  [   32/  215]
2023-01-10 23:44:07,284-INFO: loss: 1.096670  [   64/  215]
2023-01-10 23:44:17,272-INFO: loss: 1.097255  [   96/  215]
2023-01-10 23:44:27,193-INFO: loss: 1.093651  [  128/  215]
2023-01-10 23:44:37,888-INFO: loss: 1.106458  [  160/  215]
2023-01-10 23:44:48,339-INFO: loss: 1.103403  [  192/  215]
2023-01-10 23:44:55,583-INFO: loss: 1.100345  [  215/  215]
2023-01-10 23:46:01,847-INFO: Test Error: 
 Accuracy: 33.5%, Avg loss: 1.097906
2023-01-10 23:46:01,848-INFO: Start training the 16st epoch
2023-01-10 23:46:11,928-INFO: loss: 1.094801  [   32/  215]
2023-01-10 23:46:21,992-INFO: loss: 1.097390  [   64/  215]
2023-01-10 23:46:32,338-INFO: loss: 1.100321  [   96/  215]
2023-01-10 23:46:42,350-INFO: loss: 1.091906  [  128/  215]
2023-01-10 23:46:52,937-INFO: loss: 1.105414  [  160/  215]
2023-01-10 23:47:03,737-INFO: loss: 1.103300  [  192/  215]
2023-01-10 23:47:10,880-INFO: loss: 1.100188  [  215/  215]
2023-01-10 23:48:15,678-INFO: Test Error: 
 Accuracy: 33.5%, Avg loss: 1.098709
2023-01-10 23:48:15,679-INFO: Start training the 17st epoch
2023-01-10 23:48:26,196-INFO: loss: 1.094527  [   32/  215]
2023-01-10 23:48:36,165-INFO: loss: 1.117301  [   64/  215]
2023-01-10 23:48:46,802-INFO: loss: 1.102213  [   96/  215]
2023-01-10 23:48:57,125-INFO: loss: 1.101671  [  128/  215]
2023-01-10 23:49:07,668-INFO: loss: 1.085998  [  160/  215]
2023-01-10 23:49:18,365-INFO: loss: 1.096835  [  192/  215]
2023-01-10 23:49:25,503-INFO: loss: 1.091306  [  215/  215]
2023-01-10 23:50:30,960-INFO: Test Error: 
 Accuracy: 33.5%, Avg loss: 1.099938
2023-01-10 23:50:30,961-INFO: Start training the 18st epoch
2023-01-10 23:50:40,882-INFO: loss: 1.073753  [   32/  215]
2023-01-10 23:50:51,692-INFO: loss: 1.090487  [   64/  215]
2023-01-10 23:51:01,879-INFO: loss: 1.119153  [   96/  215]
2023-01-10 23:51:12,440-INFO: loss: 1.113100  [  128/  215]
2023-01-10 23:51:22,852-INFO: loss: 1.112259  [  160/  215]
2023-01-10 23:51:33,013-INFO: loss: 1.108846  [  192/  215]
2023-01-10 23:51:40,347-INFO: loss: 1.082718  [  215/  215]
2023-01-10 23:52:46,407-INFO: Test Error: 
 Accuracy: 33.5%, Avg loss: 1.098747
2023-01-10 23:52:46,407-INFO: Start training the 19st epoch
2023-01-10 23:52:56,716-INFO: loss: 1.077370  [   32/  215]
2023-01-10 23:53:06,920-INFO: loss: 1.098295  [   64/  215]
2023-01-10 23:53:16,724-INFO: loss: 1.110709  [   96/  215]
2023-01-10 23:53:26,966-INFO: loss: 1.131818  [  128/  215]
2023-01-10 23:53:37,410-INFO: loss: 1.124312  [  160/  215]
2023-01-10 23:53:47,633-INFO: loss: 1.086918  [  192/  215]
2023-01-10 23:53:54,800-INFO: loss: 1.107774  [  215/  215]
2023-01-10 23:55:00,488-INFO: Test Error: 
 Accuracy: 33.5%, Avg loss: 1.098881
2023-01-10 23:55:01,386-INFO: swin_b_19 has been saved 

2023-01-10 23:55:01,386-INFO: Start training the 20st epoch
2023-01-10 23:55:12,094-INFO: loss: 1.081048  [   32/  215]
2023-01-10 23:55:22,365-INFO: loss: 1.099689  [   64/  215]
2023-01-10 23:55:33,015-INFO: loss: 1.094074  [   96/  215]
2023-01-10 23:55:42,906-INFO: loss: 1.075300  [  128/  215]
2023-01-10 23:55:52,913-INFO: loss: 1.093730  [  160/  215]
2023-01-10 23:56:02,921-INFO: loss: 1.114317  [  192/  215]
2023-01-10 23:56:10,244-INFO: loss: 1.131577  [  215/  215]
2023-01-10 23:57:16,538-INFO: Test Error: 
 Accuracy: 33.0%, Avg loss: 1.102235
2023-01-10 23:57:16,538-INFO: Start training the 21st epoch
2023-01-10 23:57:27,826-INFO: loss: 1.124875  [   32/  215]
2023-01-10 23:57:38,123-INFO: loss: 1.078228  [   64/  215]
2023-01-10 23:57:48,514-INFO: loss: 1.117338  [   96/  215]
2023-01-10 23:57:59,122-INFO: loss: 1.119658  [  128/  215]
2023-01-10 23:58:09,593-INFO: loss: 1.093363  [  160/  215]
2023-01-10 23:58:19,944-INFO: loss: 1.094981  [  192/  215]
2023-01-10 23:58:27,339-INFO: loss: 1.087075  [  215/  215]
2023-01-10 23:59:34,862-INFO: Test Error: 
 Accuracy: 33.5%, Avg loss: 1.097867
2023-01-10 23:59:34,865-INFO: Start training the 22st epoch
2023-01-10 23:59:45,725-INFO: loss: 1.121125  [   32/  215]
2023-01-10 23:59:56,501-INFO: loss: 1.110148  [   64/  215]
2023-01-11 00:00:06,269-INFO: loss: 1.101823  [   96/  215]
2023-01-11 00:00:16,866-INFO: loss: 1.107878  [  128/  215]
2023-01-11 00:00:27,257-INFO: loss: 1.108844  [  160/  215]
2023-01-11 00:00:37,932-INFO: loss: 1.101849  [  192/  215]
2023-01-11 00:00:45,506-INFO: loss: 1.111080  [  215/  215]
2023-01-11 00:01:52,557-INFO: Test Error: 
 Accuracy: 33.5%, Avg loss: 1.097070
2023-01-11 00:01:52,558-INFO: Start training the 23st epoch
2023-01-11 00:02:02,809-INFO: loss: 1.107904  [   32/  215]
2023-01-11 00:02:13,722-INFO: loss: 1.119483  [   64/  215]
2023-01-11 00:02:24,055-INFO: loss: 1.093070  [   96/  215]
2023-01-11 00:02:34,163-INFO: loss: 1.096622  [  128/  215]
2023-01-11 00:02:44,685-INFO: loss: 1.090665  [  160/  215]
2023-01-11 00:02:54,754-INFO: loss: 1.117483  [  192/  215]
2023-01-11 00:03:01,854-INFO: loss: 1.099059  [  215/  215]
2023-01-11 00:04:08,910-INFO: Test Error: 
 Accuracy: 33.0%, Avg loss: 1.100422
2023-01-11 00:04:08,910-INFO: Start training the 24st epoch
2023-01-11 00:04:19,640-INFO: loss: 1.097619  [   32/  215]
2023-01-11 00:04:29,541-INFO: loss: 1.105869  [   64/  215]
2023-01-11 00:04:39,763-INFO: loss: 1.094063  [   96/  215]
2023-01-11 00:04:49,964-INFO: loss: 1.095664  [  128/  215]
2023-01-11 00:05:00,541-INFO: loss: 1.102308  [  160/  215]
2023-01-11 00:05:10,781-INFO: loss: 1.104059  [  192/  215]
2023-01-11 00:05:17,662-INFO: loss: 1.093634  [  215/  215]
2023-01-11 00:06:24,710-INFO: Test Error: 
 Accuracy: 33.5%, Avg loss: 1.100174
2023-01-11 00:06:25,710-INFO: swin_b_24 has been saved 

2023-01-11 00:06:25,711-INFO: Start training the 25st epoch
2023-01-11 00:06:35,953-INFO: loss: 1.100794  [   32/  215]
2023-01-11 00:06:45,980-INFO: loss: 1.100220  [   64/  215]
2023-01-11 00:06:56,580-INFO: loss: 1.116008  [   96/  215]
2023-01-11 00:07:07,117-INFO: loss: 1.099103  [  128/  215]
2023-01-11 00:07:17,465-INFO: loss: 1.096436  [  160/  215]
2023-01-11 00:07:27,990-INFO: loss: 1.086187  [  192/  215]
2023-01-11 00:07:35,373-INFO: loss: 1.100880  [  215/  215]
2023-01-11 00:08:41,341-INFO: Test Error: 
 Accuracy: 33.5%, Avg loss: 1.098087
2023-01-11 00:08:41,342-INFO: Start training the 26st epoch
2023-01-11 00:08:51,565-INFO: loss: 1.099066  [   32/  215]
2023-01-11 00:09:01,465-INFO: loss: 1.107147  [   64/  215]
2023-01-11 00:09:11,729-INFO: loss: 1.104784  [   96/  215]
2023-01-11 00:09:21,731-INFO: loss: 1.111668  [  128/  215]
2023-01-11 00:09:32,352-INFO: loss: 1.097254  [  160/  215]
2023-01-11 00:09:42,667-INFO: loss: 1.089893  [  192/  215]
2023-01-11 00:09:50,398-INFO: loss: 1.109554  [  215/  215]
2023-01-11 00:10:56,459-INFO: Test Error: 
 Accuracy: 33.0%, Avg loss: 1.098376
2023-01-11 00:10:56,462-INFO: Start training the 27st epoch
2023-01-11 00:11:07,116-INFO: loss: 1.102199  [   32/  215]
2023-01-11 00:11:17,182-INFO: loss: 1.105689  [   64/  215]
2023-01-11 00:11:27,925-INFO: loss: 1.097646  [   96/  215]
2023-01-11 00:11:38,109-INFO: loss: 1.098357  [  128/  215]
2023-01-11 00:11:48,695-INFO: loss: 1.102279  [  160/  215]
2023-01-11 00:11:59,768-INFO: loss: 1.111585  [  192/  215]
2023-01-11 00:12:06,915-INFO: loss: 1.093713  [  215/  215]
2023-01-11 00:13:15,350-INFO: Test Error: 
 Accuracy: 33.5%, Avg loss: 1.098086
2023-01-11 00:13:15,350-INFO: Start training the 28st epoch
2023-01-11 00:13:25,424-INFO: loss: 1.090250  [   32/  215]
2023-01-11 00:13:35,466-INFO: loss: 1.104073  [   64/  215]
2023-01-11 00:13:45,459-INFO: loss: 1.105821  [   96/  215]
2023-01-11 00:13:55,122-INFO: loss: 1.099519  [  128/  215]
2023-01-11 00:14:05,260-INFO: loss: 1.089594  [  160/  215]
2023-01-11 00:14:15,458-INFO: loss: 1.112148  [  192/  215]
2023-01-11 00:14:22,854-INFO: loss: 1.108888  [  215/  215]
2023-01-11 00:15:28,717-INFO: Test Error: 
 Accuracy: 33.5%, Avg loss: 1.098712
2023-01-11 00:15:28,720-INFO: Start training the 29st epoch
2023-01-11 00:15:39,092-INFO: loss: 1.096343  [   32/  215]
2023-01-11 00:15:49,326-INFO: loss: 1.093327  [   64/  215]
2023-01-11 00:15:59,705-INFO: loss: 1.093154  [   96/  215]
2023-01-11 00:16:09,753-INFO: loss: 1.101702  [  128/  215]
2023-01-11 00:16:20,164-INFO: loss: 1.085448  [  160/  215]
2023-01-11 00:16:30,610-INFO: loss: 1.092621  [  192/  215]
2023-01-11 00:16:38,209-INFO: loss: 1.099103  [  215/  215]
2023-01-11 00:17:45,945-INFO: Test Error: 
 Accuracy: 33.0%, Avg loss: 1.100906
2023-01-11 00:17:46,894-INFO: swin_b_29 has been saved 

2023-01-11 00:17:46,894-INFO: Start training the 30st epoch
2023-01-11 00:17:57,875-INFO: loss: 1.086956  [   32/  215]
2023-01-11 00:18:08,641-INFO: loss: 1.097818  [   64/  215]
2023-01-11 00:18:18,575-INFO: loss: 1.093437  [   96/  215]
2023-01-11 00:18:28,519-INFO: loss: 1.099800  [  128/  215]
2023-01-11 00:18:38,441-INFO: loss: 1.084826  [  160/  215]
2023-01-11 00:18:48,516-INFO: loss: 1.112260  [  192/  215]
2023-01-11 00:18:55,365-INFO: loss: 1.116206  [  215/  215]
2023-01-11 00:20:01,086-INFO: Test Error: 
 Accuracy: 33.0%, Avg loss: 1.101741
2023-01-11 00:20:01,087-INFO: Start training the 31st epoch
2023-01-11 00:20:11,226-INFO: loss: 1.085680  [   32/  215]
2023-01-11 00:20:21,845-INFO: loss: 1.107906  [   64/  215]
2023-01-11 00:20:32,234-INFO: loss: 1.088974  [   96/  215]
2023-01-11 00:20:42,136-INFO: loss: 1.104762  [  128/  215]
2023-01-11 00:20:52,275-INFO: loss: 1.087811  [  160/  215]
2023-01-11 00:21:02,937-INFO: loss: 1.096813  [  192/  215]
2023-01-11 00:21:10,313-INFO: loss: 1.084514  [  215/  215]
2023-01-11 00:22:17,400-INFO: Test Error: 
 Accuracy: 33.5%, Avg loss: 1.096839
2023-01-11 00:22:17,400-INFO: Start training the 32st epoch
2023-01-11 00:22:28,154-INFO: loss: 1.107206  [   32/  215]
2023-01-11 00:22:38,742-INFO: loss: 1.081190  [   64/  215]
2023-01-11 00:22:48,914-INFO: loss: 1.116165  [   96/  215]
2023-01-11 00:22:59,634-INFO: loss: 1.137328  [  128/  215]
2023-01-11 00:23:10,198-INFO: loss: 1.087884  [  160/  215]
2023-01-11 00:23:20,649-INFO: loss: 1.095631  [  192/  215]
2023-01-11 00:23:27,574-INFO: loss: 1.074630  [  215/  215]
2023-01-11 00:24:34,533-INFO: Test Error: 
 Accuracy: 33.5%, Avg loss: 1.097484
2023-01-11 00:24:34,533-INFO: Start training the 33st epoch
2023-01-11 00:24:44,706-INFO: loss: 1.088081  [   32/  215]
2023-01-11 00:24:54,774-INFO: loss: 1.095564  [   64/  215]
2023-01-11 00:25:05,438-INFO: loss: 1.111130  [   96/  215]
2023-01-11 00:25:15,146-INFO: loss: 1.084968  [  128/  215]
2023-01-11 00:25:25,904-INFO: loss: 1.113827  [  160/  215]
2023-01-11 00:25:35,894-INFO: loss: 1.095939  [  192/  215]
2023-01-11 00:25:43,443-INFO: loss: 1.115021  [  215/  215]
2023-01-11 00:26:51,120-INFO: Test Error: 
 Accuracy: 33.5%, Avg loss: 1.099666
2023-01-11 00:26:51,120-INFO: Start training the 34st epoch
2023-01-11 00:27:01,617-INFO: loss: 1.116516  [   32/  215]
2023-01-11 00:27:11,631-INFO: loss: 1.076795  [   64/  215]
2023-01-11 00:27:22,014-INFO: loss: 1.107112  [   96/  215]
2023-01-11 00:27:32,235-INFO: loss: 1.087469  [  128/  215]
2023-01-11 00:27:42,113-INFO: loss: 1.102376  [  160/  215]
2023-01-11 00:27:52,083-INFO: loss: 1.107030  [  192/  215]
2023-01-11 00:27:59,846-INFO: loss: 1.091801  [  215/  215]
2023-01-11 00:29:06,926-INFO: Test Error: 
 Accuracy: 33.0%, Avg loss: 1.101599
2023-01-11 00:29:07,821-INFO: swin_b_34 has been saved 

2023-01-11 00:29:07,822-INFO: Start training the 35st epoch
2023-01-11 00:29:17,884-INFO: loss: 1.129322  [   32/  215]
2023-01-11 00:29:28,444-INFO: loss: 1.086230  [   64/  215]
2023-01-11 00:29:38,921-INFO: loss: 1.078378  [   96/  215]
2023-01-11 00:29:49,208-INFO: loss: 1.099871  [  128/  215]
2023-01-11 00:29:59,222-INFO: loss: 1.095913  [  160/  215]
2023-01-11 00:30:09,597-INFO: loss: 1.116669  [  192/  215]
2023-01-11 00:30:16,762-INFO: loss: 1.120892  [  215/  215]
2023-01-11 00:31:23,661-INFO: Test Error: 
 Accuracy: 33.5%, Avg loss: 1.102023
2023-01-11 00:31:23,662-INFO: Start training the 36st epoch
2023-01-11 00:31:34,346-INFO: loss: 1.133288  [   32/  215]
2023-01-11 00:31:44,970-INFO: loss: 1.098441  [   64/  215]
2023-01-11 00:31:55,246-INFO: loss: 1.105741  [   96/  215]
2023-01-11 00:32:05,161-INFO: loss: 1.116355  [  128/  215]
2023-01-11 00:32:15,679-INFO: loss: 1.105312  [  160/  215]
2023-01-11 00:32:25,659-INFO: loss: 1.104123  [  192/  215]
2023-01-11 00:32:33,113-INFO: loss: 1.097905  [  215/  215]
2023-01-11 00:33:40,561-INFO: Test Error: 
 Accuracy: 33.5%, Avg loss: 1.096566
2023-01-11 00:33:40,562-INFO: Start training the 37st epoch
2023-01-11 00:33:50,839-INFO: loss: 1.106912  [   32/  215]
2023-01-11 00:34:01,398-INFO: loss: 1.104480  [   64/  215]
2023-01-11 00:34:11,509-INFO: loss: 1.110351  [   96/  215]
2023-01-11 00:34:21,896-INFO: loss: 1.099291  [  128/  215]
2023-01-11 00:34:31,925-INFO: loss: 1.092808  [  160/  215]
2023-01-11 00:34:42,719-INFO: loss: 1.103205  [  192/  215]
2023-01-11 00:34:49,894-INFO: loss: 1.101184  [  215/  215]
2023-01-11 00:35:56,538-INFO: Test Error: 
 Accuracy: 33.5%, Avg loss: 1.098317
2023-01-11 00:35:56,539-INFO: Start training the 38st epoch
2023-01-11 00:36:07,067-INFO: loss: 1.100550  [   32/  215]
2023-01-11 00:36:17,300-INFO: loss: 1.094934  [   64/  215]
2023-01-11 00:36:27,289-INFO: loss: 1.096731  [   96/  215]
2023-01-11 00:36:37,110-INFO: loss: 1.094838  [  128/  215]
2023-01-11 00:36:47,711-INFO: loss: 1.105890  [  160/  215]
2023-01-11 00:36:57,927-INFO: loss: 1.090281  [  192/  215]
2023-01-11 00:37:05,453-INFO: loss: 1.097846  [  215/  215]
2023-01-11 00:38:13,512-INFO: Test Error: 
 Accuracy: 33.5%, Avg loss: 1.096162
2023-01-11 00:38:13,512-INFO: Start training the 39st epoch
2023-01-11 00:38:24,116-INFO: loss: 1.097588  [   32/  215]
2023-01-11 00:38:34,562-INFO: loss: 1.096214  [   64/  215]
2023-01-11 00:38:44,792-INFO: loss: 1.091077  [   96/  215]
2023-01-11 00:38:54,630-INFO: loss: 1.083921  [  128/  215]
2023-01-11 00:39:05,198-INFO: loss: 1.101456  [  160/  215]
2023-01-11 00:39:15,575-INFO: loss: 1.226340  [  192/  215]
2023-01-11 00:39:22,659-INFO: loss: 1.294214  [  215/  215]
2023-01-11 00:40:31,259-INFO: Test Error: 
 Accuracy: 33.5%, Avg loss: 1.107381
2023-01-11 00:40:32,219-INFO: swin_b_39 has been saved 

2023-01-11 00:40:32,219-INFO: Start training the 40st epoch
2023-01-11 00:40:43,606-INFO: loss: 1.089676  [   32/  215]
2023-01-11 00:40:54,989-INFO: loss: 1.104980  [   64/  215]
2023-01-11 00:41:06,649-INFO: loss: 1.115084  [   96/  215]
2023-01-11 00:41:17,854-INFO: loss: 1.097115  [  128/  215]
2023-01-11 00:41:29,490-INFO: loss: 1.112360  [  160/  215]
2023-01-11 00:41:40,639-INFO: loss: 1.102260  [  192/  215]
2023-01-11 00:41:48,334-INFO: loss: 1.157919  [  215/  215]
2023-01-11 00:43:04,833-INFO: Test Error: 
 Accuracy: 33.5%, Avg loss: 1.101556
2023-01-11 00:43:04,833-INFO: Start training the 41st epoch
2023-01-11 00:43:16,722-INFO: loss: 1.126537  [   32/  215]
2023-01-11 00:43:28,735-INFO: loss: 1.117099  [   64/  215]
2023-01-11 00:43:40,723-INFO: loss: 1.098851  [   96/  215]
2023-01-11 00:43:52,112-INFO: loss: 1.231296  [  128/  215]
2023-01-11 00:44:03,742-INFO: loss: 1.086023  [  160/  215]
2023-01-11 00:44:15,004-INFO: loss: 1.196430  [  192/  215]
2023-01-11 00:44:22,979-INFO: loss: 1.299967  [  215/  215]
2023-01-11 00:45:34,359-INFO: Test Error: 
 Accuracy: 33.5%, Avg loss: 1.129438
2023-01-11 00:45:34,361-INFO: Start training the 42st epoch
2023-01-11 00:45:45,023-INFO: loss: 1.206784  [   32/  215]
2023-01-11 00:45:55,643-INFO: loss: 1.229155  [   64/  215]
2023-01-11 00:46:06,496-INFO: loss: 1.238322  [   96/  215]
2023-01-11 00:46:18,157-INFO: loss: 1.120590  [  128/  215]
2023-01-11 00:46:28,912-INFO: loss: 1.119494  [  160/  215]
2023-01-11 00:46:40,194-INFO: loss: 1.107240  [  192/  215]
2023-01-11 00:46:48,683-INFO: loss: 1.094662  [  215/  215]
2023-01-11 00:48:04,169-INFO: Test Error: 
 Accuracy: 33.5%, Avg loss: 1.124848
2023-01-11 00:48:04,169-INFO: Start training the 43st epoch
2023-01-11 00:48:15,260-INFO: loss: 1.161667  [   32/  215]
2023-01-11 00:48:26,838-INFO: loss: 1.124115  [   64/  215]
2023-01-11 00:48:38,841-INFO: loss: 1.092825  [   96/  215]
2023-01-11 00:48:50,070-INFO: loss: 1.097371  [  128/  215]
2023-01-11 00:49:02,089-INFO: loss: 1.107417  [  160/  215]
2023-01-11 00:49:13,798-INFO: loss: 1.114566  [  192/  215]
2023-01-11 00:49:22,058-INFO: loss: 1.105701  [  215/  215]
2023-01-11 00:50:35,360-INFO: Test Error: 
 Accuracy: 33.5%, Avg loss: 1.096862
2023-01-11 00:50:35,361-INFO: Start training the 44st epoch
2023-01-11 00:50:45,820-INFO: loss: 1.140546  [   32/  215]
2023-01-11 00:50:56,839-INFO: loss: 1.091280  [   64/  215]
2023-01-11 00:51:08,498-INFO: loss: 1.109538  [   96/  215]
2023-01-11 00:51:19,046-INFO: loss: 1.104324  [  128/  215]
2023-01-11 00:51:29,900-INFO: loss: 1.084677  [  160/  215]
2023-01-11 00:51:41,007-INFO: loss: 1.119777  [  192/  215]
2023-01-11 00:51:48,782-INFO: loss: 1.094711  [  215/  215]
2023-01-11 00:52:58,105-INFO: Test Error: 
 Accuracy: 33.5%, Avg loss: 1.097429
2023-01-11 00:52:59,070-INFO: swin_b_44 has been saved 

2023-01-11 00:52:59,070-INFO: Start training the 45st epoch
2023-01-11 00:53:09,288-INFO: loss: 1.099549  [   32/  215]
2023-01-11 00:53:20,594-INFO: loss: 1.121576  [   64/  215]
2023-01-11 00:53:32,338-INFO: loss: 1.087850  [   96/  215]
2023-01-11 00:53:43,404-INFO: loss: 1.100824  [  128/  215]
2023-01-11 00:53:54,471-INFO: loss: 1.121500  [  160/  215]
2023-01-11 00:54:05,482-INFO: loss: 1.120808  [  192/  215]
2023-01-11 00:54:13,364-INFO: loss: 1.113109  [  215/  215]
2023-01-11 00:55:23,040-INFO: Test Error: 
 Accuracy: 33.5%, Avg loss: 1.099856
2023-01-11 00:55:23,041-INFO: Start training the 46st epoch
2023-01-11 00:55:33,938-INFO: loss: 1.097076  [   32/  215]
2023-01-11 00:55:45,115-INFO: loss: 1.105265  [   64/  215]
2023-01-11 00:55:56,003-INFO: loss: 1.077914  [   96/  215]
2023-01-11 00:56:07,626-INFO: loss: 1.090444  [  128/  215]
2023-01-11 00:56:18,690-INFO: loss: 1.092035  [  160/  215]
2023-01-11 00:56:29,730-INFO: loss: 1.127295  [  192/  215]
2023-01-11 00:56:37,521-INFO: loss: 1.082236  [  215/  215]
2023-01-11 00:57:47,959-INFO: Test Error: 
 Accuracy: 33.0%, Avg loss: 1.102551
2023-01-11 00:57:47,959-INFO: Start training the 47st epoch
2023-01-11 00:57:59,079-INFO: loss: 1.119623  [   32/  215]
2023-01-11 00:58:10,507-INFO: loss: 1.100856  [   64/  215]
2023-01-11 00:58:22,273-INFO: loss: 1.109663  [   96/  215]
2023-01-11 00:58:32,783-INFO: loss: 1.114652  [  128/  215]
2023-01-11 00:58:43,110-INFO: loss: 1.149822  [  160/  215]
2023-01-11 00:58:53,346-INFO: loss: 1.151540  [  192/  215]
2023-01-11 00:59:01,517-INFO: loss: 1.135399  [  215/  215]
2023-01-11 01:00:11,362-INFO: Test Error: 
 Accuracy: 33.5%, Avg loss: 1.100465
2023-01-11 01:00:11,363-INFO: Start training the 48st epoch
2023-01-11 01:00:22,244-INFO: loss: 1.085402  [   32/  215]
2023-01-11 01:00:33,479-INFO: loss: 1.103469  [   64/  215]
2023-01-11 01:00:44,283-INFO: loss: 1.091682  [   96/  215]
2023-01-11 01:00:54,243-INFO: loss: 1.096522  [  128/  215]
2023-01-11 01:01:04,984-INFO: loss: 1.104571  [  160/  215]
2023-01-11 01:01:16,237-INFO: loss: 1.095259  [  192/  215]
2023-01-11 01:01:23,637-INFO: loss: 1.084681  [  215/  215]
2023-01-11 01:02:42,139-INFO: Test Error: 
 Accuracy: 33.0%, Avg loss: 1.099545
2023-01-11 01:02:42,139-INFO: Start training the 49st epoch
2023-01-11 01:02:54,028-INFO: loss: 1.091458  [   32/  215]
2023-01-11 01:03:05,912-INFO: loss: 1.119347  [   64/  215]
2023-01-11 01:03:17,433-INFO: loss: 1.115383  [   96/  215]
2023-01-11 01:03:28,483-INFO: loss: 1.094879  [  128/  215]
2023-01-11 01:03:39,208-INFO: loss: 1.123970  [  160/  215]
2023-01-11 01:03:49,506-INFO: loss: 1.096511  [  192/  215]
2023-01-11 01:03:56,809-INFO: loss: 1.083150  [  215/  215]
2023-01-11 01:05:05,257-INFO: Test Error: 
 Accuracy: 33.5%, Avg loss: 1.098032
2023-01-11 01:05:06,150-INFO: swin_b_49 has been saved 

2023-01-11 01:05:06,150-INFO: Start training the 50st epoch
2023-01-11 01:05:17,169-INFO: loss: 1.104254  [   32/  215]
2023-01-11 01:05:27,737-INFO: loss: 1.104260  [   64/  215]
2023-01-11 01:05:38,337-INFO: loss: 1.105809  [   96/  215]
2023-01-11 01:05:49,150-INFO: loss: 1.095065  [  128/  215]
2023-01-11 01:05:59,519-INFO: loss: 1.102710  [  160/  215]
2023-01-11 01:06:10,520-INFO: loss: 1.104344  [  192/  215]
2023-01-11 01:06:18,492-INFO: loss: 1.104311  [  215/  215]
2023-01-11 01:07:27,612-INFO: Test Error: 
 Accuracy: 33.5%, Avg loss: 1.098115
2023-01-11 01:07:27,612-INFO: Start training the 51st epoch
2023-01-11 01:07:38,633-INFO: loss: 1.096937  [   32/  215]
2023-01-11 01:07:49,400-INFO: loss: 1.103419  [   64/  215]
2023-01-11 01:07:59,892-INFO: loss: 1.097299  [   96/  215]
2023-01-11 01:08:10,166-INFO: loss: 1.096164  [  128/  215]
2023-01-11 01:08:21,000-INFO: loss: 1.098260  [  160/  215]
2023-01-11 01:08:31,637-INFO: loss: 1.105374  [  192/  215]
2023-01-11 01:08:39,117-INFO: loss: 1.096788  [  215/  215]
2023-01-11 01:09:47,558-INFO: Test Error: 
 Accuracy: 33.5%, Avg loss: 1.099953
2023-01-11 01:09:47,559-INFO: Start training the 52st epoch
2023-01-11 01:09:58,609-INFO: loss: 1.097106  [   32/  215]
2023-01-11 01:10:09,452-INFO: loss: 1.109457  [   64/  215]
2023-01-11 01:10:20,449-INFO: loss: 1.096321  [   96/  215]
2023-01-11 01:10:31,048-INFO: loss: 1.094761  [  128/  215]
2023-01-11 01:10:42,048-INFO: loss: 1.096874  [  160/  215]
2023-01-11 01:10:52,237-INFO: loss: 1.101393  [  192/  215]
2023-01-11 01:11:00,076-INFO: loss: 1.095164  [  215/  215]
2023-01-11 01:12:08,932-INFO: Test Error: 
 Accuracy: 33.5%, Avg loss: 1.097975
2023-01-11 01:12:08,932-INFO: Start training the 53st epoch
2023-01-11 01:12:19,491-INFO: loss: 1.096095  [   32/  215]
2023-01-11 01:12:30,517-INFO: loss: 1.095664  [   64/  215]
2023-01-11 01:12:41,059-INFO: loss: 1.098244  [   96/  215]
2023-01-11 01:12:51,928-INFO: loss: 1.094775  [  128/  215]
2023-01-11 01:13:02,696-INFO: loss: 1.096457  [  160/  215]
2023-01-11 01:13:12,976-INFO: loss: 1.094362  [  192/  215]
2023-01-11 01:13:20,838-INFO: loss: 1.142411  [  215/  215]
2023-01-11 01:14:30,889-INFO: Test Error: 
 Accuracy: 33.5%, Avg loss: 1.097226
2023-01-11 01:14:30,890-INFO: Start training the 54st epoch
2023-01-11 01:14:41,128-INFO: loss: 1.087004  [   32/  215]
2023-01-11 01:14:51,712-INFO: loss: 1.102290  [   64/  215]
2023-01-11 01:15:02,770-INFO: loss: 1.105876  [   96/  215]
2023-01-11 01:15:12,903-INFO: loss: 1.100277  [  128/  215]
2023-01-11 01:15:24,567-INFO: loss: 1.102313  [  160/  215]
2023-01-11 01:15:35,761-INFO: loss: 1.097290  [  192/  215]
2023-01-11 01:15:43,359-INFO: loss: 1.098648  [  215/  215]
2023-01-11 01:16:54,041-INFO: Test Error: 
 Accuracy: 34.0%, Avg loss: 1.097608
2023-01-11 01:16:55,652-INFO: swin_b_54 has been saved 

2023-01-11 01:16:55,653-INFO: Start training the 55st epoch
2023-01-11 01:17:07,290-INFO: loss: 1.104168  [   32/  215]
2023-01-11 01:17:18,554-INFO: loss: 1.098311  [   64/  215]
2023-01-11 01:17:30,591-INFO: loss: 1.088288  [   96/  215]
2023-01-11 01:17:42,692-INFO: loss: 1.112242  [  128/  215]
2023-01-11 01:17:54,311-INFO: loss: 1.109961  [  160/  215]
2023-01-11 01:18:05,527-INFO: loss: 1.095812  [  192/  215]
2023-01-11 01:18:13,351-INFO: loss: 1.109848  [  215/  215]
2023-01-11 01:19:23,001-INFO: Test Error: 
 Accuracy: 33.0%, Avg loss: 1.100244
2023-01-11 01:19:23,002-INFO: Start training the 56st epoch
2023-01-11 01:19:34,361-INFO: loss: 1.088763  [   32/  215]
2023-01-11 01:19:45,921-INFO: loss: 1.097189  [   64/  215]
2023-01-11 01:19:57,025-INFO: loss: 1.094828  [   96/  215]
2023-01-11 01:20:07,750-INFO: loss: 1.092468  [  128/  215]
2023-01-11 01:20:18,838-INFO: loss: 1.098155  [  160/  215]
2023-01-11 01:20:29,209-INFO: loss: 1.104274  [  192/  215]
2023-01-11 01:20:36,203-INFO: loss: 1.095017  [  215/  215]
2023-01-11 01:21:44,962-INFO: Test Error: 
 Accuracy: 33.5%, Avg loss: 1.095559
2023-01-11 01:21:44,963-INFO: Start training the 57st epoch
2023-01-11 01:21:55,435-INFO: loss: 1.110385  [   32/  215]
2023-01-11 01:22:06,455-INFO: loss: 1.084426  [   64/  215]
2023-01-11 01:22:17,156-INFO: loss: 1.101330  [   96/  215]
2023-01-11 01:22:27,936-INFO: loss: 1.095047  [  128/  215]
2023-01-11 01:22:39,029-INFO: loss: 1.093398  [  160/  215]
2023-01-11 01:22:50,261-INFO: loss: 1.099458  [  192/  215]
2023-01-11 01:22:57,705-INFO: loss: 1.088032  [  215/  215]
2023-01-11 01:24:05,285-INFO: Test Error: 
 Accuracy: 33.5%, Avg loss: 1.086268
2023-01-11 01:24:05,285-INFO: Start training the 58st epoch
2023-01-11 01:24:13,227-INFO: loss: 1.078924  [   32/  215]
2023-01-11 01:24:21,401-INFO: loss: 1.081287  [   64/  215]
2023-01-11 01:24:29,802-INFO: loss: 1.105011  [   96/  215]
2023-01-11 01:24:38,395-INFO: loss: 1.066772  [  128/  215]
2023-01-11 01:24:46,998-INFO: loss: 1.076879  [  160/  215]
2023-01-11 01:24:55,384-INFO: loss: 1.054859  [  192/  215]
2023-01-11 01:25:01,414-INFO: loss: 1.058867  [  215/  215]
2023-01-11 01:25:54,626-INFO: Test Error: 
 Accuracy: 59.1%, Avg loss: 1.012729
2023-01-11 01:25:54,626-INFO: Start training the 59st epoch
2023-01-11 01:26:02,592-INFO: loss: 1.020984  [   32/  215]
2023-01-11 01:26:10,373-INFO: loss: 0.950348  [   64/  215]
2023-01-11 01:26:18,362-INFO: loss: 0.871247  [   96/  215]
2023-01-11 01:26:26,559-INFO: loss: 0.744186  [  128/  215]
2023-01-11 01:26:34,756-INFO: loss: 0.981589  [  160/  215]
2023-01-11 01:26:43,149-INFO: loss: 3.002058  [  192/  215]
2023-01-11 01:26:48,797-INFO: loss: 1.530854  [  215/  215]
2023-01-11 01:27:40,985-INFO: Test Error: 
 Accuracy: 33.0%, Avg loss: 1.316178
2023-01-11 01:27:41,716-INFO: swin_b_59 has been saved 

