2023-01-11 21:50:20,050-INFO: Start training the 0st epoch
2023-01-11 21:50:35,267-INFO: loss: 1.164275  [   32/  215]
2023-01-11 21:50:46,827-INFO: loss: 1.990723  [   64/  215]
2023-01-11 21:50:57,761-INFO: loss: 1.878872  [   96/  215]
2023-01-11 21:51:08,353-INFO: loss: 3.149117  [  128/  215]
2023-01-11 21:51:18,535-INFO: loss: 5.032115  [  160/  215]
2023-01-11 21:51:29,412-INFO: loss: 1.921783  [  192/  215]
2023-01-11 21:51:36,624-INFO: loss: 1.922841  [  215/  215]
2023-01-11 21:52:43,464-INFO: Test Error: 
 Accuracy: 33.5%, Avg loss: 1.242278
2023-01-11 21:52:43,464-INFO: Start training the 1st epoch
2023-01-11 21:52:53,644-INFO: loss: 1.463773  [   32/  215]
2023-01-11 21:53:03,442-INFO: loss: 1.382935  [   64/  215]
2023-01-11 21:53:13,238-INFO: loss: 1.451041  [   96/  215]
2023-01-11 21:53:23,626-INFO: loss: 1.133337  [  128/  215]
2023-01-11 21:53:33,214-INFO: loss: 1.180798  [  160/  215]
2023-01-11 21:53:43,640-INFO: loss: 1.316259  [  192/  215]
2023-01-11 21:53:50,353-INFO: loss: 1.477785  [  215/  215]
2023-01-11 21:54:54,702-INFO: Test Error: 
 Accuracy: 33.0%, Avg loss: 1.523412
2023-01-11 21:54:54,703-INFO: Start training the 2st epoch
2023-01-11 21:55:04,672-INFO: loss: 1.622545  [   32/  215]
2023-01-11 21:55:14,668-INFO: loss: 1.125488  [   64/  215]
2023-01-11 21:55:24,856-INFO: loss: 1.064516  [   96/  215]
2023-01-11 21:55:34,822-INFO: loss: 1.183292  [  128/  215]
2023-01-11 21:55:44,820-INFO: loss: 1.083605  [  160/  215]
2023-01-11 21:55:54,752-INFO: loss: 0.932311  [  192/  215]
2023-01-11 21:56:01,522-INFO: loss: 0.948419  [  215/  215]
2023-01-11 21:57:07,952-INFO: Test Error: 
 Accuracy: 68.8%, Avg loss: 0.795720
2023-01-11 21:57:07,953-INFO: Start training the 3st epoch
2023-01-11 21:57:17,873-INFO: loss: 0.830139  [   32/  215]
2023-01-11 21:57:28,928-INFO: loss: 0.852702  [   64/  215]
2023-01-11 21:57:39,920-INFO: loss: 0.954575  [   96/  215]
2023-01-11 21:57:50,914-INFO: loss: 0.806750  [  128/  215]
2023-01-11 21:58:02,352-INFO: loss: 0.478732  [  160/  215]
2023-01-11 21:58:13,547-INFO: loss: 0.754280  [  192/  215]
2023-01-11 21:58:21,719-INFO: loss: 0.653413  [  215/  215]
2023-01-11 21:59:36,709-INFO: Test Error: 
 Accuracy: 69.3%, Avg loss: 0.797397
2023-01-11 21:59:36,710-INFO: Start training the 4st epoch
2023-01-11 21:59:47,348-INFO: loss: 0.539853  [   32/  215]
2023-01-11 21:59:57,177-INFO: loss: 1.086679  [   64/  215]
2023-01-11 22:00:08,264-INFO: loss: 0.563649  [   96/  215]
2023-01-11 22:00:18,574-INFO: loss: 1.022905  [  128/  215]
2023-01-11 22:00:29,897-INFO: loss: 0.664145  [  160/  215]
2023-01-11 22:00:40,817-INFO: loss: 0.917651  [  192/  215]
2023-01-11 22:00:48,484-INFO: loss: 1.653512  [  215/  215]
2023-01-11 22:02:04,285-INFO: Test Error: 
 Accuracy: 41.9%, Avg loss: 0.977154
2023-01-11 22:02:04,535-INFO: swin_t_4 has been saved 

2023-01-11 22:02:04,535-INFO: Start training the 5st epoch
2023-01-11 22:02:14,919-INFO: loss: 0.949691  [   32/  215]
2023-01-11 22:02:25,311-INFO: loss: 0.854126  [   64/  215]
2023-01-11 22:02:36,531-INFO: loss: 1.045886  [   96/  215]
2023-01-11 22:02:47,213-INFO: loss: 1.150000  [  128/  215]
2023-01-11 22:02:58,606-INFO: loss: 1.071910  [  160/  215]
2023-01-11 22:03:09,611-INFO: loss: 0.852267  [  192/  215]
2023-01-11 22:03:16,796-INFO: loss: 0.747957  [  215/  215]
2023-01-11 22:04:32,237-INFO: Test Error: 
 Accuracy: 52.6%, Avg loss: 1.017812
2023-01-11 22:04:32,238-INFO: Start training the 6st epoch
2023-01-11 22:04:42,775-INFO: loss: 1.100813  [   32/  215]
2023-01-11 22:04:53,598-INFO: loss: 0.843276  [   64/  215]
2023-01-11 22:05:04,473-INFO: loss: 0.921675  [   96/  215]
2023-01-11 22:05:15,433-INFO: loss: 0.826946  [  128/  215]
2023-01-11 22:05:26,564-INFO: loss: 0.828915  [  160/  215]
2023-01-11 22:05:37,757-INFO: loss: 0.691747  [  192/  215]
2023-01-11 22:05:45,571-INFO: loss: 0.724549  [  215/  215]
2023-01-11 22:07:00,775-INFO: Test Error: 
 Accuracy: 47.0%, Avg loss: 0.896282
2023-01-11 22:07:00,776-INFO: Start training the 7st epoch
2023-01-11 22:07:11,765-INFO: loss: 1.136694  [   32/  215]
2023-01-11 22:07:22,348-INFO: loss: 1.161990  [   64/  215]
2023-01-11 22:07:33,065-INFO: loss: 0.646720  [   96/  215]
2023-01-11 22:07:43,649-INFO: loss: 0.861263  [  128/  215]
2023-01-11 22:07:54,228-INFO: loss: 0.867329  [  160/  215]
2023-01-11 22:08:04,470-INFO: loss: 0.850255  [  192/  215]
2023-01-11 22:08:12,737-INFO: loss: 0.546922  [  215/  215]
2023-01-11 22:09:25,962-INFO: Test Error: 
 Accuracy: 80.0%, Avg loss: 0.605326
2023-01-11 22:09:25,963-INFO: Start training the 8st epoch
2023-01-11 22:09:36,448-INFO: loss: 0.609285  [   32/  215]
2023-01-11 22:09:47,130-INFO: loss: 0.523758  [   64/  215]
2023-01-11 22:09:58,704-INFO: loss: 0.520746  [   96/  215]
2023-01-11 22:10:09,886-INFO: loss: 0.861289  [  128/  215]
2023-01-11 22:10:21,292-INFO: loss: 1.099548  [  160/  215]
2023-01-11 22:10:32,081-INFO: loss: 0.732824  [  192/  215]
2023-01-11 22:10:39,789-INFO: loss: 0.456849  [  215/  215]
2023-01-11 22:11:55,302-INFO: Test Error: 
 Accuracy: 74.9%, Avg loss: 0.617026
2023-01-11 22:11:55,303-INFO: Start training the 9st epoch
2023-01-11 22:12:06,268-INFO: loss: 0.516608  [   32/  215]
2023-01-11 22:12:17,290-INFO: loss: 1.036071  [   64/  215]
2023-01-11 22:12:27,763-INFO: loss: 1.647371  [   96/  215]
2023-01-11 22:12:38,942-INFO: loss: 1.041427  [  128/  215]
2023-01-11 22:12:50,475-INFO: loss: 0.720761  [  160/  215]
2023-01-11 22:13:01,563-INFO: loss: 0.896599  [  192/  215]
2023-01-11 22:13:09,262-INFO: loss: 0.984793  [  215/  215]
2023-01-11 22:14:26,058-INFO: Test Error: 
 Accuracy: 33.5%, Avg loss: 1.409001
2023-01-11 22:14:26,329-INFO: swin_t_9 has been saved 

2023-01-11 22:14:26,330-INFO: Start training the 10st epoch
2023-01-11 22:14:36,760-INFO: loss: 1.602826  [   32/  215]
2023-01-11 22:14:47,546-INFO: loss: 1.208071  [   64/  215]
2023-01-11 22:14:58,822-INFO: loss: 1.461294  [   96/  215]
2023-01-11 22:15:09,402-INFO: loss: 1.195822  [  128/  215]
2023-01-11 22:15:19,737-INFO: loss: 1.262963  [  160/  215]
2023-01-11 22:15:29,927-INFO: loss: 1.120196  [  192/  215]
2023-01-11 22:15:37,390-INFO: loss: 1.125532  [  215/  215]
2023-01-11 22:16:50,196-INFO: Test Error: 
 Accuracy: 33.5%, Avg loss: 1.136736
2023-01-11 22:16:50,197-INFO: Start training the 11st epoch
2023-01-11 22:17:00,473-INFO: loss: 1.158454  [   32/  215]
2023-01-11 22:17:11,601-INFO: loss: 1.318027  [   64/  215]
2023-01-11 22:17:22,303-INFO: loss: 1.142378  [   96/  215]
2023-01-11 22:17:33,517-INFO: loss: 1.165761  [  128/  215]
2023-01-11 22:17:44,148-INFO: loss: 1.182827  [  160/  215]
2023-01-11 22:17:55,151-INFO: loss: 1.095592  [  192/  215]
2023-01-11 22:18:02,140-INFO: loss: 1.107354  [  215/  215]
2023-01-11 22:19:13,760-INFO: Test Error: 
 Accuracy: 33.5%, Avg loss: 1.096923
2023-01-11 22:19:13,760-INFO: Start training the 12st epoch
2023-01-11 22:19:23,909-INFO: loss: 1.121427  [   32/  215]
2023-01-11 22:19:35,132-INFO: loss: 1.165279  [   64/  215]
2023-01-11 22:19:46,538-INFO: loss: 1.074225  [   96/  215]
2023-01-11 22:19:57,714-INFO: loss: 1.134438  [  128/  215]
2023-01-11 22:20:07,840-INFO: loss: 1.100730  [  160/  215]
2023-01-11 22:20:18,464-INFO: loss: 1.139191  [  192/  215]
2023-01-11 22:20:25,960-INFO: loss: 1.153213  [  215/  215]
2023-01-11 22:21:39,327-INFO: Test Error: 
 Accuracy: 33.0%, Avg loss: 1.102472
2023-01-11 22:21:39,328-INFO: Start training the 13st epoch
2023-01-11 22:21:49,425-INFO: loss: 1.079389  [   32/  215]
2023-01-11 22:21:59,713-INFO: loss: 1.090961  [   64/  215]
2023-01-11 22:22:10,373-INFO: loss: 1.109590  [   96/  215]
2023-01-11 22:22:20,377-INFO: loss: 1.128461  [  128/  215]
2023-01-11 22:22:30,569-INFO: loss: 1.076433  [  160/  215]
2023-01-11 22:22:40,573-INFO: loss: 1.131001  [  192/  215]
2023-01-11 22:22:48,261-INFO: loss: 1.106903  [  215/  215]
2023-01-11 22:23:59,496-INFO: Test Error: 
 Accuracy: 33.5%, Avg loss: 1.111561
2023-01-11 22:23:59,496-INFO: Start training the 14st epoch
2023-01-11 22:24:10,248-INFO: loss: 1.114564  [   32/  215]
2023-01-11 22:24:21,477-INFO: loss: 1.131900  [   64/  215]
2023-01-11 22:24:31,659-INFO: loss: 1.103015  [   96/  215]
2023-01-11 22:24:42,446-INFO: loss: 1.078593  [  128/  215]
2023-01-11 22:24:52,566-INFO: loss: 1.099396  [  160/  215]
2023-01-11 22:25:03,633-INFO: loss: 1.102576  [  192/  215]
2023-01-11 22:25:11,646-INFO: loss: 1.081631  [  215/  215]
2023-01-11 22:26:24,845-INFO: Test Error: 
 Accuracy: 33.5%, Avg loss: 1.098333
2023-01-11 22:26:25,111-INFO: swin_t_14 has been saved 

2023-01-11 22:26:25,111-INFO: Start training the 15st epoch
2023-01-11 22:26:34,909-INFO: loss: 1.074443  [   32/  215]
2023-01-11 22:26:44,922-INFO: loss: 1.076074  [   64/  215]
2023-01-11 22:26:55,699-INFO: loss: 1.161494  [   96/  215]
2023-01-11 22:27:07,090-INFO: loss: 1.163305  [  128/  215]
2023-01-11 22:27:17,989-INFO: loss: 1.109102  [  160/  215]
2023-01-11 22:27:29,343-INFO: loss: 1.107766  [  192/  215]
2023-01-11 22:27:36,588-INFO: loss: 1.104294  [  215/  215]
2023-01-11 22:28:52,816-INFO: Test Error: 
 Accuracy: 33.5%, Avg loss: 1.096917
2023-01-11 22:28:52,817-INFO: Start training the 16st epoch
2023-01-11 22:29:03,152-INFO: loss: 1.107450  [   32/  215]
2023-01-11 22:29:14,322-INFO: loss: 1.086795  [   64/  215]
2023-01-11 22:29:25,084-INFO: loss: 1.100486  [   96/  215]
2023-01-11 22:29:34,662-INFO: loss: 1.105023  [  128/  215]
2023-01-11 22:29:45,278-INFO: loss: 1.099262  [  160/  215]
2023-01-11 22:29:56,745-INFO: loss: 1.107444  [  192/  215]
2023-01-11 22:30:04,713-INFO: loss: 1.089616  [  215/  215]
2023-01-11 22:31:14,155-INFO: Test Error: 
 Accuracy: 33.5%, Avg loss: 1.100682
2023-01-11 22:31:14,156-INFO: Start training the 17st epoch
2023-01-11 22:31:24,346-INFO: loss: 1.092740  [   32/  215]
2023-01-11 22:31:34,298-INFO: loss: 1.087524  [   64/  215]
2023-01-11 22:31:45,734-INFO: loss: 1.091286  [   96/  215]
2023-01-11 22:31:55,988-INFO: loss: 1.147160  [  128/  215]
2023-01-11 22:32:05,415-INFO: loss: 1.143946  [  160/  215]
2023-01-11 22:32:15,443-INFO: loss: 1.158272  [  192/  215]
2023-01-11 22:32:22,904-INFO: loss: 1.059009  [  215/  215]
2023-01-11 22:33:29,535-INFO: Test Error: 
 Accuracy: 33.5%, Avg loss: 1.099897
2023-01-11 22:33:29,535-INFO: Start training the 18st epoch
2023-01-11 22:33:40,305-INFO: loss: 1.130593  [   32/  215]
2023-01-11 22:33:51,283-INFO: loss: 1.109080  [   64/  215]
2023-01-11 22:34:02,069-INFO: loss: 1.117978  [   96/  215]
2023-01-11 22:34:12,991-INFO: loss: 1.111188  [  128/  215]
2023-01-11 22:34:25,001-INFO: loss: 1.106694  [  160/  215]
2023-01-11 22:34:35,475-INFO: loss: 1.091584  [  192/  215]
2023-01-11 22:34:42,758-INFO: loss: 1.110478  [  215/  215]
2023-01-11 22:35:48,400-INFO: Test Error: 
 Accuracy: 33.5%, Avg loss: 1.096865
2023-01-11 22:35:48,401-INFO: Start training the 19st epoch
2023-01-11 22:35:58,691-INFO: loss: 1.158072  [   32/  215]
2023-01-11 22:36:09,024-INFO: loss: 1.124403  [   64/  215]
2023-01-11 22:36:19,441-INFO: loss: 1.105983  [   96/  215]
2023-01-11 22:36:28,976-INFO: loss: 1.120337  [  128/  215]
2023-01-11 22:36:38,177-INFO: loss: 1.096581  [  160/  215]
2023-01-11 22:36:47,971-INFO: loss: 1.093322  [  192/  215]
2023-01-11 22:36:54,635-INFO: loss: 1.087750  [  215/  215]
2023-01-11 22:37:59,939-INFO: Test Error: 
 Accuracy: 33.5%, Avg loss: 1.097833
2023-01-11 22:38:00,209-INFO: swin_t_19 has been saved 

2023-01-11 22:38:00,210-INFO: Start training the 20st epoch
2023-01-11 22:38:09,688-INFO: loss: 1.102353  [   32/  215]
2023-01-11 22:38:19,123-INFO: loss: 1.082490  [   64/  215]
2023-01-11 22:38:28,893-INFO: loss: 1.102068  [   96/  215]
2023-01-11 22:38:38,721-INFO: loss: 1.090899  [  128/  215]
2023-01-11 22:38:47,894-INFO: loss: 1.089450  [  160/  215]
2023-01-11 22:38:58,480-INFO: loss: 1.107625  [  192/  215]
2023-01-11 22:39:05,550-INFO: loss: 1.110022  [  215/  215]
2023-01-11 22:40:12,153-INFO: Test Error: 
 Accuracy: 33.5%, Avg loss: 1.097177
2023-01-11 22:40:12,154-INFO: Start training the 21st epoch
2023-01-11 22:40:22,378-INFO: loss: 1.102585  [   32/  215]
2023-01-11 22:40:33,379-INFO: loss: 1.118344  [   64/  215]
2023-01-11 22:40:43,395-INFO: loss: 1.088773  [   96/  215]
2023-01-11 22:40:53,374-INFO: loss: 1.090109  [  128/  215]
2023-01-11 22:41:03,763-INFO: loss: 1.094424  [  160/  215]
2023-01-11 22:41:13,760-INFO: loss: 1.101879  [  192/  215]
2023-01-11 22:41:20,546-INFO: loss: 1.113353  [  215/  215]
2023-01-11 22:42:29,355-INFO: Test Error: 
 Accuracy: 33.5%, Avg loss: 1.098733
2023-01-11 22:42:29,355-INFO: Start training the 22st epoch
2023-01-11 22:42:39,095-INFO: loss: 1.142913  [   32/  215]
2023-01-11 22:42:48,497-INFO: loss: 1.121423  [   64/  215]
2023-01-11 22:42:58,482-INFO: loss: 1.117859  [   96/  215]
2023-01-11 22:43:07,802-INFO: loss: 1.114290  [  128/  215]
2023-01-11 22:43:17,803-INFO: loss: 1.129223  [  160/  215]
2023-01-11 22:43:28,212-INFO: loss: 1.110429  [  192/  215]
2023-01-11 22:43:34,888-INFO: loss: 1.136778  [  215/  215]
2023-01-11 22:44:41,308-INFO: Test Error: 
 Accuracy: 33.0%, Avg loss: 1.098623
2023-01-11 22:44:41,309-INFO: Start training the 23st epoch
2023-01-11 22:44:51,290-INFO: loss: 1.087030  [   32/  215]
2023-01-11 22:45:01,924-INFO: loss: 1.089380  [   64/  215]
2023-01-11 22:45:12,308-INFO: loss: 1.094511  [   96/  215]
2023-01-11 22:45:21,787-INFO: loss: 1.093837  [  128/  215]
2023-01-11 22:45:31,969-INFO: loss: 1.105697  [  160/  215]
2023-01-11 22:45:42,446-INFO: loss: 1.094256  [  192/  215]
2023-01-11 22:45:49,274-INFO: loss: 1.138451  [  215/  215]
2023-01-11 22:46:57,057-INFO: Test Error: 
 Accuracy: 33.0%, Avg loss: 1.099841
2023-01-11 22:46:57,057-INFO: Start training the 24st epoch
2023-01-11 22:47:07,255-INFO: loss: 1.104367  [   32/  215]
2023-01-11 22:47:17,225-INFO: loss: 1.108112  [   64/  215]
2023-01-11 22:47:26,531-INFO: loss: 1.109128  [   96/  215]
2023-01-11 22:47:37,341-INFO: loss: 1.110988  [  128/  215]
2023-01-11 22:47:48,032-INFO: loss: 1.104660  [  160/  215]
2023-01-11 22:47:58,488-INFO: loss: 1.090256  [  192/  215]
2023-01-11 22:48:05,212-INFO: loss: 1.120648  [  215/  215]
2023-01-11 22:49:12,824-INFO: Test Error: 
 Accuracy: 33.5%, Avg loss: 1.099810
2023-01-11 22:49:13,104-INFO: swin_t_24 has been saved 

2023-01-11 22:49:13,104-INFO: Start training the 25st epoch
2023-01-11 22:49:22,701-INFO: loss: 1.099066  [   32/  215]
2023-01-11 22:49:32,919-INFO: loss: 1.086288  [   64/  215]
2023-01-11 22:49:42,897-INFO: loss: 1.086568  [   96/  215]
2023-01-11 22:49:52,284-INFO: loss: 1.104386  [  128/  215]
2023-01-11 22:50:02,293-INFO: loss: 1.114784  [  160/  215]
2023-01-11 22:50:11,746-INFO: loss: 1.081064  [  192/  215]
2023-01-11 22:50:18,579-INFO: loss: 1.098973  [  215/  215]
2023-01-11 22:51:26,333-INFO: Test Error: 
 Accuracy: 33.5%, Avg loss: 1.098044
2023-01-11 22:51:26,334-INFO: Start training the 26st epoch
2023-01-11 22:51:36,558-INFO: loss: 1.085097  [   32/  215]
2023-01-11 22:51:46,970-INFO: loss: 1.102733  [   64/  215]
2023-01-11 22:51:56,981-INFO: loss: 1.112102  [   96/  215]
2023-01-11 22:52:07,301-INFO: loss: 1.098268  [  128/  215]
2023-01-11 22:52:16,823-INFO: loss: 1.104825  [  160/  215]
2023-01-11 22:52:26,728-INFO: loss: 1.105652  [  192/  215]
2023-01-11 22:52:33,741-INFO: loss: 1.104793  [  215/  215]
2023-01-11 22:53:38,475-INFO: Test Error: 
 Accuracy: 33.5%, Avg loss: 1.097644
2023-01-11 22:53:38,476-INFO: Start training the 27st epoch
2023-01-11 22:53:48,770-INFO: loss: 1.084884  [   32/  215]
2023-01-11 22:53:58,715-INFO: loss: 1.108666  [   64/  215]
2023-01-11 22:54:08,216-INFO: loss: 1.094029  [   96/  215]
2023-01-11 22:54:18,235-INFO: loss: 1.096601  [  128/  215]
2023-01-11 22:54:28,057-INFO: loss: 1.099157  [  160/  215]
2023-01-11 22:54:38,022-INFO: loss: 1.138818  [  192/  215]
2023-01-11 22:54:45,109-INFO: loss: 1.106334  [  215/  215]
2023-01-11 22:55:52,436-INFO: Test Error: 
 Accuracy: 33.5%, Avg loss: 1.096923
2023-01-11 22:55:52,436-INFO: Start training the 28st epoch
2023-01-11 22:56:02,708-INFO: loss: 1.085422  [   32/  215]
2023-01-11 22:56:13,273-INFO: loss: 1.101775  [   64/  215]
2023-01-11 22:56:23,502-INFO: loss: 1.114496  [   96/  215]
2023-01-11 22:56:33,344-INFO: loss: 1.110622  [  128/  215]
2023-01-11 22:56:43,499-INFO: loss: 1.093528  [  160/  215]
2023-01-11 22:56:53,004-INFO: loss: 1.104570  [  192/  215]
2023-01-11 22:57:00,062-INFO: loss: 1.102448  [  215/  215]
2023-01-11 22:58:05,787-INFO: Test Error: 
 Accuracy: 33.5%, Avg loss: 1.097799
2023-01-11 22:58:05,787-INFO: Start training the 29st epoch
2023-01-11 22:58:15,794-INFO: loss: 1.104186  [   32/  215]
2023-01-11 22:58:26,072-INFO: loss: 1.096620  [   64/  215]
2023-01-11 22:58:36,673-INFO: loss: 1.096756  [   96/  215]
2023-01-11 22:58:46,126-INFO: loss: 1.097667  [  128/  215]
2023-01-11 22:58:55,735-INFO: loss: 1.102499  [  160/  215]
2023-01-11 22:59:05,539-INFO: loss: 1.108098  [  192/  215]
2023-01-11 22:59:12,632-INFO: loss: 1.090127  [  215/  215]
2023-01-11 23:00:19,559-INFO: Test Error: 
 Accuracy: 33.5%, Avg loss: 1.098955
2023-01-11 23:00:19,836-INFO: swin_t_29 has been saved 

2023-01-11 23:00:19,837-INFO: Start training the 30st epoch
2023-01-11 23:00:29,755-INFO: loss: 1.095659  [   32/  215]
2023-01-11 23:00:40,257-INFO: loss: 1.079032  [   64/  215]
2023-01-11 23:00:49,907-INFO: loss: 1.105385  [   96/  215]
2023-01-11 23:00:59,328-INFO: loss: 1.104323  [  128/  215]
2023-01-11 23:01:09,473-INFO: loss: 1.094190  [  160/  215]
2023-01-11 23:01:19,463-INFO: loss: 1.105142  [  192/  215]
2023-01-11 23:01:26,643-INFO: loss: 1.096353  [  215/  215]
2023-01-11 23:02:34,146-INFO: Test Error: 
 Accuracy: 33.5%, Avg loss: 1.099981
2023-01-11 23:02:34,147-INFO: Start training the 31st epoch
2023-01-11 23:02:43,703-INFO: loss: 1.097901  [   32/  215]
2023-01-11 23:02:53,975-INFO: loss: 1.092564  [   64/  215]
2023-01-11 23:03:03,237-INFO: loss: 1.101526  [   96/  215]
2023-01-11 23:03:13,248-INFO: loss: 1.109160  [  128/  215]
2023-01-11 23:03:23,466-INFO: loss: 1.097278  [  160/  215]
2023-01-11 23:03:33,348-INFO: loss: 1.103642  [  192/  215]
2023-01-11 23:03:40,744-INFO: loss: 1.106803  [  215/  215]
2023-01-11 23:04:50,261-INFO: Test Error: 
 Accuracy: 33.5%, Avg loss: 1.099576
2023-01-11 23:04:50,262-INFO: Start training the 32st epoch
2023-01-11 23:05:00,321-INFO: loss: 1.097319  [   32/  215]
2023-01-11 23:05:10,547-INFO: loss: 1.092557  [   64/  215]
2023-01-11 23:05:20,945-INFO: loss: 1.109123  [   96/  215]
2023-01-11 23:05:31,177-INFO: loss: 1.096093  [  128/  215]
2023-01-11 23:05:41,520-INFO: loss: 1.092286  [  160/  215]
2023-01-11 23:05:51,220-INFO: loss: 1.098780  [  192/  215]
2023-01-11 23:05:58,507-INFO: loss: 1.116072  [  215/  215]
2023-01-11 23:07:06,256-INFO: Test Error: 
 Accuracy: 33.5%, Avg loss: 1.098754
2023-01-11 23:07:06,256-INFO: Start training the 33st epoch
2023-01-11 23:07:16,301-INFO: loss: 1.097510  [   32/  215]
2023-01-11 23:07:25,412-INFO: loss: 1.107205  [   64/  215]
2023-01-11 23:07:35,101-INFO: loss: 1.136698  [   96/  215]
2023-01-11 23:07:45,871-INFO: loss: 1.107633  [  128/  215]
2023-01-11 23:07:56,863-INFO: loss: 1.120735  [  160/  215]
2023-01-11 23:08:07,347-INFO: loss: 1.110680  [  192/  215]
2023-01-11 23:08:15,096-INFO: loss: 1.143041  [  215/  215]
2023-01-11 23:09:25,490-INFO: Test Error: 
 Accuracy: 33.5%, Avg loss: 1.097357
2023-01-11 23:09:25,490-INFO: Start training the 34st epoch
2023-01-11 23:09:36,677-INFO: loss: 1.095340  [   32/  215]
2023-01-11 23:09:47,681-INFO: loss: 1.102077  [   64/  215]
2023-01-11 23:09:57,479-INFO: loss: 1.101059  [   96/  215]
2023-01-11 23:10:06,737-INFO: loss: 1.086209  [  128/  215]
2023-01-11 23:10:17,036-INFO: loss: 1.100924  [  160/  215]
2023-01-11 23:10:27,615-INFO: loss: 1.112532  [  192/  215]
2023-01-11 23:10:35,008-INFO: loss: 1.085555  [  215/  215]
2023-01-11 23:11:39,199-INFO: Test Error: 
 Accuracy: 33.5%, Avg loss: 1.097578
2023-01-11 23:11:39,468-INFO: swin_t_34 has been saved 

2023-01-11 23:11:39,468-INFO: Start training the 35st epoch
2023-01-11 23:11:48,738-INFO: loss: 1.102263  [   32/  215]
2023-01-11 23:11:58,292-INFO: loss: 1.096944  [   64/  215]
2023-01-11 23:12:07,935-INFO: loss: 1.102802  [   96/  215]
2023-01-11 23:12:17,943-INFO: loss: 1.117424  [  128/  215]
2023-01-11 23:12:27,684-INFO: loss: 1.097250  [  160/  215]
2023-01-11 23:12:37,067-INFO: loss: 1.126467  [  192/  215]
2023-01-11 23:12:44,394-INFO: loss: 1.112379  [  215/  215]
2023-01-11 23:13:49,947-INFO: Test Error: 
 Accuracy: 33.5%, Avg loss: 1.097944
2023-01-11 23:13:49,948-INFO: Start training the 36st epoch
2023-01-11 23:13:59,469-INFO: loss: 1.113869  [   32/  215]
2023-01-11 23:14:09,567-INFO: loss: 1.119503  [   64/  215]
2023-01-11 23:14:18,691-INFO: loss: 1.116578  [   96/  215]
2023-01-11 23:14:28,275-INFO: loss: 1.088133  [  128/  215]
2023-01-11 23:14:38,218-INFO: loss: 1.109275  [  160/  215]
2023-01-11 23:14:48,952-INFO: loss: 1.113073  [  192/  215]
2023-01-11 23:14:56,502-INFO: loss: 1.100345  [  215/  215]
2023-01-11 23:16:01,945-INFO: Test Error: 
 Accuracy: 33.0%, Avg loss: 1.100055
2023-01-11 23:16:01,945-INFO: Start training the 37st epoch
2023-01-11 23:16:12,171-INFO: loss: 1.082418  [   32/  215]
2023-01-11 23:16:21,547-INFO: loss: 1.092268  [   64/  215]
2023-01-11 23:16:31,270-INFO: loss: 1.091300  [   96/  215]
2023-01-11 23:16:41,535-INFO: loss: 1.101273  [  128/  215]
2023-01-11 23:16:51,248-INFO: loss: 1.105941  [  160/  215]
2023-01-11 23:17:02,288-INFO: loss: 1.123047  [  192/  215]
2023-01-11 23:17:09,937-INFO: loss: 1.090265  [  215/  215]
2023-01-11 23:18:17,909-INFO: Test Error: 
 Accuracy: 33.0%, Avg loss: 1.098745
2023-01-11 23:18:17,909-INFO: Start training the 38st epoch
2023-01-11 23:18:27,903-INFO: loss: 1.095014  [   32/  215]
2023-01-11 23:18:37,383-INFO: loss: 1.092042  [   64/  215]
2023-01-11 23:18:47,888-INFO: loss: 1.097989  [   96/  215]
2023-01-11 23:18:58,527-INFO: loss: 1.093235  [  128/  215]
2023-01-11 23:19:08,928-INFO: loss: 1.091349  [  160/  215]
2023-01-11 23:19:18,656-INFO: loss: 1.130951  [  192/  215]
2023-01-11 23:19:25,265-INFO: loss: 1.108282  [  215/  215]
2023-01-11 23:20:33,063-INFO: Test Error: 
 Accuracy: 33.5%, Avg loss: 1.099474
2023-01-11 23:20:33,064-INFO: Start training the 39st epoch
2023-01-11 23:20:43,271-INFO: loss: 1.090666  [   32/  215]
2023-01-11 23:20:53,455-INFO: loss: 1.116175  [   64/  215]
2023-01-11 23:21:03,861-INFO: loss: 1.092728  [   96/  215]
2023-01-11 23:21:12,976-INFO: loss: 1.098590  [  128/  215]
2023-01-11 23:21:22,361-INFO: loss: 1.103590  [  160/  215]
2023-01-11 23:21:31,939-INFO: loss: 1.120430  [  192/  215]
2023-01-11 23:21:39,030-INFO: loss: 1.092611  [  215/  215]
2023-01-11 23:22:43,775-INFO: Test Error: 
 Accuracy: 33.5%, Avg loss: 1.097992
2023-01-11 23:22:44,035-INFO: swin_t_39 has been saved 

2023-01-11 23:22:44,035-INFO: Start training the 40st epoch
2023-01-11 23:22:54,218-INFO: loss: 1.084472  [   32/  215]
2023-01-11 23:23:03,923-INFO: loss: 1.079046  [   64/  215]
2023-01-11 23:23:13,360-INFO: loss: 1.103993  [   96/  215]
2023-01-11 23:23:23,474-INFO: loss: 1.123250  [  128/  215]
2023-01-11 23:23:33,322-INFO: loss: 1.101663  [  160/  215]
2023-01-11 23:23:43,843-INFO: loss: 1.109678  [  192/  215]
2023-01-11 23:23:50,780-INFO: loss: 1.125111  [  215/  215]
2023-01-11 23:24:57,609-INFO: Test Error: 
 Accuracy: 33.5%, Avg loss: 1.097548
2023-01-11 23:24:57,610-INFO: Start training the 41st epoch
2023-01-11 23:25:08,012-INFO: loss: 1.097811  [   32/  215]
2023-01-11 23:25:18,361-INFO: loss: 1.104177  [   64/  215]
2023-01-11 23:25:27,891-INFO: loss: 1.093180  [   96/  215]
2023-01-11 23:25:37,445-INFO: loss: 1.101354  [  128/  215]
2023-01-11 23:25:46,904-INFO: loss: 1.105236  [  160/  215]
2023-01-11 23:25:56,677-INFO: loss: 1.102897  [  192/  215]
2023-01-11 23:26:03,763-INFO: loss: 1.112851  [  215/  215]
2023-01-11 23:27:10,361-INFO: Test Error: 
 Accuracy: 33.5%, Avg loss: 1.097723
2023-01-11 23:27:10,362-INFO: Start training the 42st epoch
2023-01-11 23:27:20,564-INFO: loss: 1.107739  [   32/  215]
2023-01-11 23:27:30,984-INFO: loss: 1.114081  [   64/  215]
2023-01-11 23:27:40,265-INFO: loss: 1.098359  [   96/  215]
2023-01-11 23:27:49,828-INFO: loss: 1.088840  [  128/  215]
2023-01-11 23:27:59,622-INFO: loss: 1.097915  [  160/  215]
2023-01-11 23:28:09,455-INFO: loss: 1.094573  [  192/  215]
2023-01-11 23:28:16,810-INFO: loss: 1.104841  [  215/  215]
2023-01-11 23:29:20,925-INFO: Test Error: 
 Accuracy: 33.5%, Avg loss: 1.097664
2023-01-11 23:29:20,926-INFO: Start training the 43st epoch
2023-01-11 23:29:31,307-INFO: loss: 1.098310  [   32/  215]
2023-01-11 23:29:41,232-INFO: loss: 1.096441  [   64/  215]
2023-01-11 23:29:51,478-INFO: loss: 1.103693  [   96/  215]
2023-01-11 23:30:01,688-INFO: loss: 1.095300  [  128/  215]
2023-01-11 23:30:11,914-INFO: loss: 1.100133  [  160/  215]
2023-01-11 23:30:21,994-INFO: loss: 1.098239  [  192/  215]
2023-01-11 23:30:29,620-INFO: loss: 1.092159  [  215/  215]
2023-01-11 23:31:34,560-INFO: Test Error: 
 Accuracy: 33.5%, Avg loss: 1.098470
2023-01-11 23:31:34,561-INFO: Start training the 44st epoch
2023-01-11 23:31:44,494-INFO: loss: 1.093166  [   32/  215]
2023-01-11 23:31:54,660-INFO: loss: 1.093562  [   64/  215]
2023-01-11 23:32:05,071-INFO: loss: 1.093366  [   96/  215]
2023-01-11 23:32:15,841-INFO: loss: 1.088067  [  128/  215]
2023-01-11 23:32:24,950-INFO: loss: 1.086995  [  160/  215]
2023-01-11 23:32:35,504-INFO: loss: 1.083067  [  192/  215]
2023-01-11 23:32:42,690-INFO: loss: 1.101346  [  215/  215]
2023-01-11 23:33:49,212-INFO: Test Error: 
 Accuracy: 33.5%, Avg loss: 1.098658
2023-01-11 23:33:49,465-INFO: swin_t_44 has been saved 

2023-01-11 23:33:49,466-INFO: Start training the 45st epoch
2023-01-11 23:33:58,915-INFO: loss: 1.099218  [   32/  215]
2023-01-11 23:34:09,314-INFO: loss: 1.099469  [   64/  215]
2023-01-11 23:34:19,307-INFO: loss: 1.113073  [   96/  215]
2023-01-11 23:34:29,123-INFO: loss: 1.103780  [  128/  215]
2023-01-11 23:34:39,619-INFO: loss: 1.042458  [  160/  215]
2023-01-11 23:34:49,973-INFO: loss: 1.094983  [  192/  215]
2023-01-11 23:34:57,212-INFO: loss: 1.115436  [  215/  215]
2023-01-11 23:36:04,553-INFO: Test Error: 
 Accuracy: 33.5%, Avg loss: 1.098287
2023-01-11 23:36:04,554-INFO: Start training the 46st epoch
2023-01-11 23:36:14,818-INFO: loss: 1.110409  [   32/  215]
2023-01-11 23:36:24,682-INFO: loss: 1.103588  [   64/  215]
2023-01-11 23:36:34,467-INFO: loss: 1.102167  [   96/  215]
2023-01-11 23:36:43,673-INFO: loss: 1.115730  [  128/  215]
2023-01-11 23:36:53,667-INFO: loss: 1.075258  [  160/  215]
2023-01-11 23:37:03,470-INFO: loss: 1.109931  [  192/  215]
2023-01-11 23:37:11,178-INFO: loss: 1.116536  [  215/  215]
2023-01-11 23:38:19,115-INFO: Test Error: 
 Accuracy: 33.5%, Avg loss: 1.097588
2023-01-11 23:38:19,116-INFO: Start training the 47st epoch
2023-01-11 23:38:29,058-INFO: loss: 1.083143  [   32/  215]
2023-01-11 23:38:38,949-INFO: loss: 1.105066  [   64/  215]
2023-01-11 23:38:49,444-INFO: loss: 1.131529  [   96/  215]
2023-01-11 23:38:59,769-INFO: loss: 1.114924  [  128/  215]
2023-01-11 23:39:09,633-INFO: loss: 1.098474  [  160/  215]
2023-01-11 23:39:20,156-INFO: loss: 1.098694  [  192/  215]
2023-01-11 23:39:27,135-INFO: loss: 1.087139  [  215/  215]
2023-01-11 23:40:35,471-INFO: Test Error: 
 Accuracy: 33.5%, Avg loss: 1.097836
2023-01-11 23:40:35,472-INFO: Start training the 48st epoch
2023-01-11 23:40:44,999-INFO: loss: 1.089546  [   32/  215]
2023-01-11 23:40:54,995-INFO: loss: 1.119954  [   64/  215]
2023-01-11 23:41:05,202-INFO: loss: 1.107876  [   96/  215]
2023-01-11 23:41:15,343-INFO: loss: 1.099564  [  128/  215]
2023-01-11 23:41:25,983-INFO: loss: 1.094365  [  160/  215]
2023-01-11 23:41:36,518-INFO: loss: 1.108939  [  192/  215]
2023-01-11 23:41:43,661-INFO: loss: 1.105110  [  215/  215]
2023-01-11 23:42:49,868-INFO: Test Error: 
 Accuracy: 33.5%, Avg loss: 1.097833
2023-01-11 23:42:49,868-INFO: Start training the 49st epoch
2023-01-11 23:42:59,660-INFO: loss: 1.087509  [   32/  215]
2023-01-11 23:43:10,071-INFO: loss: 1.101182  [   64/  215]
2023-01-11 23:43:19,775-INFO: loss: 1.100196  [   96/  215]
2023-01-11 23:43:29,998-INFO: loss: 1.102238  [  128/  215]
2023-01-11 23:43:40,455-INFO: loss: 1.108048  [  160/  215]
2023-01-11 23:43:51,033-INFO: loss: 1.120775  [  192/  215]
2023-01-11 23:43:58,291-INFO: loss: 1.091423  [  215/  215]
2023-01-11 23:45:04,000-INFO: Test Error: 
 Accuracy: 33.5%, Avg loss: 1.097835
2023-01-11 23:45:04,267-INFO: swin_t_49 has been saved 

2023-01-11 23:45:04,268-INFO: Start training the 50st epoch
2023-01-11 23:45:13,726-INFO: loss: 1.098680  [   32/  215]
2023-01-11 23:45:24,082-INFO: loss: 1.100140  [   64/  215]
2023-01-11 23:45:33,323-INFO: loss: 1.101489  [   96/  215]
2023-01-11 23:45:43,506-INFO: loss: 1.102514  [  128/  215]
2023-01-11 23:45:53,087-INFO: loss: 1.103972  [  160/  215]
2023-01-11 23:46:02,697-INFO: loss: 1.092138  [  192/  215]
2023-01-11 23:46:09,400-INFO: loss: 1.094332  [  215/  215]
2023-01-11 23:47:13,143-INFO: Test Error: 
 Accuracy: 33.5%, Avg loss: 1.099180
2023-01-11 23:47:13,144-INFO: Start training the 51st epoch
2023-01-11 23:47:22,693-INFO: loss: 1.097919  [   32/  215]
2023-01-11 23:47:32,410-INFO: loss: 1.099286  [   64/  215]
2023-01-11 23:47:43,168-INFO: loss: 1.085832  [   96/  215]
2023-01-11 23:47:53,384-INFO: loss: 1.098529  [  128/  215]
2023-01-11 23:48:03,635-INFO: loss: 1.088807  [  160/  215]
2023-01-11 23:48:13,037-INFO: loss: 1.121013  [  192/  215]
2023-01-11 23:48:19,753-INFO: loss: 1.097968  [  215/  215]
2023-01-11 23:49:25,949-INFO: Test Error: 
 Accuracy: 33.5%, Avg loss: 1.099378
2023-01-11 23:49:25,950-INFO: Start training the 52st epoch
2023-01-11 23:49:35,169-INFO: loss: 1.114644  [   32/  215]
2023-01-11 23:49:44,259-INFO: loss: 1.100741  [   64/  215]
2023-01-11 23:49:54,474-INFO: loss: 1.097745  [   96/  215]
2023-01-11 23:50:04,949-INFO: loss: 1.106925  [  128/  215]
2023-01-11 23:50:15,217-INFO: loss: 1.096603  [  160/  215]
2023-01-11 23:50:25,551-INFO: loss: 1.105773  [  192/  215]
2023-01-11 23:50:32,925-INFO: loss: 1.117569  [  215/  215]
2023-01-11 23:51:38,111-INFO: Test Error: 
 Accuracy: 33.5%, Avg loss: 1.097946
2023-01-11 23:51:38,112-INFO: Start training the 53st epoch
2023-01-11 23:51:48,306-INFO: loss: 1.096492  [   32/  215]
2023-01-11 23:51:58,628-INFO: loss: 1.089212  [   64/  215]
2023-01-11 23:52:08,877-INFO: loss: 1.105277  [   96/  215]
2023-01-11 23:52:19,304-INFO: loss: 1.099000  [  128/  215]
2023-01-11 23:52:29,508-INFO: loss: 1.091119  [  160/  215]
2023-01-11 23:52:39,721-INFO: loss: 1.087292  [  192/  215]
2023-01-11 23:52:47,493-INFO: loss: 1.088812  [  215/  215]
2023-01-11 23:53:54,074-INFO: Test Error: 
 Accuracy: 33.5%, Avg loss: 1.098087
2023-01-11 23:53:54,075-INFO: Start training the 54st epoch
2023-01-11 23:54:04,301-INFO: loss: 1.093969  [   32/  215]
2023-01-11 23:54:14,246-INFO: loss: 1.099813  [   64/  215]
2023-01-11 23:54:23,559-INFO: loss: 1.106400  [   96/  215]
2023-01-11 23:54:33,365-INFO: loss: 1.112712  [  128/  215]
2023-01-11 23:54:43,952-INFO: loss: 1.103094  [  160/  215]
2023-01-11 23:54:54,490-INFO: loss: 1.111795  [  192/  215]
2023-01-11 23:55:01,963-INFO: loss: 1.100223  [  215/  215]
2023-01-11 23:56:11,204-INFO: Test Error: 
 Accuracy: 33.0%, Avg loss: 1.098395
2023-01-11 23:56:11,472-INFO: swin_t_54 has been saved 

2023-01-11 23:56:11,472-INFO: Start training the 55st epoch
2023-01-11 23:56:22,259-INFO: loss: 1.098060  [   32/  215]
2023-01-11 23:56:32,142-INFO: loss: 1.082548  [   64/  215]
2023-01-11 23:56:42,865-INFO: loss: 1.112696  [   96/  215]
2023-01-11 23:56:53,666-INFO: loss: 1.104473  [  128/  215]
2023-01-11 23:57:04,659-INFO: loss: 1.122183  [  160/  215]
2023-01-11 23:57:14,460-INFO: loss: 1.089744  [  192/  215]
2023-01-11 23:57:21,626-INFO: loss: 1.122489  [  215/  215]
2023-01-11 23:58:29,165-INFO: Test Error: 
 Accuracy: 33.0%, Avg loss: 1.098587
2023-01-11 23:58:29,166-INFO: Start training the 56st epoch
2023-01-11 23:58:39,622-INFO: loss: 1.104274  [   32/  215]
2023-01-11 23:58:49,069-INFO: loss: 1.092488  [   64/  215]
2023-01-11 23:58:59,090-INFO: loss: 1.113530  [   96/  215]
2023-01-11 23:59:09,607-INFO: loss: 1.120358  [  128/  215]
2023-01-11 23:59:20,245-INFO: loss: 1.093283  [  160/  215]
2023-01-11 23:59:31,156-INFO: loss: 1.102705  [  192/  215]
2023-01-11 23:59:38,375-INFO: loss: 1.110480  [  215/  215]
2023-01-12 00:00:45,908-INFO: Test Error: 
 Accuracy: 33.5%, Avg loss: 1.098100
2023-01-12 00:00:45,909-INFO: Start training the 57st epoch
2023-01-12 00:00:56,580-INFO: loss: 1.103238  [   32/  215]
2023-01-12 00:01:06,236-INFO: loss: 1.090653  [   64/  215]
2023-01-12 00:01:16,037-INFO: loss: 1.103819  [   96/  215]
2023-01-12 00:01:26,241-INFO: loss: 1.099294  [  128/  215]
2023-01-12 00:01:37,149-INFO: loss: 1.093972  [  160/  215]
2023-01-12 00:01:46,639-INFO: loss: 1.106364  [  192/  215]
2023-01-12 00:01:53,973-INFO: loss: 1.094569  [  215/  215]
2023-01-12 00:03:00,877-INFO: Test Error: 
 Accuracy: 33.5%, Avg loss: 1.098796
2023-01-12 00:03:00,877-INFO: Start training the 58st epoch
2023-01-12 00:03:11,149-INFO: loss: 1.102047  [   32/  215]
2023-01-12 00:03:22,148-INFO: loss: 1.103351  [   64/  215]
2023-01-12 00:03:32,472-INFO: loss: 1.105475  [   96/  215]
2023-01-12 00:03:42,201-INFO: loss: 1.097909  [  128/  215]
2023-01-12 00:03:51,989-INFO: loss: 1.097496  [  160/  215]
2023-01-12 00:04:01,616-INFO: loss: 1.105083  [  192/  215]
2023-01-12 00:04:08,895-INFO: loss: 1.097336  [  215/  215]
2023-01-12 00:05:14,346-INFO: Test Error: 
 Accuracy: 33.5%, Avg loss: 1.098177
2023-01-12 00:05:14,347-INFO: Start training the 59st epoch
2023-01-12 00:05:24,707-INFO: loss: 1.092689  [   32/  215]
2023-01-12 00:05:35,404-INFO: loss: 1.105932  [   64/  215]
2023-01-12 00:05:45,588-INFO: loss: 1.103136  [   96/  215]
2023-01-12 00:05:55,759-INFO: loss: 1.103742  [  128/  215]
2023-01-12 00:06:05,947-INFO: loss: 1.090943  [  160/  215]
2023-01-12 00:06:16,383-INFO: loss: 1.094802  [  192/  215]
2023-01-12 00:06:22,793-INFO: loss: 1.102066  [  215/  215]
2023-01-12 00:07:30,615-INFO: Test Error: 
 Accuracy: 33.5%, Avg loss: 1.097981
2023-01-12 00:07:30,901-INFO: swin_t_59 has been saved 

