2023-01-10 13:52:01,327-INFO: Start training the 0st epoch
2023-01-10 13:52:11,296-INFO: loss: 1.113336  [   32/  215]
2023-01-10 13:52:21,873-INFO: loss: 28.957891  [   64/  215]
2023-01-10 13:52:32,855-INFO: loss: 2.035558  [   96/  215]
2023-01-10 13:52:43,967-INFO: loss: 20.634441  [  128/  215]
2023-01-10 13:52:54,357-INFO: loss: 1.497858  [  160/  215]
2023-01-10 13:53:04,953-INFO: loss: 3.811686  [  192/  215]
2023-01-10 13:53:12,153-INFO: loss: 1.084105  [  215/  215]
2023-01-10 13:54:21,193-INFO: Test Error:
 Accuracy: 51.6%, Avg loss: 1.097916
2023-01-10 13:54:21,193-INFO: Start training the 1st epoch
2023-01-10 13:54:31,568-INFO: loss: 1.089086  [   32/  215]
2023-01-10 13:54:41,674-INFO: loss: 1.233961  [   64/  215]
2023-01-10 13:54:51,693-INFO: loss: 18.617455  [   96/  215]
2023-01-10 13:55:01,716-INFO: loss: 1.116294  [  128/  215]
2023-01-10 13:55:12,028-INFO: loss: 1.083272  [  160/  215]
2023-01-10 13:55:22,505-INFO: loss: 1.093107  [  192/  215]
2023-01-10 13:55:29,948-INFO: loss: 1.137151  [  215/  215]
2023-01-10 13:56:39,382-INFO: Test Error:
 Accuracy: 33.5%, Avg loss: 1.103512
2023-01-10 13:56:39,382-INFO: Start training the 2st epoch
2023-01-10 13:56:50,083-INFO: loss: 1.148159  [   32/  215]
2023-01-10 13:57:01,135-INFO: loss: 1.137437  [   64/  215]
2023-01-10 13:57:11,730-INFO: loss: 1.060354  [   96/  215]
2023-01-10 13:57:22,477-INFO: loss: 0.995635  [  128/  215]
2023-01-10 13:57:33,182-INFO: loss: 2.806784  [  160/  215]
2023-01-10 13:57:43,490-INFO: loss: 1.063006  [  192/  215]
2023-01-10 13:57:50,726-INFO: loss: 1.136375  [  215/  215]
2023-01-10 13:59:02,149-INFO: Test Error:
 Accuracy: 33.0%, Avg loss: 1.277095
2023-01-10 13:59:02,149-INFO: Start training the 3st epoch
2023-01-10 13:59:12,642-INFO: loss: 1.301027  [   32/  215]
2023-01-10 13:59:22,891-INFO: loss: 2.259813  [   64/  215]
2023-01-10 13:59:33,234-INFO: loss: 1.054491  [   96/  215]
2023-01-10 13:59:43,040-INFO: loss: 1.069729  [  128/  215]
2023-01-10 13:59:53,875-INFO: loss: 1.070006  [  160/  215]
2023-01-10 14:00:04,260-INFO: loss: 1.703414  [  192/  215]
2023-01-10 14:00:11,592-INFO: loss: 1.539585  [  215/  215]
2023-01-10 14:01:22,908-INFO: Test Error:
 Accuracy: 33.0%, Avg loss: 1.206032
2023-01-10 14:01:22,909-INFO: Start training the 4st epoch
2023-01-10 14:01:33,710-INFO: loss: 1.328847  [   32/  215]
2023-01-10 14:01:44,829-INFO: loss: 1.080110  [   64/  215]
2023-01-10 14:01:55,573-INFO: loss: 1.004376  [   96/  215]
2023-01-10 14:02:06,004-INFO: loss: 1.032655  [  128/  215]
2023-01-10 14:02:17,005-INFO: loss: 1.052172  [  160/  215]
2023-01-10 14:02:27,390-INFO: loss: 0.993747  [  192/  215]
2023-01-10 14:02:34,491-INFO: loss: 0.982619  [  215/  215]
2023-01-10 14:03:46,854-INFO: Test Error:
 Accuracy: 33.5%, Avg loss: 1.024640
2023-01-10 14:03:47,999-INFO: vgg16_4 has been saved

2023-01-10 14:03:47,999-INFO: Start training the 5st epoch
2023-01-10 14:03:58,326-INFO: loss: 1.081815  [   32/  215]
2023-01-10 14:04:08,702-INFO: loss: 0.905603  [   64/  215]
2023-01-10 14:04:18,741-INFO: loss: 1.202314  [   96/  215]
2023-01-10 14:04:29,208-INFO: loss: 0.991932  [  128/  215]
2023-01-10 14:04:39,778-INFO: loss: 0.976479  [  160/  215]
2023-01-10 14:04:50,245-INFO: loss: 0.696388  [  192/  215]
2023-01-10 14:04:58,024-INFO: loss: 0.862238  [  215/  215]
2023-01-10 14:06:07,824-INFO: Test Error:
 Accuracy: 33.5%, Avg loss: 1.174788
2023-01-10 14:06:07,825-INFO: Start training the 6st epoch
2023-01-10 14:06:18,312-INFO: loss: 1.151430  [   32/  215]
2023-01-10 14:06:29,079-INFO: loss: 0.888312  [   64/  215]
2023-01-10 14:06:39,766-INFO: loss: 1.154351  [   96/  215]
2023-01-10 14:06:49,490-INFO: loss: 1.061482  [  128/  215]
2023-01-10 14:06:59,780-INFO: loss: 0.791514  [  160/  215]
2023-01-10 14:07:10,325-INFO: loss: 0.812504  [  192/  215]
2023-01-10 14:07:17,393-INFO: loss: 1.027379  [  215/  215]
2023-01-10 14:08:28,785-INFO: Test Error:
 Accuracy: 19.5%, Avg loss: 1.360626
2023-01-10 14:08:28,785-INFO: Start training the 7st epoch
2023-01-10 14:08:39,483-INFO: loss: 1.197435  [   32/  215]
2023-01-10 14:08:50,475-INFO: loss: 0.870658  [   64/  215]
2023-01-10 14:09:01,281-INFO: loss: 0.871957  [   96/  215]
2023-01-10 14:09:12,156-INFO: loss: 0.989739  [  128/  215]
2023-01-10 14:09:23,126-INFO: loss: 0.808648  [  160/  215]
2023-01-10 14:09:32,998-INFO: loss: 0.845109  [  192/  215]
2023-01-10 14:09:40,249-INFO: loss: 0.778880  [  215/  215]
2023-01-10 14:10:52,541-INFO: Test Error:
 Accuracy: 57.7%, Avg loss: 0.761048
2023-01-10 14:10:52,542-INFO: Start training the 8st epoch
2023-01-10 14:11:03,439-INFO: loss: 0.806111  [   32/  215]
2023-01-10 14:11:13,627-INFO: loss: 0.832540  [   64/  215]
2023-01-10 14:11:24,305-INFO: loss: 0.620180  [   96/  215]
2023-01-10 14:11:34,843-INFO: loss: 0.534705  [  128/  215]
2023-01-10 14:11:45,264-INFO: loss: 0.471709  [  160/  215]
2023-01-10 14:11:55,396-INFO: loss: 0.850090  [  192/  215]
2023-01-10 14:12:02,208-INFO: loss: 1.201025  [  215/  215]
2023-01-10 14:13:13,897-INFO: Test Error:
 Accuracy: 44.7%, Avg loss: 1.193789
2023-01-10 14:13:13,897-INFO: Start training the 9st epoch
2023-01-10 14:13:24,195-INFO: loss: 0.963885  [   32/  215]
2023-01-10 14:13:35,200-INFO: loss: 0.876649  [   64/  215]
2023-01-10 14:13:45,714-INFO: loss: 0.695686  [   96/  215]
2023-01-10 14:13:55,670-INFO: loss: 1.002696  [  128/  215]
2023-01-10 14:14:06,067-INFO: loss: 0.732536  [  160/  215]
2023-01-10 14:14:16,626-INFO: loss: 0.760318  [  192/  215]
2023-01-10 14:14:24,065-INFO: loss: 0.838415  [  215/  215]
2023-01-10 14:15:35,038-INFO: Test Error:
 Accuracy: 67.0%, Avg loss: 0.735651
2023-01-10 14:15:36,353-INFO: vgg16_9 has been saved

2023-01-10 14:15:36,353-INFO: Start training the 10st epoch
2023-01-10 14:15:47,338-INFO: loss: 0.782680  [   32/  215]
2023-01-10 14:15:58,732-INFO: loss: 0.873884  [   64/  215]
2023-01-10 14:16:09,466-INFO: loss: 0.641828  [   96/  215]
2023-01-10 14:16:19,927-INFO: loss: 0.525363  [  128/  215]
2023-01-10 14:16:30,089-INFO: loss: 0.879363  [  160/  215]
2023-01-10 14:16:40,493-INFO: loss: 0.693636  [  192/  215]
2023-01-10 14:16:47,895-INFO: loss: 0.730446  [  215/  215]
2023-01-10 14:17:58,417-INFO: Test Error:
 Accuracy: 52.1%, Avg loss: 0.792804
2023-01-10 14:17:58,417-INFO: Start training the 11st epoch
2023-01-10 14:18:08,770-INFO: loss: 0.795807  [   32/  215]
2023-01-10 14:18:19,490-INFO: loss: 0.691783  [   64/  215]
2023-01-10 14:18:29,887-INFO: loss: 1.320474  [   96/  215]
2023-01-10 14:18:40,499-INFO: loss: 0.698302  [  128/  215]
2023-01-10 14:18:51,085-INFO: loss: 0.925361  [  160/  215]
2023-01-10 14:19:01,531-INFO: loss: 0.897587  [  192/  215]
2023-01-10 14:19:08,722-INFO: loss: 0.619273  [  215/  215]
2023-01-10 14:20:22,184-INFO: Test Error:
 Accuracy: 75.3%, Avg loss: 0.610834
2023-01-10 14:20:22,185-INFO: Start training the 12st epoch
2023-01-10 14:20:33,479-INFO: loss: 0.504721  [   32/  215]
2023-01-10 14:20:44,862-INFO: loss: 0.465943  [   64/  215]
2023-01-10 14:20:56,050-INFO: loss: 1.071533  [   96/  215]
2023-01-10 14:21:06,787-INFO: loss: 0.716496  [  128/  215]
2023-01-10 14:21:17,511-INFO: loss: 0.552960  [  160/  215]
2023-01-10 14:21:27,959-INFO: loss: 0.855082  [  192/  215]
2023-01-10 14:21:35,131-INFO: loss: 0.977007  [  215/  215]
2023-01-10 14:22:44,718-INFO: Test Error:
 Accuracy: 66.5%, Avg loss: 0.793527
2023-01-10 14:22:44,718-INFO: Start training the 13st epoch
2023-01-10 14:22:55,364-INFO: loss: 0.902819  [   32/  215]
2023-01-10 14:23:05,803-INFO: loss: 0.608683  [   64/  215]
2023-01-10 14:23:16,228-INFO: loss: 0.796134  [   96/  215]
2023-01-10 14:23:26,573-INFO: loss: 0.719379  [  128/  215]
2023-01-10 14:23:37,107-INFO: loss: 0.754612  [  160/  215]
2023-01-10 14:23:47,503-INFO: loss: 0.641246  [  192/  215]
2023-01-10 14:23:54,901-INFO: loss: 0.606603  [  215/  215]
2023-01-10 14:25:09,090-INFO: Test Error:
 Accuracy: 80.5%, Avg loss: 0.587574
2023-01-10 14:25:09,090-INFO: Start training the 14st epoch
2023-01-10 14:25:20,174-INFO: loss: 0.637900  [   32/  215]
2023-01-10 14:25:30,806-INFO: loss: 0.572215  [   64/  215]
2023-01-10 14:25:41,668-INFO: loss: 0.558461  [   96/  215]
2023-01-10 14:25:51,843-INFO: loss: 0.561029  [  128/  215]
2023-01-10 14:26:02,643-INFO: loss: 0.532749  [  160/  215]
2023-01-10 14:26:13,469-INFO: loss: 0.211480  [  192/  215]
2023-01-10 14:26:20,472-INFO: loss: 0.782954  [  215/  215]
2023-01-10 14:27:32,238-INFO: Test Error:
 Accuracy: 82.8%, Avg loss: 0.562749
2023-01-10 14:27:33,406-INFO: vgg16_14 has been saved

2023-01-10 14:27:33,407-INFO: Start training the 15st epoch
2023-01-10 14:27:43,225-INFO: loss: 0.697983  [   32/  215]
2023-01-10 14:27:53,921-INFO: loss: 0.385503  [   64/  215]
2023-01-10 14:28:04,564-INFO: loss: 2.035683  [   96/  215]
2023-01-10 14:28:14,319-INFO: loss: 2.608784  [  128/  215]
2023-01-10 14:28:24,733-INFO: loss: 1.952901  [  160/  215]
2023-01-10 14:28:35,369-INFO: loss: 0.555204  [  192/  215]
2023-01-10 14:28:42,484-INFO: loss: 0.948661  [  215/  215]
2023-01-10 14:29:55,423-INFO: Test Error:
 Accuracy: 44.2%, Avg loss: 1.137901
2023-01-10 14:29:55,424-INFO: Start training the 16st epoch
2023-01-10 14:30:06,854-INFO: loss: 0.718633  [   32/  215]
2023-01-10 14:30:17,456-INFO: loss: 1.192352  [   64/  215]
2023-01-10 14:30:27,846-INFO: loss: 0.785002  [   96/  215]
2023-01-10 14:30:37,590-INFO: loss: 0.867412  [  128/  215]
2023-01-10 14:30:48,175-INFO: loss: 0.730883  [  160/  215]
2023-01-10 14:30:59,201-INFO: loss: 1.066730  [  192/  215]
2023-01-10 14:31:06,707-INFO: loss: 0.655167  [  215/  215]
2023-01-10 14:32:18,758-INFO: Test Error:
 Accuracy: 55.3%, Avg loss: 0.788854
2023-01-10 14:32:18,759-INFO: Start training the 17st epoch
2023-01-10 14:32:29,427-INFO: loss: 0.780343  [   32/  215]
2023-01-10 14:32:40,452-INFO: loss: 0.618027  [   64/  215]
2023-01-10 14:32:51,136-INFO: loss: 0.845808  [   96/  215]
2023-01-10 14:33:01,058-INFO: loss: 0.822429  [  128/  215]
2023-01-10 14:33:11,846-INFO: loss: 0.696787  [  160/  215]
2023-01-10 14:33:22,622-INFO: loss: 0.810059  [  192/  215]
2023-01-10 14:33:30,094-INFO: loss: 0.796302  [  215/  215]
2023-01-10 14:34:43,721-INFO: Test Error:
 Accuracy: 84.7%, Avg loss: 0.702222
2023-01-10 14:34:43,721-INFO: Start training the 18st epoch
2023-01-10 14:34:55,022-INFO: loss: 0.772517  [   32/  215]
2023-01-10 14:35:05,821-INFO: loss: 0.818645  [   64/  215]
2023-01-10 14:35:17,004-INFO: loss: 0.704907  [   96/  215]
2023-01-10 14:35:27,359-INFO: loss: 0.538783  [  128/  215]
2023-01-10 14:35:37,978-INFO: loss: 0.813282  [  160/  215]
2023-01-10 14:35:49,106-INFO: loss: 6.508144  [  192/  215]
2023-01-10 14:35:56,059-INFO: loss: 0.686987  [  215/  215]
2023-01-10 14:37:09,479-INFO: Test Error:
 Accuracy: 46.0%, Avg loss: 1.357611
2023-01-10 14:37:09,480-INFO: Start training the 19st epoch
2023-01-10 14:37:19,590-INFO: loss: 1.866220  [   32/  215]
2023-01-10 14:37:30,764-INFO: loss: 1.743568  [   64/  215]
2023-01-10 14:37:41,342-INFO: loss: 1.017832  [   96/  215]
2023-01-10 14:37:51,745-INFO: loss: 1.044253  [  128/  215]
2023-01-10 14:38:02,762-INFO: loss: 1.040239  [  160/  215]
2023-01-10 14:38:13,947-INFO: loss: 1.889476  [  192/  215]
2023-01-10 14:38:22,260-INFO: loss: 1.104207  [  215/  215]
2023-01-10 14:39:38,229-INFO: Test Error:
 Accuracy: 33.5%, Avg loss: 1.105512
2023-01-10 14:39:39,656-INFO: vgg16_19 has been saved

2023-01-10 14:39:39,656-INFO: Start training the 20st epoch
2023-01-10 14:39:50,475-INFO: loss: 1.121057  [   32/  215]
2023-01-10 14:40:01,708-INFO: loss: 1.113852  [   64/  215]
2023-01-10 14:40:12,243-INFO: loss: 1.105914  [   96/  215]
2023-01-10 14:40:22,367-INFO: loss: 1.096341  [  128/  215]
2023-01-10 14:40:32,685-INFO: loss: 1.102110  [  160/  215]
2023-01-10 14:40:43,341-INFO: loss: 1.068960  [  192/  215]
2023-01-10 14:40:50,576-INFO: loss: 1.078081  [  215/  215]
2023-01-10 14:42:03,169-INFO: Test Error:
 Accuracy: 33.0%, Avg loss: 1.081478
2023-01-10 14:42:03,170-INFO: Start training the 21st epoch
2023-01-10 14:42:14,078-INFO: loss: 1.030228  [   32/  215]
2023-01-10 14:42:25,097-INFO: loss: 1.245537  [   64/  215]
2023-01-10 14:42:36,288-INFO: loss: 1.160468  [   96/  215]
2023-01-10 14:42:46,447-INFO: loss: 1.101593  [  128/  215]
2023-01-10 14:42:57,269-INFO: loss: 1.256991  [  160/  215]
2023-01-10 14:43:07,958-INFO: loss: 1.105802  [  192/  215]
2023-01-10 14:43:15,337-INFO: loss: 1.052007  [  215/  215]
2023-01-10 14:44:28,146-INFO: Test Error:
 Accuracy: 33.0%, Avg loss: 2.977997
2023-01-10 14:44:28,146-INFO: Start training the 22st epoch
2023-01-10 14:44:38,841-INFO: loss: 3.041849  [   32/  215]
2023-01-10 14:44:49,358-INFO: loss: 1.106927  [   64/  215]
2023-01-10 14:44:59,404-INFO: loss: 1.099732  [   96/  215]
2023-01-10 14:45:09,619-INFO: loss: 1.117946  [  128/  215]
2023-01-10 14:45:20,122-INFO: loss: 1.116722  [  160/  215]
2023-01-10 14:45:30,593-INFO: loss: 1.117987  [  192/  215]
2023-01-10 14:45:37,849-INFO: loss: 1.097690  [  215/  215]
2023-01-10 14:46:49,103-INFO: Test Error:
 Accuracy: 33.5%, Avg loss: 1.089828
2023-01-10 14:46:49,104-INFO: Start training the 23st epoch
2023-01-10 14:46:59,991-INFO: loss: 1.086360  [   32/  215]
2023-01-10 14:47:10,403-INFO: loss: 1.089580  [   64/  215]
2023-01-10 14:47:20,557-INFO: loss: 1.114974  [   96/  215]
2023-01-10 14:47:30,971-INFO: loss: 1.133058  [  128/  215]
2023-01-10 14:47:41,275-INFO: loss: 1.099335  [  160/  215]
2023-01-10 14:47:51,730-INFO: loss: 1.074485  [  192/  215]
2023-01-10 14:47:59,339-INFO: loss: 1.062284  [  215/  215]
2023-01-10 14:49:09,859-INFO: Test Error:
 Accuracy: 72.6%, Avg loss: 1.049052
2023-01-10 14:49:09,859-INFO: Start training the 24st epoch
2023-01-10 14:49:20,934-INFO: loss: 1.075923  [   32/  215]
2023-01-10 14:49:32,133-INFO: loss: 1.055330  [   64/  215]
2023-01-10 14:49:42,547-INFO: loss: 1.016510  [   96/  215]
2023-01-10 14:49:52,975-INFO: loss: 1.212452  [  128/  215]
2023-01-10 14:50:03,481-INFO: loss: 1.116544  [  160/  215]
2023-01-10 14:50:13,945-INFO: loss: 1.120611  [  192/  215]
2023-01-10 14:50:21,231-INFO: loss: 1.034305  [  215/  215]
2023-01-10 14:51:35,612-INFO: Test Error:
 Accuracy: 54.0%, Avg loss: 1.008620
2023-01-10 14:51:36,857-INFO: vgg16_24 has been saved

2023-01-10 14:51:36,858-INFO: Start training the 25st epoch
2023-01-10 14:51:46,867-INFO: loss: 1.040831  [   32/  215]
2023-01-10 14:51:57,235-INFO: loss: 1.015584  [   64/  215]
2023-01-10 14:52:07,919-INFO: loss: 1.032053  [   96/  215]
2023-01-10 14:52:18,207-INFO: loss: 1.126279  [  128/  215]
2023-01-10 14:52:28,149-INFO: loss: 1.091409  [  160/  215]
2023-01-10 14:52:38,877-INFO: loss: 1.000275  [  192/  215]
2023-01-10 14:52:46,582-INFO: loss: 0.996230  [  215/  215]
2023-01-10 14:53:58,383-INFO: Test Error:
 Accuracy: 52.1%, Avg loss: 0.987398
2023-01-10 14:53:58,383-INFO: Start training the 26st epoch
2023-01-10 14:54:09,159-INFO: loss: 0.936479  [   32/  215]
2023-01-10 14:54:20,676-INFO: loss: 1.055735  [   64/  215]
2023-01-10 14:54:31,356-INFO: loss: 0.882704  [   96/  215]
2023-01-10 14:54:41,391-INFO: loss: 1.049125  [  128/  215]
2023-01-10 14:54:52,412-INFO: loss: 1.107390  [  160/  215]
2023-01-10 14:55:03,200-INFO: loss: 1.276654  [  192/  215]
2023-01-10 14:55:10,557-INFO: loss: 1.227764  [  215/  215]
2023-01-10 14:56:22,547-INFO: Test Error:
 Accuracy: 33.5%, Avg loss: 1.073440
2023-01-10 14:56:22,547-INFO: Start training the 27st epoch
2023-01-10 14:56:33,023-INFO: loss: 1.166543  [   32/  215]
2023-01-10 14:56:43,487-INFO: loss: 1.228831  [   64/  215]
2023-01-10 14:56:53,795-INFO: loss: 1.443400  [   96/  215]
2023-01-10 14:57:03,784-INFO: loss: 1.105641  [  128/  215]
2023-01-10 14:57:14,188-INFO: loss: 1.093222  [  160/  215]
2023-01-10 14:57:24,431-INFO: loss: 1.031816  [  192/  215]
2023-01-10 14:57:31,417-INFO: loss: 1.181416  [  215/  215]
2023-01-10 14:58:44,688-INFO: Test Error:
 Accuracy: 57.2%, Avg loss: 0.994083
2023-01-10 14:58:44,688-INFO: Start training the 28st epoch
2023-01-10 14:58:55,087-INFO: loss: 1.015515  [   32/  215]
2023-01-10 14:59:05,779-INFO: loss: 0.944354  [   64/  215]
2023-01-10 14:59:16,580-INFO: loss: 1.005328  [   96/  215]
2023-01-10 14:59:27,158-INFO: loss: 0.924390  [  128/  215]
2023-01-10 14:59:37,686-INFO: loss: 0.884987  [  160/  215]
2023-01-10 14:59:48,260-INFO: loss: 0.914209  [  192/  215]
2023-01-10 14:59:55,465-INFO: loss: 0.803441  [  215/  215]
2023-01-10 15:01:08,452-INFO: Test Error:
 Accuracy: 33.5%, Avg loss: 1.809046
2023-01-10 15:01:08,452-INFO: Start training the 29st epoch
2023-01-10 15:01:19,113-INFO: loss: 1.638720  [   32/  215]
2023-01-10 15:01:29,747-INFO: loss: 1.067614  [   64/  215]
2023-01-10 15:01:40,285-INFO: loss: 2.668829  [   96/  215]
2023-01-10 15:01:50,536-INFO: loss: 1.533035  [  128/  215]
2023-01-10 15:02:01,278-INFO: loss: 1.042144  [  160/  215]
2023-01-10 15:02:11,517-INFO: loss: 1.145263  [  192/  215]
2023-01-10 15:02:18,990-INFO: loss: 1.071531  [  215/  215]
2023-01-10 15:03:33,980-INFO: Test Error:
 Accuracy: 33.5%, Avg loss: 1.151260
2023-01-10 15:03:34,981-INFO: vgg16_29 has been saved
