2023-01-10 12:40:44,166-INFO: Start training the 0st epoch
2023-01-10 12:40:58,833-INFO: loss: 1.731452  [   32/  215]
2023-01-10 12:41:09,239-INFO: loss: 8.512568  [   64/  215]
2023-01-10 12:41:20,710-INFO: loss: 2.883573  [   96/  215]
2023-01-10 12:41:31,463-INFO: loss: 1.473638  [  128/  215]
2023-01-10 12:41:41,653-INFO: loss: 2.642405  [  160/  215]
2023-01-10 12:41:52,194-INFO: loss: 1.128921  [  192/  215]
2023-01-10 12:41:59,489-INFO: loss: 1.185582  [  215/  215]
2023-01-10 12:43:08,498-INFO: Test Error: 
 Accuracy: 33.5%, Avg loss: 1.086737
2023-01-10 12:43:08,498-INFO: Start training the 1st epoch
2023-01-10 12:43:18,064-INFO: loss: 1.111481  [   32/  215]
2023-01-10 12:43:27,820-INFO: loss: 1.150019  [   64/  215]
2023-01-10 12:43:37,811-INFO: loss: 0.966707  [   96/  215]
2023-01-10 12:43:47,606-INFO: loss: 3.891250  [  128/  215]
2023-01-10 12:43:59,200-INFO: loss: 2.103934  [  160/  215]
2023-01-10 12:44:09,802-INFO: loss: 1.487659  [  192/  215]
2023-01-10 12:44:17,089-INFO: loss: 0.978098  [  215/  215]
2023-01-10 12:45:28,584-INFO: Test Error: 
 Accuracy: 33.5%, Avg loss: 1.322513
2023-01-10 12:45:28,585-INFO: Start training the 2st epoch
2023-01-10 12:45:39,398-INFO: loss: 1.436686  [   32/  215]
2023-01-10 12:45:49,993-INFO: loss: 1.095657  [   64/  215]
2023-01-10 12:46:00,362-INFO: loss: 1.236610  [   96/  215]
2023-01-10 12:46:10,506-INFO: loss: 1.093283  [  128/  215]
2023-01-10 12:46:21,116-INFO: loss: 1.077260  [  160/  215]
2023-01-10 12:46:31,554-INFO: loss: 1.075232  [  192/  215]
2023-01-10 12:46:39,068-INFO: loss: 1.118449  [  215/  215]
2023-01-10 12:47:49,803-INFO: Test Error: 
 Accuracy: 33.5%, Avg loss: 1.079821
2023-01-10 12:47:49,804-INFO: Start training the 3st epoch
2023-01-10 12:48:00,554-INFO: loss: 1.176664  [   32/  215]
2023-01-10 12:48:10,381-INFO: loss: 1.088073  [   64/  215]
2023-01-10 12:48:20,925-INFO: loss: 1.039768  [   96/  215]
2023-01-10 12:48:31,120-INFO: loss: 1.065485  [  128/  215]
2023-01-10 12:48:41,722-INFO: loss: 1.002177  [  160/  215]
2023-01-10 12:48:52,507-INFO: loss: 1.048351  [  192/  215]
2023-01-10 12:48:59,228-INFO: loss: 0.996382  [  215/  215]
2023-01-10 12:50:10,740-INFO: Test Error: 
 Accuracy: 68.4%, Avg loss: 0.852019
2023-01-10 12:50:10,740-INFO: Start training the 4st epoch
2023-01-10 12:50:22,096-INFO: loss: 0.945708  [   32/  215]
2023-01-10 12:50:33,136-INFO: loss: 1.023190  [   64/  215]
2023-01-10 12:50:44,733-INFO: loss: 0.839442  [   96/  215]
2023-01-10 12:50:56,482-INFO: loss: 1.128040  [  128/  215]
2023-01-10 12:51:07,957-INFO: loss: 0.808931  [  160/  215]
2023-01-10 12:51:19,898-INFO: loss: 0.861037  [  192/  215]
2023-01-10 12:51:27,598-INFO: loss: 1.664052  [  215/  215]
2023-01-10 12:52:40,260-INFO: Test Error: 
 Accuracy: 46.0%, Avg loss: 1.084561
2023-01-10 12:52:41,392-INFO: vgg13_4 has been saved 

2023-01-10 12:52:41,393-INFO: Start training the 5st epoch
2023-01-10 12:52:51,405-INFO: loss: 1.269790  [   32/  215]
2023-01-10 12:53:01,892-INFO: loss: 0.727715  [   64/  215]
2023-01-10 12:53:12,245-INFO: loss: 2.148643  [   96/  215]
2023-01-10 12:53:22,485-INFO: loss: 1.203412  [  128/  215]
2023-01-10 12:53:32,684-INFO: loss: 0.868126  [  160/  215]
2023-01-10 12:53:43,314-INFO: loss: 1.117196  [  192/  215]
2023-01-10 12:53:50,352-INFO: loss: 1.081888  [  215/  215]
2023-01-10 12:55:05,279-INFO: Test Error: 
 Accuracy: 51.6%, Avg loss: 0.859613
2023-01-10 12:55:05,280-INFO: Start training the 6st epoch
2023-01-10 12:55:16,205-INFO: loss: 0.844300  [   32/  215]
2023-01-10 12:55:26,799-INFO: loss: 11.646810  [   64/  215]
2023-01-10 12:55:37,045-INFO: loss: 1.467151  [   96/  215]
2023-01-10 12:55:47,401-INFO: loss: 1.449134  [  128/  215]
2023-01-10 12:55:57,771-INFO: loss: 1.128876  [  160/  215]
2023-01-10 12:56:08,382-INFO: loss: 1.113957  [  192/  215]
2023-01-10 12:56:16,953-INFO: loss: 1.336195  [  215/  215]
2023-01-10 12:57:28,440-INFO: Test Error: 
 Accuracy: 33.5%, Avg loss: 1.111884
2023-01-10 12:57:28,440-INFO: Start training the 7st epoch
2023-01-10 12:57:39,170-INFO: loss: 0.981450  [   32/  215]
2023-01-10 12:57:50,569-INFO: loss: 2.996339  [   64/  215]
2023-01-10 12:58:00,827-INFO: loss: 1.082092  [   96/  215]
2023-01-10 12:58:11,699-INFO: loss: 1.071644  [  128/  215]
2023-01-10 12:58:22,325-INFO: loss: 1.150602  [  160/  215]
2023-01-10 12:58:33,241-INFO: loss: 1.158434  [  192/  215]
2023-01-10 12:58:40,600-INFO: loss: 1.117854  [  215/  215]
2023-01-10 12:59:53,793-INFO: Test Error: 
 Accuracy: 47.9%, Avg loss: 0.986347
2023-01-10 12:59:53,793-INFO: Start training the 8st epoch
2023-01-10 13:00:04,457-INFO: loss: 0.974509  [   32/  215]
2023-01-10 13:00:15,522-INFO: loss: 0.948051  [   64/  215]
2023-01-10 13:00:25,920-INFO: loss: 1.848498  [   96/  215]
2023-01-10 13:00:36,323-INFO: loss: 0.846260  [  128/  215]
2023-01-10 13:00:47,101-INFO: loss: 1.066073  [  160/  215]
2023-01-10 13:00:57,500-INFO: loss: 1.199862  [  192/  215]
2023-01-10 13:01:05,003-INFO: loss: 0.852439  [  215/  215]
2023-01-10 13:02:18,556-INFO: Test Error: 
 Accuracy: 34.9%, Avg loss: 0.977659
2023-01-10 13:02:18,556-INFO: Start training the 9st epoch
2023-01-10 13:02:30,303-INFO: loss: 0.979362  [   32/  215]
2023-01-10 13:02:41,682-INFO: loss: 1.214438  [   64/  215]
2023-01-10 13:02:52,099-INFO: loss: 0.867004  [   96/  215]
2023-01-10 13:03:02,858-INFO: loss: 0.990116  [  128/  215]
2023-01-10 13:03:13,596-INFO: loss: 1.008091  [  160/  215]
2023-01-10 13:03:24,191-INFO: loss: 0.880004  [  192/  215]
2023-01-10 13:03:31,938-INFO: loss: 0.891571  [  215/  215]
2023-01-10 13:04:47,926-INFO: Test Error: 
 Accuracy: 36.7%, Avg loss: 0.896798
2023-01-10 13:04:49,221-INFO: vgg13_9 has been saved 

2023-01-10 13:04:49,222-INFO: Start training the 10st epoch
2023-01-10 13:04:59,952-INFO: loss: 0.807696  [   32/  215]
2023-01-10 13:05:10,600-INFO: loss: 0.831749  [   64/  215]
2023-01-10 13:05:20,825-INFO: loss: 0.858329  [   96/  215]
2023-01-10 13:05:31,028-INFO: loss: 0.900841  [  128/  215]
2023-01-10 13:05:41,431-INFO: loss: 0.643568  [  160/  215]
2023-01-10 13:05:51,238-INFO: loss: 0.558055  [  192/  215]
2023-01-10 13:05:58,897-INFO: loss: 0.719462  [  215/  215]
2023-01-10 13:07:11,670-INFO: Test Error: 
 Accuracy: 73.0%, Avg loss: 0.563624
2023-01-10 13:07:11,670-INFO: Start training the 11st epoch
2023-01-10 13:07:22,062-INFO: loss: 0.674050  [   32/  215]
2023-01-10 13:07:32,400-INFO: loss: 0.604898  [   64/  215]
2023-01-10 13:07:42,589-INFO: loss: 0.827112  [   96/  215]
2023-01-10 13:07:52,574-INFO: loss: 0.630370  [  128/  215]
2023-01-10 13:08:03,161-INFO: loss: 0.453794  [  160/  215]
2023-01-10 13:08:13,225-INFO: loss: 0.739187  [  192/  215]
2023-01-10 13:08:20,323-INFO: loss: 0.685757  [  215/  215]
2023-01-10 13:09:32,812-INFO: Test Error: 
 Accuracy: 70.7%, Avg loss: 0.513642
2023-01-10 13:09:32,812-INFO: Start training the 12st epoch
2023-01-10 13:09:43,149-INFO: loss: 0.416217  [   32/  215]
2023-01-10 13:09:53,557-INFO: loss: 0.520968  [   64/  215]
2023-01-10 13:10:03,770-INFO: loss: 0.537548  [   96/  215]
2023-01-10 13:10:13,947-INFO: loss: 0.727866  [  128/  215]
2023-01-10 13:10:24,271-INFO: loss: 0.412969  [  160/  215]
2023-01-10 13:10:34,538-INFO: loss: 0.464641  [  192/  215]
2023-01-10 13:10:41,791-INFO: loss: 0.574282  [  215/  215]
2023-01-10 13:11:53,179-INFO: Test Error: 
 Accuracy: 88.4%, Avg loss: 0.414756
2023-01-10 13:11:53,180-INFO: Start training the 13st epoch
2023-01-10 13:12:03,511-INFO: loss: 0.448263  [   32/  215]
2023-01-10 13:12:14,309-INFO: loss: 0.308040  [   64/  215]
2023-01-10 13:12:24,725-INFO: loss: 0.389015  [   96/  215]
2023-01-10 13:12:34,686-INFO: loss: 0.353934  [  128/  215]
2023-01-10 13:12:44,683-INFO: loss: 0.710765  [  160/  215]
2023-01-10 13:12:54,637-INFO: loss: 0.370084  [  192/  215]
2023-01-10 13:13:01,913-INFO: loss: 0.424235  [  215/  215]
2023-01-10 13:14:12,343-INFO: Test Error: 
 Accuracy: 92.6%, Avg loss: 0.379853
2023-01-10 13:14:12,343-INFO: Start training the 14st epoch
2023-01-10 13:14:23,072-INFO: loss: 0.484839  [   32/  215]
2023-01-10 13:14:34,079-INFO: loss: 0.180048  [   64/  215]
2023-01-10 13:14:44,865-INFO: loss: 1.674102  [   96/  215]
2023-01-10 13:14:55,807-INFO: loss: 1.192900  [  128/  215]
2023-01-10 13:15:06,447-INFO: loss: 1.277511  [  160/  215]
2023-01-10 13:15:17,171-INFO: loss: 1.894448  [  192/  215]
2023-01-10 13:15:24,740-INFO: loss: 1.012366  [  215/  215]
2023-01-10 13:16:36,307-INFO: Test Error: 
 Accuracy: 45.6%, Avg loss: 1.068579
2023-01-10 13:16:37,387-INFO: vgg13_14 has been saved 

2023-01-10 13:16:37,387-INFO: Start training the 15st epoch
2023-01-10 13:16:48,032-INFO: loss: 1.141198  [   32/  215]
2023-01-10 13:16:57,932-INFO: loss: 0.874522  [   64/  215]
2023-01-10 13:17:08,026-INFO: loss: 0.811672  [   96/  215]
2023-01-10 13:17:18,416-INFO: loss: 0.703273  [  128/  215]
2023-01-10 13:17:29,024-INFO: loss: 0.830928  [  160/  215]
2023-01-10 13:17:39,227-INFO: loss: 0.718832  [  192/  215]
2023-01-10 13:17:46,335-INFO: loss: 0.920211  [  215/  215]
2023-01-10 13:18:56,069-INFO: Test Error: 
 Accuracy: 77.2%, Avg loss: 0.707518
2023-01-10 13:18:56,070-INFO: Start training the 16st epoch
2023-01-10 13:19:07,385-INFO: loss: 0.644570  [   32/  215]
2023-01-10 13:19:18,179-INFO: loss: 0.680174  [   64/  215]
2023-01-10 13:19:28,741-INFO: loss: 0.669458  [   96/  215]
2023-01-10 13:19:39,381-INFO: loss: 0.581981  [  128/  215]
2023-01-10 13:19:49,323-INFO: loss: 0.421387  [  160/  215]
2023-01-10 13:19:59,969-INFO: loss: 0.444508  [  192/  215]
2023-01-10 13:20:07,195-INFO: loss: 0.393844  [  215/  215]
2023-01-10 13:21:18,823-INFO: Test Error: 
 Accuracy: 87.4%, Avg loss: 0.354688
2023-01-10 13:21:18,824-INFO: Start training the 17st epoch
2023-01-10 13:21:29,145-INFO: loss: 0.250128  [   32/  215]
2023-01-10 13:21:39,431-INFO: loss: 0.410099  [   64/  215]
2023-01-10 13:21:49,739-INFO: loss: 0.787372  [   96/  215]
2023-01-10 13:21:59,641-INFO: loss: 0.267522  [  128/  215]
2023-01-10 13:22:09,592-INFO: loss: 0.556748  [  160/  215]
2023-01-10 13:22:19,673-INFO: loss: 0.548224  [  192/  215]
2023-01-10 13:22:27,442-INFO: loss: 0.322414  [  215/  215]
2023-01-10 13:23:40,379-INFO: Test Error: 
 Accuracy: 77.2%, Avg loss: 0.528288
2023-01-10 13:23:40,379-INFO: Start training the 18st epoch
2023-01-10 13:23:50,706-INFO: loss: 0.624829  [   32/  215]
2023-01-10 13:24:01,144-INFO: loss: 0.394548  [   64/  215]
2023-01-10 13:24:12,246-INFO: loss: 0.480728  [   96/  215]
2023-01-10 13:24:22,648-INFO: loss: 0.574106  [  128/  215]
2023-01-10 13:24:33,067-INFO: loss: 0.604725  [  160/  215]
2023-01-10 13:24:43,686-INFO: loss: 0.422256  [  192/  215]
2023-01-10 13:24:50,608-INFO: loss: 0.673760  [  215/  215]
2023-01-10 13:26:04,138-INFO: Test Error: 
 Accuracy: 84.7%, Avg loss: 0.413433
2023-01-10 13:26:04,139-INFO: Start training the 19st epoch
2023-01-10 13:26:14,294-INFO: loss: 0.547829  [   32/  215]
2023-01-10 13:26:24,656-INFO: loss: 0.422074  [   64/  215]
2023-01-10 13:26:35,663-INFO: loss: 0.323646  [   96/  215]
2023-01-10 13:26:46,000-INFO: loss: 0.287389  [  128/  215]
2023-01-10 13:26:56,794-INFO: loss: 0.372093  [  160/  215]
2023-01-10 13:27:06,853-INFO: loss: 0.135679  [  192/  215]
2023-01-10 13:27:13,910-INFO: loss: 0.242180  [  215/  215]
2023-01-10 13:28:23,300-INFO: Test Error: 
 Accuracy: 91.6%, Avg loss: 0.242396
2023-01-10 13:28:24,352-INFO: vgg13_19 has been saved 

2023-01-10 13:28:24,352-INFO: Start training the 20st epoch
2023-01-10 13:28:34,865-INFO: loss: 0.163903  [   32/  215]
2023-01-10 13:28:45,043-INFO: loss: 0.217110  [   64/  215]
2023-01-10 13:28:55,576-INFO: loss: 0.080035  [   96/  215]
2023-01-10 13:29:06,137-INFO: loss: 0.851972  [  128/  215]
2023-01-10 13:29:16,333-INFO: loss: 0.355244  [  160/  215]
2023-01-10 13:29:26,806-INFO: loss: 0.825667  [  192/  215]
2023-01-10 13:29:34,918-INFO: loss: 0.237771  [  215/  215]
2023-01-10 13:30:49,056-INFO: Test Error: 
 Accuracy: 96.7%, Avg loss: 0.188661
2023-01-10 13:30:49,056-INFO: Start training the 21st epoch
2023-01-10 13:30:59,705-INFO: loss: 0.179546  [   32/  215]
2023-01-10 13:31:09,974-INFO: loss: 0.351754  [   64/  215]
2023-01-10 13:31:20,183-INFO: loss: 0.293290  [   96/  215]
2023-01-10 13:31:30,152-INFO: loss: 0.181779  [  128/  215]
2023-01-10 13:31:40,563-INFO: loss: 0.259544  [  160/  215]
2023-01-10 13:31:50,970-INFO: loss: 0.172278  [  192/  215]
2023-01-10 13:31:58,621-INFO: loss: 0.292895  [  215/  215]
2023-01-10 13:33:08,003-INFO: Test Error: 
 Accuracy: 96.3%, Avg loss: 0.161709
2023-01-10 13:33:08,004-INFO: Start training the 22st epoch
2023-01-10 13:33:18,530-INFO: loss: 0.214328  [   32/  215]
2023-01-10 13:33:28,936-INFO: loss: 0.170776  [   64/  215]
2023-01-10 13:33:39,744-INFO: loss: 0.396418  [   96/  215]
2023-01-10 13:33:50,725-INFO: loss: 0.143634  [  128/  215]
2023-01-10 13:34:01,118-INFO: loss: 0.122391  [  160/  215]
2023-01-10 13:34:11,722-INFO: loss: 0.110245  [  192/  215]
2023-01-10 13:34:18,805-INFO: loss: 0.105839  [  215/  215]
2023-01-10 13:35:31,967-INFO: Test Error: 
 Accuracy: 96.7%, Avg loss: 0.113211
2023-01-10 13:35:31,967-INFO: Start training the 23st epoch
2023-01-10 13:35:42,289-INFO: loss: 0.030051  [   32/  215]
2023-01-10 13:35:52,640-INFO: loss: 0.225311  [   64/  215]
2023-01-10 13:36:03,095-INFO: loss: 0.026934  [   96/  215]
2023-01-10 13:36:13,144-INFO: loss: 0.005306  [  128/  215]
2023-01-10 13:36:23,880-INFO: loss: 0.621962  [  160/  215]
2023-01-10 13:36:34,311-INFO: loss: 0.002030  [  192/  215]
2023-01-10 13:36:41,469-INFO: loss: 0.492599  [  215/  215]
2023-01-10 13:37:51,328-INFO: Test Error: 
 Accuracy: 98.1%, Avg loss: 0.090021
2023-01-10 13:37:51,329-INFO: Start training the 24st epoch
2023-01-10 13:38:02,459-INFO: loss: 0.021689  [   32/  215]
2023-01-10 13:38:13,456-INFO: loss: 0.008825  [   64/  215]
2023-01-10 13:38:24,252-INFO: loss: 0.163203  [   96/  215]
2023-01-10 13:38:34,439-INFO: loss: 0.215908  [  128/  215]
2023-01-10 13:38:44,858-INFO: loss: 0.149791  [  160/  215]
2023-01-10 13:38:55,034-INFO: loss: 0.037780  [  192/  215]
2023-01-10 13:39:02,227-INFO: loss: 0.035382  [  215/  215]
2023-01-10 13:40:13,086-INFO: Test Error: 
 Accuracy: 98.6%, Avg loss: 0.064689
2023-01-10 13:40:14,212-INFO: vgg13_24 has been saved 

2023-01-10 13:40:14,213-INFO: Start training the 25st epoch
2023-01-10 13:40:24,742-INFO: loss: 0.025219  [   32/  215]
2023-01-10 13:40:34,865-INFO: loss: 0.122843  [   64/  215]
2023-01-10 13:40:44,526-INFO: loss: 0.021624  [   96/  215]
2023-01-10 13:40:54,346-INFO: loss: 0.129345  [  128/  215]
2023-01-10 13:41:04,824-INFO: loss: 0.008212  [  160/  215]
2023-01-10 13:41:15,200-INFO: loss: 0.036602  [  192/  215]
2023-01-10 13:41:22,680-INFO: loss: 0.244772  [  215/  215]
2023-01-10 13:42:33,645-INFO: Test Error: 
 Accuracy: 97.7%, Avg loss: 0.108755
2023-01-10 13:42:33,646-INFO: Start training the 26st epoch
2023-01-10 13:42:44,189-INFO: loss: 0.052175  [   32/  215]
2023-01-10 13:42:55,376-INFO: loss: 0.031096  [   64/  215]
2023-01-10 13:43:05,996-INFO: loss: 0.018680  [   96/  215]
2023-01-10 13:43:16,175-INFO: loss: 0.186811  [  128/  215]
2023-01-10 13:43:26,758-INFO: loss: 0.229038  [  160/  215]
2023-01-10 13:43:36,690-INFO: loss: 0.322165  [  192/  215]
2023-01-10 13:43:43,791-INFO: loss: 0.321185  [  215/  215]
2023-01-10 13:44:54,203-INFO: Test Error: 
 Accuracy: 97.7%, Avg loss: 0.103993
2023-01-10 13:44:54,204-INFO: Start training the 27st epoch
2023-01-10 13:45:04,496-INFO: loss: 0.051988  [   32/  215]
2023-01-10 13:45:14,725-INFO: loss: 0.281113  [   64/  215]
2023-01-10 13:45:24,937-INFO: loss: 0.316209  [   96/  215]
2023-01-10 13:45:34,519-INFO: loss: 0.221854  [  128/  215]
2023-01-10 13:45:45,117-INFO: loss: 0.277167  [  160/  215]
2023-01-10 13:45:55,893-INFO: loss: 0.182774  [  192/  215]
2023-01-10 13:46:03,626-INFO: loss: 0.141467  [  215/  215]
2023-01-10 13:47:16,122-INFO: Test Error: 
 Accuracy: 92.1%, Avg loss: 0.215515
2023-01-10 13:47:16,123-INFO: Start training the 28st epoch
2023-01-10 13:47:26,869-INFO: loss: 0.080413  [   32/  215]
2023-01-10 13:47:38,090-INFO: loss: 0.112773  [   64/  215]
2023-01-10 13:47:49,074-INFO: loss: 0.198914  [   96/  215]
2023-01-10 13:47:59,253-INFO: loss: 0.253544  [  128/  215]
2023-01-10 13:48:09,797-INFO: loss: 0.133586  [  160/  215]
2023-01-10 13:48:20,672-INFO: loss: 0.198471  [  192/  215]
2023-01-10 13:48:27,658-INFO: loss: 0.459296  [  215/  215]
2023-01-10 13:49:38,931-INFO: Test Error: 
 Accuracy: 87.9%, Avg loss: 0.298671
2023-01-10 13:49:38,932-INFO: Start training the 29st epoch
2023-01-10 13:49:49,651-INFO: loss: 0.102752  [   32/  215]
2023-01-10 13:50:00,052-INFO: loss: 0.586182  [   64/  215]
2023-01-10 13:50:10,026-INFO: loss: 0.176585  [   96/  215]
2023-01-10 13:50:20,039-INFO: loss: 0.255544  [  128/  215]
2023-01-10 13:50:30,840-INFO: loss: 0.050302  [  160/  215]
2023-01-10 13:50:41,027-INFO: loss: 0.087053  [  192/  215]
2023-01-10 13:50:48,448-INFO: loss: 0.038854  [  215/  215]
2023-01-10 13:51:59,271-INFO: Test Error: 
 Accuracy: 96.3%, Avg loss: 0.143138
2023-01-10 13:52:00,144-INFO: vgg13_29 has been saved
