2023-01-10 21:17:11,183-INFO: Start training the 0st epoch
2023-01-10 21:17:25,566-INFO: loss: 1.111853  [   32/  215]
2023-01-10 21:17:35,177-INFO: loss: 3.726884  [   64/  215]
2023-01-10 21:17:45,113-INFO: loss: 1.818889  [   96/  215]
2023-01-10 21:17:55,086-INFO: loss: 9.850890  [  128/  215]
2023-01-10 21:18:05,179-INFO: loss: 1.570014  [  160/  215]
2023-01-10 21:18:15,414-INFO: loss: 1.555111  [  192/  215]
2023-01-10 21:18:22,312-INFO: loss: 1.223366  [  215/  215]
2023-01-10 21:19:28,284-INFO: Test Error: 
 Accuracy: 33.5%, Avg loss: 1.552166
2023-01-10 21:19:28,284-INFO: Start training the 1st epoch
2023-01-10 21:19:38,500-INFO: loss: 1.516200  [   32/  215]
2023-01-10 21:19:49,294-INFO: loss: 1.411621  [   64/  215]
2023-01-10 21:19:58,642-INFO: loss: 1.129235  [   96/  215]
2023-01-10 21:20:08,764-INFO: loss: 1.506171  [  128/  215]
2023-01-10 21:20:18,376-INFO: loss: 1.129225  [  160/  215]
2023-01-10 21:20:27,367-INFO: loss: 1.251718  [  192/  215]
2023-01-10 21:20:34,696-INFO: loss: 1.192604  [  215/  215]
2023-01-10 21:21:36,707-INFO: Test Error: 
 Accuracy: 44.2%, Avg loss: 1.167701
2023-01-10 21:21:36,708-INFO: Start training the 2st epoch
2023-01-10 21:21:45,745-INFO: loss: 1.400311  [   32/  215]
2023-01-10 21:21:55,283-INFO: loss: 1.349583  [   64/  215]
2023-01-10 21:22:04,301-INFO: loss: 1.175621  [   96/  215]
2023-01-10 21:22:13,446-INFO: loss: 1.084864  [  128/  215]
2023-01-10 21:22:22,818-INFO: loss: 1.016869  [  160/  215]
2023-01-10 21:22:32,034-INFO: loss: 1.252311  [  192/  215]
2023-01-10 21:22:38,784-INFO: loss: 0.950758  [  215/  215]
2023-01-10 21:23:40,324-INFO: Test Error: 
 Accuracy: 33.5%, Avg loss: 1.048318
2023-01-10 21:23:40,325-INFO: Start training the 3st epoch
2023-01-10 21:23:49,571-INFO: loss: 1.198601  [   32/  215]
2023-01-10 21:23:58,417-INFO: loss: 1.204571  [   64/  215]
2023-01-10 21:24:08,779-INFO: loss: 1.195182  [   96/  215]
2023-01-10 21:24:18,948-INFO: loss: 1.400782  [  128/  215]
2023-01-10 21:24:29,406-INFO: loss: 1.142594  [  160/  215]
2023-01-10 21:24:39,024-INFO: loss: 1.162285  [  192/  215]
2023-01-10 21:24:45,586-INFO: loss: 1.161131  [  215/  215]
2023-01-10 21:25:47,410-INFO: Test Error: 
 Accuracy: 33.0%, Avg loss: 1.100384
2023-01-10 21:25:47,410-INFO: Start training the 4st epoch
2023-01-10 21:25:56,722-INFO: loss: 1.255289  [   32/  215]
2023-01-10 21:26:06,042-INFO: loss: 1.187358  [   64/  215]
2023-01-10 21:26:15,043-INFO: loss: 1.182620  [   96/  215]
2023-01-10 21:26:24,604-INFO: loss: 1.104108  [  128/  215]
2023-01-10 21:26:34,002-INFO: loss: 1.187888  [  160/  215]
2023-01-10 21:26:43,185-INFO: loss: 1.194134  [  192/  215]
2023-01-10 21:26:49,757-INFO: loss: 1.033241  [  215/  215]
2023-01-10 21:27:51,578-INFO: Test Error: 
 Accuracy: 53.5%, Avg loss: 1.074191
2023-01-10 21:27:51,889-INFO: swin_t_4 has been saved 

2023-01-10 21:27:51,890-INFO: Start training the 5st epoch
2023-01-10 21:28:01,570-INFO: loss: 1.079805  [   32/  215]
2023-01-10 21:28:10,608-INFO: loss: 1.112367  [   64/  215]
2023-01-10 21:28:21,532-INFO: loss: 1.024307  [   96/  215]
2023-01-10 21:28:31,256-INFO: loss: 1.029679  [  128/  215]
2023-01-10 21:28:41,028-INFO: loss: 1.236555  [  160/  215]
2023-01-10 21:28:51,043-INFO: loss: 0.934000  [  192/  215]
2023-01-10 21:28:57,516-INFO: loss: 0.988298  [  215/  215]
2023-01-10 21:29:59,059-INFO: Test Error: 
 Accuracy: 50.7%, Avg loss: 0.973812
2023-01-10 21:29:59,060-INFO: Start training the 6st epoch
2023-01-10 21:30:08,474-INFO: loss: 0.997140  [   32/  215]
2023-01-10 21:30:17,984-INFO: loss: 1.220242  [   64/  215]
2023-01-10 21:30:27,550-INFO: loss: 1.243955  [   96/  215]
2023-01-10 21:30:36,954-INFO: loss: 1.163606  [  128/  215]
2023-01-10 21:30:46,254-INFO: loss: 1.061385  [  160/  215]
2023-01-10 21:30:55,715-INFO: loss: 1.125779  [  192/  215]
2023-01-10 21:31:02,304-INFO: loss: 1.046432  [  215/  215]
2023-01-10 21:32:03,526-INFO: Test Error: 
 Accuracy: 68.8%, Avg loss: 0.861146
2023-01-10 21:32:03,526-INFO: Start training the 7st epoch
2023-01-10 21:32:13,162-INFO: loss: 0.949054  [   32/  215]
2023-01-10 21:32:22,448-INFO: loss: 0.879120  [   64/  215]
2023-01-10 21:32:31,896-INFO: loss: 0.791301  [   96/  215]
2023-01-10 21:32:41,352-INFO: loss: 0.825332  [  128/  215]
2023-01-10 21:32:50,923-INFO: loss: 0.876287  [  160/  215]
2023-01-10 21:33:00,149-INFO: loss: 0.762855  [  192/  215]
2023-01-10 21:33:06,808-INFO: loss: 0.871148  [  215/  215]
2023-01-10 21:34:09,116-INFO: Test Error: 
 Accuracy: 75.8%, Avg loss: 0.643556
2023-01-10 21:34:09,116-INFO: Start training the 8st epoch
2023-01-10 21:34:18,299-INFO: loss: 0.696280  [   32/  215]
2023-01-10 21:34:27,521-INFO: loss: 0.845851  [   64/  215]
2023-01-10 21:34:37,489-INFO: loss: 0.884964  [   96/  215]
2023-01-10 21:34:46,698-INFO: loss: 0.914994  [  128/  215]
2023-01-10 21:34:55,904-INFO: loss: 0.902880  [  160/  215]
2023-01-10 21:35:04,954-INFO: loss: 1.273159  [  192/  215]
2023-01-10 21:35:12,003-INFO: loss: 0.728986  [  215/  215]
2023-01-10 21:36:13,198-INFO: Test Error: 
 Accuracy: 74.0%, Avg loss: 0.649429
2023-01-10 21:36:13,199-INFO: Start training the 9st epoch
2023-01-10 21:36:22,606-INFO: loss: 0.666278  [   32/  215]
2023-01-10 21:36:32,269-INFO: loss: 0.833891  [   64/  215]
2023-01-10 21:36:42,252-INFO: loss: 1.161183  [   96/  215]
2023-01-10 21:36:51,648-INFO: loss: 0.634634  [  128/  215]
2023-01-10 21:37:01,227-INFO: loss: 0.590016  [  160/  215]
2023-01-10 21:37:11,165-INFO: loss: 0.806114  [  192/  215]
2023-01-10 21:37:17,673-INFO: loss: 0.702053  [  215/  215]
2023-01-10 21:38:20,413-INFO: Test Error: 
 Accuracy: 69.8%, Avg loss: 0.750488
2023-01-10 21:38:20,715-INFO: swin_t_9 has been saved 

2023-01-10 21:38:20,716-INFO: Start training the 10st epoch
2023-01-10 21:38:30,401-INFO: loss: 0.691924  [   32/  215]
2023-01-10 21:38:39,974-INFO: loss: 0.844157  [   64/  215]
2023-01-10 21:38:48,927-INFO: loss: 1.236539  [   96/  215]
2023-01-10 21:38:58,567-INFO: loss: 0.847365  [  128/  215]
2023-01-10 21:39:07,945-INFO: loss: 0.942168  [  160/  215]
2023-01-10 21:39:17,631-INFO: loss: 0.729107  [  192/  215]
2023-01-10 21:39:24,273-INFO: loss: 0.961945  [  215/  215]
2023-01-10 21:40:27,424-INFO: Test Error: 
 Accuracy: 60.5%, Avg loss: 0.755533
2023-01-10 21:40:27,424-INFO: Start training the 11st epoch
2023-01-10 21:40:36,388-INFO: loss: 0.913898  [   32/  215]
2023-01-10 21:40:46,191-INFO: loss: 0.847253  [   64/  215]
2023-01-10 21:40:55,793-INFO: loss: 0.742750  [   96/  215]
2023-01-10 21:41:05,215-INFO: loss: 0.834384  [  128/  215]
2023-01-10 21:41:15,339-INFO: loss: 0.783039  [  160/  215]
2023-01-10 21:41:24,884-INFO: loss: 0.564934  [  192/  215]
2023-01-10 21:41:31,726-INFO: loss: 0.794824  [  215/  215]
2023-01-10 21:42:33,327-INFO: Test Error: 
 Accuracy: 66.0%, Avg loss: 0.685632
2023-01-10 21:42:33,327-INFO: Start training the 12st epoch
2023-01-10 21:42:42,932-INFO: loss: 0.647257  [   32/  215]
2023-01-10 21:42:52,456-INFO: loss: 0.554282  [   64/  215]
2023-01-10 21:43:02,053-INFO: loss: 0.687605  [   96/  215]
2023-01-10 21:43:11,451-INFO: loss: 0.805431  [  128/  215]
2023-01-10 21:43:21,584-INFO: loss: 0.767874  [  160/  215]
2023-01-10 21:43:31,046-INFO: loss: 1.461484  [  192/  215]
2023-01-10 21:43:38,241-INFO: loss: 1.632763  [  215/  215]
2023-01-10 21:44:40,009-INFO: Test Error: 
 Accuracy: 33.5%, Avg loss: 1.053428
2023-01-10 21:44:40,010-INFO: Start training the 13st epoch
2023-01-10 21:44:48,904-INFO: loss: 1.034552  [   32/  215]
2023-01-10 21:44:57,908-INFO: loss: 1.166104  [   64/  215]
2023-01-10 21:45:07,166-INFO: loss: 1.160751  [   96/  215]
2023-01-10 21:45:16,679-INFO: loss: 1.402899  [  128/  215]
2023-01-10 21:45:26,058-INFO: loss: 1.250091  [  160/  215]
2023-01-10 21:45:36,123-INFO: loss: 1.305907  [  192/  215]
2023-01-10 21:45:43,017-INFO: loss: 1.084775  [  215/  215]
2023-01-10 21:46:44,482-INFO: Test Error: 
 Accuracy: 39.5%, Avg loss: 1.047580
2023-01-10 21:46:44,482-INFO: Start training the 14st epoch
2023-01-10 21:46:54,168-INFO: loss: 1.084541  [   32/  215]
2023-01-10 21:47:02,854-INFO: loss: 1.197211  [   64/  215]
2023-01-10 21:47:12,164-INFO: loss: 1.002915  [   96/  215]
2023-01-10 21:47:21,437-INFO: loss: 1.022367  [  128/  215]
2023-01-10 21:47:30,870-INFO: loss: 0.990901  [  160/  215]
2023-01-10 21:47:40,627-INFO: loss: 1.016014  [  192/  215]
2023-01-10 21:47:47,820-INFO: loss: 1.309017  [  215/  215]
2023-01-10 21:48:49,624-INFO: Test Error: 
 Accuracy: 48.8%, Avg loss: 1.050135
2023-01-10 21:48:49,979-INFO: swin_t_14 has been saved 

2023-01-10 21:48:49,980-INFO: Start training the 15st epoch
2023-01-10 21:48:59,361-INFO: loss: 1.015463  [   32/  215]
2023-01-10 21:49:08,695-INFO: loss: 1.119037  [   64/  215]
2023-01-10 21:49:17,646-INFO: loss: 1.034810  [   96/  215]
2023-01-10 21:49:27,050-INFO: loss: 1.088271  [  128/  215]
2023-01-10 21:49:36,416-INFO: loss: 1.038856  [  160/  215]
2023-01-10 21:49:45,792-INFO: loss: 1.150519  [  192/  215]
2023-01-10 21:49:52,731-INFO: loss: 1.033404  [  215/  215]
2023-01-10 21:50:54,940-INFO: Test Error: 
 Accuracy: 41.9%, Avg loss: 1.028467
2023-01-10 21:50:54,940-INFO: Start training the 16st epoch
2023-01-10 21:51:04,028-INFO: loss: 0.923741  [   32/  215]
2023-01-10 21:51:13,287-INFO: loss: 1.094721  [   64/  215]
2023-01-10 21:51:22,216-INFO: loss: 1.088465  [   96/  215]
2023-01-10 21:51:31,065-INFO: loss: 0.979356  [  128/  215]
2023-01-10 21:51:40,606-INFO: loss: 1.105095  [  160/  215]
2023-01-10 21:51:49,797-INFO: loss: 1.034128  [  192/  215]
2023-01-10 21:51:57,084-INFO: loss: 1.048576  [  215/  215]
2023-01-10 21:52:59,905-INFO: Test Error: 
 Accuracy: 44.2%, Avg loss: 1.033462
2023-01-10 21:52:59,906-INFO: Start training the 17st epoch
2023-01-10 21:53:09,075-INFO: loss: 1.001251  [   32/  215]
2023-01-10 21:53:18,211-INFO: loss: 0.871906  [   64/  215]
2023-01-10 21:53:27,504-INFO: loss: 1.139973  [   96/  215]
2023-01-10 21:53:36,880-INFO: loss: 1.090399  [  128/  215]
2023-01-10 21:53:46,904-INFO: loss: 0.971596  [  160/  215]
2023-01-10 21:53:55,839-INFO: loss: 1.214581  [  192/  215]
2023-01-10 21:54:02,549-INFO: loss: 1.097881  [  215/  215]
2023-01-10 21:55:06,362-INFO: Test Error: 
 Accuracy: 44.2%, Avg loss: 1.020853
2023-01-10 21:55:06,363-INFO: Start training the 18st epoch
2023-01-10 21:55:16,575-INFO: loss: 0.947905  [   32/  215]
2023-01-10 21:55:26,533-INFO: loss: 0.997423  [   64/  215]
2023-01-10 21:55:36,352-INFO: loss: 0.986213  [   96/  215]
2023-01-10 21:55:46,564-INFO: loss: 1.117207  [  128/  215]
2023-01-10 21:55:56,536-INFO: loss: 1.057759  [  160/  215]
2023-01-10 21:56:06,920-INFO: loss: 1.090956  [  192/  215]
2023-01-10 21:56:14,510-INFO: loss: 0.980107  [  215/  215]
2023-01-10 21:57:19,466-INFO: Test Error: 
 Accuracy: 42.8%, Avg loss: 1.004955
2023-01-10 21:57:19,467-INFO: Start training the 19st epoch
2023-01-10 21:57:29,028-INFO: loss: 0.963752  [   32/  215]
2023-01-10 21:57:39,245-INFO: loss: 0.990977  [   64/  215]
2023-01-10 21:57:49,333-INFO: loss: 1.105719  [   96/  215]
2023-01-10 21:57:59,241-INFO: loss: 1.113117  [  128/  215]
2023-01-10 21:58:09,288-INFO: loss: 0.979229  [  160/  215]
2023-01-10 21:58:19,060-INFO: loss: 0.952240  [  192/  215]
2023-01-10 21:58:26,131-INFO: loss: 0.965368  [  215/  215]
2023-01-10 21:59:30,877-INFO: Test Error: 
 Accuracy: 45.1%, Avg loss: 1.000886
2023-01-10 21:59:31,182-INFO: swin_t_19 has been saved 

2023-01-10 21:59:31,183-INFO: Start training the 20st epoch
2023-01-10 21:59:41,380-INFO: loss: 1.072684  [   32/  215]
2023-01-10 21:59:51,939-INFO: loss: 0.940510  [   64/  215]
2023-01-10 22:00:02,783-INFO: loss: 1.034351  [   96/  215]
2023-01-10 22:00:12,318-INFO: loss: 1.123521  [  128/  215]
2023-01-10 22:00:22,126-INFO: loss: 1.092178  [  160/  215]
2023-01-10 22:00:31,992-INFO: loss: 1.159500  [  192/  215]
2023-01-10 22:00:38,981-INFO: loss: 0.994733  [  215/  215]
2023-01-10 22:01:43,788-INFO: Test Error: 
 Accuracy: 46.0%, Avg loss: 0.987442
2023-01-10 22:01:43,789-INFO: Start training the 21st epoch
2023-01-10 22:01:53,559-INFO: loss: 0.940080  [   32/  215]
2023-01-10 22:02:03,724-INFO: loss: 0.885127  [   64/  215]
2023-01-10 22:02:13,769-INFO: loss: 0.946725  [   96/  215]
2023-01-10 22:02:23,716-INFO: loss: 1.090456  [  128/  215]
2023-01-10 22:02:33,770-INFO: loss: 1.086975  [  160/  215]
2023-01-10 22:02:43,406-INFO: loss: 0.934728  [  192/  215]
2023-01-10 22:02:49,897-INFO: loss: 1.023251  [  215/  215]
2023-01-10 22:03:55,637-INFO: Test Error: 
 Accuracy: 33.0%, Avg loss: 1.125330
2023-01-10 22:03:55,637-INFO: Start training the 22st epoch
2023-01-10 22:04:05,007-INFO: loss: 1.140896  [   32/  215]
2023-01-10 22:04:14,408-INFO: loss: 1.135875  [   64/  215]
2023-01-10 22:04:24,760-INFO: loss: 1.141790  [   96/  215]
2023-01-10 22:04:34,599-INFO: loss: 1.094316  [  128/  215]
2023-01-10 22:04:44,701-INFO: loss: 1.081004  [  160/  215]
2023-01-10 22:04:54,168-INFO: loss: 1.110355  [  192/  215]
2023-01-10 22:05:01,326-INFO: loss: 1.189426  [  215/  215]
2023-01-10 22:06:06,519-INFO: Test Error: 
 Accuracy: 33.5%, Avg loss: 1.099596
2023-01-10 22:06:06,520-INFO: Start training the 23st epoch
2023-01-10 22:06:16,883-INFO: loss: 1.108033  [   32/  215]
2023-01-10 22:06:26,666-INFO: loss: 1.118778  [   64/  215]
2023-01-10 22:06:37,006-INFO: loss: 1.094250  [   96/  215]
2023-01-10 22:06:46,057-INFO: loss: 1.104181  [  128/  215]
2023-01-10 22:06:55,862-INFO: loss: 1.074683  [  160/  215]
2023-01-10 22:07:06,011-INFO: loss: 1.093184  [  192/  215]
2023-01-10 22:07:12,870-INFO: loss: 1.061705  [  215/  215]
2023-01-10 22:08:17,535-INFO: Test Error: 
 Accuracy: 33.5%, Avg loss: 1.102461
2023-01-10 22:08:17,535-INFO: Start training the 24st epoch
2023-01-10 22:08:27,700-INFO: loss: 1.096173  [   32/  215]
2023-01-10 22:08:37,467-INFO: loss: 1.138726  [   64/  215]
2023-01-10 22:08:47,246-INFO: loss: 1.074948  [   96/  215]
2023-01-10 22:08:56,656-INFO: loss: 1.110274  [  128/  215]
2023-01-10 22:09:06,239-INFO: loss: 1.070601  [  160/  215]
2023-01-10 22:09:16,037-INFO: loss: 1.106050  [  192/  215]
2023-01-10 22:09:22,796-INFO: loss: 1.108208  [  215/  215]
2023-01-10 22:10:26,951-INFO: Test Error: 
 Accuracy: 33.0%, Avg loss: 1.101961
2023-01-10 22:10:27,288-INFO: swin_t_24 has been saved 

2023-01-10 22:10:27,289-INFO: Start training the 25st epoch
2023-01-10 22:10:36,604-INFO: loss: 1.075013  [   32/  215]
2023-01-10 22:10:46,515-INFO: loss: 1.138993  [   64/  215]
2023-01-10 22:10:56,557-INFO: loss: 1.097831  [   96/  215]
2023-01-10 22:11:06,916-INFO: loss: 1.121415  [  128/  215]
2023-01-10 22:11:16,706-INFO: loss: 1.072887  [  160/  215]
2023-01-10 22:11:26,880-INFO: loss: 1.122981  [  192/  215]
2023-01-10 22:11:34,750-INFO: loss: 1.100969  [  215/  215]
2023-01-10 22:12:40,033-INFO: Test Error: 
 Accuracy: 33.5%, Avg loss: 1.099969
2023-01-10 22:12:40,033-INFO: Start training the 26st epoch
2023-01-10 22:12:50,041-INFO: loss: 1.097566  [   32/  215]
2023-01-10 22:12:59,594-INFO: loss: 1.094819  [   64/  215]
2023-01-10 22:13:09,383-INFO: loss: 1.075371  [   96/  215]
2023-01-10 22:13:19,215-INFO: loss: 1.109470  [  128/  215]
2023-01-10 22:13:28,804-INFO: loss: 1.164126  [  160/  215]
2023-01-10 22:13:38,770-INFO: loss: 1.094862  [  192/  215]
2023-01-10 22:13:45,412-INFO: loss: 1.117046  [  215/  215]
2023-01-10 22:14:49,841-INFO: Test Error: 
 Accuracy: 33.5%, Avg loss: 1.099639
2023-01-10 22:14:49,841-INFO: Start training the 27st epoch
2023-01-10 22:14:59,114-INFO: loss: 1.097164  [   32/  215]
2023-01-10 22:15:08,219-INFO: loss: 1.106766  [   64/  215]
2023-01-10 22:15:18,696-INFO: loss: 1.096374  [   96/  215]
2023-01-10 22:15:28,229-INFO: loss: 1.102378  [  128/  215]
2023-01-10 22:15:38,207-INFO: loss: 1.111268  [  160/  215]
2023-01-10 22:15:48,179-INFO: loss: 1.103698  [  192/  215]
2023-01-10 22:15:55,076-INFO: loss: 1.099914  [  215/  215]
2023-01-10 22:17:01,095-INFO: Test Error: 
 Accuracy: 33.0%, Avg loss: 1.099129
2023-01-10 22:17:01,095-INFO: Start training the 28st epoch
2023-01-10 22:17:11,494-INFO: loss: 1.163951  [   32/  215]
2023-01-10 22:17:21,761-INFO: loss: 1.087689  [   64/  215]
2023-01-10 22:17:31,314-INFO: loss: 1.096803  [   96/  215]
2023-01-10 22:17:40,904-INFO: loss: 1.111458  [  128/  215]
2023-01-10 22:17:50,466-INFO: loss: 1.117540  [  160/  215]
2023-01-10 22:17:59,481-INFO: loss: 1.125412  [  192/  215]
2023-01-10 22:18:06,708-INFO: loss: 1.110566  [  215/  215]
2023-01-10 22:19:09,460-INFO: Test Error: 
 Accuracy: 33.0%, Avg loss: 1.100680
2023-01-10 22:19:09,460-INFO: Start training the 29st epoch
2023-01-10 22:19:19,439-INFO: loss: 1.114790  [   32/  215]
2023-01-10 22:19:28,872-INFO: loss: 1.084566  [   64/  215]
2023-01-10 22:19:38,522-INFO: loss: 1.103117  [   96/  215]
2023-01-10 22:19:48,147-INFO: loss: 1.108541  [  128/  215]
2023-01-10 22:19:57,673-INFO: loss: 1.106876  [  160/  215]
2023-01-10 22:20:06,868-INFO: loss: 1.095697  [  192/  215]
2023-01-10 22:20:14,085-INFO: loss: 1.108944  [  215/  215]
