2023-01-10 21:17:06,992-INFO: Start training the 0st epoch
2023-01-10 21:17:23,070-INFO: loss: 1.016164  [   32/  215]
2023-01-10 21:17:34,064-INFO: loss: 1.193257  [   64/  215]
2023-01-10 21:17:44,655-INFO: loss: 7.242261  [   96/  215]
2023-01-10 21:17:54,422-INFO: loss: 8.596058  [  128/  215]
2023-01-10 21:18:05,320-INFO: loss: 1.858827  [  160/  215]
2023-01-10 21:18:15,678-INFO: loss: 2.552185  [  192/  215]
2023-01-10 21:18:22,685-INFO: loss: 2.725643  [  215/  215]
2023-01-10 21:19:28,330-INFO: Test Error: 
 Accuracy: 33.5%, Avg loss: 2.836992
2023-01-10 21:19:28,331-INFO: Start training the 1st epoch
2023-01-10 21:19:38,703-INFO: loss: 2.681869  [   32/  215]
2023-01-10 21:19:49,505-INFO: loss: 1.251021  [   64/  215]
2023-01-10 21:19:59,356-INFO: loss: 1.409677  [   96/  215]
2023-01-10 21:20:09,623-INFO: loss: 1.709827  [  128/  215]
2023-01-10 21:20:18,981-INFO: loss: 1.435242  [  160/  215]
2023-01-10 21:20:29,238-INFO: loss: 1.799807  [  192/  215]
2023-01-10 21:20:36,532-INFO: loss: 1.253994  [  215/  215]
2023-01-10 21:21:39,901-INFO: Test Error: 
 Accuracy: 33.5%, Avg loss: 1.102213
2023-01-10 21:21:39,902-INFO: Start training the 2st epoch
2023-01-10 21:21:49,251-INFO: loss: 1.111156  [   32/  215]
2023-01-10 21:21:59,143-INFO: loss: 1.189204  [   64/  215]
2023-01-10 21:22:08,540-INFO: loss: 1.394604  [   96/  215]
2023-01-10 21:22:18,732-INFO: loss: 1.107348  [  128/  215]
2023-01-10 21:22:28,927-INFO: loss: 1.110464  [  160/  215]
2023-01-10 21:22:38,699-INFO: loss: 1.194624  [  192/  215]
2023-01-10 21:22:44,996-INFO: loss: 1.306081  [  215/  215]
2023-01-10 21:23:47,736-INFO: Test Error: 
 Accuracy: 33.0%, Avg loss: 1.118046
2023-01-10 21:23:47,736-INFO: Start training the 3st epoch
2023-01-10 21:23:57,730-INFO: loss: 1.121641  [   32/  215]
2023-01-10 21:24:08,779-INFO: loss: 1.113346  [   64/  215]
2023-01-10 21:24:18,923-INFO: loss: 1.084844  [   96/  215]
2023-01-10 21:24:29,605-INFO: loss: 1.224937  [  128/  215]
2023-01-10 21:24:39,326-INFO: loss: 1.419537  [  160/  215]
2023-01-10 21:24:49,090-INFO: loss: 1.107723  [  192/  215]
2023-01-10 21:24:55,816-INFO: loss: 1.217851  [  215/  215]
2023-01-10 21:25:59,255-INFO: Test Error: 
 Accuracy: 33.0%, Avg loss: 1.249780
2023-01-10 21:25:59,255-INFO: Start training the 4st epoch
2023-01-10 21:26:08,846-INFO: loss: 1.255692  [   32/  215]
2023-01-10 21:26:18,799-INFO: loss: 1.214753  [   64/  215]
2023-01-10 21:26:28,608-INFO: loss: 1.322512  [   96/  215]
2023-01-10 21:26:38,609-INFO: loss: 1.121104  [  128/  215]
2023-01-10 21:26:48,437-INFO: loss: 1.146485  [  160/  215]
2023-01-10 21:26:58,091-INFO: loss: 1.177100  [  192/  215]
2023-01-10 21:27:05,535-INFO: loss: 1.073546  [  215/  215]
2023-01-10 21:28:10,268-INFO: Test Error: 
 Accuracy: 33.5%, Avg loss: 1.191069
2023-01-10 21:28:10,984-INFO: vit_b_16_4 has been saved 

2023-01-10 21:28:10,985-INFO: Start training the 5st epoch
2023-01-10 21:28:21,764-INFO: loss: 1.176119  [   32/  215]
2023-01-10 21:28:31,948-INFO: loss: 1.165480  [   64/  215]
2023-01-10 21:28:42,433-INFO: loss: 1.124388  [   96/  215]
2023-01-10 21:28:52,155-INFO: loss: 1.102729  [  128/  215]
2023-01-10 21:29:02,373-INFO: loss: 1.093133  [  160/  215]
2023-01-10 21:29:12,256-INFO: loss: 1.147033  [  192/  215]
2023-01-10 21:29:18,614-INFO: loss: 1.248349  [  215/  215]
2023-01-10 21:30:22,797-INFO: Test Error: 
 Accuracy: 33.0%, Avg loss: 1.139191
2023-01-10 21:30:22,797-INFO: Start training the 6st epoch
2023-01-10 21:30:32,574-INFO: loss: 1.125419  [   32/  215]
2023-01-10 21:30:42,000-INFO: loss: 1.114722  [   64/  215]
2023-01-10 21:30:51,986-INFO: loss: 1.093430  [   96/  215]
2023-01-10 21:31:01,964-INFO: loss: 1.092059  [  128/  215]
2023-01-10 21:31:12,154-INFO: loss: 1.184200  [  160/  215]
2023-01-10 21:31:21,951-INFO: loss: 1.120117  [  192/  215]
2023-01-10 21:31:29,036-INFO: loss: 1.074774  [  215/  215]
2023-01-10 21:32:34,352-INFO: Test Error: 
 Accuracy: 33.5%, Avg loss: 1.110878
2023-01-10 21:32:34,353-INFO: Start training the 7st epoch
2023-01-10 21:32:43,861-INFO: loss: 1.123528  [   32/  215]
2023-01-10 21:32:53,697-INFO: loss: 1.106132  [   64/  215]
2023-01-10 21:33:03,466-INFO: loss: 1.079743  [   96/  215]
2023-01-10 21:33:12,962-INFO: loss: 1.114518  [  128/  215]
2023-01-10 21:33:22,984-INFO: loss: 1.101877  [  160/  215]
2023-01-10 21:33:33,582-INFO: loss: 1.112063  [  192/  215]
2023-01-10 21:33:41,417-INFO: loss: 1.114295  [  215/  215]
2023-01-10 21:34:45,370-INFO: Test Error: 
 Accuracy: 33.5%, Avg loss: 1.096569
2023-01-10 21:34:45,372-INFO: Start training the 8st epoch
2023-01-10 21:34:55,754-INFO: loss: 1.098556  [   32/  215]
2023-01-10 21:35:05,570-INFO: loss: 1.115040  [   64/  215]
2023-01-10 21:35:15,303-INFO: loss: 1.106766  [   96/  215]
2023-01-10 21:35:24,701-INFO: loss: 1.096886  [  128/  215]
2023-01-10 21:35:34,711-INFO: loss: 1.090122  [  160/  215]
2023-01-10 21:35:44,297-INFO: loss: 1.102479  [  192/  215]
2023-01-10 21:35:51,523-INFO: loss: 1.096167  [  215/  215]
2023-01-10 21:36:56,676-INFO: Test Error: 
 Accuracy: 33.0%, Avg loss: 1.102268
2023-01-10 21:36:56,680-INFO: Start training the 9st epoch
2023-01-10 21:37:06,678-INFO: loss: 1.106595  [   32/  215]
2023-01-10 21:37:16,850-INFO: loss: 1.105907  [   64/  215]
2023-01-10 21:37:26,305-INFO: loss: 1.113426  [   96/  215]
2023-01-10 21:37:36,443-INFO: loss: 1.093301  [  128/  215]
2023-01-10 21:37:47,060-INFO: loss: 1.091954  [  160/  215]
2023-01-10 21:37:57,648-INFO: loss: 1.096449  [  192/  215]
2023-01-10 21:38:05,387-INFO: loss: 1.097558  [  215/  215]
2023-01-10 21:39:10,639-INFO: Test Error: 
 Accuracy: 33.0%, Avg loss: 1.099919
2023-01-10 21:39:11,383-INFO: vit_b_16_9 has been saved 

2023-01-10 21:39:11,384-INFO: Start training the 10st epoch
2023-01-10 21:39:21,396-INFO: loss: 1.094222  [   32/  215]
2023-01-10 21:39:32,282-INFO: loss: 1.093750  [   64/  215]
2023-01-10 21:39:41,686-INFO: loss: 1.111494  [   96/  215]
2023-01-10 21:39:51,697-INFO: loss: 1.096901  [  128/  215]
2023-01-10 21:40:01,499-INFO: loss: 1.112809  [  160/  215]
2023-01-10 21:40:11,497-INFO: loss: 1.091335  [  192/  215]
2023-01-10 21:40:19,310-INFO: loss: 1.101142  [  215/  215]
2023-01-10 21:41:22,839-INFO: Test Error: 
 Accuracy: 54.4%, Avg loss: 1.097647
2023-01-10 21:41:22,840-INFO: Start training the 11st epoch
2023-01-10 21:41:32,438-INFO: loss: 1.096153  [   32/  215]
2023-01-10 21:41:42,013-INFO: loss: 1.092465  [   64/  215]
2023-01-10 21:41:51,373-INFO: loss: 1.098931  [   96/  215]
2023-01-10 21:42:01,176-INFO: loss: 1.108693  [  128/  215]
2023-01-10 21:42:10,991-INFO: loss: 1.100175  [  160/  215]
2023-01-10 21:42:21,383-INFO: loss: 1.108490  [  192/  215]
2023-01-10 21:42:28,049-INFO: loss: 1.124443  [  215/  215]
2023-01-10 21:43:34,930-INFO: Test Error: 
 Accuracy: 33.5%, Avg loss: 1.098782
2023-01-10 21:43:34,931-INFO: Start training the 12st epoch
2023-01-10 21:43:44,792-INFO: loss: 1.110657  [   32/  215]
2023-01-10 21:43:54,791-INFO: loss: 1.096475  [   64/  215]
2023-01-10 21:44:04,596-INFO: loss: 1.092367  [   96/  215]
2023-01-10 21:44:14,382-INFO: loss: 1.096398  [  128/  215]
2023-01-10 21:44:24,825-INFO: loss: 1.099035  [  160/  215]
2023-01-10 21:44:34,705-INFO: loss: 1.091874  [  192/  215]
2023-01-10 21:44:41,808-INFO: loss: 1.098783  [  215/  215]
2023-01-10 21:45:44,831-INFO: Test Error: 
 Accuracy: 33.5%, Avg loss: 1.095665
2023-01-10 21:45:44,832-INFO: Start training the 13st epoch
2023-01-10 21:45:54,278-INFO: loss: 1.099981  [   32/  215]
2023-01-10 21:46:03,962-INFO: loss: 1.106194  [   64/  215]
2023-01-10 21:46:13,232-INFO: loss: 1.092189  [   96/  215]
2023-01-10 21:46:23,083-INFO: loss: 1.086982  [  128/  215]
2023-01-10 21:46:33,273-INFO: loss: 1.104805  [  160/  215]
2023-01-10 21:46:42,884-INFO: loss: 1.091784  [  192/  215]
2023-01-10 21:46:49,946-INFO: loss: 1.117141  [  215/  215]
2023-01-10 21:47:54,512-INFO: Test Error: 
 Accuracy: 33.0%, Avg loss: 1.096272
2023-01-10 21:47:54,513-INFO: Start training the 14st epoch
2023-01-10 21:48:04,702-INFO: loss: 1.088296  [   32/  215]
2023-01-10 21:48:14,141-INFO: loss: 1.101522  [   64/  215]
2023-01-10 21:48:23,720-INFO: loss: 1.093340  [   96/  215]
2023-01-10 21:48:33,521-INFO: loss: 1.097444  [  128/  215]
2023-01-10 21:48:44,068-INFO: loss: 1.094363  [  160/  215]
2023-01-10 21:48:54,291-INFO: loss: 1.095536  [  192/  215]
2023-01-10 21:49:01,777-INFO: loss: 1.093274  [  215/  215]
2023-01-10 21:50:05,441-INFO: Test Error: 
 Accuracy: 48.4%, Avg loss: 1.093949
2023-01-10 21:50:06,231-INFO: vit_b_16_14 has been saved 

2023-01-10 21:50:06,231-INFO: Start training the 15st epoch
2023-01-10 21:50:16,050-INFO: loss: 1.096907  [   32/  215]
2023-01-10 21:50:25,447-INFO: loss: 1.102243  [   64/  215]
2023-01-10 21:50:35,408-INFO: loss: 1.084432  [   96/  215]
2023-01-10 21:50:45,204-INFO: loss: 1.096088  [  128/  215]
2023-01-10 21:50:55,410-INFO: loss: 1.092878  [  160/  215]
2023-01-10 21:51:05,142-INFO: loss: 1.091882  [  192/  215]
2023-01-10 21:51:12,729-INFO: loss: 1.106369  [  215/  215]
2023-01-10 21:52:15,051-INFO: Test Error: 
 Accuracy: 33.5%, Avg loss: 1.093734
2023-01-10 21:52:15,051-INFO: Start training the 16st epoch
2023-01-10 21:52:25,234-INFO: loss: 1.087228  [   32/  215]
2023-01-10 21:52:35,676-INFO: loss: 1.105621  [   64/  215]
2023-01-10 21:52:46,398-INFO: loss: 1.092860  [   96/  215]
2023-01-10 21:52:56,951-INFO: loss: 1.097199  [  128/  215]
2023-01-10 21:53:06,639-INFO: loss: 1.088101  [  160/  215]
2023-01-10 21:53:16,637-INFO: loss: 1.088731  [  192/  215]
2023-01-10 21:53:23,851-INFO: loss: 1.088138  [  215/  215]
2023-01-10 21:54:26,977-INFO: Test Error: 
 Accuracy: 33.5%, Avg loss: 1.087976
2023-01-10 21:54:26,977-INFO: Start training the 17st epoch
2023-01-10 21:54:36,437-INFO: loss: 1.079384  [   32/  215]
2023-01-10 21:54:46,355-INFO: loss: 1.091466  [   64/  215]
2023-01-10 21:54:57,780-INFO: loss: 1.089238  [   96/  215]
2023-01-10 21:55:08,343-INFO: loss: 1.099872  [  128/  215]
2023-01-10 21:55:19,151-INFO: loss: 1.102752  [  160/  215]
2023-01-10 21:55:29,910-INFO: loss: 1.101987  [  192/  215]
2023-01-10 21:55:36,791-INFO: loss: 1.084060  [  215/  215]
2023-01-10 21:56:43,756-INFO: Test Error: 
 Accuracy: 55.3%, Avg loss: 1.082147
2023-01-10 21:56:43,759-INFO: Start training the 18st epoch
2023-01-10 21:56:53,365-INFO: loss: 1.079983  [   32/  215]
2023-01-10 21:57:04,575-INFO: loss: 1.075153  [   64/  215]
2023-01-10 21:57:14,656-INFO: loss: 1.103325  [   96/  215]
2023-01-10 21:57:25,336-INFO: loss: 1.099764  [  128/  215]
2023-01-10 21:57:36,351-INFO: loss: 1.068569  [  160/  215]
2023-01-10 21:57:46,971-INFO: loss: 1.059422  [  192/  215]
2023-01-10 21:57:54,364-INFO: loss: 1.083713  [  215/  215]
2023-01-10 21:59:00,308-INFO: Test Error: 
 Accuracy: 55.3%, Avg loss: 1.064450
2023-01-10 21:59:00,309-INFO: Start training the 19st epoch
2023-01-10 21:59:10,446-INFO: loss: 1.067015  [   32/  215]
2023-01-10 21:59:21,545-INFO: loss: 1.052839  [   64/  215]
2023-01-10 21:59:31,476-INFO: loss: 1.058410  [   96/  215]
2023-01-10 21:59:41,691-INFO: loss: 1.053028  [  128/  215]
2023-01-10 21:59:52,170-INFO: loss: 1.018149  [  160/  215]
2023-01-10 22:00:02,975-INFO: loss: 1.024222  [  192/  215]
2023-01-10 22:00:10,965-INFO: loss: 1.007856  [  215/  215]
2023-01-10 22:01:16,687-INFO: Test Error: 
 Accuracy: 65.1%, Avg loss: 0.960283
2023-01-10 22:01:17,469-INFO: vit_b_16_19 has been saved 

2023-01-10 22:01:17,469-INFO: Start training the 20st epoch
2023-01-10 22:01:27,895-INFO: loss: 0.943975  [   32/  215]
2023-01-10 22:01:38,397-INFO: loss: 0.985398  [   64/  215]
2023-01-10 22:01:48,643-INFO: loss: 0.847447  [   96/  215]
2023-01-10 22:01:59,028-INFO: loss: 0.774840  [  128/  215]
2023-01-10 22:02:09,430-INFO: loss: 1.520232  [  160/  215]
2023-01-10 22:02:20,244-INFO: loss: 1.815581  [  192/  215]
2023-01-10 22:02:28,034-INFO: loss: 1.386568  [  215/  215]
2023-01-10 22:03:35,614-INFO: Test Error: 
 Accuracy: 33.5%, Avg loss: 1.259774
2023-01-10 22:03:35,615-INFO: Start training the 21st epoch
2023-01-10 22:03:45,816-INFO: loss: 1.018843  [   32/  215]
2023-01-10 22:03:56,547-INFO: loss: 1.242855  [   64/  215]
2023-01-10 22:04:06,433-INFO: loss: 1.070047  [   96/  215]
2023-01-10 22:04:16,141-INFO: loss: 1.144174  [  128/  215]
2023-01-10 22:04:26,395-INFO: loss: 1.065964  [  160/  215]
2023-01-10 22:04:37,100-INFO: loss: 1.060510  [  192/  215]
2023-01-10 22:04:44,756-INFO: loss: 1.123384  [  215/  215]
2023-01-10 22:05:51,211-INFO: Test Error: 
 Accuracy: 33.5%, Avg loss: 1.097594
2023-01-10 22:05:51,214-INFO: Start training the 22st epoch
2023-01-10 22:06:01,647-INFO: loss: 1.126403  [   32/  215]
2023-01-10 22:06:12,410-INFO: loss: 1.114374  [   64/  215]
2023-01-10 22:06:23,610-INFO: loss: 1.164377  [   96/  215]
2023-01-10 22:06:34,797-INFO: loss: 1.110422  [  128/  215]
2023-01-10 22:06:44,785-INFO: loss: 1.084129  [  160/  215]
2023-01-10 22:06:56,037-INFO: loss: 1.087917  [  192/  215]
2023-01-10 22:07:03,592-INFO: loss: 1.190398  [  215/  215]
2023-01-10 22:08:09,937-INFO: Test Error: 
 Accuracy: 33.0%, Avg loss: 1.101109
2023-01-10 22:08:09,937-INFO: Start training the 23st epoch
2023-01-10 22:08:19,905-INFO: loss: 1.111648  [   32/  215]
2023-01-10 22:08:30,472-INFO: loss: 1.114533  [   64/  215]
2023-01-10 22:08:40,728-INFO: loss: 1.173782  [   96/  215]
2023-01-10 22:08:50,853-INFO: loss: 1.150577  [  128/  215]
2023-01-10 22:09:01,101-INFO: loss: 1.257270  [  160/  215]
2023-01-10 22:09:11,318-INFO: loss: 1.085647  [  192/  215]
2023-01-10 22:09:18,747-INFO: loss: 1.099881  [  215/  215]
2023-01-10 22:10:25,748-INFO: Test Error: 
 Accuracy: 33.0%, Avg loss: 1.129514
2023-01-10 22:10:25,749-INFO: Start training the 24st epoch
2023-01-10 22:10:36,122-INFO: loss: 1.089566  [   32/  215]
2023-01-10 22:10:46,110-INFO: loss: 1.254475  [   64/  215]
2023-01-10 22:10:56,775-INFO: loss: 1.117504  [   96/  215]
2023-01-10 22:11:07,154-INFO: loss: 1.103991  [  128/  215]
2023-01-10 22:11:18,212-INFO: loss: 1.109408  [  160/  215]
2023-01-10 22:11:28,247-INFO: loss: 1.134888  [  192/  215]
2023-01-10 22:11:36,148-INFO: loss: 1.178481  [  215/  215]
2023-01-10 22:12:41,401-INFO: Test Error: 
 Accuracy: 33.5%, Avg loss: 1.097434
2023-01-10 22:12:42,217-INFO: vit_b_16_24 has been saved 

2023-01-10 22:12:42,220-INFO: Start training the 25st epoch
2023-01-10 22:12:52,809-INFO: loss: 1.116411  [   32/  215]
2023-01-10 22:13:02,971-INFO: loss: 1.089923  [   64/  215]
2023-01-10 22:13:12,963-INFO: loss: 1.098973  [   96/  215]
2023-01-10 22:13:23,030-INFO: loss: 1.083793  [  128/  215]
2023-01-10 22:13:33,237-INFO: loss: 1.109944  [  160/  215]
2023-01-10 22:13:43,589-INFO: loss: 1.124833  [  192/  215]
2023-01-10 22:13:50,886-INFO: loss: 1.156349  [  215/  215]
2023-01-10 22:14:57,652-INFO: Test Error: 
 Accuracy: 33.5%, Avg loss: 1.107462
2023-01-10 22:14:57,653-INFO: Start training the 26st epoch
2023-01-10 22:15:07,868-INFO: loss: 1.109072  [   32/  215]
2023-01-10 22:15:18,909-INFO: loss: 1.072301  [   64/  215]
2023-01-10 22:15:29,093-INFO: loss: 1.098160  [   96/  215]
2023-01-10 22:15:38,821-INFO: loss: 1.165808  [  128/  215]
2023-01-10 22:15:48,977-INFO: loss: 1.097566  [  160/  215]
2023-01-10 22:15:58,983-INFO: loss: 1.109395  [  192/  215]
2023-01-10 22:16:06,060-INFO: loss: 1.147841  [  215/  215]
2023-01-10 22:17:14,977-INFO: Test Error: 
 Accuracy: 33.0%, Avg loss: 1.115075
2023-01-10 22:17:14,977-INFO: Start training the 27st epoch
2023-01-10 22:17:25,532-INFO: loss: 1.110788  [   32/  215]
2023-01-10 22:17:35,714-INFO: loss: 1.141452  [   64/  215]
2023-01-10 22:17:46,172-INFO: loss: 1.102431  [   96/  215]
2023-01-10 22:17:56,133-INFO: loss: 1.092253  [  128/  215]
2023-01-10 22:18:06,700-INFO: loss: 1.095700  [  160/  215]
2023-01-10 22:18:16,756-INFO: loss: 1.106622  [  192/  215]
2023-01-10 22:18:24,638-INFO: loss: 1.119881  [  215/  215]
2023-01-10 22:19:31,098-INFO: Test Error: 
 Accuracy: 33.5%, Avg loss: 1.094940
2023-01-10 22:19:31,099-INFO: Start training the 28st epoch
2023-01-10 22:19:40,566-INFO: loss: 1.079622  [   32/  215]
2023-01-10 22:19:50,770-INFO: loss: 1.108956  [   64/  215]
2023-01-10 22:20:00,901-INFO: loss: 1.095916  [   96/  215]
2023-01-10 22:20:11,103-INFO: loss: 1.100708  [  128/  215]
2023-01-10 22:20:21,393-INFO: loss: 1.128680  [  160/  215]
