2023-01-12 00:52:51,682-INFO: Start training the 0st epoch
2023-01-12 00:53:03,199-INFO: loss: 1.041368  [   32/  215]
2023-01-12 00:53:11,509-INFO: loss: 2.232732  [   64/  215]
2023-01-12 00:53:19,716-INFO: loss: 4.857444  [   96/  215]
2023-01-12 00:53:27,515-INFO: loss: 1.213787  [  128/  215]
2023-01-12 00:53:35,503-INFO: loss: 1.608801  [  160/  215]
2023-01-12 00:53:43,485-INFO: loss: 2.004383  [  192/  215]
2023-01-12 00:53:49,186-INFO: loss: 2.386429  [  215/  215]
2023-01-12 00:54:41,700-INFO: Test Error: 
 Accuracy: 33.0%, Avg loss: 1.109991
2023-01-12 00:54:41,701-INFO: Start training the 1st epoch
2023-01-12 00:54:49,638-INFO: loss: 1.197571  [   32/  215]
2023-01-12 00:54:57,691-INFO: loss: 1.378021  [   64/  215]
2023-01-12 00:55:05,663-INFO: loss: 1.378964  [   96/  215]
2023-01-12 00:55:13,050-INFO: loss: 1.313947  [  128/  215]
2023-01-12 00:55:20,846-INFO: loss: 1.136178  [  160/  215]
2023-01-12 00:55:28,442-INFO: loss: 1.294285  [  192/  215]
2023-01-12 00:55:33,979-INFO: loss: 1.208001  [  215/  215]
2023-01-12 00:56:25,067-INFO: Test Error: 
 Accuracy: 33.5%, Avg loss: 1.095640
2023-01-12 00:56:25,067-INFO: Start training the 2st epoch
2023-01-12 00:56:32,817-INFO: loss: 1.124962  [   32/  215]
2023-01-12 00:56:40,861-INFO: loss: 1.241372  [   64/  215]
2023-01-12 00:56:48,383-INFO: loss: 1.241764  [   96/  215]
2023-01-12 00:56:56,066-INFO: loss: 1.094349  [  128/  215]
2023-01-12 00:57:04,011-INFO: loss: 1.071034  [  160/  215]
2023-01-12 00:57:11,808-INFO: loss: 1.107409  [  192/  215]
2023-01-12 00:57:17,076-INFO: loss: 0.907203  [  215/  215]
2023-01-12 00:58:06,715-INFO: Test Error: 
 Accuracy: 11.2%, Avg loss: 1.985321
2023-01-12 00:58:06,716-INFO: Start training the 3st epoch
2023-01-12 00:58:16,267-INFO: loss: 2.322175  [   32/  215]
2023-01-12 00:58:31,492-INFO: loss: 1.130147  [   64/  215]
2023-01-12 00:58:51,123-INFO: loss: 1.240775  [   96/  215]
2023-01-12 00:59:10,785-INFO: loss: 1.382171  [  128/  215]
2023-01-12 00:59:20,779-INFO: loss: 1.328948  [  160/  215]
2023-01-12 00:59:30,947-INFO: loss: 1.176111  [  192/  215]
2023-01-12 00:59:37,636-INFO: loss: 1.136767  [  215/  215]
2023-01-12 01:00:34,996-INFO: Test Error: 
 Accuracy: 33.5%, Avg loss: 1.158382
2023-01-12 01:00:34,997-INFO: Start training the 4st epoch
2023-01-12 01:00:42,784-INFO: loss: 1.130429  [   32/  215]
2023-01-12 01:00:50,745-INFO: loss: 1.200495  [   64/  215]
2023-01-12 01:00:59,176-INFO: loss: 1.312596  [   96/  215]
2023-01-12 01:01:07,166-INFO: loss: 1.247102  [  128/  215]
2023-01-12 01:01:15,949-INFO: loss: 1.101487  [  160/  215]
2023-01-12 01:01:24,744-INFO: loss: 1.172015  [  192/  215]
2023-01-12 01:01:30,691-INFO: loss: 1.169475  [  215/  215]
2023-01-12 01:02:20,421-INFO: Test Error: 
 Accuracy: 33.0%, Avg loss: 1.122483
2023-01-12 01:02:20,842-INFO: swin_s_4 has been saved 

2023-01-12 01:02:20,843-INFO: Start training the 5st epoch
2023-01-12 01:02:28,939-INFO: loss: 1.048859  [   32/  215]
2023-01-12 01:02:36,336-INFO: loss: 1.230074  [   64/  215]
2023-01-12 01:02:43,731-INFO: loss: 1.094201  [   96/  215]
2023-01-12 01:02:51,089-INFO: loss: 1.111014  [  128/  215]
2023-01-12 01:02:58,744-INFO: loss: 1.139403  [  160/  215]
2023-01-12 01:03:06,071-INFO: loss: 1.056710  [  192/  215]
2023-01-12 01:03:11,341-INFO: loss: 1.186866  [  215/  215]
2023-01-12 01:04:00,523-INFO: Test Error: 
 Accuracy: 33.5%, Avg loss: 1.123006
2023-01-12 01:04:00,524-INFO: Start training the 6st epoch
2023-01-12 01:04:07,964-INFO: loss: 1.083130  [   32/  215]
2023-01-12 01:04:15,307-INFO: loss: 1.114172  [   64/  215]
2023-01-12 01:04:23,290-INFO: loss: 1.171177  [   96/  215]
2023-01-12 01:04:31,732-INFO: loss: 1.209506  [  128/  215]
2023-01-12 01:04:39,453-INFO: loss: 1.112780  [  160/  215]
2023-01-12 01:04:47,303-INFO: loss: 1.114594  [  192/  215]
2023-01-12 01:04:53,324-INFO: loss: 1.020746  [  215/  215]
2023-01-12 01:05:53,886-INFO: Test Error: 
 Accuracy: 33.0%, Avg loss: 1.164125
2023-01-12 01:05:53,886-INFO: Start training the 7st epoch
2023-01-12 01:06:01,471-INFO: loss: 1.119414  [   32/  215]
2023-01-12 01:06:09,293-INFO: loss: 1.004283  [   64/  215]
2023-01-12 01:06:16,511-INFO: loss: 1.195166  [   96/  215]
2023-01-12 01:06:23,674-INFO: loss: 1.183026  [  128/  215]
2023-01-12 01:06:31,486-INFO: loss: 1.159602  [  160/  215]
2023-01-12 01:06:38,885-INFO: loss: 1.164734  [  192/  215]
2023-01-12 01:06:44,082-INFO: loss: 1.067167  [  215/  215]
2023-01-12 01:07:32,654-INFO: Test Error: 
 Accuracy: 33.5%, Avg loss: 1.134001
2023-01-12 01:07:32,655-INFO: Start training the 8st epoch
2023-01-12 01:07:40,115-INFO: loss: 1.225434  [   32/  215]
2023-01-12 01:07:47,443-INFO: loss: 1.194494  [   64/  215]
2023-01-12 01:07:54,838-INFO: loss: 1.128641  [   96/  215]
2023-01-12 01:08:01,587-INFO: loss: 1.060804  [  128/  215]
2023-01-12 01:08:09,247-INFO: loss: 1.146535  [  160/  215]
2023-01-12 01:08:16,244-INFO: loss: 1.082517  [  192/  215]
2023-01-12 01:08:21,254-INFO: loss: 1.125169  [  215/  215]
2023-01-12 01:09:14,266-INFO: Test Error: 
 Accuracy: 33.5%, Avg loss: 1.099198
2023-01-12 01:09:14,266-INFO: Start training the 9st epoch
2023-01-12 01:09:22,394-INFO: loss: 1.088314  [   32/  215]
2023-01-12 01:09:30,384-INFO: loss: 1.084337  [   64/  215]
2023-01-12 01:09:38,207-INFO: loss: 1.065246  [   96/  215]
2023-01-12 01:09:45,808-INFO: loss: 1.114433  [  128/  215]
2023-01-12 01:09:53,973-INFO: loss: 1.110335  [  160/  215]
2023-01-12 01:10:01,606-INFO: loss: 1.156588  [  192/  215]
2023-01-12 01:10:07,274-INFO: loss: 1.033838  [  215/  215]
2023-01-12 01:10:59,227-INFO: Test Error: 
 Accuracy: 33.5%, Avg loss: 1.100963
2023-01-12 01:10:59,648-INFO: swin_s_9 has been saved 

2023-01-12 01:10:59,648-INFO: Start training the 10st epoch
2023-01-12 01:11:07,979-INFO: loss: 1.128127  [   32/  215]
2023-01-12 01:11:16,426-INFO: loss: 1.055526  [   64/  215]
2023-01-12 01:11:24,339-INFO: loss: 1.125703  [   96/  215]
2023-01-12 01:11:31,786-INFO: loss: 1.118747  [  128/  215]
2023-01-12 01:11:40,580-INFO: loss: 1.109513  [  160/  215]
2023-01-12 01:11:48,934-INFO: loss: 1.086961  [  192/  215]
2023-01-12 01:11:54,812-INFO: loss: 1.104578  [  215/  215]
2023-01-12 01:12:46,986-INFO: Test Error: 
 Accuracy: 33.5%, Avg loss: 1.077553
2023-01-12 01:12:46,986-INFO: Start training the 11st epoch
2023-01-12 01:12:54,949-INFO: loss: 1.098214  [   32/  215]
2023-01-12 01:13:02,923-INFO: loss: 1.067451  [   64/  215]
2023-01-12 01:13:10,121-INFO: loss: 1.065513  [   96/  215]
2023-01-12 01:13:17,913-INFO: loss: 1.073426  [  128/  215]
2023-01-12 01:13:25,951-INFO: loss: 1.025690  [  160/  215]
2023-01-12 01:13:34,340-INFO: loss: 1.057075  [  192/  215]
2023-01-12 01:13:40,010-INFO: loss: 1.034974  [  215/  215]
2023-01-12 01:14:30,131-INFO: Test Error: 
 Accuracy: 58.1%, Avg loss: 1.022339
2023-01-12 01:14:30,131-INFO: Start training the 12st epoch
2023-01-12 01:14:38,127-INFO: loss: 1.043461  [   32/  215]
2023-01-12 01:14:45,695-INFO: loss: 0.969026  [   64/  215]
2023-01-12 01:14:53,522-INFO: loss: 0.968535  [   96/  215]
2023-01-12 01:15:01,300-INFO: loss: 0.917112  [  128/  215]
2023-01-12 01:15:10,933-INFO: loss: 0.950966  [  160/  215]
2023-01-12 01:15:21,515-INFO: loss: 0.848397  [  192/  215]
2023-01-12 01:15:29,986-INFO: loss: 0.785165  [  215/  215]
2023-01-12 01:16:41,224-INFO: Test Error: 
 Accuracy: 65.1%, Avg loss: 0.723194
2023-01-12 01:16:41,225-INFO: Start training the 13st epoch
2023-01-12 01:16:51,466-INFO: loss: 0.794348  [   32/  215]
2023-01-12 01:17:01,727-INFO: loss: 0.644484  [   64/  215]
2023-01-12 01:17:12,222-INFO: loss: 2.984783  [   96/  215]
2023-01-12 01:17:22,850-INFO: loss: 2.137867  [  128/  215]
2023-01-12 01:17:34,458-INFO: loss: 1.318382  [  160/  215]
2023-01-12 01:17:45,707-INFO: loss: 1.013161  [  192/  215]
2023-01-12 01:17:53,354-INFO: loss: 1.203256  [  215/  215]
2023-01-12 01:19:02,506-INFO: Test Error: 
 Accuracy: 33.5%, Avg loss: 1.118968
2023-01-12 01:19:02,510-INFO: Start training the 14st epoch
2023-01-12 01:19:13,092-INFO: loss: 1.314283  [   32/  215]
2023-01-12 01:19:23,757-INFO: loss: 1.092024  [   64/  215]
2023-01-12 01:19:34,732-INFO: loss: 1.065124  [   96/  215]
2023-01-12 01:19:44,867-INFO: loss: 1.051586  [  128/  215]
2023-01-12 01:19:55,485-INFO: loss: 1.141955  [  160/  215]
2023-01-12 01:20:06,991-INFO: loss: 1.105234  [  192/  215]
2023-01-12 01:20:14,293-INFO: loss: 1.172628  [  215/  215]
2023-01-12 01:21:24,552-INFO: Test Error: 
 Accuracy: 34.0%, Avg loss: 1.107866
2023-01-12 01:21:25,128-INFO: swin_s_14 has been saved 

2023-01-12 01:21:25,129-INFO: Start training the 15st epoch
2023-01-12 01:21:35,872-INFO: loss: 1.097425  [   32/  215]
2023-01-12 01:21:46,293-INFO: loss: 1.056635  [   64/  215]
2023-01-12 01:21:57,073-INFO: loss: 1.046737  [   96/  215]
2023-01-12 01:22:07,299-INFO: loss: 1.083862  [  128/  215]
2023-01-12 01:22:17,874-INFO: loss: 1.057124  [  160/  215]
2023-01-12 01:22:28,784-INFO: loss: 1.050895  [  192/  215]
2023-01-12 01:22:36,406-INFO: loss: 1.006397  [  215/  215]
2023-01-12 01:23:46,161-INFO: Test Error: 
 Accuracy: 51.2%, Avg loss: 0.991106
2023-01-12 01:23:46,162-INFO: Start training the 16st epoch
2023-01-12 01:23:57,142-INFO: loss: 0.970968  [   32/  215]
2023-01-12 01:24:08,706-INFO: loss: 0.979036  [   64/  215]
2023-01-12 01:24:19,373-INFO: loss: 1.011048  [   96/  215]
2023-01-12 01:24:30,515-INFO: loss: 0.938748  [  128/  215]
2023-01-12 01:24:42,286-INFO: loss: 0.772218  [  160/  215]
2023-01-12 01:24:53,832-INFO: loss: 0.913109  [  192/  215]
2023-01-12 01:25:02,116-INFO: loss: 0.906332  [  215/  215]
2023-01-12 01:26:16,645-INFO: Test Error: 
 Accuracy: 63.3%, Avg loss: 0.689317
2023-01-12 01:26:16,646-INFO: Start training the 17st epoch
2023-01-12 01:26:28,462-INFO: loss: 0.679288  [   32/  215]
2023-01-12 01:26:39,722-INFO: loss: 0.721789  [   64/  215]
2023-01-12 01:26:50,588-INFO: loss: 0.826602  [   96/  215]
2023-01-12 01:27:01,628-INFO: loss: 0.918367  [  128/  215]
2023-01-12 01:27:13,421-INFO: loss: 0.714695  [  160/  215]
2023-01-12 01:27:25,033-INFO: loss: 0.652403  [  192/  215]
2023-01-12 01:27:32,553-INFO: loss: 0.569715  [  215/  215]
2023-01-12 01:28:47,571-INFO: Test Error: 
 Accuracy: 60.9%, Avg loss: 0.719571
2023-01-12 01:28:47,572-INFO: Start training the 18st epoch
2023-01-12 01:28:58,774-INFO: loss: 0.621272  [   32/  215]
2023-01-12 01:29:09,694-INFO: loss: 0.724194  [   64/  215]
2023-01-12 01:29:21,998-INFO: loss: 1.047138  [   96/  215]
2023-01-12 01:29:32,423-INFO: loss: 0.695514  [  128/  215]
2023-01-12 01:29:44,021-INFO: loss: 0.680954  [  160/  215]
2023-01-12 01:29:54,661-INFO: loss: 0.671127  [  192/  215]
2023-01-12 01:30:03,192-INFO: loss: 0.572285  [  215/  215]
2023-01-12 01:31:20,988-INFO: Test Error: 
 Accuracy: 62.8%, Avg loss: 0.651735
2023-01-12 01:31:20,988-INFO: Start training the 19st epoch
2023-01-12 01:31:32,359-INFO: loss: 0.659958  [   32/  215]
2023-01-12 01:31:44,108-INFO: loss: 0.787405  [   64/  215]
2023-01-12 01:31:55,221-INFO: loss: 0.590504  [   96/  215]
2023-01-12 01:32:06,346-INFO: loss: 0.664698  [  128/  215]
2023-01-12 01:32:17,966-INFO: loss: 0.603574  [  160/  215]
2023-01-12 01:32:29,620-INFO: loss: 0.554454  [  192/  215]
2023-01-12 01:32:38,300-INFO: loss: 0.624846  [  215/  215]
2023-01-12 01:33:51,661-INFO: Test Error: 
 Accuracy: 64.2%, Avg loss: 0.606742
2023-01-12 01:33:52,292-INFO: swin_s_19 has been saved 

2023-01-12 01:33:52,292-INFO: Start training the 20st epoch
2023-01-12 01:34:02,970-INFO: loss: 0.510634  [   32/  215]
2023-01-12 01:34:14,230-INFO: loss: 0.650589  [   64/  215]
2023-01-12 01:34:25,231-INFO: loss: 0.664655  [   96/  215]
2023-01-12 01:34:36,333-INFO: loss: 0.542282  [  128/  215]
2023-01-12 01:34:48,181-INFO: loss: 0.753345  [  160/  215]
2023-01-12 01:34:59,719-INFO: loss: 0.604094  [  192/  215]
2023-01-12 01:35:07,926-INFO: loss: 0.510932  [  215/  215]
2023-01-12 01:36:20,624-INFO: Test Error: 
 Accuracy: 64.2%, Avg loss: 0.562486
2023-01-12 01:36:20,626-INFO: Start training the 21st epoch
2023-01-12 01:36:31,757-INFO: loss: 0.621714  [   32/  215]
2023-01-12 01:36:43,935-INFO: loss: 0.608029  [   64/  215]
2023-01-12 01:36:54,878-INFO: loss: 0.456126  [   96/  215]
2023-01-12 01:37:06,462-INFO: loss: 0.493288  [  128/  215]
2023-01-12 01:37:17,443-INFO: loss: 0.563618  [  160/  215]
2023-01-12 01:37:28,635-INFO: loss: 0.416620  [  192/  215]
2023-01-12 01:37:35,942-INFO: loss: 0.902904  [  215/  215]
2023-01-12 01:38:45,736-INFO: Test Error: 
 Accuracy: 64.7%, Avg loss: 0.546147
2023-01-12 01:38:45,736-INFO: Start training the 22st epoch
2023-01-12 01:38:55,721-INFO: loss: 0.650519  [   32/  215]
2023-01-12 01:39:06,452-INFO: loss: 0.550712  [   64/  215]
2023-01-12 01:39:16,996-INFO: loss: 0.772839  [   96/  215]
2023-01-12 01:39:27,172-INFO: loss: 0.748298  [  128/  215]
2023-01-12 01:39:38,182-INFO: loss: 0.375930  [  160/  215]
2023-01-12 01:39:48,980-INFO: loss: 0.436206  [  192/  215]
2023-01-12 01:39:56,829-INFO: loss: 0.424685  [  215/  215]
2023-01-12 01:41:06,533-INFO: Test Error: 
 Accuracy: 65.1%, Avg loss: 0.567387
2023-01-12 01:41:06,534-INFO: Start training the 23st epoch
2023-01-12 01:41:17,676-INFO: loss: 0.579554  [   32/  215]
2023-01-12 01:41:28,444-INFO: loss: 0.593146  [   64/  215]
2023-01-12 01:41:39,799-INFO: loss: 0.793135  [   96/  215]
2023-01-12 01:41:50,825-INFO: loss: 0.455105  [  128/  215]
2023-01-12 01:42:02,585-INFO: loss: 0.570517  [  160/  215]
2023-01-12 01:42:14,143-INFO: loss: 0.494689  [  192/  215]
2023-01-12 01:42:21,834-INFO: loss: 0.557959  [  215/  215]
2023-01-12 01:43:33,873-INFO: Test Error: 
 Accuracy: 65.1%, Avg loss: 0.551583
2023-01-12 01:43:33,876-INFO: Start training the 24st epoch
2023-01-12 01:43:44,379-INFO: loss: 0.598765  [   32/  215]
2023-01-12 01:43:54,980-INFO: loss: 0.530119  [   64/  215]
2023-01-12 01:44:05,451-INFO: loss: 0.530571  [   96/  215]
2023-01-12 01:44:16,004-INFO: loss: 0.644824  [  128/  215]
2023-01-12 01:44:27,724-INFO: loss: 0.563513  [  160/  215]
2023-01-12 01:44:38,838-INFO: loss: 0.554790  [  192/  215]
2023-01-12 01:44:46,340-INFO: loss: 0.557603  [  215/  215]
2023-01-12 01:45:56,634-INFO: Test Error: 
 Accuracy: 65.6%, Avg loss: 0.575360
2023-01-12 01:45:57,447-INFO: swin_s_24 has been saved 

2023-01-12 01:45:57,447-INFO: Start training the 25st epoch
2023-01-12 01:46:08,877-INFO: loss: 0.462183  [   32/  215]
2023-01-12 01:46:19,764-INFO: loss: 0.558674  [   64/  215]
2023-01-12 01:46:30,716-INFO: loss: 0.501251  [   96/  215]
2023-01-12 01:46:41,546-INFO: loss: 0.683370  [  128/  215]
2023-01-12 01:46:51,947-INFO: loss: 0.477606  [  160/  215]
2023-01-12 01:47:02,721-INFO: loss: 0.476824  [  192/  215]
2023-01-12 01:47:10,294-INFO: loss: 0.676110  [  215/  215]
2023-01-12 01:48:20,020-INFO: Test Error: 
 Accuracy: 60.0%, Avg loss: 0.707468
2023-01-12 01:48:20,021-INFO: Start training the 26st epoch
2023-01-12 01:48:30,711-INFO: loss: 0.661158  [   32/  215]
2023-01-12 01:48:41,350-INFO: loss: 1.078643  [   64/  215]
2023-01-12 01:48:51,519-INFO: loss: 0.691379  [   96/  215]
2023-01-12 01:49:02,878-INFO: loss: 0.663347  [  128/  215]
2023-01-12 01:49:13,650-INFO: loss: 0.717413  [  160/  215]
2023-01-12 01:49:24,715-INFO: loss: 0.680944  [  192/  215]
2023-01-12 01:49:32,579-INFO: loss: 0.651070  [  215/  215]
2023-01-12 01:50:41,954-INFO: Test Error: 
 Accuracy: 65.1%, Avg loss: 0.605115
2023-01-12 01:50:41,955-INFO: Start training the 27st epoch
2023-01-12 01:50:52,746-INFO: loss: 0.553877  [   32/  215]
2023-01-12 01:51:03,090-INFO: loss: 0.663646  [   64/  215]
2023-01-12 01:51:14,036-INFO: loss: 0.734753  [   96/  215]
2023-01-12 01:51:24,633-INFO: loss: 0.552418  [  128/  215]
2023-01-12 01:51:35,245-INFO: loss: 0.495590  [  160/  215]
2023-01-12 01:51:46,194-INFO: loss: 0.482164  [  192/  215]
2023-01-12 01:51:54,230-INFO: loss: 0.665672  [  215/  215]
2023-01-12 01:53:02,322-INFO: Test Error: 
 Accuracy: 64.2%, Avg loss: 0.583599
2023-01-12 01:53:02,322-INFO: Start training the 28st epoch
2023-01-12 01:53:13,645-INFO: loss: 0.594880  [   32/  215]
2023-01-12 01:53:24,179-INFO: loss: 0.982706  [   64/  215]
2023-01-12 01:53:35,120-INFO: loss: 0.574062  [   96/  215]
2023-01-12 01:53:45,324-INFO: loss: 0.798114  [  128/  215]
2023-01-12 01:53:55,532-INFO: loss: 0.706907  [  160/  215]
2023-01-12 01:54:06,282-INFO: loss: 0.524506  [  192/  215]
2023-01-12 01:54:14,184-INFO: loss: 0.871131  [  215/  215]
2023-01-12 01:55:22,558-INFO: Test Error: 
 Accuracy: 64.2%, Avg loss: 0.612465
2023-01-12 01:55:22,559-INFO: Start training the 29st epoch
2023-01-12 01:55:33,592-INFO: loss: 0.538998  [   32/  215]
2023-01-12 01:55:43,789-INFO: loss: 0.714986  [   64/  215]
2023-01-12 01:55:54,838-INFO: loss: 0.489217  [   96/  215]
2023-01-12 01:56:04,602-INFO: loss: 0.552112  [  128/  215]
2023-01-12 01:56:15,034-INFO: loss: 0.761084  [  160/  215]
2023-01-12 01:56:25,862-INFO: loss: 0.503870  [  192/  215]
2023-01-12 01:56:34,791-INFO: loss: 0.612084  [  215/  215]
2023-01-12 01:57:43,519-INFO: Test Error: 
 Accuracy: 65.1%, Avg loss: 0.575425
2023-01-12 01:57:44,121-INFO: swin_s_29 has been saved 

2023-01-12 01:57:44,122-INFO: Start training the 30st epoch
2023-01-12 01:57:53,788-INFO: loss: 0.580605  [   32/  215]
2023-01-12 01:58:04,263-INFO: loss: 0.638776  [   64/  215]
2023-01-12 01:58:14,605-INFO: loss: 0.623012  [   96/  215]
2023-01-12 01:58:25,331-INFO: loss: 0.507436  [  128/  215]
2023-01-12 01:58:36,146-INFO: loss: 0.659852  [  160/  215]
2023-01-12 01:58:46,941-INFO: loss: 0.410942  [  192/  215]
2023-01-12 01:58:54,886-INFO: loss: 0.563151  [  215/  215]
2023-01-12 02:00:04,336-INFO: Test Error: 
 Accuracy: 67.9%, Avg loss: 0.569129
2023-01-12 02:00:04,337-INFO: Start training the 31st epoch
2023-01-12 02:00:15,312-INFO: loss: 0.719046  [   32/  215]
2023-01-12 02:00:26,068-INFO: loss: 0.629436  [   64/  215]
2023-01-12 02:00:35,986-INFO: loss: 0.810977  [   96/  215]
2023-01-12 02:00:45,634-INFO: loss: 0.460321  [  128/  215]
2023-01-12 02:00:56,893-INFO: loss: 0.482930  [  160/  215]
2023-01-12 02:01:08,207-INFO: loss: 0.545959  [  192/  215]
2023-01-12 02:01:17,638-INFO: loss: 0.616596  [  215/  215]
2023-01-12 02:02:26,501-INFO: Test Error: 
 Accuracy: 65.1%, Avg loss: 0.560246
2023-01-12 02:02:26,502-INFO: Start training the 32st epoch
2023-01-12 02:02:37,366-INFO: loss: 0.797851  [   32/  215]
2023-01-12 02:02:48,029-INFO: loss: 0.605703  [   64/  215]
2023-01-12 02:02:58,635-INFO: loss: 0.452138  [   96/  215]
2023-01-12 02:03:08,787-INFO: loss: 0.419335  [  128/  215]
2023-01-12 02:03:19,232-INFO: loss: 0.537492  [  160/  215]
2023-01-12 02:03:30,131-INFO: loss: 0.474481  [  192/  215]
2023-01-12 02:03:39,075-INFO: loss: 0.616546  [  215/  215]
2023-01-12 02:04:50,533-INFO: Test Error: 
 Accuracy: 66.0%, Avg loss: 0.585972
2023-01-12 02:04:50,533-INFO: Start training the 33st epoch
2023-01-12 02:05:00,797-INFO: loss: 0.478570  [   32/  215]
2023-01-12 02:05:11,992-INFO: loss: 0.622854  [   64/  215]
2023-01-12 02:05:22,912-INFO: loss: 0.489783  [   96/  215]
2023-01-12 02:05:32,905-INFO: loss: 0.542356  [  128/  215]
2023-01-12 02:05:45,637-INFO: loss: 0.592177  [  160/  215]
2023-01-12 02:05:59,262-INFO: loss: 0.656322  [  192/  215]
2023-01-12 02:06:07,434-INFO: loss: 0.426780  [  215/  215]
2023-01-12 02:07:18,658-INFO: Test Error: 
 Accuracy: 65.6%, Avg loss: 0.554036
2023-01-12 02:07:18,661-INFO: Start training the 34st epoch
2023-01-12 02:07:29,493-INFO: loss: 0.669185  [   32/  215]
2023-01-12 02:07:40,656-INFO: loss: 0.547951  [   64/  215]
2023-01-12 02:07:50,916-INFO: loss: 0.456326  [   96/  215]
2023-01-12 02:08:01,473-INFO: loss: 0.555383  [  128/  215]
2023-01-12 02:08:11,951-INFO: loss: 0.489065  [  160/  215]
2023-01-12 02:08:22,795-INFO: loss: 0.688048  [  192/  215]
2023-01-12 02:08:31,040-INFO: loss: 0.437476  [  215/  215]
2023-01-12 02:09:41,459-INFO: Test Error: 
 Accuracy: 68.8%, Avg loss: 0.543560
2023-01-12 02:09:42,029-INFO: swin_s_34 has been saved 

2023-01-12 02:09:42,030-INFO: Start training the 35st epoch
2023-01-12 02:09:53,645-INFO: loss: 0.516142  [   32/  215]
2023-01-12 02:10:04,207-INFO: loss: 0.483363  [   64/  215]
2023-01-12 02:10:15,994-INFO: loss: 0.716005  [   96/  215]
2023-01-12 02:10:27,273-INFO: loss: 0.491422  [  128/  215]
2023-01-12 02:10:38,318-INFO: loss: 0.602050  [  160/  215]
2023-01-12 02:10:49,654-INFO: loss: 0.539312  [  192/  215]
2023-01-12 02:10:59,196-INFO: loss: 0.428005  [  215/  215]
2023-01-12 02:12:09,442-INFO: Test Error: 
 Accuracy: 67.9%, Avg loss: 0.547650
2023-01-12 02:12:09,443-INFO: Start training the 36st epoch
2023-01-12 02:12:20,415-INFO: loss: 0.723507  [   32/  215]
2023-01-12 02:12:31,180-INFO: loss: 0.553787  [   64/  215]
2023-01-12 02:12:42,013-INFO: loss: 0.454625  [   96/  215]
2023-01-12 02:12:52,565-INFO: loss: 0.490740  [  128/  215]
2023-01-12 02:13:04,288-INFO: loss: 0.491833  [  160/  215]
2023-01-12 02:13:15,368-INFO: loss: 0.567218  [  192/  215]
2023-01-12 02:13:24,046-INFO: loss: 0.539249  [  215/  215]
2023-01-12 02:14:34,568-INFO: Test Error: 
 Accuracy: 70.2%, Avg loss: 0.531475
2023-01-12 02:14:34,568-INFO: Start training the 37st epoch
2023-01-12 02:14:45,504-INFO: loss: 0.858628  [   32/  215]
2023-01-12 02:14:56,058-INFO: loss: 0.582983  [   64/  215]
2023-01-12 02:15:07,686-INFO: loss: 0.344505  [   96/  215]
2023-01-12 02:15:17,696-INFO: loss: 0.639373  [  128/  215]
2023-01-12 02:15:29,222-INFO: loss: 0.618267  [  160/  215]
2023-01-12 02:15:40,797-INFO: loss: 0.441944  [  192/  215]
2023-01-12 02:15:50,720-INFO: loss: 0.374535  [  215/  215]
2023-01-12 02:17:02,181-INFO: Test Error: 
 Accuracy: 68.4%, Avg loss: 0.531248
2023-01-12 02:17:02,182-INFO: Start training the 38st epoch
2023-01-12 02:17:13,400-INFO: loss: 0.449537  [   32/  215]
2023-01-12 02:17:24,806-INFO: loss: 0.492140  [   64/  215]
2023-01-12 02:17:35,092-INFO: loss: 0.524528  [   96/  215]
2023-01-12 02:17:45,536-INFO: loss: 0.578573  [  128/  215]
2023-01-12 02:17:57,480-INFO: loss: 0.428389  [  160/  215]
2023-01-12 02:18:09,348-INFO: loss: 0.563433  [  192/  215]
2023-01-12 02:18:17,862-INFO: loss: 0.923152  [  215/  215]
2023-01-12 02:19:29,378-INFO: Test Error: 
 Accuracy: 69.8%, Avg loss: 0.535224
2023-01-12 02:19:29,381-INFO: Start training the 39st epoch
2023-01-12 02:19:40,717-INFO: loss: 0.484840  [   32/  215]
2023-01-12 02:19:51,299-INFO: loss: 0.420719  [   64/  215]
2023-01-12 02:20:01,912-INFO: loss: 0.496928  [   96/  215]
2023-01-12 02:20:13,069-INFO: loss: 0.466067  [  128/  215]
2023-01-12 02:20:24,528-INFO: loss: 0.558331  [  160/  215]
2023-01-12 02:20:35,750-INFO: loss: 0.843579  [  192/  215]
2023-01-12 02:20:45,401-INFO: loss: 0.647996  [  215/  215]
2023-01-12 02:21:59,534-INFO: Test Error: 
 Accuracy: 70.7%, Avg loss: 0.537122
2023-01-12 02:22:00,173-INFO: swin_s_39 has been saved 

2023-01-12 02:22:00,174-INFO: Start training the 40st epoch
2023-01-12 02:22:11,719-INFO: loss: 0.525573  [   32/  215]
2023-01-12 02:22:22,872-INFO: loss: 0.762907  [   64/  215]
2023-01-12 02:22:33,869-INFO: loss: 0.699648  [   96/  215]
2023-01-12 02:22:44,432-INFO: loss: 0.658890  [  128/  215]
2023-01-12 02:22:56,153-INFO: loss: 0.495245  [  160/  215]
2023-01-12 02:23:07,464-INFO: loss: 0.623018  [  192/  215]
2023-01-12 02:23:15,788-INFO: loss: 0.523009  [  215/  215]
2023-01-12 02:24:27,520-INFO: Test Error: 
 Accuracy: 75.3%, Avg loss: 0.584733
2023-01-12 02:24:27,522-INFO: Start training the 41st epoch
2023-01-12 02:24:38,371-INFO: loss: 0.612350  [   32/  215]
2023-01-12 02:24:49,381-INFO: loss: 0.481521  [   64/  215]
2023-01-12 02:24:59,885-INFO: loss: 0.531019  [   96/  215]
2023-01-12 02:25:11,313-INFO: loss: 0.520109  [  128/  215]
2023-01-12 02:25:22,709-INFO: loss: 0.452958  [  160/  215]
2023-01-12 02:25:34,158-INFO: loss: 0.746357  [  192/  215]
2023-01-12 02:25:43,144-INFO: loss: 1.743143  [  215/  215]
2023-01-12 02:26:55,043-INFO: Test Error: 
 Accuracy: 33.5%, Avg loss: 2.681399
2023-01-12 02:26:55,045-INFO: Start training the 42st epoch
2023-01-12 02:27:05,626-INFO: loss: 2.529944  [   32/  215]
2023-01-12 02:27:17,177-INFO: loss: 2.329687  [   64/  215]
2023-01-12 02:27:28,319-INFO: loss: 1.224648  [   96/  215]
2023-01-12 02:27:38,545-INFO: loss: 1.215294  [  128/  215]
2023-01-12 02:27:49,226-INFO: loss: 1.511626  [  160/  215]
2023-01-12 02:28:00,514-INFO: loss: 1.237003  [  192/  215]
2023-01-12 02:28:08,951-INFO: loss: 1.106169  [  215/  215]
2023-01-12 02:29:22,500-INFO: Test Error: 
 Accuracy: 33.5%, Avg loss: 1.100400
2023-01-12 02:29:22,501-INFO: Start training the 43st epoch
2023-01-12 02:29:34,401-INFO: loss: 1.114308  [   32/  215]
2023-01-12 02:29:46,089-INFO: loss: 1.121655  [   64/  215]
2023-01-12 02:29:58,013-INFO: loss: 1.046438  [   96/  215]
2023-01-12 02:30:09,291-INFO: loss: 1.192532  [  128/  215]
2023-01-12 02:30:21,503-INFO: loss: 1.154961  [  160/  215]
2023-01-12 02:30:33,100-INFO: loss: 1.099692  [  192/  215]
2023-01-12 02:30:43,048-INFO: loss: 1.099794  [  215/  215]
2023-01-12 02:31:56,919-INFO: Test Error: 
 Accuracy: 33.0%, Avg loss: 1.124430
2023-01-12 02:31:56,920-INFO: Start training the 44st epoch
2023-01-12 02:32:08,131-INFO: loss: 1.133333  [   32/  215]
2023-01-12 02:32:19,814-INFO: loss: 1.151816  [   64/  215]
2023-01-12 02:32:30,973-INFO: loss: 1.064815  [   96/  215]
2023-01-12 02:32:41,887-INFO: loss: 1.062751  [  128/  215]
2023-01-12 02:32:52,604-INFO: loss: 1.162441  [  160/  215]
2023-01-12 02:33:03,754-INFO: loss: 1.179613  [  192/  215]
2023-01-12 02:33:13,671-INFO: loss: 1.103614  [  215/  215]
2023-01-12 02:34:27,019-INFO: Test Error: 
 Accuracy: 33.5%, Avg loss: 1.100313
2023-01-12 02:34:27,631-INFO: swin_s_44 has been saved 

2023-01-12 02:34:27,632-INFO: Start training the 45st epoch
2023-01-12 02:34:38,880-INFO: loss: 1.102615  [   32/  215]
2023-01-12 02:34:50,924-INFO: loss: 1.119560  [   64/  215]
2023-01-12 02:35:01,817-INFO: loss: 1.104508  [   96/  215]
2023-01-12 02:35:12,849-INFO: loss: 1.100843  [  128/  215]
2023-01-12 02:35:24,479-INFO: loss: 1.040779  [  160/  215]
2023-01-12 02:35:35,771-INFO: loss: 1.191182  [  192/  215]
2023-01-12 02:35:44,529-INFO: loss: 1.185121  [  215/  215]
2023-01-12 02:36:57,902-INFO: Test Error: 
 Accuracy: 33.5%, Avg loss: 1.103255
2023-01-12 02:36:57,905-INFO: Start training the 46st epoch
2023-01-12 02:37:09,928-INFO: loss: 1.091169  [   32/  215]
2023-01-12 02:37:22,415-INFO: loss: 1.094898  [   64/  215]
2023-01-12 02:37:32,942-INFO: loss: 1.096434  [   96/  215]
2023-01-12 02:37:43,689-INFO: loss: 1.108621  [  128/  215]
2023-01-12 02:37:55,075-INFO: loss: 1.098752  [  160/  215]
2023-01-12 02:38:05,966-INFO: loss: 1.080122  [  192/  215]
2023-01-12 02:38:15,665-INFO: loss: 1.159063  [  215/  215]
2023-01-12 02:39:27,879-INFO: Test Error: 
 Accuracy: 33.0%, Avg loss: 1.110890
2023-01-12 02:39:27,883-INFO: Start training the 47st epoch
2023-01-12 02:39:38,378-INFO: loss: 1.131724  [   32/  215]
2023-01-12 02:39:49,070-INFO: loss: 1.125013  [   64/  215]
2023-01-12 02:39:59,672-INFO: loss: 1.068806  [   96/  215]
2023-01-12 02:40:11,248-INFO: loss: 1.142015  [  128/  215]
2023-01-12 02:40:22,888-INFO: loss: 1.098989  [  160/  215]
2023-01-12 02:40:34,735-INFO: loss: 1.157128  [  192/  215]
2023-01-12 02:40:44,737-INFO: loss: 1.155417  [  215/  215]
2023-01-12 02:42:02,957-INFO: Test Error: 
 Accuracy: 33.5%, Avg loss: 1.099943
2023-01-12 02:42:02,959-INFO: Start training the 48st epoch
2023-01-12 02:42:14,927-INFO: loss: 1.115908  [   32/  215]
2023-01-12 02:42:25,907-INFO: loss: 1.093169  [   64/  215]
2023-01-12 02:42:37,067-INFO: loss: 1.118230  [   96/  215]
2023-01-12 02:42:47,456-INFO: loss: 1.109935  [  128/  215]
2023-01-12 02:42:58,619-INFO: loss: 1.100399  [  160/  215]
2023-01-12 02:43:10,318-INFO: loss: 1.105139  [  192/  215]
2023-01-12 02:43:20,564-INFO: loss: 1.096428  [  215/  215]
2023-01-12 02:44:33,814-INFO: Test Error: 
 Accuracy: 33.5%, Avg loss: 1.098941
2023-01-12 02:44:33,814-INFO: Start training the 49st epoch
2023-01-12 02:44:44,589-INFO: loss: 1.100509  [   32/  215]
2023-01-12 02:44:55,835-INFO: loss: 1.104706  [   64/  215]
2023-01-12 02:45:06,251-INFO: loss: 1.109295  [   96/  215]
2023-01-12 02:45:16,683-INFO: loss: 1.102011  [  128/  215]
2023-01-12 02:45:28,432-INFO: loss: 1.088825  [  160/  215]
2023-01-12 02:45:39,121-INFO: loss: 1.096725  [  192/  215]
2023-01-12 02:45:48,327-INFO: loss: 1.102644  [  215/  215]
2023-01-12 02:47:00,718-INFO: Test Error: 
 Accuracy: 33.0%, Avg loss: 1.100687
2023-01-12 02:47:01,719-INFO: swin_s_49 has been saved 

2023-01-12 02:47:01,720-INFO: Start training the 50st epoch
2023-01-12 02:47:12,563-INFO: loss: 1.106329  [   32/  215]
2023-01-12 02:47:23,243-INFO: loss: 1.093936  [   64/  215]
2023-01-12 02:47:34,954-INFO: loss: 1.104544  [   96/  215]
2023-01-12 02:47:45,828-INFO: loss: 1.096600  [  128/  215]
2023-01-12 02:47:57,145-INFO: loss: 1.107113  [  160/  215]
2023-01-12 02:48:08,097-INFO: loss: 1.093729  [  192/  215]
2023-01-12 02:48:16,184-INFO: loss: 1.098410  [  215/  215]
2023-01-12 02:49:33,321-INFO: Test Error: 
 Accuracy: 33.5%, Avg loss: 1.099744
2023-01-12 02:49:33,321-INFO: Start training the 51st epoch
2023-01-12 02:49:44,281-INFO: loss: 1.102370  [   32/  215]
2023-01-12 02:49:52,844-INFO: loss: 1.103320  [   64/  215]
2023-01-12 02:50:00,828-INFO: loss: 1.107708  [   96/  215]
2023-01-12 02:50:10,056-INFO: loss: 1.086503  [  128/  215]
2023-01-12 02:50:18,209-INFO: loss: 1.102769  [  160/  215]
2023-01-12 02:50:25,819-INFO: loss: 1.113925  [  192/  215]
2023-01-12 02:50:31,537-INFO: loss: 1.101030  [  215/  215]
2023-01-12 02:51:23,236-INFO: Test Error: 
 Accuracy: 33.5%, Avg loss: 1.098019
2023-01-12 02:51:23,237-INFO: Start training the 52st epoch
2023-01-12 02:51:31,203-INFO: loss: 1.084220  [   32/  215]
2023-01-12 02:51:39,212-INFO: loss: 1.091535  [   64/  215]
2023-01-12 02:51:47,578-INFO: loss: 1.101849  [   96/  215]
2023-01-12 02:51:55,002-INFO: loss: 1.102004  [  128/  215]
2023-01-12 02:52:02,149-INFO: loss: 1.105652  [  160/  215]
2023-01-12 02:52:09,985-INFO: loss: 1.096558  [  192/  215]
2023-01-12 02:52:15,450-INFO: loss: 1.082816  [  215/  215]
2023-01-12 02:53:04,988-INFO: Test Error: 
 Accuracy: 33.5%, Avg loss: 1.098262
2023-01-12 02:53:04,989-INFO: Start training the 53st epoch
2023-01-12 02:53:12,966-INFO: loss: 1.093077  [   32/  215]
2023-01-12 02:53:21,190-INFO: loss: 1.105803  [   64/  215]
2023-01-12 02:53:28,548-INFO: loss: 1.098434  [   96/  215]
2023-01-12 02:53:36,169-INFO: loss: 1.089722  [  128/  215]
2023-01-12 02:53:43,779-INFO: loss: 1.098366  [  160/  215]
2023-01-12 02:53:51,525-INFO: loss: 1.086651  [  192/  215]
2023-01-12 02:53:56,996-INFO: loss: 1.111541  [  215/  215]
