2023-01-10 03:12:38,423-INFO: Start training the 0st epoch
2023-01-10 03:12:50,900-INFO: loss: 1.002779  [   32/  215]
2023-01-10 03:13:00,540-INFO: loss: 18.715801  [   64/  215]
2023-01-10 03:13:10,414-INFO: loss: 54.294289  [   96/  215]
2023-01-10 03:13:20,590-INFO: loss: 1.225370  [  128/  215]
2023-01-10 03:13:31,001-INFO: loss: 1.339762  [  160/  215]
2023-01-10 03:13:40,228-INFO: loss: 2.002074  [  192/  215]
2023-01-10 03:13:47,882-INFO: loss: 1.311049  [  215/  215]
2023-01-10 03:14:51,164-INFO: Test Error: 
 Accuracy: 33.0%, Avg loss: 1.745486
2023-01-10 03:14:51,165-INFO: Start training the 1st epoch
2023-01-10 03:15:00,781-INFO: loss: 2.476975  [   32/  215]
2023-01-10 03:15:10,180-INFO: loss: 2.432744  [   64/  215]
2023-01-10 03:15:19,338-INFO: loss: 2.739122  [   96/  215]
2023-01-10 03:15:29,859-INFO: loss: 6.416320  [  128/  215]
2023-01-10 03:15:40,061-INFO: loss: 4.888478  [  160/  215]
2023-01-10 03:15:49,475-INFO: loss: 6.340446  [  192/  215]
2023-01-10 03:15:56,320-INFO: loss: 2.289574  [  215/  215]
2023-01-10 03:17:02,398-INFO: Test Error: 
 Accuracy: 33.5%, Avg loss: 1.126293
2023-01-10 03:17:02,398-INFO: Start training the 2st epoch
2023-01-10 03:17:12,180-INFO: loss: 1.222857  [   32/  215]
2023-01-10 03:17:21,966-INFO: loss: 1.172893  [   64/  215]
2023-01-10 03:17:31,523-INFO: loss: 1.245643  [   96/  215]
2023-01-10 03:17:41,359-INFO: loss: 1.008235  [  128/  215]
2023-01-10 03:17:50,716-INFO: loss: 1.161871  [  160/  215]
2023-01-10 03:18:00,153-INFO: loss: 1.196879  [  192/  215]
2023-01-10 03:18:07,122-INFO: loss: 1.155553  [  215/  215]
2023-01-10 03:19:09,650-INFO: Test Error: 
 Accuracy: 62.3%, Avg loss: 1.121085
2023-01-10 03:19:09,651-INFO: Start training the 3st epoch
2023-01-10 03:19:19,738-INFO: loss: 1.047951  [   32/  215]
2023-01-10 03:19:29,200-INFO: loss: 1.077831  [   64/  215]
2023-01-10 03:19:38,810-INFO: loss: 1.129530  [   96/  215]
2023-01-10 03:19:48,940-INFO: loss: 1.073674  [  128/  215]
2023-01-10 03:19:59,324-INFO: loss: 1.259684  [  160/  215]
2023-01-10 03:20:09,618-INFO: loss: 1.129118  [  192/  215]
2023-01-10 03:20:16,499-INFO: loss: 1.143444  [  215/  215]
2023-01-10 03:21:26,533-INFO: Test Error: 
 Accuracy: 35.3%, Avg loss: 1.134525
2023-01-10 03:21:26,533-INFO: Start training the 4st epoch
2023-01-10 03:21:37,155-INFO: loss: 1.109311  [   32/  215]
2023-01-10 03:21:48,369-INFO: loss: 1.076849  [   64/  215]
2023-01-10 03:21:59,369-INFO: loss: 2.244322  [   96/  215]
2023-01-10 03:22:10,284-INFO: loss: 1.309123  [  128/  215]
2023-01-10 03:22:21,034-INFO: loss: 1.098950  [  160/  215]
2023-01-10 03:22:31,073-INFO: loss: 1.509858  [  192/  215]
2023-01-10 03:22:37,845-INFO: loss: 1.557581  [  215/  215]
2023-01-10 03:23:42,354-INFO: Test Error: 
 Accuracy: 33.0%, Avg loss: 1.307419
2023-01-10 03:23:43,500-INFO: vgg11_4 has been saved 

2023-01-10 03:23:43,501-INFO: Start training the 5st epoch
2023-01-10 03:23:53,875-INFO: loss: 1.320469  [   32/  215]
2023-01-10 03:24:03,697-INFO: loss: 0.985266  [   64/  215]
2023-01-10 03:24:14,993-INFO: loss: 1.141829  [   96/  215]
2023-01-10 03:24:24,934-INFO: loss: 1.080488  [  128/  215]
2023-01-10 03:24:35,188-INFO: loss: 1.122952  [  160/  215]
2023-01-10 03:24:46,084-INFO: loss: 1.157943  [  192/  215]
2023-01-10 03:24:53,617-INFO: loss: 1.233547  [  215/  215]
2023-01-10 03:26:00,512-INFO: Test Error: 
 Accuracy: 48.4%, Avg loss: 1.005709
2023-01-10 03:26:00,513-INFO: Start training the 6st epoch
2023-01-10 03:26:10,348-INFO: loss: 0.933045  [   32/  215]
2023-01-10 03:26:20,266-INFO: loss: 1.114423  [   64/  215]
2023-01-10 03:26:30,789-INFO: loss: 0.953453  [   96/  215]
2023-01-10 03:26:41,465-INFO: loss: 0.851579  [  128/  215]
2023-01-10 03:26:52,939-INFO: loss: 0.908266  [  160/  215]
2023-01-10 03:27:02,991-INFO: loss: 1.116295  [  192/  215]
2023-01-10 03:27:10,567-INFO: loss: 1.039416  [  215/  215]
2023-01-10 03:28:16,890-INFO: Test Error: 
 Accuracy: 34.4%, Avg loss: 1.162901
2023-01-10 03:28:16,890-INFO: Start training the 7st epoch
2023-01-10 03:28:26,775-INFO: loss: 1.239562  [   32/  215]
2023-01-10 03:28:36,092-INFO: loss: 1.028800  [   64/  215]
2023-01-10 03:28:46,111-INFO: loss: 1.102190  [   96/  215]
2023-01-10 03:28:56,749-INFO: loss: 1.143008  [  128/  215]
2023-01-10 03:29:08,696-INFO: loss: 0.980117  [  160/  215]
2023-01-10 03:29:20,359-INFO: loss: 1.017663  [  192/  215]
2023-01-10 03:29:27,909-INFO: loss: 1.037843  [  215/  215]
2023-01-10 03:30:37,835-INFO: Test Error: 
 Accuracy: 54.9%, Avg loss: 0.876972
2023-01-10 03:30:37,835-INFO: Start training the 8st epoch
2023-01-10 03:30:47,733-INFO: loss: 1.023632  [   32/  215]
2023-01-10 03:30:57,924-INFO: loss: 0.883989  [   64/  215]
2023-01-10 03:31:08,903-INFO: loss: 0.845516  [   96/  215]
2023-01-10 03:31:18,547-INFO: loss: 0.915451  [  128/  215]
2023-01-10 03:31:28,494-INFO: loss: 0.689681  [  160/  215]
2023-01-10 03:31:38,403-INFO: loss: 0.680706  [  192/  215]
2023-01-10 03:31:45,516-INFO: loss: 0.966278  [  215/  215]
2023-01-10 03:32:50,996-INFO: Test Error: 
 Accuracy: 53.0%, Avg loss: 0.793105
2023-01-10 03:32:50,996-INFO: Start training the 9st epoch
2023-01-10 03:33:00,533-INFO: loss: 0.625256  [   32/  215]
2023-01-10 03:33:10,568-INFO: loss: 0.759584  [   64/  215]
2023-01-10 03:33:20,605-INFO: loss: 3.754593  [   96/  215]
2023-01-10 03:33:30,112-INFO: loss: 1.984323  [  128/  215]
2023-01-10 03:33:40,738-INFO: loss: 2.915304  [  160/  215]
2023-01-10 03:33:51,638-INFO: loss: 2.671702  [  192/  215]
2023-01-10 03:33:58,882-INFO: loss: 2.791767  [  215/  215]
2023-01-10 03:35:05,577-INFO: Test Error: 
 Accuracy: 34.0%, Avg loss: 1.498363
2023-01-10 03:35:06,723-INFO: vgg11_9 has been saved 

2023-01-10 03:35:06,723-INFO: Start training the 10st epoch
2023-01-10 03:35:17,602-INFO: loss: 1.822413  [   32/  215]
2023-01-10 03:35:27,899-INFO: loss: 1.354832  [   64/  215]
2023-01-10 03:35:38,721-INFO: loss: 0.992861  [   96/  215]
2023-01-10 03:35:50,430-INFO: loss: 1.005729  [  128/  215]
2023-01-10 03:36:02,396-INFO: loss: 1.186916  [  160/  215]
2023-01-10 03:36:12,868-INFO: loss: 1.100391  [  192/  215]
2023-01-10 03:36:19,973-INFO: loss: 1.137324  [  215/  215]
2023-01-10 03:37:24,764-INFO: Test Error: 
 Accuracy: 40.9%, Avg loss: 1.058206
2023-01-10 03:37:24,764-INFO: Start training the 11st epoch
2023-01-10 03:37:33,915-INFO: loss: 1.052498  [   32/  215]
2023-01-10 03:37:43,696-INFO: loss: 0.987530  [   64/  215]
2023-01-10 03:37:53,111-INFO: loss: 2.929041  [   96/  215]
2023-01-10 03:38:02,396-INFO: loss: 1.187757  [  128/  215]
2023-01-10 03:38:11,972-INFO: loss: 1.393215  [  160/  215]
2023-01-10 03:38:22,083-INFO: loss: 3.540628  [  192/  215]
2023-01-10 03:38:29,370-INFO: loss: 1.231085  [  215/  215]
2023-01-10 03:39:38,299-INFO: Test Error: 
 Accuracy: 34.9%, Avg loss: 2.050843
2023-01-10 03:39:38,301-INFO: Start training the 12st epoch
2023-01-10 03:39:47,999-INFO: loss: 2.760815  [   32/  215]
2023-01-10 03:39:57,983-INFO: loss: 1.266165  [   64/  215]
2023-01-10 03:40:07,144-INFO: loss: 1.178168  [   96/  215]
2023-01-10 03:40:17,573-INFO: loss: 1.241146  [  128/  215]
2023-01-10 03:40:27,760-INFO: loss: 1.133689  [  160/  215]
2023-01-10 03:40:37,894-INFO: loss: 1.151942  [  192/  215]
2023-01-10 03:40:45,189-INFO: loss: 0.979474  [  215/  215]
2023-01-10 03:41:51,642-INFO: Test Error: 
 Accuracy: 33.5%, Avg loss: 1.918383
2023-01-10 03:41:51,645-INFO: Start training the 13st epoch
2023-01-10 03:42:01,662-INFO: loss: 1.803237  [   32/  215]
2023-01-10 03:42:11,945-INFO: loss: 1.071037  [   64/  215]
2023-01-10 03:42:21,945-INFO: loss: 1.117515  [   96/  215]
2023-01-10 03:42:32,204-INFO: loss: 1.084315  [  128/  215]
2023-01-10 03:42:41,903-INFO: loss: 1.161909  [  160/  215]
2023-01-10 03:42:52,084-INFO: loss: 1.053072  [  192/  215]
2023-01-10 03:42:59,735-INFO: loss: 1.088141  [  215/  215]
2023-01-10 03:44:07,261-INFO: Test Error: 
 Accuracy: 44.7%, Avg loss: 1.067313
2023-01-10 03:44:07,261-INFO: Start training the 14st epoch
2023-01-10 03:44:18,182-INFO: loss: 1.113589  [   32/  215]
2023-01-10 03:44:28,162-INFO: loss: 1.036010  [   64/  215]
2023-01-10 03:44:37,917-INFO: loss: 1.055732  [   96/  215]
2023-01-10 03:44:49,136-INFO: loss: 1.061555  [  128/  215]
2023-01-10 03:45:00,096-INFO: loss: 1.030481  [  160/  215]
2023-01-10 03:45:10,854-INFO: loss: 1.066733  [  192/  215]
2023-01-10 03:45:18,338-INFO: loss: 1.134315  [  215/  215]
2023-01-10 03:46:23,752-INFO: Test Error: 
 Accuracy: 43.7%, Avg loss: 1.012492
2023-01-10 03:46:24,813-INFO: vgg11_14 has been saved 

2023-01-10 03:46:24,813-INFO: Start training the 15st epoch
2023-01-10 03:46:34,732-INFO: loss: 1.024074  [   32/  215]
2023-01-10 03:46:44,738-INFO: loss: 1.080213  [   64/  215]
2023-01-10 03:46:54,747-INFO: loss: 0.835880  [   96/  215]
2023-01-10 03:47:04,893-INFO: loss: 0.971995  [  128/  215]
2023-01-10 03:47:14,617-INFO: loss: 1.054933  [  160/  215]
2023-01-10 03:47:24,843-INFO: loss: 1.004104  [  192/  215]
2023-01-10 03:47:32,102-INFO: loss: 0.938669  [  215/  215]
2023-01-10 03:48:36,503-INFO: Test Error: 
 Accuracy: 67.4%, Avg loss: 0.856019
2023-01-10 03:48:36,504-INFO: Start training the 16st epoch
2023-01-10 03:48:47,280-INFO: loss: 0.819822  [   32/  215]
2023-01-10 03:48:57,940-INFO: loss: 0.962155  [   64/  215]
2023-01-10 03:49:08,490-INFO: loss: 0.941033  [   96/  215]
2023-01-10 03:49:19,464-INFO: loss: 0.988582  [  128/  215]
2023-01-10 03:49:29,650-INFO: loss: 0.834798  [  160/  215]
2023-01-10 03:49:40,016-INFO: loss: 0.952125  [  192/  215]
2023-01-10 03:49:46,806-INFO: loss: 0.771119  [  215/  215]
2023-01-10 03:50:50,966-INFO: Test Error: 
 Accuracy: 53.5%, Avg loss: 0.823911
2023-01-10 03:50:50,968-INFO: Start training the 17st epoch
2023-01-10 03:51:00,852-INFO: loss: 0.844669  [   32/  215]
2023-01-10 03:51:10,557-INFO: loss: 0.850006  [   64/  215]
2023-01-10 03:51:19,737-INFO: loss: 0.811063  [   96/  215]
2023-01-10 03:51:29,417-INFO: loss: 0.927624  [  128/  215]
2023-01-10 03:51:39,599-INFO: loss: 1.554434  [  160/  215]
2023-01-10 03:51:49,815-INFO: loss: 0.586022  [  192/  215]
2023-01-10 03:51:56,917-INFO: loss: 0.714239  [  215/  215]
2023-01-10 03:53:01,855-INFO: Test Error: 
 Accuracy: 63.3%, Avg loss: 0.649963
2023-01-10 03:53:01,857-INFO: Start training the 18st epoch
2023-01-10 03:53:11,201-INFO: loss: 0.756087  [   32/  215]
2023-01-10 03:53:21,355-INFO: loss: 1.460229  [   64/  215]
2023-01-10 03:53:31,086-INFO: loss: 0.693821  [   96/  215]
2023-01-10 03:53:41,597-INFO: loss: 0.828063  [  128/  215]
2023-01-10 03:53:52,137-INFO: loss: 1.315774  [  160/  215]
2023-01-10 03:54:02,582-INFO: loss: 1.030203  [  192/  215]
2023-01-10 03:54:10,122-INFO: loss: 11.512372  [  215/  215]
2023-01-10 03:55:17,256-INFO: Test Error: 
 Accuracy: 36.3%, Avg loss: 1.564575
2023-01-10 03:55:17,257-INFO: Start training the 19st epoch
2023-01-10 03:55:26,392-INFO: loss: 1.641519  [   32/  215]
2023-01-10 03:55:36,372-INFO: loss: 1.822455  [   64/  215]
2023-01-10 03:55:46,528-INFO: loss: 1.360004  [   96/  215]
2023-01-10 03:55:56,151-INFO: loss: 1.101219  [  128/  215]
2023-01-10 03:56:05,623-INFO: loss: 2.611144  [  160/  215]
2023-01-10 03:56:14,567-INFO: loss: 0.993546  [  192/  215]
2023-01-10 03:56:21,709-INFO: loss: 1.152258  [  215/  215]
2023-01-10 03:57:26,987-INFO: Test Error: 
 Accuracy: 35.8%, Avg loss: 1.160839
2023-01-10 03:57:28,071-INFO: vgg11_19 has been saved 

2023-01-10 03:57:28,072-INFO: Start training the 20st epoch
2023-01-10 03:57:37,955-INFO: loss: 1.113338  [   32/  215]
2023-01-10 03:57:47,543-INFO: loss: 0.985100  [   64/  215]
2023-01-10 03:57:57,393-INFO: loss: 1.082738  [   96/  215]
2023-01-10 03:58:07,255-INFO: loss: 1.140336  [  128/  215]
2023-01-10 03:58:17,069-INFO: loss: 0.915248  [  160/  215]
2023-01-10 03:58:27,445-INFO: loss: 0.915576  [  192/  215]
2023-01-10 03:58:35,189-INFO: loss: 1.104338  [  215/  215]
2023-01-10 03:59:40,315-INFO: Test Error: 
 Accuracy: 33.5%, Avg loss: 0.979905
2023-01-10 03:59:40,316-INFO: Start training the 21st epoch
2023-01-10 03:59:49,872-INFO: loss: 0.902632  [   32/  215]
2023-01-10 03:59:59,982-INFO: loss: 0.966904  [   64/  215]
2023-01-10 04:00:11,449-INFO: loss: 0.942270  [   96/  215]
2023-01-10 04:00:23,313-INFO: loss: 0.941450  [  128/  215]
2023-01-10 04:00:33,908-INFO: loss: 0.954681  [  160/  215]
2023-01-10 04:00:44,869-INFO: loss: 0.962239  [  192/  215]
2023-01-10 04:00:52,833-INFO: loss: 0.842999  [  215/  215]
2023-01-10 04:01:59,340-INFO: Test Error: 
 Accuracy: 53.0%, Avg loss: 0.902957
2023-01-10 04:01:59,340-INFO: Start training the 22st epoch
2023-01-10 04:02:09,187-INFO: loss: 0.945913  [   32/  215]
2023-01-10 04:02:19,878-INFO: loss: 0.919539  [   64/  215]
2023-01-10 04:02:30,083-INFO: loss: 0.768940  [   96/  215]
2023-01-10 04:02:39,977-INFO: loss: 0.816343  [  128/  215]
2023-01-10 04:02:49,724-INFO: loss: 1.019983  [  160/  215]
2023-01-10 04:02:59,698-INFO: loss: 0.721475  [  192/  215]
2023-01-10 04:03:06,778-INFO: loss: 0.872112  [  215/  215]
2023-01-10 04:04:15,287-INFO: Test Error: 
 Accuracy: 50.2%, Avg loss: 0.861248
2023-01-10 04:04:15,287-INFO: Start training the 23st epoch
2023-01-10 04:04:25,562-INFO: loss: 0.779160  [   32/  215]
2023-01-10 04:04:37,369-INFO: loss: 1.146291  [   64/  215]
2023-01-10 04:04:48,929-INFO: loss: 0.930975  [   96/  215]
2023-01-10 04:04:58,898-INFO: loss: 0.927757  [  128/  215]
2023-01-10 04:05:08,867-INFO: loss: 0.836613  [  160/  215]
2023-01-10 04:05:19,425-INFO: loss: 0.923073  [  192/  215]
2023-01-10 04:05:26,743-INFO: loss: 0.692996  [  215/  215]
2023-01-10 04:06:33,028-INFO: Test Error: 
 Accuracy: 62.3%, Avg loss: 0.796219
2023-01-10 04:06:33,028-INFO: Start training the 24st epoch
2023-01-10 04:06:43,334-INFO: loss: 0.852019  [   32/  215]
2023-01-10 04:06:53,938-INFO: loss: 0.836678  [   64/  215]
2023-01-10 04:07:04,474-INFO: loss: 0.847582  [   96/  215]
2023-01-10 04:07:14,658-INFO: loss: 0.830782  [  128/  215]
2023-01-10 04:07:24,579-INFO: loss: 0.713726  [  160/  215]
2023-01-10 04:07:35,421-INFO: loss: 0.700363  [  192/  215]
2023-01-10 04:07:42,758-INFO: loss: 0.885887  [  215/  215]
2023-01-10 04:08:49,741-INFO: Test Error: 
 Accuracy: 65.6%, Avg loss: 0.749311
2023-01-10 04:08:50,914-INFO: vgg11_24 has been saved 

2023-01-10 04:08:50,914-INFO: Start training the 25st epoch
2023-01-10 04:09:01,127-INFO: loss: 0.785556  [   32/  215]
2023-01-10 04:09:11,716-INFO: loss: 0.763723  [   64/  215]
2023-01-10 04:09:22,253-INFO: loss: 0.763336  [   96/  215]
2023-01-10 04:09:32,025-INFO: loss: 0.900760  [  128/  215]
2023-01-10 04:09:42,236-INFO: loss: 0.752243  [  160/  215]
2023-01-10 04:09:52,356-INFO: loss: 0.588680  [  192/  215]
2023-01-10 04:09:59,027-INFO: loss: 0.806255  [  215/  215]
2023-01-10 04:11:04,749-INFO: Test Error: 
 Accuracy: 66.5%, Avg loss: 0.701727
2023-01-10 04:11:04,749-INFO: Start training the 26st epoch
2023-01-10 04:11:15,062-INFO: loss: 1.000092  [   32/  215]
2023-01-10 04:11:25,498-INFO: loss: 0.619580  [   64/  215]
2023-01-10 04:11:35,765-INFO: loss: 0.640900  [   96/  215]
2023-01-10 04:11:46,216-INFO: loss: 0.850725  [  128/  215]
2023-01-10 04:11:56,218-INFO: loss: 0.715484  [  160/  215]
2023-01-10 04:12:08,018-INFO: loss: 0.582823  [  192/  215]
2023-01-10 04:12:14,923-INFO: loss: 0.837710  [  215/  215]
2023-01-10 04:13:22,122-INFO: Test Error: 
 Accuracy: 65.6%, Avg loss: 0.735516
2023-01-10 04:13:22,123-INFO: Start training the 27st epoch
2023-01-10 04:13:33,522-INFO: loss: 0.704667  [   32/  215]
2023-01-10 04:13:43,871-INFO: loss: 0.692304  [   64/  215]
2023-01-10 04:13:54,849-INFO: loss: 0.745654  [   96/  215]
2023-01-10 04:14:05,063-INFO: loss: 0.968530  [  128/  215]
2023-01-10 04:14:14,994-INFO: loss: 0.701474  [  160/  215]
2023-01-10 04:14:25,185-INFO: loss: 0.757212  [  192/  215]
2023-01-10 04:14:32,513-INFO: loss: 0.799211  [  215/  215]
2023-01-10 04:15:40,183-INFO: Test Error: 
 Accuracy: 68.4%, Avg loss: 0.688259
2023-01-10 04:15:40,187-INFO: Start training the 28st epoch
2023-01-10 04:15:50,917-INFO: loss: 0.693022  [   32/  215]
2023-01-10 04:16:01,354-INFO: loss: 0.717638  [   64/  215]
2023-01-10 04:16:11,387-INFO: loss: 0.670861  [   96/  215]
2023-01-10 04:16:21,196-INFO: loss: 0.626654  [  128/  215]
2023-01-10 04:16:31,852-INFO: loss: 0.738918  [  160/  215]
2023-01-10 04:16:42,282-INFO: loss: 0.631388  [  192/  215]
2023-01-10 04:16:50,131-INFO: loss: 0.737718  [  215/  215]
2023-01-10 04:17:58,624-INFO: Test Error: 
 Accuracy: 57.7%, Avg loss: 0.812874
2023-01-10 04:17:58,625-INFO: Start training the 29st epoch
2023-01-10 04:18:08,919-INFO: loss: 1.023168  [   32/  215]
2023-01-10 04:18:19,237-INFO: loss: 0.549540  [   64/  215]
2023-01-10 04:18:28,159-INFO: loss: 0.615067  [   96/  215]
2023-01-10 04:18:37,738-INFO: loss: 0.617645  [  128/  215]
2023-01-10 04:18:47,763-INFO: loss: 0.683515  [  160/  215]
2023-01-10 04:18:58,536-INFO: loss: 0.721271  [  192/  215]
2023-01-10 04:19:06,321-INFO: loss: 13.548116  [  215/  215]
2023-01-10 04:20:13,783-INFO: Test Error: 
 Accuracy: 64.2%, Avg loss: 0.997896
2023-01-10 04:20:14,857-INFO: vgg11_29 has been saved 

2023-01-10 04:21:00,597-INFO: Start training the 0st epoch
2023-01-10 04:21:10,379-INFO: loss: 1.001293  [   32/  215]
2023-01-10 04:21:20,784-INFO: loss: 37.904114  [   64/  215]
2023-01-10 04:21:30,773-INFO: loss: 28.253376  [   96/  215]
2023-01-10 04:21:40,570-INFO: loss: 7.688063  [  128/  215]
2023-01-10 04:21:50,260-INFO: loss: 1.156064  [  160/  215]
2023-01-10 04:22:00,819-INFO: loss: 1.130078  [  192/  215]
2023-01-10 04:22:08,311-INFO: loss: 1.235316  [  215/  215]
2023-01-10 04:23:17,551-INFO: Test Error: 
 Accuracy: 33.5%, Avg loss: 1.196492
2023-01-10 04:23:17,554-INFO: Start training the 1st epoch
2023-01-10 04:23:28,167-INFO: loss: 1.230788  [   32/  215]
2023-01-10 04:23:39,138-INFO: loss: 0.984350  [   64/  215]
2023-01-10 04:23:50,138-INFO: loss: 1.669694  [   96/  215]
2023-01-10 04:24:00,677-INFO: loss: 20.228804  [  128/  215]
2023-01-10 04:24:11,127-INFO: loss: 2.918237  [  160/  215]
2023-01-10 04:24:21,658-INFO: loss: 1.251258  [  192/  215]
2023-01-10 04:24:28,871-INFO: loss: 2.231672  [  215/  215]
2023-01-10 04:25:39,062-INFO: Test Error: 
 Accuracy: 33.5%, Avg loss: 11.827616
2023-01-10 04:25:39,062-INFO: Start training the 2st epoch
2023-01-10 04:25:49,118-INFO: loss: 10.866291  [   32/  215]
2023-01-10 04:25:59,457-INFO: loss: 1.450804  [   64/  215]
2023-01-10 04:26:09,848-INFO: loss: 1.126168  [   96/  215]
2023-01-10 04:26:19,591-INFO: loss: 1.217492  [  128/  215]
2023-01-10 04:26:29,380-INFO: loss: 1.169612  [  160/  215]
2023-01-10 04:26:39,540-INFO: loss: 1.667308  [  192/  215]
2023-01-10 04:26:47,312-INFO: loss: 1.382173  [  215/  215]
2023-01-10 04:28:03,149-INFO: Test Error: 
 Accuracy: 33.0%, Avg loss: 1.819385
2023-01-10 04:28:03,149-INFO: Start training the 3st epoch
2023-01-10 04:28:14,607-INFO: loss: 1.878301  [   32/  215]
2023-01-10 04:28:25,600-INFO: loss: 5.065320  [   64/  215]
2023-01-10 04:28:36,414-INFO: loss: 1.619618  [   96/  215]
2023-01-10 04:28:46,219-INFO: loss: 5.618121  [  128/  215]
2023-01-10 04:28:56,437-INFO: loss: 4.973951  [  160/  215]
2023-01-10 04:29:06,403-INFO: loss: 1.120979  [  192/  215]
2023-01-10 04:29:14,233-INFO: loss: 1.207073  [  215/  215]
2023-01-10 04:30:29,544-INFO: Test Error: 
 Accuracy: 33.5%, Avg loss: 1.495559
2023-01-10 04:30:29,545-INFO: Start training the 4st epoch
2023-01-10 04:30:40,544-INFO: loss: 1.601752  [   32/  215]
2023-01-10 04:30:51,217-INFO: loss: 1.139184  [   64/  215]
2023-01-10 04:31:02,051-INFO: loss: 1.267315  [   96/  215]
2023-01-10 04:31:11,801-INFO: loss: 1.482185  [  128/  215]
2023-01-10 04:31:23,019-INFO: loss: 1.208840  [  160/  215]
2023-01-10 04:31:34,392-INFO: loss: 1.231961  [  192/  215]
2023-01-10 04:31:41,801-INFO: loss: 1.878597  [  215/  215]
2023-01-10 04:32:54,801-INFO: Test Error: 
 Accuracy: 33.5%, Avg loss: 1.290753
2023-01-10 04:32:56,032-INFO: vgg13_4 has been saved 

2023-01-10 04:32:56,033-INFO: Start training the 5st epoch
2023-01-10 04:33:07,155-INFO: loss: 1.311086  [   32/  215]
2023-01-10 04:33:18,350-INFO: loss: 1.360047  [   64/  215]
2023-01-10 04:33:29,385-INFO: loss: 1.200931  [   96/  215]
2023-01-10 04:33:40,163-INFO: loss: 1.196483  [  128/  215]
2023-01-10 04:33:51,148-INFO: loss: 1.276010  [  160/  215]
2023-01-10 04:34:01,710-INFO: loss: 1.129267  [  192/  215]
2023-01-10 04:34:09,100-INFO: loss: 1.069254  [  215/  215]
2023-01-10 04:35:21,117-INFO: Test Error: 
 Accuracy: 33.5%, Avg loss: 1.111011
2023-01-10 04:35:21,117-INFO: Start training the 6st epoch
2023-01-10 04:35:31,305-INFO: loss: 1.163134  [   32/  215]
2023-01-10 04:35:41,731-INFO: loss: 1.092411  [   64/  215]
2023-01-10 04:35:52,870-INFO: loss: 1.147517  [   96/  215]
2023-01-10 04:36:02,319-INFO: loss: 1.151761  [  128/  215]
2023-01-10 04:36:13,515-INFO: loss: 1.084224  [  160/  215]
2023-01-10 04:36:25,126-INFO: loss: 1.033690  [  192/  215]
2023-01-10 04:36:32,639-INFO: loss: 1.279234  [  215/  215]
2023-01-10 04:37:44,704-INFO: Test Error: 
 Accuracy: 33.5%, Avg loss: 1.088678
2023-01-10 04:37:44,706-INFO: Start training the 7st epoch
2023-01-10 04:37:55,297-INFO: loss: 1.058275  [   32/  215]
2023-01-10 04:38:05,484-INFO: loss: 1.072028  [   64/  215]
2023-01-10 04:38:16,019-INFO: loss: 0.987008  [   96/  215]
2023-01-10 04:38:25,322-INFO: loss: 1.050527  [  128/  215]
2023-01-10 04:38:35,671-INFO: loss: 1.058896  [  160/  215]
2023-01-10 04:38:45,763-INFO: loss: 1.301751  [  192/  215]
2023-01-10 04:38:53,230-INFO: loss: 1.137893  [  215/  215]
2023-01-10 04:40:03,606-INFO: Test Error: 
 Accuracy: 38.1%, Avg loss: 1.053543
2023-01-10 04:40:03,608-INFO: Start training the 8st epoch
2023-01-10 04:40:14,239-INFO: loss: 1.046338  [   32/  215]
2023-01-10 04:40:25,043-INFO: loss: 1.100925  [   64/  215]
2023-01-10 04:40:35,414-INFO: loss: 1.028331  [   96/  215]
2023-01-10 04:40:45,053-INFO: loss: 0.983704  [  128/  215]
2023-01-10 04:40:55,129-INFO: loss: 1.010368  [  160/  215]
2023-01-10 04:41:05,290-INFO: loss: 0.990537  [  192/  215]
2023-01-10 04:41:13,216-INFO: loss: 0.996423  [  215/  215]
2023-01-10 04:42:24,713-INFO: Test Error: 
 Accuracy: 59.5%, Avg loss: 0.941846
2023-01-10 04:42:24,714-INFO: Start training the 9st epoch
2023-01-10 04:42:35,194-INFO: loss: 1.049832  [   32/  215]
2023-01-10 04:42:45,343-INFO: loss: 0.934481  [   64/  215]
2023-01-10 04:42:56,568-INFO: loss: 0.913506  [   96/  215]
2023-01-10 04:43:06,948-INFO: loss: 0.818381  [  128/  215]
2023-01-10 04:43:17,567-INFO: loss: 0.927200  [  160/  215]
2023-01-10 04:43:28,111-INFO: loss: 0.822684  [  192/  215]
2023-01-10 04:43:35,731-INFO: loss: 0.843279  [  215/  215]
2023-01-10 04:44:45,957-INFO: Test Error: 
 Accuracy: 58.1%, Avg loss: 0.838267
2023-01-10 04:44:47,253-INFO: vgg13_9 has been saved 

2023-01-10 04:44:47,253-INFO: Start training the 10st epoch
2023-01-10 04:44:57,726-INFO: loss: 0.730139  [   32/  215]
2023-01-10 04:45:08,571-INFO: loss: 0.677240  [   64/  215]
2023-01-10 04:45:20,166-INFO: loss: 0.891985  [   96/  215]
2023-01-10 04:45:30,968-INFO: loss: 0.939585  [  128/  215]
2023-01-10 04:45:41,949-INFO: loss: 0.907698  [  160/  215]
2023-01-10 04:45:52,950-INFO: loss: 0.821306  [  192/  215]
2023-01-10 04:46:00,655-INFO: loss: 0.791852  [  215/  215]
2023-01-10 04:47:13,135-INFO: Test Error: 
 Accuracy: 55.8%, Avg loss: 0.791850
2023-01-10 04:47:13,135-INFO: Start training the 11st epoch
2023-01-10 04:47:23,517-INFO: loss: 0.795055  [   32/  215]
2023-01-10 04:47:34,014-INFO: loss: 0.744380  [   64/  215]
2023-01-10 04:47:44,202-INFO: loss: 0.795284  [   96/  215]
2023-01-10 04:47:54,835-INFO: loss: 0.767228  [  128/  215]
2023-01-10 04:48:04,961-INFO: loss: 0.875348  [  160/  215]
2023-01-10 04:48:16,157-INFO: loss: 0.770821  [  192/  215]
2023-01-10 04:48:23,451-INFO: loss: 0.871497  [  215/  215]
2023-01-10 04:49:34,993-INFO: Test Error: 
 Accuracy: 56.7%, Avg loss: 0.829607
2023-01-10 04:49:34,993-INFO: Start training the 12st epoch
2023-01-10 04:49:46,448-INFO: loss: 0.982463  [   32/  215]
2023-01-10 04:49:57,865-INFO: loss: 0.805795  [   64/  215]
2023-01-10 04:50:08,982-INFO: loss: 1.609540  [   96/  215]
2023-01-10 04:50:19,644-INFO: loss: 0.622624  [  128/  215]
2023-01-10 04:50:29,780-INFO: loss: 0.719332  [  160/  215]
2023-01-10 04:50:40,793-INFO: loss: 0.639719  [  192/  215]
2023-01-10 04:50:49,008-INFO: loss: 0.576461  [  215/  215]
2023-01-10 04:52:00,464-INFO: Test Error: 
 Accuracy: 68.4%, Avg loss: 0.647579
2023-01-10 04:52:00,465-INFO: Start training the 13st epoch
2023-01-10 04:52:11,293-INFO: loss: 0.601692  [   32/  215]
2023-01-10 04:52:22,298-INFO: loss: 0.500112  [   64/  215]
2023-01-10 04:52:32,822-INFO: loss: 0.745073  [   96/  215]
2023-01-10 04:52:42,423-INFO: loss: 0.714530  [  128/  215]
2023-01-10 04:52:53,201-INFO: loss: 0.694218  [  160/  215]
2023-01-10 04:53:03,818-INFO: loss: 0.695535  [  192/  215]
2023-01-10 04:53:11,332-INFO: loss: 0.668016  [  215/  215]
2023-01-10 04:54:22,887-INFO: Test Error: 
 Accuracy: 56.7%, Avg loss: 0.908249
2023-01-10 04:54:22,888-INFO: Start training the 14st epoch
2023-01-10 04:54:33,376-INFO: loss: 1.060870  [   32/  215]
2023-01-10 04:54:44,153-INFO: loss: 0.892967  [   64/  215]
2023-01-10 04:54:54,497-INFO: loss: 0.701783  [   96/  215]
2023-01-10 04:55:04,664-INFO: loss: 0.623624  [  128/  215]
2023-01-10 04:55:15,213-INFO: loss: 0.878746  [  160/  215]
2023-01-10 04:55:25,965-INFO: loss: 0.679182  [  192/  215]
2023-01-10 04:55:33,672-INFO: loss: 0.452540  [  215/  215]
2023-01-10 04:56:41,857-INFO: Test Error: 
 Accuracy: 74.9%, Avg loss: 0.675945
2023-01-10 04:56:43,042-INFO: vgg13_14 has been saved 

2023-01-10 04:56:43,042-INFO: Start training the 15st epoch
2023-01-10 04:56:52,957-INFO: loss: 0.684822  [   32/  215]
2023-01-10 04:57:03,116-INFO: loss: 1.538789  [   64/  215]
2023-01-10 04:57:12,901-INFO: loss: 0.662774  [   96/  215]
2023-01-10 04:57:22,687-INFO: loss: 0.867651  [  128/  215]
2023-01-10 04:57:33,254-INFO: loss: 0.935145  [  160/  215]
2023-01-10 04:57:43,727-INFO: loss: 0.730924  [  192/  215]
2023-01-10 04:57:50,839-INFO: loss: 0.944727  [  215/  215]
2023-01-10 04:58:59,631-INFO: Test Error: 
 Accuracy: 69.8%, Avg loss: 0.649950
2023-01-10 04:58:59,632-INFO: Start training the 16st epoch
2023-01-10 04:59:09,824-INFO: loss: 0.679650  [   32/  215]
2023-01-10 04:59:20,323-INFO: loss: 0.635944  [   64/  215]
2023-01-10 04:59:29,890-INFO: loss: 0.656104  [   96/  215]
2023-01-10 04:59:40,466-INFO: loss: 0.896138  [  128/  215]
2023-01-10 04:59:51,493-INFO: loss: 0.790347  [  160/  215]
2023-01-10 05:00:02,259-INFO: loss: 0.740491  [  192/  215]
2023-01-10 05:00:10,800-INFO: loss: 0.405588  [  215/  215]
2023-01-10 05:01:19,856-INFO: Test Error: 
 Accuracy: 65.1%, Avg loss: 0.813152
2023-01-10 05:01:19,857-INFO: Start training the 17st epoch
2023-01-10 05:01:30,613-INFO: loss: 0.716005  [   32/  215]
2023-01-10 05:01:41,054-INFO: loss: 0.602301  [   64/  215]
2023-01-10 05:01:50,883-INFO: loss: 0.634642  [   96/  215]
2023-01-10 05:02:01,060-INFO: loss: 0.597389  [  128/  215]
2023-01-10 05:02:11,265-INFO: loss: 0.598252  [  160/  215]
2023-01-10 05:02:21,929-INFO: loss: 0.534269  [  192/  215]
2023-01-10 05:02:29,461-INFO: loss: 0.748083  [  215/  215]
2023-01-10 05:03:39,453-INFO: Test Error: 
 Accuracy: 59.1%, Avg loss: 0.778834
2023-01-10 05:03:39,453-INFO: Start training the 18st epoch
