2023-01-13 17:26:38,797-INFO: Start training the 0st epoch
2023-01-13 17:26:48,862-INFO: loss: 1.143008  [   32/  215]
2023-01-13 17:26:56,559-INFO: loss: 0.689435  [   64/  215]
2023-01-13 17:27:04,231-INFO: loss: 0.249841  [   96/  215]
2023-01-13 17:27:11,595-INFO: loss: 0.004622  [  128/  215]
2023-01-13 17:27:19,684-INFO: loss: 0.002295  [  160/  215]
2023-01-13 17:27:27,247-INFO: loss: 0.505423  [  192/  215]
2023-01-13 17:27:32,103-INFO: loss: 0.474201  [  215/  215]
2023-01-13 17:28:19,002-INFO: Test Error: 
 Accuracy: 34.0%, Avg loss: 99.676976
2023-01-13 17:28:19,002-INFO: Start training the 1st epoch
2023-01-13 17:28:26,387-INFO: loss: 0.540497  [   32/  215]
2023-01-13 17:28:33,173-INFO: loss: 0.400847  [   64/  215]
2023-01-13 17:28:40,199-INFO: loss: 0.003225  [   96/  215]
2023-01-13 17:28:47,265-INFO: loss: 0.141479  [  128/  215]
2023-01-13 17:28:54,163-INFO: loss: 0.389148  [  160/  215]
2023-01-13 17:29:01,339-INFO: loss: 0.302876  [  192/  215]
2023-01-13 17:29:06,255-INFO: loss: 0.250575  [  215/  215]
2023-01-13 17:29:53,554-INFO: Test Error: 
 Accuracy: 35.8%, Avg loss: 493.384707
2023-01-13 17:29:53,554-INFO: Start training the 2st epoch
2023-01-13 17:30:01,000-INFO: loss: 0.845870  [   32/  215]
2023-01-13 17:30:08,399-INFO: loss: 0.051960  [   64/  215]
2023-01-13 17:30:15,997-INFO: loss: 0.372814  [   96/  215]
2023-01-13 17:30:23,627-INFO: loss: 0.074136  [  128/  215]
2023-01-13 17:30:31,129-INFO: loss: 0.150050  [  160/  215]
2023-01-13 17:30:39,188-INFO: loss: 0.047187  [  192/  215]
2023-01-13 17:30:44,853-INFO: loss: 2.511010  [  215/  215]
2023-01-13 17:31:34,092-INFO: Test Error: 
 Accuracy: 52.1%, Avg loss: 24.642971
2023-01-13 17:31:34,093-INFO: Start training the 3st epoch
2023-01-13 17:31:41,326-INFO: loss: 0.451465  [   32/  215]
2023-01-13 17:31:48,501-INFO: loss: 0.293258  [   64/  215]
2023-01-13 17:31:55,697-INFO: loss: 0.138304  [   96/  215]
2023-01-13 17:32:03,138-INFO: loss: 0.257756  [  128/  215]
2023-01-13 17:32:10,730-INFO: loss: 0.344012  [  160/  215]
2023-01-13 17:32:18,113-INFO: loss: 0.410886  [  192/  215]
2023-01-13 17:32:23,208-INFO: loss: 0.035987  [  215/  215]
2023-01-13 17:33:11,304-INFO: Test Error: 
 Accuracy: 37.2%, Avg loss: 95.677237
2023-01-13 17:33:11,304-INFO: Start training the 4st epoch
2023-01-13 17:33:19,274-INFO: loss: 0.046914  [   32/  215]
2023-01-13 17:33:26,545-INFO: loss: 0.941297  [   64/  215]
2023-01-13 17:33:33,757-INFO: loss: 0.316153  [   96/  215]
2023-01-13 17:33:40,304-INFO: loss: 0.185416  [  128/  215]
2023-01-13 17:33:47,117-INFO: loss: 0.111783  [  160/  215]
2023-01-13 17:33:54,477-INFO: loss: 0.002977  [  192/  215]
2023-01-13 17:34:00,582-INFO: loss: 0.038228  [  215/  215]
2023-01-13 17:34:52,282-INFO: Test Error: 
 Accuracy: 74.9%, Avg loss: 12.036542
2023-01-13 17:34:52,536-INFO: resnet50_4 has been saved 

2023-01-13 17:34:52,537-INFO: Start training the 5st epoch
2023-01-13 17:35:00,026-INFO: loss: 0.142504  [   32/  215]
2023-01-13 17:35:07,439-INFO: loss: 0.050950  [   64/  215]
2023-01-13 17:35:15,265-INFO: loss: 0.017075  [   96/  215]
2023-01-13 17:35:22,424-INFO: loss: 0.091204  [  128/  215]
2023-01-13 17:35:29,428-INFO: loss: 0.056196  [  160/  215]
2023-01-13 17:35:37,425-INFO: loss: 0.007976  [  192/  215]
2023-01-13 17:35:43,013-INFO: loss: 0.010838  [  215/  215]
2023-01-13 17:36:32,496-INFO: Test Error: 
 Accuracy: 94.4%, Avg loss: 4.587951
2023-01-13 17:36:32,497-INFO: Start training the 6st epoch
2023-01-13 17:36:40,007-INFO: loss: 0.006065  [   32/  215]
2023-01-13 17:36:46,992-INFO: loss: 0.137933  [   64/  215]
2023-01-13 17:36:54,824-INFO: loss: 0.000828  [   96/  215]
2023-01-13 17:37:02,416-INFO: loss: 0.003647  [  128/  215]
2023-01-13 17:37:09,801-INFO: loss: 0.003096  [  160/  215]
2023-01-13 17:37:17,655-INFO: loss: 0.000558  [  192/  215]
2023-01-13 17:37:22,760-INFO: loss: 0.032901  [  215/  215]
2023-01-13 17:38:14,374-INFO: Test Error: 
 Accuracy: 98.6%, Avg loss: 0.898375
2023-01-13 17:38:14,374-INFO: Start training the 7st epoch
2023-01-13 17:38:22,178-INFO: loss: 0.002660  [   32/  215]
2023-01-13 17:38:29,572-INFO: loss: 0.031097  [   64/  215]
2023-01-13 17:38:37,404-INFO: loss: 0.000339  [   96/  215]
2023-01-13 17:38:44,986-INFO: loss: 0.207435  [  128/  215]
2023-01-13 17:38:53,167-INFO: loss: 0.025368  [  160/  215]
2023-01-13 17:39:00,787-INFO: loss: 0.001462  [  192/  215]
2023-01-13 17:39:06,505-INFO: loss: 0.027724  [  215/  215]
2023-01-13 17:39:56,997-INFO: Test Error: 
 Accuracy: 94.9%, Avg loss: 0.168832
2023-01-13 17:39:56,997-INFO: Start training the 8st epoch
2023-01-13 17:40:04,543-INFO: loss: 0.003496  [   32/  215]
2023-01-13 17:40:12,150-INFO: loss: 0.009171  [   64/  215]
2023-01-13 17:40:19,557-INFO: loss: 0.023094  [   96/  215]
2023-01-13 17:40:27,328-INFO: loss: 0.046405  [  128/  215]
2023-01-13 17:40:34,942-INFO: loss: 0.035795  [  160/  215]
2023-01-13 17:40:42,731-INFO: loss: 0.011159  [  192/  215]
2023-01-13 17:40:48,063-INFO: loss: 0.067943  [  215/  215]
2023-01-13 17:41:38,369-INFO: Test Error: 
 Accuracy: 99.1%, Avg loss: 0.016738
2023-01-13 17:41:38,370-INFO: Start training the 9st epoch
2023-01-13 17:41:46,110-INFO: loss: 0.009979  [   32/  215]
2023-01-13 17:41:53,517-INFO: loss: 0.009319  [   64/  215]
2023-01-13 17:42:01,240-INFO: loss: 0.002365  [   96/  215]
2023-01-13 17:42:08,891-INFO: loss: 0.018526  [  128/  215]
2023-01-13 17:42:16,689-INFO: loss: 0.000078  [  160/  215]
2023-01-13 17:42:24,301-INFO: loss: 0.001577  [  192/  215]
2023-01-13 17:42:29,439-INFO: loss: 0.002034  [  215/  215]
2023-01-13 17:43:18,138-INFO: Test Error: 
 Accuracy: 99.1%, Avg loss: 0.013239
2023-01-13 17:43:18,412-INFO: resnet50_9 has been saved 

2023-01-13 17:43:18,412-INFO: Start training the 10st epoch
2023-01-13 17:43:25,962-INFO: loss: 0.000035  [   32/  215]
2023-01-13 17:43:33,486-INFO: loss: 0.000770  [   64/  215]
2023-01-13 17:43:41,068-INFO: loss: 0.020527  [   96/  215]
2023-01-13 17:43:48,268-INFO: loss: 0.006313  [  128/  215]
2023-01-13 17:43:55,878-INFO: loss: 0.008392  [  160/  215]
2023-01-13 17:44:03,103-INFO: loss: 0.000602  [  192/  215]
2023-01-13 17:44:08,020-INFO: loss: 0.036406  [  215/  215]
2023-01-13 17:44:57,180-INFO: Test Error: 
 Accuracy: 99.1%, Avg loss: 0.020544
2023-01-13 17:44:57,180-INFO: Start training the 11st epoch
2023-01-13 17:45:05,053-INFO: loss: 0.000067  [   32/  215]
2023-01-13 17:45:12,248-INFO: loss: 0.005909  [   64/  215]
2023-01-13 17:45:19,639-INFO: loss: 0.001153  [   96/  215]
2023-01-13 17:45:26,456-INFO: loss: 0.434948  [  128/  215]
2023-01-13 17:45:34,047-INFO: loss: 0.032565  [  160/  215]
2023-01-13 17:45:41,233-INFO: loss: 0.000036  [  192/  215]
2023-01-13 17:45:46,573-INFO: loss: 0.228239  [  215/  215]
2023-01-13 17:46:37,284-INFO: Test Error: 
 Accuracy: 70.7%, Avg loss: 28.302713
2023-01-13 17:46:37,285-INFO: Start training the 12st epoch
2023-01-13 17:46:44,828-INFO: loss: 0.149913  [   32/  215]
2023-01-13 17:46:52,890-INFO: loss: 0.273023  [   64/  215]
2023-01-13 17:47:00,604-INFO: loss: 0.001587  [   96/  215]
2023-01-13 17:47:08,219-INFO: loss: 0.126466  [  128/  215]
2023-01-13 17:47:15,419-INFO: loss: 0.074174  [  160/  215]
2023-01-13 17:47:22,995-INFO: loss: 0.006937  [  192/  215]
2023-01-13 17:47:28,971-INFO: loss: 0.085544  [  215/  215]
2023-01-13 17:48:20,194-INFO: Test Error: 
 Accuracy: 97.7%, Avg loss: 0.045941
2023-01-13 17:48:20,194-INFO: Start training the 13st epoch
2023-01-13 17:48:27,598-INFO: loss: 0.063533  [   32/  215]
2023-01-13 17:48:35,172-INFO: loss: 0.004280  [   64/  215]
2023-01-13 17:48:42,370-INFO: loss: 0.053047  [   96/  215]
2023-01-13 17:48:49,590-INFO: loss: 0.245479  [  128/  215]
2023-01-13 17:48:56,988-INFO: loss: 0.037706  [  160/  215]
2023-01-13 17:49:04,621-INFO: loss: 0.012646  [  192/  215]
2023-01-13 17:49:10,118-INFO: loss: 0.130610  [  215/  215]
2023-01-13 17:50:01,025-INFO: Test Error: 
 Accuracy: 99.5%, Avg loss: 0.018998
2023-01-13 17:50:01,026-INFO: Start training the 14st epoch
2023-01-13 17:50:08,400-INFO: loss: 0.001420  [   32/  215]
2023-01-13 17:50:15,986-INFO: loss: 0.017805  [   64/  215]
2023-01-13 17:50:23,354-INFO: loss: 0.011266  [   96/  215]
2023-01-13 17:50:30,153-INFO: loss: 0.029097  [  128/  215]
2023-01-13 17:50:37,791-INFO: loss: 0.000774  [  160/  215]
2023-01-13 17:50:44,965-INFO: loss: 0.002001  [  192/  215]
2023-01-13 17:50:50,299-INFO: loss: 0.002737  [  215/  215]
2023-01-13 17:51:39,197-INFO: Test Error: 
 Accuracy: 93.0%, Avg loss: 0.261319
2023-01-13 17:51:39,456-INFO: resnet50_14 has been saved 

2023-01-13 17:51:39,457-INFO: Start training the 15st epoch
2023-01-13 17:51:46,757-INFO: loss: 0.001071  [   32/  215]
2023-01-13 17:51:54,762-INFO: loss: 0.014762  [   64/  215]
2023-01-13 17:52:02,162-INFO: loss: 0.024188  [   96/  215]
2023-01-13 17:52:09,523-INFO: loss: 0.005360  [  128/  215]
2023-01-13 17:52:16,546-INFO: loss: 0.000198  [  160/  215]
2023-01-13 17:52:24,113-INFO: loss: 0.027458  [  192/  215]
2023-01-13 17:52:29,261-INFO: loss: 0.008756  [  215/  215]
2023-01-13 17:53:18,171-INFO: Test Error: 
 Accuracy: 89.3%, Avg loss: 0.572704
2023-01-13 17:53:18,172-INFO: Start training the 16st epoch
2023-01-13 17:53:25,560-INFO: loss: 0.024125  [   32/  215]
2023-01-13 17:53:33,092-INFO: loss: 0.001559  [   64/  215]
2023-01-13 17:53:40,770-INFO: loss: 0.001035  [   96/  215]
2023-01-13 17:53:47,922-INFO: loss: 0.001316  [  128/  215]
2023-01-13 17:53:55,324-INFO: loss: 0.000199  [  160/  215]
2023-01-13 17:54:02,945-INFO: loss: 0.013963  [  192/  215]
2023-01-13 17:54:08,253-INFO: loss: 0.000035  [  215/  215]
2023-01-13 17:54:58,341-INFO: Test Error: 
 Accuracy: 82.8%, Avg loss: 1.294783
2023-01-13 17:54:58,342-INFO: Start training the 17st epoch
2023-01-13 17:55:05,891-INFO: loss: 0.001639  [   32/  215]
2023-01-13 17:55:13,084-INFO: loss: 0.018449  [   64/  215]
2023-01-13 17:55:20,490-INFO: loss: 0.000141  [   96/  215]
2023-01-13 17:55:27,883-INFO: loss: 0.011377  [  128/  215]
2023-01-13 17:55:35,066-INFO: loss: 0.006619  [  160/  215]
2023-01-13 17:55:42,880-INFO: loss: 0.009433  [  192/  215]
2023-01-13 17:55:48,429-INFO: loss: 0.000148  [  215/  215]
2023-01-13 17:56:39,498-INFO: Test Error: 
 Accuracy: 84.2%, Avg loss: 0.711721
2023-01-13 17:56:39,498-INFO: Start training the 18st epoch
2023-01-13 17:56:46,885-INFO: loss: 0.000401  [   32/  215]
2023-01-13 17:56:55,077-INFO: loss: 0.000349  [   64/  215]
2023-01-13 17:57:02,676-INFO: loss: 0.005338  [   96/  215]
2023-01-13 17:57:10,431-INFO: loss: 0.000083  [  128/  215]
2023-01-13 17:57:18,257-INFO: loss: 0.000012  [  160/  215]
2023-01-13 17:57:25,643-INFO: loss: 0.000004  [  192/  215]
2023-01-13 17:57:30,578-INFO: loss: 0.005682  [  215/  215]
2023-01-13 17:58:19,477-INFO: Test Error: 
 Accuracy: 97.2%, Avg loss: 0.064749
2023-01-13 17:58:19,478-INFO: Start training the 19st epoch
2023-01-13 17:58:27,443-INFO: loss: 0.003544  [   32/  215]
2023-01-13 17:58:35,028-INFO: loss: 0.000001  [   64/  215]
2023-01-13 17:58:42,420-INFO: loss: 0.000052  [   96/  215]
2023-01-13 17:58:49,206-INFO: loss: 0.006881  [  128/  215]
2023-01-13 17:58:56,201-INFO: loss: 0.000016  [  160/  215]
2023-01-13 17:59:03,831-INFO: loss: 0.000060  [  192/  215]
2023-01-13 17:59:08,923-INFO: loss: 0.003803  [  215/  215]
2023-01-13 17:59:58,635-INFO: Test Error: 
 Accuracy: 100.0%, Avg loss: 0.000939
2023-01-13 17:59:58,885-INFO: resnet50_19 has been saved 

2023-01-13 17:59:58,886-INFO: Start training the 20st epoch
2023-01-13 18:00:06,621-INFO: loss: 0.001513  [   32/  215]
2023-01-13 18:00:14,630-INFO: loss: 0.000002  [   64/  215]
2023-01-13 18:00:22,189-INFO: loss: 0.000142  [   96/  215]
2023-01-13 18:00:29,380-INFO: loss: 0.000033  [  128/  215]
2023-01-13 18:00:36,572-INFO: loss: 0.000011  [  160/  215]
2023-01-13 18:00:44,221-INFO: loss: 0.000048  [  192/  215]
2023-01-13 18:00:49,124-INFO: loss: 0.000313  [  215/  215]
2023-01-13 18:01:39,636-INFO: Test Error: 
 Accuracy: 100.0%, Avg loss: 0.000196
2023-01-13 18:01:39,636-INFO: Start training the 21st epoch
2023-01-13 18:01:47,175-INFO: loss: 0.000024  [   32/  215]
2023-01-13 18:01:54,791-INFO: loss: 0.000004  [   64/  215]
2023-01-13 18:02:02,544-INFO: loss: 0.000008  [   96/  215]
2023-01-13 18:02:10,165-INFO: loss: 0.000010  [  128/  215]
2023-01-13 18:02:17,776-INFO: loss: 0.000597  [  160/  215]
2023-01-13 18:02:25,578-INFO: loss: 0.000007  [  192/  215]
2023-01-13 18:02:31,107-INFO: loss: 0.001135  [  215/  215]
2023-01-13 18:03:20,180-INFO: Test Error: 
 Accuracy: 100.0%, Avg loss: 0.000090
2023-01-13 18:03:20,181-INFO: Start training the 22st epoch
2023-01-13 18:03:27,741-INFO: loss: 0.000175  [   32/  215]
2023-01-13 18:03:35,748-INFO: loss: 0.000145  [   64/  215]
2023-01-13 18:03:43,348-INFO: loss: 0.000074  [   96/  215]
2023-01-13 18:03:50,911-INFO: loss: 0.000561  [  128/  215]
2023-01-13 18:03:58,933-INFO: loss: 0.000002  [  160/  215]
2023-01-13 18:04:06,927-INFO: loss: 0.000014  [  192/  215]
2023-01-13 18:04:12,074-INFO: loss: 0.000545  [  215/  215]
2023-01-13 18:05:03,364-INFO: Test Error: 
 Accuracy: 100.0%, Avg loss: 0.000059
2023-01-13 18:05:03,364-INFO: Start training the 23st epoch
2023-01-13 18:05:11,122-INFO: loss: 0.000013  [   32/  215]
2023-01-13 18:05:18,939-INFO: loss: 0.000005  [   64/  215]
2023-01-13 18:05:26,707-INFO: loss: 0.000233  [   96/  215]
2023-01-13 18:05:34,299-INFO: loss: 0.000001  [  128/  215]
2023-01-13 18:05:41,480-INFO: loss: 0.000002  [  160/  215]
2023-01-13 18:05:48,674-INFO: loss: 0.000016  [  192/  215]
2023-01-13 18:05:53,802-INFO: loss: 0.000358  [  215/  215]
2023-01-13 18:06:44,632-INFO: Test Error: 
 Accuracy: 100.0%, Avg loss: 0.000041
2023-01-13 18:06:44,632-INFO: Start training the 24st epoch
2023-01-13 18:06:51,699-INFO: loss: 0.000254  [   32/  215]
2023-01-13 18:06:59,454-INFO: loss: 0.000005  [   64/  215]
2023-01-13 18:07:06,661-INFO: loss: 0.000000  [   96/  215]
2023-01-13 18:07:13,465-INFO: loss: 0.000003  [  128/  215]
2023-01-13 18:07:21,075-INFO: loss: 0.000000  [  160/  215]
2023-01-13 18:07:28,253-INFO: loss: 0.000142  [  192/  215]
2023-01-13 18:07:33,608-INFO: loss: 0.000029  [  215/  215]
2023-01-13 18:08:22,689-INFO: Test Error: 
 Accuracy: 100.0%, Avg loss: 0.000033
2023-01-13 18:08:22,928-INFO: resnet50_24 has been saved 

2023-01-13 18:08:22,929-INFO: Start training the 25st epoch
2023-01-13 18:08:30,459-INFO: loss: 0.000009  [   32/  215]
2023-01-13 18:08:37,826-INFO: loss: 0.000001  [   64/  215]
2023-01-13 18:08:45,230-INFO: loss: 0.000171  [   96/  215]
2023-01-13 18:08:52,282-INFO: loss: 0.086554  [  128/  215]
2023-01-13 18:08:59,837-INFO: loss: 0.000031  [  160/  215]
2023-01-13 18:09:07,851-INFO: loss: 0.085093  [  192/  215]
2023-01-13 18:09:13,382-INFO: loss: 0.000542  [  215/  215]
2023-01-13 18:10:02,718-INFO: Test Error: 
 Accuracy: 91.6%, Avg loss: 0.723172
2023-01-13 18:10:02,719-INFO: Start training the 26st epoch
2023-01-13 18:10:10,236-INFO: loss: 0.001876  [   32/  215]
2023-01-13 18:10:17,805-INFO: loss: 0.256345  [   64/  215]
2023-01-13 18:10:25,228-INFO: loss: 0.000480  [   96/  215]
2023-01-13 18:10:32,399-INFO: loss: 0.000565  [  128/  215]
2023-01-13 18:10:39,988-INFO: loss: 0.031137  [  160/  215]
2023-01-13 18:10:47,630-INFO: loss: 0.002590  [  192/  215]
2023-01-13 18:10:52,968-INFO: loss: 0.026372  [  215/  215]
2023-01-13 18:11:43,830-INFO: Test Error: 
 Accuracy: 87.0%, Avg loss: 2.098890
2023-01-13 18:11:43,830-INFO: Start training the 27st epoch
2023-01-13 18:11:51,201-INFO: loss: 0.075446  [   32/  215]
2023-01-13 18:11:58,396-INFO: loss: 0.011515  [   64/  215]
2023-01-13 18:12:05,787-INFO: loss: 0.003005  [   96/  215]
2023-01-13 18:12:13,591-INFO: loss: 0.008376  [  128/  215]
2023-01-13 18:12:21,389-INFO: loss: 0.000270  [  160/  215]
2023-01-13 18:12:28,557-INFO: loss: 0.066979  [  192/  215]
2023-01-13 18:12:33,922-INFO: loss: 0.002182  [  215/  215]
2023-01-13 18:13:23,005-INFO: Test Error: 
 Accuracy: 67.0%, Avg loss: 1.663143
2023-01-13 18:13:23,005-INFO: Start training the 28st epoch
2023-01-13 18:13:30,178-INFO: loss: 0.009310  [   32/  215]
2023-01-13 18:13:37,571-INFO: loss: 0.013162  [   64/  215]
2023-01-13 18:13:45,370-INFO: loss: 0.222403  [   96/  215]
2023-01-13 18:13:52,970-INFO: loss: 0.002813  [  128/  215]
2023-01-13 18:14:00,757-INFO: loss: 0.009356  [  160/  215]
2023-01-13 18:14:08,768-INFO: loss: 0.085192  [  192/  215]
2023-01-13 18:14:14,091-INFO: loss: 0.005299  [  215/  215]
2023-01-13 18:15:04,408-INFO: Test Error: 
 Accuracy: 99.1%, Avg loss: 0.162654
2023-01-13 18:15:04,408-INFO: Start training the 29st epoch
2023-01-13 18:15:12,136-INFO: loss: 0.064532  [   32/  215]
2023-01-13 18:15:19,957-INFO: loss: 0.436626  [   64/  215]
2023-01-13 18:15:26,941-INFO: loss: 0.003762  [   96/  215]
2023-01-13 18:15:34,104-INFO: loss: 0.021086  [  128/  215]
2023-01-13 18:15:42,327-INFO: loss: 0.002797  [  160/  215]
2023-01-13 18:15:50,336-INFO: loss: 0.121700  [  192/  215]
2023-01-13 18:15:55,369-INFO: loss: 0.172572  [  215/  215]
2023-01-13 18:16:46,557-INFO: Test Error: 
 Accuracy: 75.3%, Avg loss: 0.857952
2023-01-13 18:16:46,806-INFO: resnet50_29 has been saved 

