2023-01-11 21:49:56,584-INFO: Start training the 0st epoch
2023-01-11 21:50:12,126-INFO: loss: 0.995692  [   32/  215]
2023-01-11 21:50:23,337-INFO: loss: 1.110748  [   64/  215]
2023-01-11 21:50:35,323-INFO: loss: 6.826401  [   96/  215]
2023-01-11 21:50:47,020-INFO: loss: 10.377321  [  128/  215]
2023-01-11 21:50:58,625-INFO: loss: 2.982380  [  160/  215]
2023-01-11 21:51:09,976-INFO: loss: 1.310563  [  192/  215]
2023-01-11 21:51:18,452-INFO: loss: 1.708868  [  215/  215]
2023-01-11 21:52:28,359-INFO: Test Error: 
 Accuracy: 33.5%, Avg loss: 1.421878
2023-01-11 21:52:28,359-INFO: Start training the 1st epoch
2023-01-11 21:52:38,594-INFO: loss: 0.992531  [   32/  215]
2023-01-11 21:52:48,698-INFO: loss: 1.418692  [   64/  215]
2023-01-11 21:52:59,078-INFO: loss: 1.300951  [   96/  215]
2023-01-11 21:53:09,510-INFO: loss: 1.125188  [  128/  215]
2023-01-11 21:53:20,331-INFO: loss: 1.366270  [  160/  215]
2023-01-11 21:53:30,105-INFO: loss: 1.458429  [  192/  215]
2023-01-11 21:53:37,906-INFO: loss: 1.355836  [  215/  215]
2023-01-11 21:54:46,921-INFO: Test Error: 
 Accuracy: 33.5%, Avg loss: 1.283626
2023-01-11 21:54:46,922-INFO: Start training the 2st epoch
2023-01-11 21:54:57,603-INFO: loss: 1.429958  [   32/  215]
2023-01-11 21:55:07,593-INFO: loss: 1.141557  [   64/  215]
2023-01-11 21:55:17,820-INFO: loss: 1.283597  [   96/  215]
2023-01-11 21:55:28,859-INFO: loss: 1.109019  [  128/  215]
2023-01-11 21:55:39,252-INFO: loss: 1.102515  [  160/  215]
2023-01-11 21:55:50,060-INFO: loss: 1.022729  [  192/  215]
2023-01-11 21:55:57,266-INFO: loss: 1.315997  [  215/  215]
2023-01-11 21:57:08,000-INFO: Test Error: 
 Accuracy: 33.5%, Avg loss: 1.294734
2023-01-11 21:57:08,001-INFO: Start training the 3st epoch
2023-01-11 21:57:18,319-INFO: loss: 1.472481  [   32/  215]
2023-01-11 21:57:29,247-INFO: loss: 1.265104  [   64/  215]
2023-01-11 21:57:40,142-INFO: loss: 1.082265  [   96/  215]
2023-01-11 21:57:51,109-INFO: loss: 1.145380  [  128/  215]
2023-01-11 21:58:02,527-INFO: loss: 1.163772  [  160/  215]
2023-01-11 21:58:13,730-INFO: loss: 1.134618  [  192/  215]
2023-01-11 21:58:21,816-INFO: loss: 1.127990  [  215/  215]
2023-01-11 21:59:36,758-INFO: Test Error: 
 Accuracy: 33.5%, Avg loss: 1.132213
2023-01-11 21:59:36,758-INFO: Start training the 4st epoch
2023-01-11 21:59:47,522-INFO: loss: 1.162913  [   32/  215]
2023-01-11 21:59:57,770-INFO: loss: 1.101741  [   64/  215]
2023-01-11 22:00:08,468-INFO: loss: 1.105965  [   96/  215]
2023-01-11 22:00:19,110-INFO: loss: 1.135703  [  128/  215]
2023-01-11 22:00:30,073-INFO: loss: 1.102025  [  160/  215]
2023-01-11 22:00:41,049-INFO: loss: 1.093039  [  192/  215]
2023-01-11 22:00:48,731-INFO: loss: 1.149371  [  215/  215]
2023-01-11 22:02:04,334-INFO: Test Error: 
 Accuracy: 33.5%, Avg loss: 1.155061
2023-01-11 22:02:05,054-INFO: vit_b_16_4 has been saved 

2023-01-11 22:02:05,054-INFO: Start training the 5st epoch
2023-01-11 22:02:15,634-INFO: loss: 1.118637  [   32/  215]
2023-01-11 22:02:26,719-INFO: loss: 1.118595  [   64/  215]
2023-01-11 22:02:37,582-INFO: loss: 1.148146  [   96/  215]
2023-01-11 22:02:47,653-INFO: loss: 1.080345  [  128/  215]
2023-01-11 22:02:58,815-INFO: loss: 1.117064  [  160/  215]
2023-01-11 22:03:09,832-INFO: loss: 1.198007  [  192/  215]
2023-01-11 22:03:17,279-INFO: loss: 1.171467  [  215/  215]
2023-01-11 22:04:32,286-INFO: Test Error: 
 Accuracy: 33.5%, Avg loss: 1.094919
2023-01-11 22:04:32,286-INFO: Start training the 6st epoch
2023-01-11 22:04:42,989-INFO: loss: 1.110172  [   32/  215]
2023-01-11 22:04:53,810-INFO: loss: 1.124053  [   64/  215]
2023-01-11 22:05:04,731-INFO: loss: 1.163910  [   96/  215]
2023-01-11 22:05:15,624-INFO: loss: 1.298777  [  128/  215]
2023-01-11 22:05:26,772-INFO: loss: 1.090700  [  160/  215]
2023-01-11 22:05:37,777-INFO: loss: 1.104315  [  192/  215]
2023-01-11 22:05:45,698-INFO: loss: 1.178077  [  215/  215]
2023-01-11 22:07:00,824-INFO: Test Error: 
 Accuracy: 33.5%, Avg loss: 1.120116
2023-01-11 22:07:00,824-INFO: Start training the 7st epoch
2023-01-11 22:07:11,968-INFO: loss: 1.126777  [   32/  215]
2023-01-11 22:07:22,559-INFO: loss: 1.068752  [   64/  215]
2023-01-11 22:07:33,679-INFO: loss: 1.214717  [   96/  215]
2023-01-11 22:07:44,718-INFO: loss: 1.119595  [  128/  215]
2023-01-11 22:07:55,176-INFO: loss: 1.098968  [  160/  215]
2023-01-11 22:08:05,240-INFO: loss: 1.159132  [  192/  215]
2023-01-11 22:08:12,874-INFO: loss: 1.191297  [  215/  215]
2023-01-11 22:09:26,016-INFO: Test Error: 
 Accuracy: 33.0%, Avg loss: 1.143937
2023-01-11 22:09:26,016-INFO: Start training the 8st epoch
2023-01-11 22:09:36,709-INFO: loss: 1.080963  [   32/  215]
2023-01-11 22:09:47,313-INFO: loss: 1.138589  [   64/  215]
2023-01-11 22:09:58,900-INFO: loss: 1.109008  [   96/  215]
2023-01-11 22:10:10,100-INFO: loss: 1.099375  [  128/  215]
2023-01-11 22:10:21,500-INFO: loss: 1.104420  [  160/  215]
2023-01-11 22:10:32,301-INFO: loss: 1.084936  [  192/  215]
2023-01-11 22:10:39,957-INFO: loss: 1.081167  [  215/  215]
2023-01-11 22:11:55,351-INFO: Test Error: 
 Accuracy: 33.5%, Avg loss: 1.101560
2023-01-11 22:11:55,352-INFO: Start training the 9st epoch
2023-01-11 22:12:06,487-INFO: loss: 1.110760  [   32/  215]
2023-01-11 22:12:17,476-INFO: loss: 1.074923  [   64/  215]
2023-01-11 22:12:28,135-INFO: loss: 1.114927  [   96/  215]
2023-01-11 22:12:39,195-INFO: loss: 1.069005  [  128/  215]
2023-01-11 22:12:50,663-INFO: loss: 1.127449  [  160/  215]
2023-01-11 22:13:01,827-INFO: loss: 1.140511  [  192/  215]
2023-01-11 22:13:09,369-INFO: loss: 1.124300  [  215/  215]
2023-01-11 22:14:26,106-INFO: Test Error: 
 Accuracy: 33.5%, Avg loss: 1.101025
2023-01-11 22:14:26,844-INFO: vit_b_16_9 has been saved 

2023-01-11 22:14:26,845-INFO: Start training the 10st epoch
2023-01-11 22:14:37,919-INFO: loss: 1.101007  [   32/  215]
2023-01-11 22:14:48,195-INFO: loss: 1.111110  [   64/  215]
2023-01-11 22:14:59,038-INFO: loss: 1.112969  [   96/  215]
2023-01-11 22:15:09,856-INFO: loss: 1.129429  [  128/  215]
2023-01-11 22:15:20,716-INFO: loss: 1.113570  [  160/  215]
2023-01-11 22:15:30,848-INFO: loss: 1.084200  [  192/  215]
2023-01-11 22:15:38,453-INFO: loss: 1.120411  [  215/  215]
2023-01-11 22:16:50,243-INFO: Test Error: 
 Accuracy: 33.0%, Avg loss: 1.096611
2023-01-11 22:16:50,243-INFO: Start training the 11st epoch
2023-01-11 22:17:01,012-INFO: loss: 1.115521  [   32/  215]
2023-01-11 22:17:11,796-INFO: loss: 1.115357  [   64/  215]
2023-01-11 22:17:22,825-INFO: loss: 1.095174  [   96/  215]
2023-01-11 22:17:33,490-INFO: loss: 1.093066  [  128/  215]
2023-01-11 22:17:44,123-INFO: loss: 1.101154  [  160/  215]
2023-01-11 22:17:55,388-INFO: loss: 1.108069  [  192/  215]
2023-01-11 22:18:02,996-INFO: loss: 1.105070  [  215/  215]
2023-01-11 22:19:13,809-INFO: Test Error: 
 Accuracy: 33.5%, Avg loss: 1.090106
2023-01-11 22:19:13,810-INFO: Start training the 12st epoch
2023-01-11 22:19:24,147-INFO: loss: 1.095856  [   32/  215]
2023-01-11 22:19:35,137-INFO: loss: 1.083850  [   64/  215]
2023-01-11 22:19:46,741-INFO: loss: 1.099270  [   96/  215]
2023-01-11 22:19:57,930-INFO: loss: 1.075516  [  128/  215]
2023-01-11 22:20:08,694-INFO: loss: 1.100169  [  160/  215]
2023-01-11 22:20:19,300-INFO: loss: 1.107709  [  192/  215]
2023-01-11 22:20:26,746-INFO: loss: 1.121757  [  215/  215]
2023-01-11 22:21:39,376-INFO: Test Error: 
 Accuracy: 33.5%, Avg loss: 1.093765
2023-01-11 22:21:39,376-INFO: Start training the 13st epoch
2023-01-11 22:21:49,942-INFO: loss: 1.083850  [   32/  215]
2023-01-11 22:22:00,153-INFO: loss: 1.098802  [   64/  215]
2023-01-11 22:22:10,751-INFO: loss: 1.102014  [   96/  215]
2023-01-11 22:22:21,280-INFO: loss: 1.094350  [  128/  215]
2023-01-11 22:22:31,160-INFO: loss: 1.088063  [  160/  215]
2023-01-11 22:22:41,345-INFO: loss: 1.083164  [  192/  215]
2023-01-11 22:22:49,324-INFO: loss: 1.116478  [  215/  215]
2023-01-11 22:23:59,544-INFO: Test Error: 
 Accuracy: 33.5%, Avg loss: 1.085113
2023-01-11 22:23:59,545-INFO: Start training the 14st epoch
2023-01-11 22:24:10,286-INFO: loss: 1.110901  [   32/  215]
2023-01-11 22:24:21,675-INFO: loss: 1.089109  [   64/  215]
2023-01-11 22:24:32,079-INFO: loss: 1.091943  [   96/  215]
2023-01-11 22:24:42,656-INFO: loss: 1.103714  [  128/  215]
2023-01-11 22:24:53,345-INFO: loss: 1.071477  [  160/  215]
2023-01-11 22:25:03,848-INFO: loss: 1.088517  [  192/  215]
2023-01-11 22:25:11,749-INFO: loss: 1.090101  [  215/  215]
2023-01-11 22:26:24,895-INFO: Test Error: 
 Accuracy: 62.3%, Avg loss: 1.079675
2023-01-11 22:26:25,655-INFO: vit_b_16_14 has been saved 

2023-01-11 22:26:25,656-INFO: Start training the 15st epoch
2023-01-11 22:26:35,831-INFO: loss: 1.084110  [   32/  215]
2023-01-11 22:26:46,481-INFO: loss: 1.077485  [   64/  215]
2023-01-11 22:26:56,774-INFO: loss: 1.067642  [   96/  215]
2023-01-11 22:27:07,810-INFO: loss: 1.070723  [  128/  215]
2023-01-11 22:27:18,797-INFO: loss: 1.113884  [  160/  215]
2023-01-11 22:27:29,584-INFO: loss: 1.079456  [  192/  215]
2023-01-11 22:27:37,152-INFO: loss: 1.068190  [  215/  215]
2023-01-11 22:28:52,868-INFO: Test Error: 
 Accuracy: 48.4%, Avg loss: 1.062752
2023-01-11 22:28:52,869-INFO: Start training the 16st epoch
2023-01-11 22:29:03,480-INFO: loss: 1.068794  [   32/  215]
2023-01-11 22:29:14,594-INFO: loss: 1.079357  [   64/  215]
2023-01-11 22:29:25,452-INFO: loss: 1.034527  [   96/  215]
2023-01-11 22:29:35,596-INFO: loss: 1.031481  [  128/  215]
2023-01-11 22:29:45,969-INFO: loss: 1.087669  [  160/  215]
2023-01-11 22:29:57,075-INFO: loss: 1.021933  [  192/  215]
2023-01-11 22:30:04,967-INFO: loss: 1.091518  [  215/  215]
2023-01-11 22:31:14,204-INFO: Test Error: 
 Accuracy: 53.5%, Avg loss: 0.991064
2023-01-11 22:31:14,205-INFO: Start training the 17st epoch
2023-01-11 22:31:24,547-INFO: loss: 0.978212  [   32/  215]
2023-01-11 22:31:34,256-INFO: loss: 0.937076  [   64/  215]
2023-01-11 22:31:45,935-INFO: loss: 0.913662  [   96/  215]
2023-01-11 22:31:57,415-INFO: loss: 0.905738  [  128/  215]
2023-01-11 22:32:07,539-INFO: loss: 1.304352  [  160/  215]
2023-01-11 22:32:17,171-INFO: loss: 0.967885  [  192/  215]
2023-01-11 22:32:24,294-INFO: loss: 1.748381  [  215/  215]
2023-01-11 22:33:29,580-INFO: Test Error: 
 Accuracy: 53.0%, Avg loss: 0.909508
2023-01-11 22:33:29,580-INFO: Start training the 18st epoch
2023-01-11 22:33:40,514-INFO: loss: 0.858311  [   32/  215]
2023-01-11 22:33:51,502-INFO: loss: 0.946238  [   64/  215]
2023-01-11 22:34:02,297-INFO: loss: 1.172594  [   96/  215]
2023-01-11 22:34:13,275-INFO: loss: 0.853842  [  128/  215]
2023-01-11 22:34:25,268-INFO: loss: 0.978809  [  160/  215]
2023-01-11 22:34:35,695-INFO: loss: 1.057595  [  192/  215]
2023-01-11 22:34:42,934-INFO: loss: 0.952247  [  215/  215]
2023-01-11 22:35:48,469-INFO: Test Error: 
 Accuracy: 47.9%, Avg loss: 0.976914
2023-01-11 22:35:48,470-INFO: Start training the 19st epoch
2023-01-11 22:35:58,884-INFO: loss: 0.984843  [   32/  215]
2023-01-11 22:36:09,262-INFO: loss: 0.947909  [   64/  215]
2023-01-11 22:36:19,651-INFO: loss: 0.960998  [   96/  215]
2023-01-11 22:36:29,530-INFO: loss: 0.856097  [  128/  215]
2023-01-11 22:36:39,046-INFO: loss: 0.809659  [  160/  215]
2023-01-11 22:36:48,545-INFO: loss: 0.803678  [  192/  215]
2023-01-11 22:36:55,655-INFO: loss: 0.738896  [  215/  215]
2023-01-11 22:38:00,018-INFO: Test Error: 
 Accuracy: 61.9%, Avg loss: 0.678423
2023-01-11 22:38:00,716-INFO: vit_b_16_19 has been saved 

2023-01-11 22:38:00,717-INFO: Start training the 20st epoch
2023-01-11 22:38:10,345-INFO: loss: 0.553662  [   32/  215]
2023-01-11 22:38:19,928-INFO: loss: 0.716688  [   64/  215]
2023-01-11 22:38:29,539-INFO: loss: 2.036752  [   96/  215]
2023-01-11 22:38:39,590-INFO: loss: 3.150509  [  128/  215]
2023-01-11 22:38:49,173-INFO: loss: 1.438795  [  160/  215]
2023-01-11 22:38:59,204-INFO: loss: 1.022433  [  192/  215]
2023-01-11 22:39:05,815-INFO: loss: 1.078253  [  215/  215]
2023-01-11 22:40:12,226-INFO: Test Error: 
 Accuracy: 48.4%, Avg loss: 1.124663
2023-01-11 22:40:12,227-INFO: Start training the 21st epoch
2023-01-11 22:40:22,586-INFO: loss: 1.122810  [   32/  215]
2023-01-11 22:40:33,581-INFO: loss: 1.154849  [   64/  215]
2023-01-11 22:40:43,611-INFO: loss: 1.149238  [   96/  215]
2023-01-11 22:40:53,829-INFO: loss: 1.215132  [  128/  215]
2023-01-11 22:41:03,975-INFO: loss: 1.153042  [  160/  215]
2023-01-11 22:41:13,976-INFO: loss: 1.110473  [  192/  215]
2023-01-11 22:41:21,026-INFO: loss: 1.106106  [  215/  215]
2023-01-11 22:42:29,403-INFO: Test Error: 
 Accuracy: 33.5%, Avg loss: 1.159200
2023-01-11 22:42:29,404-INFO: Start training the 22st epoch
2023-01-11 22:42:39,023-INFO: loss: 1.255668  [   32/  215]
2023-01-11 22:42:48,742-INFO: loss: 1.102212  [   64/  215]
2023-01-11 22:42:59,232-INFO: loss: 1.102585  [   96/  215]
2023-01-11 22:43:08,649-INFO: loss: 1.095373  [  128/  215]
2023-01-11 22:43:18,549-INFO: loss: 1.157629  [  160/  215]
2023-01-11 22:43:28,715-INFO: loss: 1.084010  [  192/  215]
2023-01-11 22:43:35,558-INFO: loss: 1.083378  [  215/  215]
2023-01-11 22:44:41,357-INFO: Test Error: 
 Accuracy: 33.5%, Avg loss: 1.089514
2023-01-11 22:44:41,357-INFO: Start training the 23st epoch
2023-01-11 22:44:51,319-INFO: loss: 1.139064  [   32/  215]
2023-01-11 22:45:02,124-INFO: loss: 1.056019  [   64/  215]
2023-01-11 22:45:12,511-INFO: loss: 1.044483  [   96/  215]
2023-01-11 22:45:22,300-INFO: loss: 1.097862  [  128/  215]
2023-01-11 22:45:32,569-INFO: loss: 1.033430  [  160/  215]
2023-01-11 22:45:42,675-INFO: loss: 1.017649  [  192/  215]
2023-01-11 22:45:49,640-INFO: loss: 1.086344  [  215/  215]
2023-01-11 22:46:57,106-INFO: Test Error: 
 Accuracy: 34.9%, Avg loss: 1.049359
2023-01-11 22:46:57,106-INFO: Start training the 24st epoch
2023-01-11 22:47:07,483-INFO: loss: 1.058010  [   32/  215]
2023-01-11 22:47:17,572-INFO: loss: 0.938813  [   64/  215]
2023-01-11 22:47:27,268-INFO: loss: 0.914863  [   96/  215]
2023-01-11 22:47:38,051-INFO: loss: 0.931085  [  128/  215]
2023-01-11 22:47:48,251-INFO: loss: 0.930740  [  160/  215]
2023-01-11 22:47:58,805-INFO: loss: 0.917376  [  192/  215]
2023-01-11 22:48:05,745-INFO: loss: 0.931576  [  215/  215]
2023-01-11 22:49:12,870-INFO: Test Error: 
 Accuracy: 61.4%, Avg loss: 0.675973
2023-01-11 22:49:13,586-INFO: vit_b_16_24 has been saved 

2023-01-11 22:49:13,588-INFO: Start training the 25st epoch
2023-01-11 22:49:23,362-INFO: loss: 0.562826  [   32/  215]
2023-01-11 22:49:33,503-INFO: loss: 0.546420  [   64/  215]
2023-01-11 22:49:43,535-INFO: loss: 0.923658  [   96/  215]
2023-01-11 22:49:53,018-INFO: loss: 2.896489  [  128/  215]
2023-01-11 22:50:03,190-INFO: loss: 0.922051  [  160/  215]
2023-01-11 22:50:12,848-INFO: loss: 1.947256  [  192/  215]
2023-01-11 22:50:19,355-INFO: loss: 1.350134  [  215/  215]
2023-01-11 22:51:26,399-INFO: Test Error: 
 Accuracy: 33.0%, Avg loss: 1.329156
2023-01-11 22:51:26,399-INFO: Start training the 26st epoch
2023-01-11 22:51:36,572-INFO: loss: 1.239681  [   32/  215]
2023-01-11 22:51:47,182-INFO: loss: 1.228084  [   64/  215]
2023-01-11 22:51:57,214-INFO: loss: 1.044629  [   96/  215]
2023-01-11 22:52:07,999-INFO: loss: 1.094145  [  128/  215]
2023-01-11 22:52:17,270-INFO: loss: 0.944416  [  160/  215]
2023-01-11 22:52:26,968-INFO: loss: 0.971520  [  192/  215]
2023-01-11 22:52:34,662-INFO: loss: 1.087251  [  215/  215]
2023-01-11 22:53:38,549-INFO: Test Error: 
 Accuracy: 33.5%, Avg loss: 1.098521
2023-01-11 22:53:38,549-INFO: Start training the 27st epoch
2023-01-11 22:53:48,987-INFO: loss: 1.058274  [   32/  215]
2023-01-11 22:53:58,934-INFO: loss: 1.145302  [   64/  215]
2023-01-11 22:54:08,800-INFO: loss: 1.092453  [   96/  215]
2023-01-11 22:54:18,844-INFO: loss: 1.097187  [  128/  215]
2023-01-11 22:54:28,939-INFO: loss: 1.044195  [  160/  215]
2023-01-11 22:54:38,987-INFO: loss: 1.200731  [  192/  215]
2023-01-11 22:54:45,924-INFO: loss: 1.071096  [  215/  215]
2023-01-11 22:55:52,529-INFO: Test Error: 
 Accuracy: 51.2%, Avg loss: 1.028135
2023-01-11 22:55:52,529-INFO: Start training the 28st epoch
2023-01-11 22:56:02,900-INFO: loss: 1.006168  [   32/  215]
2023-01-11 22:56:13,497-INFO: loss: 1.091496  [   64/  215]
2023-01-11 22:56:23,736-INFO: loss: 1.188401  [   96/  215]
2023-01-11 22:56:33,627-INFO: loss: 0.932518  [  128/  215]
2023-01-11 22:56:43,730-INFO: loss: 0.923914  [  160/  215]
2023-01-11 22:56:53,554-INFO: loss: 1.029234  [  192/  215]
2023-01-11 22:57:00,634-INFO: loss: 0.920799  [  215/  215]
2023-01-11 22:58:05,861-INFO: Test Error: 
 Accuracy: 49.3%, Avg loss: 0.868293
2023-01-11 22:58:05,861-INFO: Start training the 29st epoch
2023-01-11 22:58:16,060-INFO: loss: 1.028662  [   32/  215]
2023-01-11 22:58:26,295-INFO: loss: 0.707853  [   64/  215]
2023-01-11 22:58:36,871-INFO: loss: 0.787405  [   96/  215]
2023-01-11 22:58:47,180-INFO: loss: 0.678073  [  128/  215]
2023-01-11 22:58:56,238-INFO: loss: 0.749523  [  160/  215]
2023-01-11 22:59:06,237-INFO: loss: 0.689803  [  192/  215]
2023-01-11 22:59:13,343-INFO: loss: 1.136984  [  215/  215]
2023-01-11 23:00:19,632-INFO: Test Error: 
 Accuracy: 68.8%, Avg loss: 0.611968
2023-01-11 23:00:20,356-INFO: vit_b_16_29 has been saved 

2023-01-11 23:00:20,357-INFO: Start training the 30st epoch
2023-01-11 23:00:30,129-INFO: loss: 0.492453  [   32/  215]
2023-01-11 23:00:40,490-INFO: loss: 0.747630  [   64/  215]
2023-01-11 23:00:50,717-INFO: loss: 0.647147  [   96/  215]
2023-01-11 23:01:00,245-INFO: loss: 0.914907  [  128/  215]
2023-01-11 23:01:09,889-INFO: loss: 0.754674  [  160/  215]
2023-01-11 23:01:19,884-INFO: loss: 0.832431  [  192/  215]
2023-01-11 23:01:26,868-INFO: loss: 0.854127  [  215/  215]
2023-01-11 23:02:34,209-INFO: Test Error: 
 Accuracy: 63.3%, Avg loss: 0.772676
2023-01-11 23:02:34,209-INFO: Start training the 31st epoch
2023-01-11 23:02:44,085-INFO: loss: 0.686143  [   32/  215]
2023-01-11 23:02:54,190-INFO: loss: 0.647744  [   64/  215]
2023-01-11 23:03:04,021-INFO: loss: 0.665055  [   96/  215]
2023-01-11 23:03:13,810-INFO: loss: 0.573085  [  128/  215]
2023-01-11 23:03:23,976-INFO: loss: 0.794883  [  160/  215]
2023-01-11 23:03:33,715-INFO: loss: 0.792496  [  192/  215]
2023-01-11 23:03:40,880-INFO: loss: 0.670827  [  215/  215]
2023-01-11 23:04:50,342-INFO: Test Error: 
 Accuracy: 76.3%, Avg loss: 0.610520
2023-01-11 23:04:50,342-INFO: Start training the 32st epoch
2023-01-11 23:05:00,540-INFO: loss: 0.508100  [   32/  215]
2023-01-11 23:05:10,768-INFO: loss: 0.694577  [   64/  215]
2023-01-11 23:05:21,154-INFO: loss: 0.620808  [   96/  215]
2023-01-11 23:05:31,368-INFO: loss: 0.677888  [  128/  215]
2023-01-11 23:05:41,771-INFO: loss: 0.704025  [  160/  215]
2023-01-11 23:05:52,118-INFO: loss: 0.685785  [  192/  215]
2023-01-11 23:05:59,219-INFO: loss: 0.428831  [  215/  215]
2023-01-11 23:07:06,324-INFO: Test Error: 
 Accuracy: 72.6%, Avg loss: 0.668039
2023-01-11 23:07:06,324-INFO: Start training the 33st epoch
2023-01-11 23:07:16,524-INFO: loss: 0.980100  [   32/  215]
2023-01-11 23:07:25,915-INFO: loss: 0.551927  [   64/  215]
2023-01-11 23:07:35,564-INFO: loss: 0.883367  [   96/  215]
2023-01-11 23:07:46,092-INFO: loss: 0.977859  [  128/  215]
2023-01-11 23:07:57,087-INFO: loss: 0.544091  [  160/  215]
2023-01-11 23:08:07,528-INFO: loss: 1.598937  [  192/  215]
2023-01-11 23:08:15,215-INFO: loss: 0.687740  [  215/  215]
2023-01-11 23:09:25,538-INFO: Test Error: 
 Accuracy: 63.7%, Avg loss: 0.720434
2023-01-11 23:09:25,539-INFO: Start training the 34st epoch
2023-01-11 23:09:36,880-INFO: loss: 0.810218  [   32/  215]
2023-01-11 23:09:47,901-INFO: loss: 0.748364  [   64/  215]
2023-01-11 23:09:57,908-INFO: loss: 0.754822  [   96/  215]
2023-01-11 23:10:07,439-INFO: loss: 0.755630  [  128/  215]
2023-01-11 23:10:17,266-INFO: loss: 0.676662  [  160/  215]
2023-01-11 23:10:27,635-INFO: loss: 0.750432  [  192/  215]
2023-01-11 23:10:35,152-INFO: loss: 0.635935  [  215/  215]
2023-01-11 23:11:39,256-INFO: Test Error: 
 Accuracy: 61.4%, Avg loss: 0.708240
2023-01-11 23:11:39,931-INFO: vit_b_16_34 has been saved 

2023-01-11 23:11:39,931-INFO: Start training the 35st epoch
2023-01-11 23:11:49,605-INFO: loss: 0.734338  [   32/  215]
2023-01-11 23:11:59,283-INFO: loss: 0.602342  [   64/  215]
2023-01-11 23:12:08,520-INFO: loss: 0.591298  [   96/  215]
2023-01-11 23:12:18,497-INFO: loss: 0.645179  [  128/  215]
2023-01-11 23:12:28,466-INFO: loss: 0.631300  [  160/  215]
2023-01-11 23:12:37,847-INFO: loss: 0.661636  [  192/  215]
2023-01-11 23:12:44,882-INFO: loss: 0.775618  [  215/  215]
2023-01-11 23:13:50,010-INFO: Test Error: 
 Accuracy: 60.5%, Avg loss: 1.121354
2023-01-11 23:13:50,011-INFO: Start training the 36st epoch
2023-01-11 23:14:00,089-INFO: loss: 0.899274  [   32/  215]
2023-01-11 23:14:09,783-INFO: loss: 1.304825  [   64/  215]
2023-01-11 23:14:19,272-INFO: loss: 0.697993  [   96/  215]
2023-01-11 23:14:28,839-INFO: loss: 1.141262  [  128/  215]
2023-01-11 23:14:38,672-INFO: loss: 1.186012  [  160/  215]
2023-01-11 23:14:49,184-INFO: loss: 1.104387  [  192/  215]
2023-01-11 23:14:56,657-INFO: loss: 0.727215  [  215/  215]
2023-01-11 23:16:01,982-INFO: Test Error: 
 Accuracy: 57.7%, Avg loss: 0.765830
2023-01-11 23:16:01,983-INFO: Start training the 37st epoch
2023-01-11 23:16:12,374-INFO: loss: 0.650460  [   32/  215]
2023-01-11 23:16:22,003-INFO: loss: 1.037211  [   64/  215]
2023-01-11 23:16:31,652-INFO: loss: 1.031077  [   96/  215]
2023-01-11 23:16:41,753-INFO: loss: 1.003249  [  128/  215]
2023-01-11 23:16:51,919-INFO: loss: 0.750144  [  160/  215]
2023-01-11 23:17:02,520-INFO: loss: 0.819304  [  192/  215]
2023-01-11 23:17:10,044-INFO: loss: 0.869492  [  215/  215]
2023-01-11 23:18:17,962-INFO: Test Error: 
 Accuracy: 53.5%, Avg loss: 0.855441
2023-01-11 23:18:17,962-INFO: Start training the 38st epoch
2023-01-11 23:18:28,121-INFO: loss: 0.912885  [   32/  215]
2023-01-11 23:18:38,074-INFO: loss: 1.093815  [   64/  215]
2023-01-11 23:18:48,104-INFO: loss: 0.744971  [   96/  215]
2023-01-11 23:18:58,750-INFO: loss: 0.812201  [  128/  215]
2023-01-11 23:19:09,140-INFO: loss: 0.736020  [  160/  215]
2023-01-11 23:19:18,994-INFO: loss: 0.738622  [  192/  215]
2023-01-11 23:19:25,821-INFO: loss: 0.758982  [  215/  215]
2023-01-11 23:20:33,096-INFO: Test Error: 
 Accuracy: 62.8%, Avg loss: 0.734362
2023-01-11 23:20:33,096-INFO: Start training the 39st epoch
2023-01-11 23:20:43,476-INFO: loss: 0.676533  [   32/  215]
2023-01-11 23:20:53,678-INFO: loss: 0.791631  [   64/  215]
2023-01-11 23:21:04,060-INFO: loss: 0.556680  [   96/  215]
2023-01-11 23:21:13,581-INFO: loss: 0.735054  [  128/  215]
2023-01-11 23:21:23,078-INFO: loss: 0.561025  [  160/  215]
2023-01-11 23:21:33,093-INFO: loss: 0.865331  [  192/  215]
2023-01-11 23:21:39,990-INFO: loss: 0.534059  [  215/  215]
2023-01-11 23:22:43,843-INFO: Test Error: 
 Accuracy: 67.9%, Avg loss: 0.583440
2023-01-11 23:22:44,535-INFO: vit_b_16_39 has been saved 

2023-01-11 23:22:44,535-INFO: Start training the 40st epoch
2023-01-11 23:22:54,554-INFO: loss: 0.530939  [   32/  215]
2023-01-11 23:23:04,331-INFO: loss: 0.531286  [   64/  215]
2023-01-11 23:23:13,953-INFO: loss: 0.759919  [   96/  215]
2023-01-11 23:23:23,756-INFO: loss: 0.689873  [  128/  215]
2023-01-11 23:23:33,700-INFO: loss: 0.656555  [  160/  215]
2023-01-11 23:23:44,036-INFO: loss: 0.504030  [  192/  215]
2023-01-11 23:23:51,210-INFO: loss: 0.547428  [  215/  215]
2023-01-11 23:24:57,658-INFO: Test Error: 
 Accuracy: 63.3%, Avg loss: 0.663422
2023-01-11 23:24:57,659-INFO: Start training the 41st epoch
2023-01-11 23:25:08,201-INFO: loss: 0.580488  [   32/  215]
2023-01-11 23:25:18,585-INFO: loss: 0.605841  [   64/  215]
2023-01-11 23:25:28,438-INFO: loss: 0.667906  [   96/  215]
2023-01-11 23:25:38,079-INFO: loss: 0.539276  [  128/  215]
2023-01-11 23:25:47,979-INFO: loss: 0.856670  [  160/  215]
2023-01-11 23:25:57,533-INFO: loss: 0.608233  [  192/  215]
2023-01-11 23:26:04,556-INFO: loss: 0.630313  [  215/  215]
2023-01-11 23:27:10,407-INFO: Test Error: 
 Accuracy: 64.2%, Avg loss: 0.671491
2023-01-11 23:27:10,408-INFO: Start training the 42st epoch
2023-01-11 23:27:20,789-INFO: loss: 0.609971  [   32/  215]
2023-01-11 23:27:31,179-INFO: loss: 0.785004  [   64/  215]
2023-01-11 23:27:41,196-INFO: loss: 0.669393  [   96/  215]
2023-01-11 23:27:51,013-INFO: loss: 0.610264  [  128/  215]
2023-01-11 23:28:00,255-INFO: loss: 0.661116  [  160/  215]
2023-01-11 23:28:10,032-INFO: loss: 0.646941  [  192/  215]
2023-01-11 23:28:17,115-INFO: loss: 0.615911  [  215/  215]
2023-01-11 23:29:20,982-INFO: Test Error: 
 Accuracy: 67.9%, Avg loss: 0.575758
2023-01-11 23:29:20,982-INFO: Start training the 43st epoch
2023-01-11 23:29:31,523-INFO: loss: 0.423534  [   32/  215]
2023-01-11 23:29:41,738-INFO: loss: 1.122685  [   64/  215]
2023-01-11 23:29:51,724-INFO: loss: 0.500826  [   96/  215]
2023-01-11 23:30:01,927-INFO: loss: 0.528164  [  128/  215]
2023-01-11 23:30:12,150-INFO: loss: 0.543417  [  160/  215]
2023-01-11 23:30:22,281-INFO: loss: 0.635167  [  192/  215]
2023-01-11 23:30:29,779-INFO: loss: 0.608318  [  215/  215]
2023-01-11 23:31:34,652-INFO: Test Error: 
 Accuracy: 75.8%, Avg loss: 0.561026
2023-01-11 23:31:34,652-INFO: Start training the 44st epoch
2023-01-11 23:31:44,698-INFO: loss: 0.539696  [   32/  215]
2023-01-11 23:31:54,876-INFO: loss: 0.521348  [   64/  215]
2023-01-11 23:32:05,281-INFO: loss: 0.571791  [   96/  215]
2023-01-11 23:32:16,062-INFO: loss: 0.645208  [  128/  215]
2023-01-11 23:32:25,693-INFO: loss: 0.514110  [  160/  215]
2023-01-11 23:32:35,798-INFO: loss: 0.497260  [  192/  215]
2023-01-11 23:32:42,909-INFO: loss: 0.682636  [  215/  215]
2023-01-11 23:33:49,268-INFO: Test Error: 
 Accuracy: 67.9%, Avg loss: 0.817326
2023-01-11 23:33:49,947-INFO: vit_b_16_44 has been saved 

2023-01-11 23:33:49,947-INFO: Start training the 45st epoch
2023-01-11 23:33:59,517-INFO: loss: 0.601692  [   32/  215]
2023-01-11 23:34:09,839-INFO: loss: 0.990949  [   64/  215]
2023-01-11 23:34:19,987-INFO: loss: 0.842048  [   96/  215]
2023-01-11 23:34:29,740-INFO: loss: 0.633205  [  128/  215]
2023-01-11 23:34:40,061-INFO: loss: 0.599003  [  160/  215]
2023-01-11 23:34:50,960-INFO: loss: 0.496087  [  192/  215]
2023-01-11 23:34:58,283-INFO: loss: 0.707850  [  215/  215]
2023-01-11 23:36:04,619-INFO: Test Error: 
 Accuracy: 62.3%, Avg loss: 0.707431
2023-01-11 23:36:04,620-INFO: Start training the 46st epoch
2023-01-11 23:36:15,042-INFO: loss: 0.697154  [   32/  215]
2023-01-11 23:36:25,252-INFO: loss: 0.564299  [   64/  215]
2023-01-11 23:36:35,246-INFO: loss: 0.647424  [   96/  215]
2023-01-11 23:36:44,923-INFO: loss: 0.651412  [  128/  215]
2023-01-11 23:36:54,687-INFO: loss: 0.594042  [  160/  215]
2023-01-11 23:37:04,698-INFO: loss: 0.727240  [  192/  215]
2023-01-11 23:37:11,712-INFO: loss: 0.604589  [  215/  215]
2023-01-11 23:38:19,180-INFO: Test Error: 
 Accuracy: 67.9%, Avg loss: 0.587573
2023-01-11 23:38:19,181-INFO: Start training the 47st epoch
2023-01-11 23:38:29,588-INFO: loss: 0.552326  [   32/  215]
2023-01-11 23:38:39,290-INFO: loss: 0.637209  [   64/  215]
2023-01-11 23:38:49,738-INFO: loss: 0.496644  [   96/  215]
2023-01-11 23:39:00,102-INFO: loss: 0.651265  [  128/  215]
2023-01-11 23:39:10,276-INFO: loss: 0.488639  [  160/  215]
2023-01-11 23:39:20,370-INFO: loss: 0.757813  [  192/  215]
2023-01-11 23:39:27,729-INFO: loss: 0.561686  [  215/  215]
2023-01-11 23:40:35,539-INFO: Test Error: 
 Accuracy: 68.4%, Avg loss: 0.579099
2023-01-11 23:40:35,540-INFO: Start training the 48st epoch
2023-01-11 23:40:45,742-INFO: loss: 0.725596  [   32/  215]
2023-01-11 23:40:55,630-INFO: loss: 0.407806  [   64/  215]
2023-01-11 23:41:05,821-INFO: loss: 0.629306  [   96/  215]
2023-01-11 23:41:15,662-INFO: loss: 0.583689  [  128/  215]
2023-01-11 23:41:26,165-INFO: loss: 0.659414  [  160/  215]
2023-01-11 23:41:36,736-INFO: loss: 0.669351  [  192/  215]
2023-01-11 23:41:44,297-INFO: loss: 0.436139  [  215/  215]
2023-01-11 23:42:49,918-INFO: Test Error: 
 Accuracy: 75.8%, Avg loss: 0.538162
2023-01-11 23:42:49,918-INFO: Start training the 49st epoch
2023-01-11 23:42:59,992-INFO: loss: 0.476121  [   32/  215]
2023-01-11 23:43:10,260-INFO: loss: 0.773091  [   64/  215]
2023-01-11 23:43:20,164-INFO: loss: 0.427977  [   96/  215]
2023-01-11 23:43:30,261-INFO: loss: 0.523240  [  128/  215]
2023-01-11 23:43:40,680-INFO: loss: 0.470903  [  160/  215]
2023-01-11 23:43:51,257-INFO: loss: 0.444181  [  192/  215]
2023-01-11 23:43:58,502-INFO: loss: 0.645160  [  215/  215]
2023-01-11 23:45:04,060-INFO: Test Error: 
 Accuracy: 78.1%, Avg loss: 0.538222
2023-01-11 23:45:04,746-INFO: vit_b_16_49 has been saved 

2023-01-11 23:45:04,747-INFO: Start training the 50st epoch
2023-01-11 23:45:14,515-INFO: loss: 0.535107  [   32/  215]
2023-01-11 23:45:24,390-INFO: loss: 0.686521  [   64/  215]
2023-01-11 23:45:34,337-INFO: loss: 0.640866  [   96/  215]
2023-01-11 23:45:44,356-INFO: loss: 0.536395  [  128/  215]
2023-01-11 23:45:54,292-INFO: loss: 0.509856  [  160/  215]
2023-01-11 23:46:03,582-INFO: loss: 0.610149  [  192/  215]
2023-01-11 23:46:10,408-INFO: loss: 0.379926  [  215/  215]
2023-01-11 23:47:13,211-INFO: Test Error: 
 Accuracy: 75.8%, Avg loss: 0.540549
2023-01-11 23:47:13,211-INFO: Start training the 51st epoch
2023-01-11 23:47:23,288-INFO: loss: 0.505649  [   32/  215]
2023-01-11 23:47:32,849-INFO: loss: 0.522591  [   64/  215]
2023-01-11 23:47:43,391-INFO: loss: 0.599968  [   96/  215]
2023-01-11 23:47:53,605-INFO: loss: 0.561524  [  128/  215]
2023-01-11 23:48:03,822-INFO: loss: 0.566869  [  160/  215]
2023-01-11 23:48:13,426-INFO: loss: 0.382877  [  192/  215]
2023-01-11 23:48:20,254-INFO: loss: 0.592563  [  215/  215]
2023-01-11 23:49:25,998-INFO: Test Error: 
 Accuracy: 78.1%, Avg loss: 0.484411
2023-01-11 23:49:25,998-INFO: Start training the 52st epoch
2023-01-11 23:49:35,593-INFO: loss: 0.587068  [   32/  215]
2023-01-11 23:49:45,095-INFO: loss: 0.538259  [   64/  215]
2023-01-11 23:49:55,076-INFO: loss: 0.440221  [   96/  215]
2023-01-11 23:50:05,181-INFO: loss: 0.561986  [  128/  215]
2023-01-11 23:50:15,496-INFO: loss: 0.552267  [  160/  215]
2023-01-11 23:50:25,791-INFO: loss: 0.463172  [  192/  215]
2023-01-11 23:50:33,061-INFO: loss: 0.512779  [  215/  215]
2023-01-11 23:51:38,157-INFO: Test Error: 
 Accuracy: 78.6%, Avg loss: 0.471538
2023-01-11 23:51:38,158-INFO: Start training the 53st epoch
2023-01-11 23:51:48,527-INFO: loss: 0.554313  [   32/  215]
2023-01-11 23:51:58,885-INFO: loss: 0.471595  [   64/  215]
2023-01-11 23:52:09,142-INFO: loss: 0.508965  [   96/  215]
2023-01-11 23:52:19,521-INFO: loss: 0.391045  [  128/  215]
2023-01-11 23:52:29,726-INFO: loss: 0.599393  [  160/  215]
2023-01-11 23:52:39,966-INFO: loss: 0.555862  [  192/  215]
2023-01-11 23:52:47,634-INFO: loss: 0.348952  [  215/  215]
2023-01-11 23:53:54,125-INFO: Test Error: 
 Accuracy: 75.8%, Avg loss: 0.485395
2023-01-11 23:53:54,125-INFO: Start training the 54st epoch
2023-01-11 23:54:04,527-INFO: loss: 0.545860  [   32/  215]
2023-01-11 23:54:14,717-INFO: loss: 0.476435  [   64/  215]
2023-01-11 23:54:24,557-INFO: loss: 0.463390  [   96/  215]
2023-01-11 23:54:34,542-INFO: loss: 0.502887  [  128/  215]
2023-01-11 23:54:44,748-INFO: loss: 0.537096  [  160/  215]
2023-01-11 23:54:54,815-INFO: loss: 0.439257  [  192/  215]
2023-01-11 23:55:02,153-INFO: loss: 0.573047  [  215/  215]
2023-01-11 23:56:11,268-INFO: Test Error: 
 Accuracy: 75.8%, Avg loss: 0.519700
2023-01-11 23:56:11,989-INFO: vit_b_16_54 has been saved 

2023-01-11 23:56:11,989-INFO: Start training the 55st epoch
2023-01-11 23:56:22,474-INFO: loss: 0.735491  [   32/  215]
2023-01-11 23:56:32,529-INFO: loss: 0.449715  [   64/  215]
2023-01-11 23:56:43,083-INFO: loss: 0.518696  [   96/  215]
2023-01-11 23:56:53,888-INFO: loss: 0.499649  [  128/  215]
2023-01-11 23:57:04,878-INFO: loss: 0.357000  [  160/  215]
2023-01-11 23:57:14,784-INFO: loss: 0.648420  [  192/  215]
2023-01-11 23:57:22,337-INFO: loss: 0.358295  [  215/  215]
2023-01-11 23:58:29,228-INFO: Test Error: 
 Accuracy: 75.3%, Avg loss: 0.494134
2023-01-11 23:58:29,228-INFO: Start training the 56st epoch
2023-01-11 23:58:39,841-INFO: loss: 0.483237  [   32/  215]
2023-01-11 23:58:49,761-INFO: loss: 0.701233  [   64/  215]
2023-01-11 23:58:59,691-INFO: loss: 0.442573  [   96/  215]
2023-01-11 23:59:09,828-INFO: loss: 0.496050  [  128/  215]
2023-01-11 23:59:20,420-INFO: loss: 0.563954  [  160/  215]
2023-01-11 23:59:31,408-INFO: loss: 0.433194  [  192/  215]
2023-01-11 23:59:39,140-INFO: loss: 0.345851  [  215/  215]
2023-01-12 00:00:45,978-INFO: Test Error: 
 Accuracy: 77.2%, Avg loss: 0.495839
2023-01-12 00:00:45,978-INFO: Start training the 57st epoch
2023-01-12 00:00:56,800-INFO: loss: 0.599971  [   32/  215]
2023-01-12 00:01:06,876-INFO: loss: 0.368349  [   64/  215]
2023-01-12 00:01:16,707-INFO: loss: 0.501938  [   96/  215]
2023-01-12 00:01:26,771-INFO: loss: 0.365639  [  128/  215]
2023-01-12 00:01:37,375-INFO: loss: 0.324837  [  160/  215]
2023-01-12 00:01:47,453-INFO: loss: 0.480872  [  192/  215]
2023-01-12 00:01:54,652-INFO: loss: 0.538815  [  215/  215]
2023-01-12 00:03:00,942-INFO: Test Error: 
 Accuracy: 74.4%, Avg loss: 0.480184
2023-01-12 00:03:00,942-INFO: Start training the 58st epoch
2023-01-12 00:03:11,365-INFO: loss: 0.499002  [   32/  215]
2023-01-12 00:03:22,348-INFO: loss: 0.535517  [   64/  215]
2023-01-12 00:03:32,945-INFO: loss: 0.252284  [   96/  215]
2023-01-12 00:03:43,617-INFO: loss: 0.367816  [  128/  215]
2023-01-12 00:03:53,484-INFO: loss: 0.584357  [  160/  215]
2023-01-12 00:04:03,033-INFO: loss: 0.497293  [  192/  215]
2023-01-12 00:04:10,216-INFO: loss: 0.350525  [  215/  215]
2023-01-12 00:05:14,469-INFO: Test Error: 
 Accuracy: 79.5%, Avg loss: 0.471560
2023-01-12 00:05:14,469-INFO: Start training the 59st epoch
2023-01-12 00:05:24,942-INFO: loss: 0.461655  [   32/  215]
2023-01-12 00:05:35,506-INFO: loss: 0.574437  [   64/  215]
2023-01-12 00:05:46,370-INFO: loss: 0.828920  [   96/  215]
2023-01-12 00:05:56,389-INFO: loss: 0.591547  [  128/  215]
2023-01-12 00:06:06,631-INFO: loss: 0.764400  [  160/  215]
2023-01-12 00:06:16,659-INFO: loss: 0.639956  [  192/  215]
2023-01-12 00:06:23,606-INFO: loss: 0.411452  [  215/  215]
2023-01-12 00:07:30,674-INFO: Test Error: 
 Accuracy: 66.0%, Avg loss: 0.590646
2023-01-12 00:07:31,372-INFO: vit_b_16_59 has been saved 

